Run log file: C:\Users\welcome\Desktop\Experimental-Guide-of-Deployment-friendly-RLLA-main copy\Experimental-Guide-of-Deployment-friendly-RLLA-main\X410_CombinedTxRx copy\logs\run_AARF_20260428_153256.log
Algorithm mode: AARF
Stable loopback point | TX=0 dB RX=45 dB | strict real-decode mode
  Gains: TX=0 dB, RX=45 dB | RX diag: RMS=9.140e-02, Peak=3.815e-01
 RXTIME of packet 1: 116us
 Databitrate of packet 1: 3.32(Mbps)
  A-MPDU deaggregation successful 
SNRest=11.80dB

  RXTIME of packet 2: 2628us
 Databitrate of packet 2: 7.12(Mbps)
  A-MPDU deaggregation successful 
  FCS fail for MPDU:1
SNRest=11.71dB

 countACK 0
countARQ 1
countARQafterACK 0
nwin 10
new MCS = 0
arq
Iter 1 | fb=arq | next: MCS=0 AMPDU=1 BWdec=2
  Gains: TX=0 dB, RX=45 dB | RX diag: RMS=9.146e-02, Peak=3.772e-01
 RXTIME of packet 1: 116us
 Databitrate of packet 1: 3.32(Mbps)
  A-MPDU deaggregation successful 
SNRest=11.73dB

  RXTIME of packet 2: 2628us
 Databitrate of packet 2: 7.12(Mbps)
  A-MPDU deaggregation successful 
  FCS fail for MPDU:1
SNRest=11.46dB

 countACK 0
countARQ 0
countARQafterACK 0
nwin 10
new MCS = 0
arq
Iter 2 | fb=arq | next: MCS=0 AMPDU=1 BWdec=2
  Gains: TX=0 dB, RX=45 dB | RX diag: RMS=9.143e-02, Peak=3.748e-01
 RXTIME of packet 1: 116us
 Databitrate of packet 1: 3.32(Mbps)
  A-MPDU deaggregation successful 
SNRest=12.28dB

  RXTIME of packet 2: 2628us
 Databitrate of packet 2: 7.12(Mbps)
  A-MPDU deaggregation successful 
  FCS fail for MPDU:1
SNRest=11.80dB

 countACK 0
countARQ 1
countARQafterACK 0
nwin 10
new MCS = 0
arq
Iter 3 | fb=arq | next: MCS=0 AMPDU=1 BWdec=2
  Gains: TX=0 dB, RX=45 dB | RX diag: RMS=9.146e-02, Peak=3.823e-01
 RXTIME of packet 1: 116us
 Databitrate of packet 1: 3.32(Mbps)
  A-MPDU deaggregation successful 
SNRest=13.00dB

  RXTIME of packet 2: 2628us
 Databitrate of packet 2: 7.12(Mbps)
  A-MPDU deaggregation successful 
  FCS fail for MPDU:1
SNRest=11.52dB

 countACK 0
countARQ 0
countARQafterACK 0
nwin 10
new MCS = 0
arq
Iter 4 | fb=arq | next: MCS=0 AMPDU=1 BWdec=2
  Gains: TX=0 dB, RX=45 dB | RX diag: RMS=9.146e-02, Peak=3.681e-01
 RXTIME of packet 1: 116us
 Databitrate of packet 1: 3.32(Mbps)
  A-MPDU deaggregation successful 
SNRest=12.24dB

  RXTIME of packet 2: 2628us
 Databitrate of packet 2: 7.12(Mbps)
  A-MPDU deaggregation successful 
  FCS fail for MPDU:1
SNRest=11.19dB

 countACK 0
countARQ 1
countARQafterACK 0
nwin 10
new MCS = 0
arq
Iter 5 | fb=arq | next: MCS=0 AMPDU=1 BWdec=2
  Gains: TX=0 dB, RX=45 dB | RX diag: RMS=9.154e-02, Peak=3.678e-01
 RXTIME of packet 1: 116us
 Databitrate of packet 1: 3.32(Mbps)
  A-MPDU deaggregation successful 
SNRest=12.21dB

  RXTIME of packet 2: 2628us
 Databitrate of packet 2: 7.12(Mbps)
  A-MPDU deaggregation successful 
  FCS fail for MPDU:1
SNRest=11.21dB

 countACK 0
countARQ 0
countARQafterACK 0
nwin 10
new MCS = 0
arq
Iter 6 | fb=arq | next: MCS=0 AMPDU=1 BWdec=2
  Gains: TX=0 dB, RX=45 dB | RX diag: RMS=9.149e-02, Peak=3.790e-01
 RXTIME of packet 1: 116us
 Databitrate of packet 1: 3.32(Mbps)
  A-MPDU deaggregation successful 
SNRest=12.99dB

  RXTIME of packet 2: 2628us
 Databitrate of packet 2: 7.12(Mbps)
  A-MPDU deaggregation successful 
  FCS fail for MPDU:1
SNRest=11.11dB

 countACK 0
countARQ 1
countARQafterACK 0
nwin 10
new MCS = 0
arq
Iter 7 | fb=arq | next: MCS=0 AMPDU=1 BWdec=2
  Gains: TX=0 dB, RX=45 dB | RX diag: RMS=9.146e-02, Peak=3.761e-01
 RXTIME of packet 1: 116us
 Databitrate of packet 1: 3.32(Mbps)
  A-MPDU deaggregation successful 
SNRest=12.59dB

  RXTIME of packet 2: 2628us
 Databitrate of packet 2: 7.12(Mbps)
  A-MPDU deaggregation successful 
  FCS fail for MPDU:1
SNRest=11.41dB

 countACK 0
countARQ 0
countARQafterACK 0
nwin 10
new MCS = 0
arq
Iter 8 | fb=arq | next: MCS=0 AMPDU=1 BWdec=2
  Gains: TX=0 dB, RX=45 dB | RX diag: RMS=9.144e-02, Peak=3.609e-01
 RXTIME of packet 1: 116us
 Databitrate of packet 1: 3.32(Mbps)
  A-MPDU deaggregation successful 
SNRest=12.57dB

  RXTIME of packet 2: 2628us
 Databitrate of packet 2: 7.12(Mbps)
  A-MPDU deaggregation successful 
  FCS fail for MPDU:1
SNRest=11.55dB

 countACK 0
countARQ 1
countARQafterACK 0
nwin 10
new MCS = 0
arq
Iter 9 | fb=arq | next: MCS=0 AMPDU=1 BWdec=2
  Gains: TX=0 dB, RX=45 dB | RX diag: RMS=9.147e-02, Peak=3.773e-01
 RXTIME of packet 1: 116us
 Databitrate of packet 1: 3.32(Mbps)
  A-MPDU deaggregation successful 
SNRest=12.91dB

  RXTIME of packet 2: 2628us
 Databitrate of packet 2: 7.12(Mbps)
  A-MPDU deaggregation successful 
  FCS fail for MPDU:1
SNRest=11.17dB

 countACK 0
countARQ 0
countARQafterACK 0
nwin 10
new MCS = 0
arq
Iter 10 | fb=arq | next: MCS=0 AMPDU=1 BWdec=2
---- Progress 10/100 | current MCS=0 AMPDU=1 BWdec=2 ----
  Gains: TX=0 dB, RX=45 dB | RX diag: RMS=9.145e-02, Peak=3.658e-01
 RXTIME of packet 1: 116us
 Databitrate of packet 1: 3.32(Mbps)
  A-MPDU deaggregation successful 
SNRest=13.12dB

  RXTIME of packet 2: 2628us
 Databitrate of packet 2: 7.12(Mbps)
  A-MPDU deaggregation successful 
  FCS fail for MPDU:1
SNRest=11.64dB

 countACK 0
countARQ 1
countARQafterACK 0
nwin 10
new MCS = 0
arq
Iter 11 | fb=arq | next: MCS=0 AMPDU=1 BWdec=2
  Gains: TX=0 dB, RX=45 dB | RX diag: RMS=9.148e-02, Peak=3.799e-01
 RXTIME of packet 1: 116us
 Databitrate of packet 1: 3.32(Mbps)
  A-MPDU deaggregation successful 
SNRest=11.87dB

  RXTIME of packet 2: 2628us
 Databitrate of packet 2: 7.12(Mbps)
  A-MPDU deaggregation successful 
  FCS fail for MPDU:1
SNRest=11.28dB

 countACK 0
countARQ 0
countARQafterACK 0
nwin 10
new MCS = 0
arq
Iter 12 | fb=arq | next: MCS=0 AMPDU=1 BWdec=2
  Gains: TX=0 dB, RX=45 dB | RX diag: RMS=9.150e-02, Peak=3.780e-01
 RXTIME of packet 1: 116us
 Databitrate of packet 1: 3.32(Mbps)
  A-MPDU deaggregation successful 
SNRest=12.68dB

  RXTIME of packet 2: 2628us
 Databitrate of packet 2: 7.12(Mbps)
  A-MPDU deaggregation successful 
  FCS fail for MPDU:1
SNRest=11.17dB

 countACK 0
countARQ 1
countARQafterACK 0
nwin 10
new MCS = 0
arq
Iter 13 | fb=arq | next: MCS=0 AMPDU=1 BWdec=2
  Gains: TX=0 dB, RX=45 dB | RX diag: RMS=9.146e-02, Peak=3.734e-01
 RXTIME of packet 1: 116us
 Databitrate of packet 1: 3.32(Mbps)
  A-MPDU deaggregation successful 
SNRest=12.46dB

  RXTIME of packet 2: 2628us
 Databitrate of packet 2: 7.12(Mbps)
  A-MPDU deaggregation successful 
  FCS fail for MPDU:1
SNRest=11.52dB

 countACK 0
countARQ 0
countARQafterACK 0
nwin 10
new MCS = 0
arq
Iter 14 | fb=arq | next: MCS=0 AMPDU=1 BWdec=2
  Gains: TX=0 dB, RX=45 dB | RX diag: RMS=9.150e-02, Peak=3.778e-01
 RXTIME of packet 1: 116us
 Databitrate of packet 1: 3.32(Mbps)
  A-MPDU deaggregation successful 
SNRest=12.78dB

  RXTIME of packet 2: 2628us
 Databitrate of packet 2: 7.12(Mbps)
  A-MPDU deaggregation successful 
  FCS fail for MPDU:1
SNRest=11.50dB

 countACK 0
countARQ 1
countARQafterACK 0
nwin 10
new MCS = 0
arq
Iter 15 | fb=arq | next: MCS=0 AMPDU=1 BWdec=2
  Gains: TX=0 dB, RX=45 dB | RX diag: RMS=9.148e-02, Peak=3.742e-01
 RXTIME of packet 1: 116us
 Databitrate of packet 1: 3.32(Mbps)
  A-MPDU deaggregation successful 
SNRest=12.19dB

  RXTIME of packet 2: 2628us
 Databitrate of packet 2: 7.12(Mbps)
  A-MPDU deaggregation successful 
  FCS fail for MPDU:1
SNRest=11.74dB

 countACK 0
countARQ 0
countARQafterACK 0
nwin 10
new MCS = 0
arq
Iter 16 | fb=arq | next: MCS=0 AMPDU=1 BWdec=2
  Gains: TX=0 dB, RX=45 dB | RX diag: RMS=9.146e-02, Peak=3.729e-01
** No packet detected **
countACK 0
countARQ 0
countARQafterACK 0
nwin 10
new MCS = 0
arq
Iter 17 | fb=arq | next: MCS=0 AMPDU=1 BWdec=2
  Gains: TX=0 dB, RX=45 dB | RX diag: RMS=9.149e-02, Peak=3.760e-01
 RXTIME of packet 1: 116us
 Databitrate of packet 1: 3.32(Mbps)
  A-MPDU deaggregation successful 
SNRest=12.28dB

  RXTIME of packet 2: 2628us
 Databitrate of packet 2: 7.12(Mbps)
  A-MPDU deaggregation successful 
  FCS fail for MPDU:1
SNRest=11.65dB

 countACK 0
countARQ 1
countARQafterACK 0
nwin 10
new MCS = 0
arq
Iter 18 | fb=arq | next: MCS=0 AMPDU=1 BWdec=2
  Gains: TX=0 dB, RX=45 dB | RX diag: RMS=9.148e-02, Peak=3.697e-01
 RXTIME of packet 1: 116us
 Databitrate of packet 1: 3.32(Mbps)
  A-MPDU deaggregation successful 
SNRest=12.86dB

  RXTIME of packet 2: 2628us
 Databitrate of packet 2: 7.12(Mbps)
  A-MPDU deaggregation successful 
  FCS fail for MPDU:1
SNRest=11.51dB

 countACK 0
countARQ 0
countARQafterACK 0
nwin 10
new MCS = 0
arq
Iter 19 | fb=arq | next: MCS=0 AMPDU=1 BWdec=2
  Gains: TX=0 dB, RX=45 dB | RX diag: RMS=9.148e-02, Peak=3.784e-01
 RXTIME of packet 1: 116us
 Databitrate of packet 1: 3.32(Mbps)
  A-MPDU deaggregation successful 
SNRest=13.11dB

  RXTIME of packet 2: 2628us
 Databitrate of packet 2: 7.12(Mbps)
  A-MPDU deaggregation successful 
  FCS fail for MPDU:1
SNRest=11.51dB

 countACK 0
countARQ 1
countARQafterACK 0
nwin 10
new MCS = 0
arq
Iter 20 | fb=arq | next: MCS=0 AMPDU=1 BWdec=2
---- Progress 20/100 | current MCS=0 AMPDU=1 BWdec=2 ----
  Gains: TX=0 dB, RX=45 dB | RX diag: RMS=9.146e-02, Peak=3.657e-01
 RXTIME of packet 1: 116us
 Databitrate of packet 1: 3.32(Mbps)
  A-MPDU deaggregation successful 
SNRest=13.30dB

  RXTIME of packet 2: 2628us
 Databitrate of packet 2: 7.12(Mbps)
  A-MPDU deaggregation successful 
  FCS fail for MPDU:1
SNRest=11.74dB

 countACK 0
countARQ 0
countARQafterACK 0
nwin 10
new MCS = 0
arq
Iter 21 | fb=arq | next: MCS=0 AMPDU=1 BWdec=2
  Gains: TX=0 dB, RX=45 dB | RX diag: RMS=9.152e-02, Peak=3.756e-01
 RXTIME of packet 1: 116us
 Databitrate of packet 1: 3.32(Mbps)
  A-MPDU deaggregation successful 
SNRest=12.26dB

  RXTIME of packet 2: 2628us
 Databitrate of packet 2: 7.12(Mbps)
  A-MPDU deaggregation successful 
  FCS fail for MPDU:1
SNRest=11.13dB

 countACK 0
countARQ 1
countARQafterACK 0
nwin 10
new MCS = 0
arq
Iter 22 | fb=arq | next: MCS=0 AMPDU=1 BWdec=2
  Gains: TX=0 dB, RX=45 dB | RX diag: RMS=9.147e-02, Peak=3.631e-01
 RXTIME of packet 1: 116us
 Databitrate of packet 1: 3.32(Mbps)
  A-MPDU deaggregation successful 
SNRest=12.64dB

  RXTIME of packet 2: 2628us
 Databitrate of packet 2: 7.12(Mbps)
  A-MPDU deaggregation successful 
  FCS fail for MPDU:1
SNRest=11.33dB

 countACK 0
countARQ 0
countARQafterACK 0
nwin 10
new MCS = 0
arq
Iter 23 | fb=arq | next: MCS=0 AMPDU=1 BWdec=2
  Gains: TX=0 dB, RX=45 dB | RX diag: RMS=9.151e-02, Peak=3.628e-01
 RXTIME of packet 1: 116us
 Databitrate of packet 1: 3.32(Mbps)
  A-MPDU deaggregation successful 
SNRest=12.54dB

  RXTIME of packet 2: 2628us
 Databitrate of packet 2: 7.12(Mbps)
  A-MPDU deaggregation successful 
  FCS fail for MPDU:1
SNRest=11.48dB

 countACK 0
countARQ 1
countARQafterACK 0
nwin 10
new MCS = 0
arq
Iter 24 | fb=arq | next: MCS=0 AMPDU=1 BWdec=2
  Gains: TX=0 dB, RX=45 dB | RX diag: RMS=9.147e-02, Peak=3.749e-01
 RXTIME of packet 1: 116us
 Databitrate of packet 1: 3.32(Mbps)
  A-MPDU deaggregation successful 
SNRest=12.19dB

  RXTIME of packet 2: 2628us
 Databitrate of packet 2: 7.12(Mbps)
  A-MPDU deaggregation successful 
  FCS fail for MPDU:1
SNRest=11.31dB

 countACK 0
countARQ 0
countARQafterACK 0
nwin 10
new MCS = 0
arq
Iter 25 | fb=arq | next: MCS=0 AMPDU=1 BWdec=2
  Gains: TX=0 dB, RX=45 dB | RX diag: RMS=9.148e-02, Peak=3.772e-01
 RXTIME of packet 1: 116us
 Databitrate of packet 1: 3.32(Mbps)
  A-MPDU deaggregation successful 
SNRest=12.75dB

  RXTIME of packet 2: 2628us
 Databitrate of packet 2: 7.12(Mbps)
  A-MPDU deaggregation successful 
  FCS fail for MPDU:1
SNRest=11.55dB

 countACK 0
countARQ 1
countARQafterACK 0
nwin 10
new MCS = 0
arq
Iter 26 | fb=arq | next: MCS=0 AMPDU=1 BWdec=2
  Gains: TX=0 dB, RX=45 dB | RX diag: RMS=9.147e-02, Peak=3.674e-01
 RXTIME of packet 1: 116us
 Databitrate of packet 1: 3.32(Mbps)
  A-MPDU deaggregation successful 
SNRest=12.83dB

  RXTIME of packet 2: 2628us
 Databitrate of packet 2: 7.12(Mbps)
  A-MPDU deaggregation successful 
  FCS fail for MPDU:1
SNRest=11.64dB

 countACK 0
countARQ 0
countARQafterACK 0
nwin 10
new MCS = 0
arq
Iter 27 | fb=arq | next: MCS=0 AMPDU=1 BWdec=2
  Gains: TX=0 dB, RX=45 dB | RX diag: RMS=9.146e-02, Peak=3.712e-01
 RXTIME of packet 1: 116us
 Databitrate of packet 1: 3.32(Mbps)
  A-MPDU deaggregation successful 
SNRest=12.60dB

  RXTIME of packet 2: 2628us
 Databitrate of packet 2: 7.12(Mbps)
  A-MPDU deaggregation successful 
  FCS fail for MPDU:1
SNRest=11.74dB

 countACK 0
countARQ 1
countARQafterACK 0
nwin 10
new MCS = 0
arq
Iter 28 | fb=arq | next: MCS=0 AMPDU=1 BWdec=2
  Gains: TX=0 dB, RX=45 dB | RX diag: RMS=9.149e-02, Peak=3.720e-01
 RXTIME of packet 1: 116us
 Databitrate of packet 1: 3.32(Mbps)
  A-MPDU deaggregation successful 
SNRest=12.81dB

  RXTIME of packet 2: 2628us
 Databitrate of packet 2: 7.12(Mbps)
  A-MPDU deaggregation successful 
  FCS fail for MPDU:1
SNRest=11.43dB

 countACK 0
countARQ 0
countARQafterACK 0
nwin 10
new MCS = 0
arq
Iter 29 | fb=arq | next: MCS=0 AMPDU=1 BWdec=2
  Gains: TX=0 dB, RX=45 dB | RX diag: RMS=9.147e-02, Peak=3.795e-01
 RXTIME of packet 1: 116us
 Databitrate of packet 1: 3.32(Mbps)
  A-MPDU deaggregation successful 
SNRest=12.69dB

  RXTIME of packet 2: 2628us
 Databitrate of packet 2: 7.12(Mbps)
  A-MPDU deaggregation successful 
  FCS fail for MPDU:1
SNRest=11.55dB

 countACK 0
countARQ 1
countARQafterACK 0
nwin 10
new MCS = 0
arq
Iter 30 | fb=arq | next: MCS=0 AMPDU=1 BWdec=2
---- Progress 30/100 | current MCS=0 AMPDU=1 BWdec=2 ----
  Gains: TX=0 dB, RX=45 dB | RX diag: RMS=9.151e-02, Peak=3.799e-01
 RXTIME of packet 1: 116us
 Databitrate of packet 1: 3.32(Mbps)
  A-MPDU deaggregation successful 
SNRest=12.39dB

  RXTIME of packet 2: 2628us
 Databitrate of packet 2: 7.12(Mbps)
  A-MPDU deaggregation successful 
  FCS fail for MPDU:1
SNRest=11.62dB

 countACK 0
countARQ 0
countARQafterACK 0
nwin 10
new MCS = 0
arq
Iter 31 | fb=arq | next: MCS=0 AMPDU=1 BWdec=2
  Gains: TX=0 dB, RX=45 dB | RX diag: RMS=9.151e-02, Peak=3.846e-01
 RXTIME of packet 1: 116us
 Databitrate of packet 1: 3.32(Mbps)
  A-MPDU deaggregation successful 
SNRest=12.49dB

  RXTIME of packet 2: 2628us
 Databitrate of packet 2: 7.12(Mbps)
  A-MPDU deaggregation successful 
  FCS fail for MPDU:1
SNRest=11.30dB

 countACK 0
countARQ 1
countARQafterACK 0
nwin 10
new MCS = 0
arq
Iter 32 | fb=arq | next: MCS=0 AMPDU=1 BWdec=2
  Gains: TX=0 dB, RX=45 dB | RX diag: RMS=9.150e-02, Peak=3.792e-01
 RXTIME of packet 1: 116us
 Databitrate of packet 1: 3.32(Mbps)
  A-MPDU deaggregation successful 
SNRest=12.30dB

  RXTIME of packet 2: 2628us
 Databitrate of packet 2: 7.12(Mbps)
  A-MPDU deaggregation successful 
  FCS fail for MPDU:1
SNRest=11.46dB

 countACK 0
countARQ 0
countARQafterACK 0
nwin 10
new MCS = 0
arq
Iter 33 | fb=arq | next: MCS=0 AMPDU=1 BWdec=2
  Gains: TX=0 dB, RX=45 dB | RX diag: RMS=9.150e-02, Peak=3.795e-01
** No packet detected **
countACK 0
countARQ 0
countARQafterACK 0
nwin 10
new MCS = 0
arq
Iter 34 | fb=arq | next: MCS=0 AMPDU=1 BWdec=2
  Gains: TX=0 dB, RX=45 dB | RX diag: RMS=9.150e-02, Peak=3.820e-01
 RXTIME of packet 1: 116us
 Databitrate of packet 1: 3.32(Mbps)
  A-MPDU deaggregation successful 
SNRest=12.67dB

  RXTIME of packet 2: 2628us
 Databitrate of packet 2: 7.12(Mbps)
  A-MPDU deaggregation successful 
  FCS fail for MPDU:1
SNRest=11.59dB

 countACK 0
countARQ 1
countARQafterACK 0
nwin 10
new MCS = 0
arq
Iter 35 | fb=arq | next: MCS=0 AMPDU=1 BWdec=2
  Gains: TX=0 dB, RX=45 dB | RX diag: RMS=9.149e-02, Peak=3.771e-01
 RXTIME of packet 1: 116us
 Databitrate of packet 1: 3.32(Mbps)
  A-MPDU deaggregation successful 
SNRest=12.78dB

  RXTIME of packet 2: 2628us
 Databitrate of packet 2: 7.12(Mbps)
  A-MPDU deaggregation successful 
  FCS fail for MPDU:1
SNRest=11.51dB

 countACK 0
countARQ 0
countARQafterACK 0
nwin 10
new MCS = 0
arq
Iter 36 | fb=arq | next: MCS=0 AMPDU=1 BWdec=2
  Gains: TX=0 dB, RX=45 dB | RX diag: RMS=9.151e-02, Peak=3.759e-01
 RXTIME of packet 1: 116us
 Databitrate of packet 1: 3.32(Mbps)
  A-MPDU deaggregation successful 
SNRest=12.59dB

  RXTIME of packet 2: 2628us
 Databitrate of packet 2: 7.12(Mbps)
  A-MPDU deaggregation successful 
  FCS fail for MPDU:1
SNRest=11.68dB

 countACK 0
countARQ 1
countARQafterACK 0
nwin 10
new MCS = 0
arq
Iter 37 | fb=arq | next: MCS=0 AMPDU=1 BWdec=2
  Gains: TX=0 dB, RX=45 dB | RX diag: RMS=9.151e-02, Peak=3.775e-01
 RXTIME of packet 1: 116us
 Databitrate of packet 1: 3.32(Mbps)
  A-MPDU deaggregation successful 
SNRest=12.31dB

  RXTIME of packet 2: 2628us
 Databitrate of packet 2: 7.12(Mbps)
  A-MPDU deaggregation successful 
  FCS fail for MPDU:1
SNRest=11.59dB

 countACK 0
countARQ 0
countARQafterACK 0
nwin 10
new MCS = 0
arq
Iter 38 | fb=arq | next: MCS=0 AMPDU=1 BWdec=2
  Gains: TX=0 dB, RX=45 dB | RX diag: RMS=9.150e-02, Peak=3.758e-01
 RXTIME of packet 1: 116us
 Databitrate of packet 1: 3.32(Mbps)
  A-MPDU deaggregation successful 
SNRest=12.25dB

  RXTIME of packet 2: 2628us
 Databitrate of packet 2: 7.12(Mbps)
  A-MPDU deaggregation successful 
  FCS fail for MPDU:1
SNRest=11.52dB

 countACK 0
countARQ 1
countARQafterACK 0
nwin 10
new MCS = 0
arq
Iter 39 | fb=arq | next: MCS=0 AMPDU=1 BWdec=2
  Gains: TX=0 dB, RX=45 dB | RX diag: RMS=9.150e-02, Peak=3.789e-01
 RXTIME of packet 1: 116us
 Databitrate of packet 1: 3.32(Mbps)
  A-MPDU deaggregation successful 
SNRest=13.09dB

  RXTIME of packet 2: 2628us
 Databitrate of packet 2: 7.12(Mbps)
  A-MPDU deaggregation successful 
  FCS fail for MPDU:1
SNRest=11.89dB

 countACK 0
countARQ 0
countARQafterACK 0
nwin 10
new MCS = 0
arq
Iter 40 | fb=arq | next: MCS=0 AMPDU=1 BWdec=2
---- Progress 40/100 | current MCS=0 AMPDU=1 BWdec=2 ----
  Gains: TX=0 dB, RX=45 dB | RX diag: RMS=9.151e-02, Peak=3.769e-01
 RXTIME of packet 1: 116us
 Databitrate of packet 1: 3.32(Mbps)
  A-MPDU deaggregation successful 
SNRest=12.47dB

  RXTIME of packet 2: 2628us
 Databitrate of packet 2: 7.12(Mbps)
  A-MPDU deaggregation successful 
  FCS fail for MPDU:1
SNRest=11.53dB

 countACK 0
countARQ 1
countARQafterACK 0
nwin 10
new MCS = 0
arq
Iter 41 | fb=arq | next: MCS=0 AMPDU=1 BWdec=2
  Gains: TX=0 dB, RX=45 dB | RX diag: RMS=9.151e-02, Peak=3.614e-01
 RXTIME of packet 1: 116us
 Databitrate of packet 1: 3.32(Mbps)
  A-MPDU deaggregation successful 
SNRest=12.47dB

  RXTIME of packet 2: 2628us
 Databitrate of packet 2: 7.12(Mbps)
  A-MPDU deaggregation successful 
  FCS fail for MPDU:1
SNRest=11.47dB

 countACK 0
countARQ 0
countARQafterACK 0
nwin 10
new MCS = 0
arq
Iter 42 | fb=arq | next: MCS=0 AMPDU=1 BWdec=2
  Gains: TX=0 dB, RX=45 dB | RX diag: RMS=9.148e-02, Peak=3.643e-01
 RXTIME of packet 1: 116us
 Databitrate of packet 1: 3.32(Mbps)
  A-MPDU deaggregation successful 
SNRest=12.03dB

  RXTIME of packet 2: 2628us
 Databitrate of packet 2: 7.12(Mbps)
  A-MPDU deaggregation successful 
  FCS fail for MPDU:1
SNRest=11.65dB

 countACK 0
countARQ 1
countARQafterACK 0
nwin 10
new MCS = 0
arq
Iter 43 | fb=arq | next: MCS=0 AMPDU=1 BWdec=2
  Gains: TX=0 dB, RX=45 dB | RX diag: RMS=9.152e-02, Peak=3.770e-01
 RXTIME of packet 1: 116us
 Databitrate of packet 1: 3.32(Mbps)
  A-MPDU deaggregation successful 
SNRest=11.58dB

  RXTIME of packet 2: 2628us
 Databitrate of packet 2: 7.12(Mbps)
  A-MPDU deaggregation successful 
  FCS fail for MPDU:1
SNRest=11.52dB

 countACK 0
countARQ 0
countARQafterACK 0
nwin 10
new MCS = 0
arq
Iter 44 | fb=arq | next: MCS=0 AMPDU=1 BWdec=2
  Gains: TX=0 dB, RX=45 dB | RX diag: RMS=9.160e-02, Peak=3.743e-01
 RXTIME of packet 1: 116us
 Databitrate of packet 1: 3.32(Mbps)
  A-MPDU deaggregation successful 
SNRest=12.31dB

  RXTIME of packet 2: 2628us
 Databitrate of packet 2: 7.12(Mbps)
  A-MPDU deaggregation successful 
  FCS fail for MPDU:1
SNRest=11.47dB

 countACK 0
countARQ 1
countARQafterACK 0
nwin 10
new MCS = 0
arq
Iter 45 | fb=arq | next: MCS=0 AMPDU=1 BWdec=2
  Gains: TX=0 dB, RX=45 dB | RX diag: RMS=9.150e-02, Peak=3.625e-01
 RXTIME of packet 1: 116us
 Databitrate of packet 1: 3.32(Mbps)
  A-MPDU deaggregation successful 
SNRest=12.72dB

  RXTIME of packet 2: 2628us
 Databitrate of packet 2: 7.12(Mbps)
  A-MPDU deaggregation successful 
  FCS fail for MPDU:1
SNRest=11.62dB

 countACK 0
countARQ 0
countARQafterACK 0
nwin 10
new MCS = 0
arq
Iter 46 | fb=arq | next: MCS=0 AMPDU=1 BWdec=2
  Gains: TX=0 dB, RX=45 dB | RX diag: RMS=9.150e-02, Peak=3.768e-01
 RXTIME of packet 1: 116us
 Databitrate of packet 1: 3.32(Mbps)
  A-MPDU deaggregation successful 
SNRest=12.65dB

  RXTIME of packet 2: 2628us
 Databitrate of packet 2: 7.12(Mbps)
  A-MPDU deaggregation successful 
  FCS fail for MPDU:1
SNRest=11.25dB

 countACK 0
countARQ 1
countARQafterACK 0
nwin 10
new MCS = 0
arq
Iter 47 | fb=arq | next: MCS=0 AMPDU=1 BWdec=2
  Gains: TX=0 dB, RX=45 dB | RX diag: RMS=9.150e-02, Peak=3.751e-01
 RXTIME of packet 1: 116us
 Databitrate of packet 1: 3.32(Mbps)
  A-MPDU deaggregation successful 
SNRest=12.39dB

  RXTIME of packet 2: 2628us
 Databitrate of packet 2: 7.12(Mbps)
  A-MPDU deaggregation successful 
  FCS fail for MPDU:1
SNRest=11.48dB

 countACK 0
countARQ 0
countARQafterACK 0
nwin 10
new MCS = 0
arq
Iter 48 | fb=arq | next: MCS=0 AMPDU=1 BWdec=2
  Gains: TX=0 dB, RX=45 dB | RX diag: RMS=9.150e-02, Peak=3.781e-01
 RXTIME of packet 1: 116us
 Databitrate of packet 1: 3.32(Mbps)
  A-MPDU deaggregation successful 
SNRest=12.78dB

  RXTIME of packet 2: 2628us
 Databitrate of packet 2: 7.12(Mbps)
  A-MPDU deaggregation successful 
  FCS fail for MPDU:1
SNRest=11.53dB

 countACK 0
countARQ 1
countARQafterACK 0
nwin 10
new MCS = 0
arq
Iter 49 | fb=arq | next: MCS=0 AMPDU=1 BWdec=2
  Gains: TX=0 dB, RX=45 dB | RX diag: RMS=9.149e-02, Peak=3.791e-01
 RXTIME of packet 1: 116us
 Databitrate of packet 1: 3.32(Mbps)
  A-MPDU deaggregation successful 
SNRest=13.12dB

  RXTIME of packet 2: 2628us
 Databitrate of packet 2: 7.12(Mbps)
  A-MPDU deaggregation successful 
  FCS fail for MPDU:1
SNRest=11.38dB

 countACK 0
countARQ 0
countARQafterACK 0
nwin 10
new MCS = 0
arq
Iter 50 | fb=arq | next: MCS=0 AMPDU=1 BWdec=2
---- Progress 50/100 | current MCS=0 AMPDU=1 BWdec=2 ----
  Gains: TX=0 dB, RX=45 dB | RX diag: RMS=9.151e-02, Peak=3.778e-01
 RXTIME of packet 1: 116us
 Databitrate of packet 1: 3.32(Mbps)
  A-MPDU deaggregation successful 
SNRest=12.57dB

  RXTIME of packet 2: 2628us
 Databitrate of packet 2: 7.12(Mbps)
  A-MPDU deaggregation successful 
  FCS fail for MPDU:1
SNRest=11.68dB

 countACK 0
countARQ 1
countARQafterACK 0
nwin 10
new MCS = 0
arq
Iter 51 | fb=arq | next: MCS=0 AMPDU=1 BWdec=2
  Gains: TX=0 dB, RX=45 dB | RX diag: RMS=9.153e-02, Peak=3.795e-01
 RXTIME of packet 1: 116us
 Databitrate of packet 1: 3.32(Mbps)
  A-MPDU deaggregation successful 
SNRest=12.30dB

  RXTIME of packet 2: 2628us
 Databitrate of packet 2: 7.12(Mbps)
  A-MPDU deaggregation successful 
  FCS fail for MPDU:1
SNRest=11.27dB

 countACK 0
countARQ 0
countARQafterACK 0
nwin 10
new MCS = 0
arq
Iter 52 | fb=arq | next: MCS=0 AMPDU=1 BWdec=2
  Gains: TX=0 dB, RX=45 dB | RX diag: RMS=9.151e-02, Peak=3.760e-01
 RXTIME of packet 1: 116us
 Databitrate of packet 1: 3.32(Mbps)
  A-MPDU deaggregation successful 
SNRest=12.37dB

  RXTIME of packet 2: 2628us
 Databitrate of packet 2: 7.12(Mbps)
  A-MPDU deaggregation successful 
  FCS fail for MPDU:1
SNRest=11.41dB

 countACK 0
countARQ 1
countARQafterACK 0
nwin 10
new MCS = 0
arq
Iter 53 | fb=arq | next: MCS=0 AMPDU=1 BWdec=2
  Gains: TX=0 dB, RX=45 dB | RX diag: RMS=9.150e-02, Peak=3.781e-01
 RXTIME of packet 1: 116us
 Databitrate of packet 1: 3.32(Mbps)
  A-MPDU deaggregation successful 
SNRest=11.91dB

  RXTIME of packet 2: 2628us
 Databitrate of packet 2: 7.12(Mbps)
  A-MPDU deaggregation successful 
  FCS fail for MPDU:1
SNRest=11.69dB

 countACK 0
countARQ 0
countARQafterACK 0
nwin 10
new MCS = 0
arq
Iter 54 | fb=arq | next: MCS=0 AMPDU=1 BWdec=2
  Gains: TX=0 dB, RX=45 dB | RX diag: RMS=9.150e-02, Peak=3.734e-01
 RXTIME of packet 1: 116us
 Databitrate of packet 1: 3.32(Mbps)
  A-MPDU deaggregation successful 
SNRest=12.32dB

  RXTIME of packet 2: 2628us
 Databitrate of packet 2: 7.12(Mbps)
  A-MPDU deaggregation successful 
  FCS fail for MPDU:1
SNRest=11.68dB

 countACK 0
countARQ 1
countARQafterACK 0
nwin 10
new MCS = 0
arq
Iter 55 | fb=arq | next: MCS=0 AMPDU=1 BWdec=2
  Gains: TX=0 dB, RX=45 dB | RX diag: RMS=9.159e-02, Peak=3.778e-01
 RXTIME of packet 1: 116us
 Databitrate of packet 1: 3.32(Mbps)
  A-MPDU deaggregation successful 
SNRest=12.32dB

  RXTIME of packet 2: 2628us
 Databitrate of packet 2: 7.12(Mbps)
  A-MPDU deaggregation successful 
  FCS fail for MPDU:1
SNRest=11.35dB

 countACK 0
countARQ 0
countARQafterACK 0
nwin 10
new MCS = 0
arq
Iter 56 | fb=arq | next: MCS=0 AMPDU=1 BWdec=2
  Gains: TX=0 dB, RX=45 dB | RX diag: RMS=9.152e-02, Peak=3.768e-01
 RXTIME of packet 1: 116us
 Databitrate of packet 1: 3.32(Mbps)
  A-MPDU deaggregation successful 
SNRest=13.79dB

  RXTIME of packet 2: 2628us
 Databitrate of packet 2: 7.12(Mbps)
  A-MPDU deaggregation successful 
  FCS fail for MPDU:1
SNRest=11.59dB

 countACK 0
countARQ 1
countARQafterACK 0
nwin 10
new MCS = 0
arq
Iter 57 | fb=arq | next: MCS=0 AMPDU=1 BWdec=2
  Gains: TX=0 dB, RX=45 dB | RX diag: RMS=9.153e-02, Peak=3.817e-01
 RXTIME of packet 1: 116us
 Databitrate of packet 1: 3.32(Mbps)
  A-MPDU deaggregation successful 
SNRest=12.51dB

  RXTIME of packet 2: 2628us
 Databitrate of packet 2: 7.12(Mbps)
  A-MPDU deaggregation successful 
  FCS fail for MPDU:1
SNRest=11.47dB

 countACK 0
countARQ 0
countARQafterACK 0
nwin 10
new MCS = 0
arq
Iter 58 | fb=arq | next: MCS=0 AMPDU=1 BWdec=2
  Gains: TX=0 dB, RX=45 dB | RX diag: RMS=9.152e-02, Peak=3.796e-01
 RXTIME of packet 1: 116us
 Databitrate of packet 1: 3.32(Mbps)
  A-MPDU deaggregation successful 
SNRest=12.79dB

  RXTIME of packet 2: 2628us
 Databitrate of packet 2: 7.12(Mbps)
  A-MPDU deaggregation successful 
  FCS fail for MPDU:1
SNRest=11.24dB

 countACK 0
countARQ 1
countARQafterACK 0
nwin 10
new MCS = 0
arq
Iter 59 | fb=arq | next: MCS=0 AMPDU=1 BWdec=2
  Gains: TX=0 dB, RX=45 dB | RX diag: RMS=9.153e-02, Peak=3.772e-01
 RXTIME of packet 1: 116us
 Databitrate of packet 1: 3.32(Mbps)
  A-MPDU deaggregation successful 
SNRest=12.71dB

  RXTIME of packet 2: 2628us
 Databitrate of packet 2: 7.12(Mbps)
  A-MPDU deaggregation successful 
  FCS fail for MPDU:1
SNRest=11.08dB

 countACK 0
countARQ 0
countARQafterACK 0
nwin 10
new MCS = 0
arq
Iter 60 | fb=arq | next: MCS=0 AMPDU=1 BWdec=2
---- Progress 60/100 | current MCS=0 AMPDU=1 BWdec=2 ----
  Gains: TX=0 dB, RX=45 dB | RX diag: RMS=9.161e-02, Peak=3.793e-01
 RXTIME of packet 1: 116us
 Databitrate of packet 1: 3.32(Mbps)
  A-MPDU deaggregation successful 
SNRest=12.46dB

  RXTIME of packet 2: 2628us
 Databitrate of packet 2: 7.12(Mbps)
  A-MPDU deaggregation successful 
  FCS fail for MPDU:1
SNRest=11.55dB

 countACK 0
countARQ 1
countARQafterACK 0
nwin 10
new MCS = 0
arq
Iter 61 | fb=arq | next: MCS=0 AMPDU=1 BWdec=2
  Gains: TX=0 dB, RX=45 dB | RX diag: RMS=9.157e-02, Peak=3.794e-01
 RXTIME of packet 1: 116us
 Databitrate of packet 1: 3.32(Mbps)
  A-MPDU deaggregation successful 
SNRest=12.62dB

  RXTIME of packet 2: 2628us
 Databitrate of packet 2: 7.12(Mbps)
  A-MPDU deaggregation successful 
  FCS fail for MPDU:1
SNRest=11.73dB

 countACK 0
countARQ 0
countARQafterACK 0
nwin 10
new MCS = 0
arq
Iter 62 | fb=arq | next: MCS=0 AMPDU=1 BWdec=2
  Gains: TX=0 dB, RX=45 dB | RX diag: RMS=9.151e-02, Peak=3.782e-01
 RXTIME of packet 1: 116us
 Databitrate of packet 1: 3.32(Mbps)
  A-MPDU deaggregation successful 
SNRest=12.18dB

  RXTIME of packet 2: 2628us
 Databitrate of packet 2: 7.12(Mbps)
  A-MPDU deaggregation successful 
  FCS fail for MPDU:1
SNRest=11.37dB

 countACK 0
countARQ 1
countARQafterACK 0
nwin 10
new MCS = 0
arq
Iter 63 | fb=arq | next: MCS=0 AMPDU=1 BWdec=2
  Gains: TX=0 dB, RX=45 dB | RX diag: RMS=9.155e-02, Peak=3.768e-01
 RXTIME of packet 1: 116us
 Databitrate of packet 1: 3.32(Mbps)
  A-MPDU deaggregation successful 
SNRest=12.41dB

  RXTIME of packet 2: 2628us
 Databitrate of packet 2: 7.12(Mbps)
  A-MPDU deaggregation successful 
  FCS fail for MPDU:1
SNRest=11.17dB

 countACK 0
countARQ 0
countARQafterACK 0
nwin 10
new MCS = 0
arq
Iter 64 | fb=arq | next: MCS=0 AMPDU=1 BWdec=2
  Gains: TX=0 dB, RX=45 dB | RX diag: RMS=9.156e-02, Peak=3.760e-01
 RXTIME of packet 1: 116us
 Databitrate of packet 1: 3.32(Mbps)
  A-MPDU deaggregation successful 
SNRest=12.68dB

  RXTIME of packet 2: 2628us
 Databitrate of packet 2: 7.12(Mbps)
  A-MPDU deaggregation successful 
  FCS fail for MPDU:1
SNRest=11.43dB

 countACK 0
countARQ 1
countARQafterACK 0
nwin 10
new MCS = 0
arq
Iter 65 | fb=arq | next: MCS=0 AMPDU=1 BWdec=2
  Gains: TX=0 dB, RX=45 dB | RX diag: RMS=9.159e-02, Peak=3.729e-01
 RXTIME of packet 1: 116us
 Databitrate of packet 1: 3.32(Mbps)
  A-MPDU deaggregation successful 
SNRest=11.82dB

  RXTIME of packet 2: 2628us
 Databitrate of packet 2: 7.12(Mbps)
  A-MPDU deaggregation successful 
  FCS fail for MPDU:1
SNRest=11.61dB

 countACK 0
countARQ 0
countARQafterACK 0
nwin 10
new MCS = 0
arq
Iter 66 | fb=arq | next: MCS=0 AMPDU=1 BWdec=2
  Gains: TX=0 dB, RX=45 dB | RX diag: RMS=9.151e-02, Peak=3.807e-01
 RXTIME of packet 1: 116us
 Databitrate of packet 1: 3.32(Mbps)
  A-MPDU deaggregation successful 
SNRest=13.45dB

  RXTIME of packet 2: 2628us
 Databitrate of packet 2: 7.12(Mbps)
  A-MPDU deaggregation successful 
  FCS fail for MPDU:1
SNRest=11.57dB

 countACK 0
countARQ 1
countARQafterACK 0
nwin 10
new MCS = 0
arq
Iter 67 | fb=arq | next: MCS=0 AMPDU=1 BWdec=2
  Gains: TX=0 dB, RX=45 dB | RX diag: RMS=9.152e-02, Peak=3.730e-01
 RXTIME of packet 1: 116us
 Databitrate of packet 1: 3.32(Mbps)
  A-MPDU deaggregation successful 
SNRest=12.43dB

  RXTIME of packet 2: 2628us
 Databitrate of packet 2: 7.12(Mbps)
  A-MPDU deaggregation successful 
  FCS fail for MPDU:1
SNRest=11.56dB

 countACK 0
countARQ 0
countARQafterACK 0
nwin 10
new MCS = 0
arq
Iter 68 | fb=arq | next: MCS=0 AMPDU=1 BWdec=2
  Gains: TX=0 dB, RX=45 dB | RX diag: RMS=9.154e-02, Peak=3.776e-01
 RXTIME of packet 1: 116us
 Databitrate of packet 1: 3.32(Mbps)
  A-MPDU deaggregation successful 
SNRest=13.63dB

  RXTIME of packet 2: 2628us
 Databitrate of packet 2: 7.12(Mbps)
  A-MPDU deaggregation successful 
  FCS fail for MPDU:1
SNRest=11.15dB

 countACK 0
countARQ 1
countARQafterACK 0
nwin 10
new MCS = 0
arq
Iter 69 | fb=arq | next: MCS=0 AMPDU=1 BWdec=2
  Gains: TX=0 dB, RX=45 dB | RX diag: RMS=9.150e-02, Peak=3.687e-01
 RXTIME of packet 1: 116us
 Databitrate of packet 1: 3.32(Mbps)
  A-MPDU deaggregation successful 
SNRest=12.54dB

  RXTIME of packet 2: 2628us
 Databitrate of packet 2: 7.12(Mbps)
  A-MPDU deaggregation successful 
  FCS fail for MPDU:1
SNRest=11.34dB

 countACK 0
countARQ 0
countARQafterACK 0
nwin 10
new MCS = 0
arq
Iter 70 | fb=arq | next: MCS=0 AMPDU=1 BWdec=2
---- Progress 70/100 | current MCS=0 AMPDU=1 BWdec=2 ----
  Gains: TX=0 dB, RX=45 dB | RX diag: RMS=9.152e-02, Peak=3.777e-01
 RXTIME of packet 1: 116us
 Databitrate of packet 1: 3.32(Mbps)
  A-MPDU deaggregation successful 
SNRest=12.51dB

  RXTIME of packet 2: 2628us
 Databitrate of packet 2: 7.12(Mbps)
  A-MPDU deaggregation successful 
  FCS fail for MPDU:1
SNRest=11.54dB

 countACK 0
countARQ 1
countARQafterACK 0
nwin 10
new MCS = 0
arq
Iter 71 | fb=arq | next: MCS=0 AMPDU=1 BWdec=2
  Gains: TX=0 dB, RX=45 dB | RX diag: RMS=9.153e-02, Peak=3.754e-01
 RXTIME of packet 1: 2628us
 Databitrate of packet 1: 7.12(Mbps)
  A-MPDU deaggregation successful 
  FCS fail for MPDU:1
SNRest=11.68dB

 countACK 0
countARQ 0
countARQafterACK 0
nwin 10
new MCS = 0
arq
Iter 72 | fb=arq | next: MCS=0 AMPDU=1 BWdec=2
  Gains: TX=0 dB, RX=45 dB | RX diag: RMS=9.153e-02, Peak=3.783e-01
 RXTIME of packet 1: 116us
 Databitrate of packet 1: 3.32(Mbps)
  A-MPDU deaggregation successful 
SNRest=11.80dB

  RXTIME of packet 2: 2628us
 Databitrate of packet 2: 7.12(Mbps)
  A-MPDU deaggregation successful 
  FCS fail for MPDU:1
SNRest=11.56dB

 countACK 0
countARQ 1
countARQafterACK 0
nwin 10
new MCS = 0
arq
Iter 73 | fb=arq | next: MCS=0 AMPDU=1 BWdec=2
  Gains: TX=0 dB, RX=45 dB | RX diag: RMS=9.151e-02, Peak=3.759e-01
 RXTIME of packet 1: 116us
 Databitrate of packet 1: 3.32(Mbps)
  A-MPDU deaggregation successful 
SNRest=12.75dB

  RXTIME of packet 2: 2628us
 Databitrate of packet 2: 7.12(Mbps)
  A-MPDU deaggregation successful 
  FCS fail for MPDU:1
SNRest=12.03dB

 countACK 0
countARQ 0
countARQafterACK 0
nwin 10
new MCS = 0
arq
Iter 74 | fb=arq | next: MCS=0 AMPDU=1 BWdec=2
  Gains: TX=0 dB, RX=45 dB | RX diag: RMS=9.151e-02, Peak=3.678e-01
 RXTIME of packet 1: 116us
 Databitrate of packet 1: 3.32(Mbps)
  A-MPDU deaggregation successful 
SNRest=13.24dB

  RXTIME of packet 2: 2628us
 Databitrate of packet 2: 7.12(Mbps)
  A-MPDU deaggregation successful 
  FCS fail for MPDU:1
SNRest=11.81dB

 countACK 0
countARQ 1
countARQafterACK 0
nwin 10
new MCS = 0
arq
Iter 75 | fb=arq | next: MCS=0 AMPDU=1 BWdec=2
  Gains: TX=0 dB, RX=45 dB | RX diag: RMS=9.152e-02, Peak=3.773e-01
 RXTIME of packet 1: 116us
 Databitrate of packet 1: 3.32(Mbps)
  A-MPDU deaggregation successful 
SNRest=12.36dB

  RXTIME of packet 2: 2628us
 Databitrate of packet 2: 7.12(Mbps)
  A-MPDU deaggregation successful 
  FCS fail for MPDU:1
SNRest=11.58dB

 countACK 0
countARQ 0
countARQafterACK 0
nwin 10
new MCS = 0
arq
Iter 76 | fb=arq | next: MCS=0 AMPDU=1 BWdec=2
  Gains: TX=0 dB, RX=45 dB | RX diag: RMS=9.153e-02, Peak=3.782e-01
 RXTIME of packet 1: 116us
 Databitrate of packet 1: 3.32(Mbps)
  A-MPDU deaggregation successful 
SNRest=12.29dB

  RXTIME of packet 2: 2628us
 Databitrate of packet 2: 7.12(Mbps)
  A-MPDU deaggregation successful 
  FCS fail for MPDU:1
SNRest=11.39dB

 countACK 0
countARQ 1
countARQafterACK 0
nwin 10
new MCS = 0
arq
Iter 77 | fb=arq | next: MCS=0 AMPDU=1 BWdec=2
  Gains: TX=0 dB, RX=45 dB | RX diag: RMS=9.154e-02, Peak=3.773e-01
 RXTIME of packet 1: 116us
 Databitrate of packet 1: 3.32(Mbps)
  A-MPDU deaggregation successful 
SNRest=12.42dB

  RXTIME of packet 2: 2628us
 Databitrate of packet 2: 7.12(Mbps)
  A-MPDU deaggregation successful 
  FCS fail for MPDU:1
SNRest=11.48dB

 countACK 0
countARQ 0
countARQafterACK 0
nwin 10
new MCS = 0
arq
Iter 78 | fb=arq | next: MCS=0 AMPDU=1 BWdec=2
  Gains: TX=0 dB, RX=45 dB | RX diag: RMS=9.150e-02, Peak=3.772e-01
 RXTIME of packet 1: 116us
 Databitrate of packet 1: 3.32(Mbps)
  A-MPDU deaggregation successful 
SNRest=12.70dB

  RXTIME of packet 2: 2628us
 Databitrate of packet 2: 7.12(Mbps)
  A-MPDU deaggregation successful 
  FCS fail for MPDU:1
SNRest=11.76dB

 countACK 0
countARQ 1
countARQafterACK 0
nwin 10
new MCS = 0
arq
Iter 79 | fb=arq | next: MCS=0 AMPDU=1 BWdec=2
  Gains: TX=0 dB, RX=45 dB | RX diag: RMS=9.151e-02, Peak=3.790e-01
 RXTIME of packet 1: 116us
 Databitrate of packet 1: 3.32(Mbps)
  A-MPDU deaggregation successful 
SNRest=12.28dB

  RXTIME of packet 2: 2628us
 Databitrate of packet 2: 7.12(Mbps)
  A-MPDU deaggregation successful 
  FCS fail for MPDU:1
SNRest=11.81dB

 countACK 0
countARQ 0
countARQafterACK 0
nwin 10
new MCS = 0
arq
Iter 80 | fb=arq | next: MCS=0 AMPDU=1 BWdec=2
---- Progress 80/100 | current MCS=0 AMPDU=1 BWdec=2 ----
  Gains: TX=0 dB, RX=45 dB | RX diag: RMS=9.154e-02, Peak=3.743e-01
 RXTIME of packet 1: 116us
 Databitrate of packet 1: 3.32(Mbps)
  A-MPDU deaggregation successful 
SNRest=12.78dB

  RXTIME of packet 2: 2628us
 Databitrate of packet 2: 7.12(Mbps)
  A-MPDU deaggregation successful 
  FCS fail for MPDU:1
SNRest=11.47dB

 countACK 0
countARQ 1
countARQafterACK 0
nwin 10
new MCS = 0
arq
Iter 81 | fb=arq | next: MCS=0 AMPDU=1 BWdec=2
  Gains: TX=0 dB, RX=45 dB | RX diag: RMS=9.155e-02, Peak=3.753e-01
 RXTIME of packet 1: 116us
 Databitrate of packet 1: 3.32(Mbps)
  A-MPDU deaggregation successful 
SNRest=12.23dB

  RXTIME of packet 2: 2628us
 Databitrate of packet 2: 7.12(Mbps)
  A-MPDU deaggregation successful 
  FCS fail for MPDU:1
SNRest=11.64dB

 countACK 0
countARQ 0
countARQafterACK 0
nwin 10
new MCS = 0
arq
Iter 82 | fb=arq | next: MCS=0 AMPDU=1 BWdec=2
  Gains: TX=0 dB, RX=45 dB | RX diag: RMS=9.152e-02, Peak=3.775e-01
 RXTIME of packet 1: 116us
 Databitrate of packet 1: 3.32(Mbps)
  A-MPDU deaggregation successful 
SNRest=12.68dB

  RXTIME of packet 2: 2628us
 Databitrate of packet 2: 7.12(Mbps)
  A-MPDU deaggregation successful 
  FCS fail for MPDU:1
SNRest=11.40dB

 countACK 0
countARQ 1
countARQafterACK 0
nwin 10
new MCS = 0
arq
Iter 83 | fb=arq | next: MCS=0 AMPDU=1 BWdec=2
  Gains: TX=0 dB, RX=45 dB | RX diag: RMS=9.158e-02, Peak=3.742e-01
 RXTIME of packet 1: 116us
 Databitrate of packet 1: 3.32(Mbps)
  A-MPDU deaggregation successful 
SNRest=12.96dB

  RXTIME of packet 2: 2628us
 Databitrate of packet 2: 7.12(Mbps)
  A-MPDU deaggregation successful 
  FCS fail for MPDU:1
SNRest=11.66dB

 countACK 0
countARQ 0
countARQafterACK 0
nwin 10
new MCS = 0
arq
Iter 84 | fb=arq | next: MCS=0 AMPDU=1 BWdec=2
  Gains: TX=0 dB, RX=45 dB | RX diag: RMS=9.153e-02, Peak=3.785e-01
 RXTIME of packet 1: 116us
 Databitrate of packet 1: 3.32(Mbps)
  A-MPDU deaggregation successful 
SNRest=12.87dB

  RXTIME of packet 2: 2628us
 Databitrate of packet 2: 7.12(Mbps)
  A-MPDU deaggregation successful 
  FCS fail for MPDU:1
SNRest=11.54dB

 countACK 0
countARQ 1
countARQafterACK 0
nwin 10
new MCS = 0
arq
Iter 85 | fb=arq | next: MCS=0 AMPDU=1 BWdec=2
  Gains: TX=0 dB, RX=45 dB | RX diag: RMS=9.153e-02, Peak=3.716e-01
 RXTIME of packet 1: 116us
 Databitrate of packet 1: 3.32(Mbps)
  A-MPDU deaggregation successful 
SNRest=12.46dB

  RXTIME of packet 2: 2628us
 Databitrate of packet 2: 7.12(Mbps)
  A-MPDU deaggregation successful 
  FCS fail for MPDU:1
SNRest=11.60dB

 countACK 0
countARQ 0
countARQafterACK 0
nwin 10
new MCS = 0
arq
Iter 86 | fb=arq | next: MCS=0 AMPDU=1 BWdec=2
  Gains: TX=0 dB, RX=45 dB | RX diag: RMS=9.153e-02, Peak=3.769e-01
** wrong target packet detected
countACK 0
countARQ 0
countARQafterACK 0
nwin 10
new MCS = 0
arq
Iter 87 | fb=arq | next: MCS=0 AMPDU=1 BWdec=2
  Gains: TX=0 dB, RX=45 dB | RX diag: RMS=9.154e-02, Peak=3.759e-01
 RXTIME of packet 1: 116us
 Databitrate of packet 1: 3.32(Mbps)
  A-MPDU deaggregation successful 
SNRest=12.34dB

  RXTIME of packet 2: 2628us
 Databitrate of packet 2: 7.12(Mbps)
  A-MPDU deaggregation successful 
  FCS fail for MPDU:1
SNRest=11.39dB

 countACK 0
countARQ 1
countARQafterACK 0
nwin 10
new MCS = 0
arq
Iter 88 | fb=arq | next: MCS=0 AMPDU=1 BWdec=2
  Gains: TX=0 dB, RX=45 dB | RX diag: RMS=9.155e-02, Peak=3.726e-01
 RXTIME of packet 1: 116us
 Databitrate of packet 1: 3.32(Mbps)
  A-MPDU deaggregation successful 
SNRest=12.81dB

  RXTIME of packet 2: 2628us
 Databitrate of packet 2: 7.12(Mbps)
  A-MPDU deaggregation successful 
  FCS fail for MPDU:1
SNRest=11.58dB

 countACK 0
countARQ 0
countARQafterACK 0
nwin 10
new MCS = 0
arq
Iter 89 | fb=arq | next: MCS=0 AMPDU=1 BWdec=2
  Gains: TX=0 dB, RX=45 dB | RX diag: RMS=9.156e-02, Peak=3.762e-01
 RXTIME of packet 1: 116us
 Databitrate of packet 1: 3.32(Mbps)
  A-MPDU deaggregation successful 
SNRest=13.27dB

  RXTIME of packet 2: 2628us
 Databitrate of packet 2: 7.12(Mbps)
  A-MPDU deaggregation successful 
  FCS fail for MPDU:1
SNRest=11.41dB

 countACK 0
countARQ 1
countARQafterACK 0
nwin 10
new MCS = 0
arq
Iter 90 | fb=arq | next: MCS=0 AMPDU=1 BWdec=2
---- Progress 90/100 | current MCS=0 AMPDU=1 BWdec=2 ----
  Gains: TX=0 dB, RX=45 dB | RX diag: RMS=9.157e-02, Peak=3.778e-01
 RXTIME of packet 1: 116us
 Databitrate of packet 1: 3.32(Mbps)
  A-MPDU deaggregation successful 
SNRest=12.71dB

  RXTIME of packet 2: 2628us
 Databitrate of packet 2: 7.12(Mbps)
  A-MPDU deaggregation successful 
  FCS fail for MPDU:1
SNRest=11.55dB

 countACK 0
countARQ 0
countARQafterACK 0
nwin 10
new MCS = 0
arq
Iter 91 | fb=arq | next: MCS=0 AMPDU=1 BWdec=2
  Gains: TX=0 dB, RX=45 dB | RX diag: RMS=9.155e-02, Peak=3.774e-01
 RXTIME of packet 1: 116us
 Databitrate of packet 1: 3.32(Mbps)
  A-MPDU deaggregation successful 
SNRest=12.50dB

  RXTIME of packet 2: 2628us
 Databitrate of packet 2: 7.12(Mbps)
  A-MPDU deaggregation successful 
  FCS fail for MPDU:1
SNRest=11.50dB

 countACK 0
countARQ 1
countARQafterACK 0
nwin 10
new MCS = 0
arq
Iter 92 | fb=arq | next: MCS=0 AMPDU=1 BWdec=2
  Gains: TX=0 dB, RX=45 dB | RX diag: RMS=9.155e-02, Peak=3.756e-01
 RXTIME of packet 1: 116us
 Databitrate of packet 1: 3.32(Mbps)
  A-MPDU deaggregation successful 
SNRest=12.67dB

  RXTIME of packet 2: 2628us
 Databitrate of packet 2: 7.12(Mbps)
  A-MPDU deaggregation successful 
  FCS fail for MPDU:1
SNRest=11.75dB

 countACK 0
countARQ 0
countARQafterACK 0
nwin 10
new MCS = 0
arq
Iter 93 | fb=arq | next: MCS=0 AMPDU=1 BWdec=2
  Gains: TX=0 dB, RX=45 dB | RX diag: RMS=9.163e-02, Peak=3.751e-01
 RXTIME of packet 1: 116us
 Databitrate of packet 1: 3.32(Mbps)
  A-MPDU deaggregation successful 
SNRest=12.41dB

  RXTIME of packet 2: 2628us
 Databitrate of packet 2: 7.12(Mbps)
  A-MPDU deaggregation successful 
  FCS fail for MPDU:1
SNRest=11.59dB

 countACK 0
countARQ 1
countARQafterACK 0
nwin 10
new MCS = 0
arq
Iter 94 | fb=arq | next: MCS=0 AMPDU=1 BWdec=2
  Gains: TX=0 dB, RX=45 dB | RX diag: RMS=9.158e-02, Peak=3.760e-01
 RXTIME of packet 1: 116us
 Databitrate of packet 1: 3.32(Mbps)
  A-MPDU deaggregation successful 
SNRest=13.19dB

  RXTIME of packet 2: 2628us
 Databitrate of packet 2: 7.12(Mbps)
  A-MPDU deaggregation successful 
  FCS fail for MPDU:1
SNRest=11.35dB

 countACK 0
countARQ 0
countARQafterACK 0
nwin 10
new MCS = 0
arq
Iter 95 | fb=arq | next: MCS=0 AMPDU=1 BWdec=2
  Gains: TX=0 dB, RX=45 dB | RX diag: RMS=9.162e-02, Peak=3.763e-01
 RXTIME of packet 1: 116us
 Databitrate of packet 1: 3.32(Mbps)
  A-MPDU deaggregation successful 
SNRest=12.70dB

  RXTIME of packet 2: 2628us
 Databitrate of packet 2: 7.12(Mbps)
  A-MPDU deaggregation successful 
  FCS fail for MPDU:1
SNRest=11.33dB

 countACK 0
countARQ 1
countARQafterACK 0
nwin 10
new MCS = 0
arq
Iter 96 | fb=arq | next: MCS=0 AMPDU=1 BWdec=2
  Gains: TX=0 dB, RX=45 dB | RX diag: RMS=9.155e-02, Peak=3.794e-01
 RXTIME of packet 1: 116us
 Databitrate of packet 1: 3.32(Mbps)
  A-MPDU deaggregation successful 
SNRest=12.47dB

  RXTIME of packet 2: 2628us
 Databitrate of packet 2: 7.12(Mbps)
  A-MPDU deaggregation successful 
  FCS fail for MPDU:1
SNRest=11.26dB

 countACK 0
countARQ 0
countARQafterACK 0
nwin 10
new MCS = 0
arq
Iter 97 | fb=arq | next: MCS=0 AMPDU=1 BWdec=2
  Gains: TX=0 dB, RX=45 dB | RX diag: RMS=9.154e-02, Peak=3.796e-01
 RXTIME of packet 1: 116us
 Databitrate of packet 1: 3.32(Mbps)
  A-MPDU deaggregation successful 
SNRest=12.64dB

  RXTIME of packet 2: 2628us
 Databitrate of packet 2: 7.12(Mbps)
  A-MPDU deaggregation successful 
  FCS fail for MPDU:1
SNRest=11.48dB

 countACK 0
countARQ 1
countARQafterACK 0
nwin 10
new MCS = 0
arq
Iter 98 | fb=arq | next: MCS=0 AMPDU=1 BWdec=2
  Gains: TX=0 dB, RX=45 dB | RX diag: RMS=9.156e-02, Peak=3.808e-01
 RXTIME of packet 1: 116us
 Databitrate of packet 1: 3.32(Mbps)
  A-MPDU deaggregation successful 
SNRest=11.96dB

  RXTIME of packet 2: 2628us
 Databitrate of packet 2: 7.12(Mbps)
  A-MPDU deaggregation successful 
  FCS fail for MPDU:1
SNRest=11.96dB

 countACK 0
countARQ 0
countARQafterACK 0
nwin 10
new MCS = 0
arq
Iter 99 | fb=arq | next: MCS=0 AMPDU=1 BWdec=2
  Gains: TX=0 dB, RX=45 dB | RX diag: RMS=9.157e-02, Peak=3.762e-01
 RXTIME of packet 1: 116us
 Databitrate of packet 1: 3.32(Mbps)
  A-MPDU deaggregation successful 
SNRest=12.89dB

  RXTIME of packet 2: 2628us
 Databitrate of packet 2: 7.12(Mbps)
  A-MPDU deaggregation successful 
  FCS fail for MPDU:1
SNRest=11.59dB

 countACK 0
countARQ 1
countARQafterACK 0
nwin 10
new MCS = 0
arq
Iter 100 | fb=arq | next: MCS=0 AMPDU=1 BWdec=2
---- Progress 100/100 | current MCS=0 AMPDU=1 BWdec=2 ----
Done.
Stats | fallback=0 (0.0%), realDecode=97 (97.0%), qUpdate=0
Final state | MCS=0 AMPDU=1 BWdec=2 lastSNR=12.24 dB
