Run log file: C:\Users\welcome\Desktop\X410_CombinedTxRx_XL - 副本 - 副本\logs\run_QLOLLA_20260609_205340.log
Algorithm mode: QLOLLA
Stable loopback point | TX=20 dB RX=25 dB | strict real-decode mode
No Q-table found, starting fresh.
  Gains: TX=20 dB, RX=25 dB | RX diag: RMS=1.320e-01, Peak=4.399e-01
  Estimated CFO: -324.8 Hz
 RXTIME of packet 1: 116us
  ChanEst mean|h|: 1.037 | HE-LTF rms: 1.044
  EVM per-sym: -33.02 dB | EVM per-sc: -33.42 dB
 Databitrate of packet 1: 3.32(Mbps)
  A-MPDU deaggregation successful 
SNRest=32.04dB

  DataBitrate (Mbps): 3.32
ack
new MCS = 8
Iter 1 | fb=ack | next: MCS=2 AMPDU=2 BWdec=2
  Gains: TX=20 dB, RX=25 dB | RX diag: RMS=1.328e-01, Peak=4.370e-01
  Estimated CFO: -229.8 Hz
 RXTIME of packet 1: 932us
  ChanEst mean|h|: 1.039 | HE-LTF rms: 1.047
  EVM trend [sym1..mid..end]: -33.8 -35.5 -37.6 -36.5 -35.8 -37.7 -36.1 -33.9 -36.8 dB
  EVM per-sym: -36.28 dB | EVM per-sc: -36.28 dB
 Databitrate of packet 1: 20.46(Mbps)
  A-MPDU deaggregation successful 
SNRest=37.39dB

  DataBitrate (Mbps): 20.46
ack
new MCS = 11
Iter 2 | fb=ack | next: MCS=4 AMPDU=3 BWdec=2
  Gains: TX=20 dB, RX=25 dB | RX diag: RMS=1.400e-01, Peak=4.329e-01
  Estimated CFO:  59.0 Hz
 RXTIME of packet 1: 500us
  ChanEst mean|h|: 1.039 | HE-LTF rms: 1.047
  EVM trend [sym1..mid..end]: -40.9 -40.2 -40.6 -38.5 -39.6 -40.3 -36.9 -39.6 -38.4 dB
  EVM per-sym: -39.61 dB | EVM per-sc: -39.71 dB
 Databitrate of packet 1: 38.07(Mbps)
  A-MPDU deaggregation successful 
SNRest=40.33dB

  DataBitrate (Mbps): 38.07
ack
new MCS = 11
Iter 3 | fb=ack | next: MCS=6 AMPDU=3 BWdec=2
  Gains: TX=20 dB, RX=25 dB | RX diag: RMS=1.255e-01, Peak=4.218e-01
  Estimated CFO: 571.9 Hz
 RXTIME of packet 1: 356us
  ChanEst mean|h|: 1.039 | HE-LTF rms: 1.047
  EVM trend [sym1..mid..end]: -25.2 -26.5 -25.3 -26.7 -24.1 -25.6 -23.6 -25.4 -24.2 dB
  EVM per-sym: -25.36 dB | EVM per-sc: -25.60 dB
 Databitrate of packet 1: 53.65(Mbps)
  A-MPDU deaggregation successful 
SNRest=28.00dB

  DataBitrate (Mbps): 53.65
ack
new MCS = 7
Iter 4 | fb=ack | next: MCS=7 AMPDU=3 BWdec=2
  Gains: TX=20 dB, RX=25 dB | RX diag: RMS=1.460e-01, Peak=4.414e-01
  Estimated CFO: -433.5 Hz
 RXTIME of packet 1: 324us
  ChanEst mean|h|: 1.038 | HE-LTF rms: 1.046
  EVM trend [sym1..mid..end]: -28.6 -30.0 -27.8 -26.6 -28.2 -27.5 -27.1 -27.5 -26.2 dB
  EVM per-sym: -27.48 dB | EVM per-sc: -27.73 dB
 Databitrate of packet 1: 59.21(Mbps)
  A-MPDU deaggregation successful 
SNRest=30.57dB

  DataBitrate (Mbps): 59.21
ack
new MCS = 7
Iter 5 | fb=ack | next: MCS=7 AMPDU=3 BWdec=2
  Gains: TX=20 dB, RX=25 dB | RX diag: RMS=1.460e-01, Peak=4.418e-01
  Estimated CFO:   3.4 Hz
 RXTIME of packet 1: 324us
  ChanEst mean|h|: 1.034 | HE-LTF rms: 1.044
  EVM trend [sym1..mid..end]: -41.0 -40.6 -40.6 -40.8 -38.6 -38.3 -41.3 -40.7 -42.0 dB
  EVM per-sym: -40.11 dB | EVM per-sc: -40.35 dB
 Databitrate of packet 1: 59.21(Mbps)
  A-MPDU deaggregation successful 
SNRest=42.75dB

  DataBitrate (Mbps): 59.21
ack
new MCS = 11
Iter 6 | fb=ack | next: MCS=9 AMPDU=3 BWdec=2
  Gains: TX=20 dB, RX=25 dB | RX diag: RMS=1.494e-01, Peak=4.512e-01
  Estimated CFO: -293.8 Hz
 RXTIME of packet 1: 260us
  ChanEst mean|h|: 1.040 | HE-LTF rms: 1.047
  EVM trend [sym1..mid..end]: -30.5 -31.4 -33.0 -27.9 -31.1 -31.5 -31.0 -31.2 -27.7 dB
  EVM per-sym: -30.35 dB | EVM per-sc: -30.80 dB
 Databitrate of packet 1: 72.92(Mbps)
  A-MPDU deaggregation successful 
SNRest=34.23dB

  DataBitrate (Mbps): 72.92
ack
new MCS = 9
Iter 7 | fb=ack | next: MCS=9 AMPDU=3 BWdec=2
  Gains: TX=20 dB, RX=25 dB | RX diag: RMS=1.495e-01, Peak=4.508e-01
  Estimated CFO: -68450.2 Hz
  ** CFO outlier rejected: -68450.2 Hz **
  Estimated CFO: -12.6 Hz
 RXTIME of packet 2: 260us
  ChanEst mean|h|: 1.039 | HE-LTF rms: 1.045
  EVM trend [sym1..mid..end]: -40.4 -40.0 -39.0 -36.3 -41.6 -39.2 -37.0 -36.2 -38.7 dB
  EVM per-sym: -38.50 dB | EVM per-sc: -39.13 dB
 Databitrate of packet 2: 72.92(Mbps)
  A-MPDU deaggregation successful 
SNRest=43.11dB

  DataBitrate (Mbps): 36.46
ack
new MCS = 4
Iter 8 | fb=ack | next: MCS=7 AMPDU=3 BWdec=2
  Gains: TX=20 dB, RX=25 dB | RX diag: RMS=1.357e-01, Peak=4.263e-01
  Estimated CFO: -70.9 Hz
 RXTIME of packet 1: 324us
  ChanEst mean|h|: 1.038 | HE-LTF rms: 1.045
  EVM trend [sym1..mid..end]: -39.3 -36.2 -36.6 -37.6 -38.5 -38.9 -38.1 -35.4 -38.4 dB
  EVM per-sym: -37.90 dB | EVM per-sc: -38.09 dB
 Databitrate of packet 1: 59.21(Mbps)
  A-MPDU deaggregation successful 
SNRest=40.40dB

  DataBitrate (Mbps): 59.21
ack
new MCS = 11
Iter 9 | fb=ack | next: MCS=9 AMPDU=3 BWdec=2
  Gains: TX=20 dB, RX=25 dB | RX diag: RMS=1.396e-01, Peak=4.382e-01
  Estimated CFO:  39.9 Hz
 RXTIME of packet 1: 260us
  ChanEst mean|h|: 1.039 | HE-LTF rms: 1.045
  EVM trend [sym1..mid..end]: -39.1 -38.5 -40.0 -39.8 -37.6 -41.0 -37.2 -39.0 -39.8 dB
  EVM per-sym: -38.80 dB | EVM per-sc: -39.24 dB
 Databitrate of packet 1: 72.92(Mbps)
  A-MPDU deaggregation successful 
SNRest=43.43dB

  DataBitrate (Mbps): 72.92
ack
new MCS = 11
Iter 10 | fb=ack | next: MCS=11 AMPDU=3 BWdec=2
---- Progress 10/100 | current MCS=11 AMPDU=3 BWdec=2 ----
  Gains: TX=20 dB, RX=25 dB | RX diag: RMS=1.212e-01, Peak=4.252e-01
** No packet detected **
  [Diag] Recovery failed: ctlinfo=0, SNRest=0, rxRMS=1.212e-01, rxPeak=4.252e-01
new MCS = 11
arq
Iter 11 | fb=arq | next: MCS=11 AMPDU=3 BWdec=2
  Gains: TX=20 dB, RX=25 dB | RX diag: RMS=1.212e-01, Peak=4.244e-01
  Estimated CFO:  52.0 Hz
 RXTIME of packet 1: 212us
  ChanEst mean|h|: 1.040 | HE-LTF rms: 1.047
  EVM trend [sym1..mid..end]: -36.1 -37.0 -35.8 -39.2 -38.8 -36.3 -37.9 -38.5 -35.2 dB
  EVM per-sym: -37.05 dB | EVM per-sc: -38.02 dB
 Databitrate of packet 1: 91.03(Mbps)
  A-MPDU deaggregation successful 
SNRest=43.38dB

  DataBitrate (Mbps): 91.03
ack
new MCS = 11
Iter 12 | fb=ack | next: MCS=11 AMPDU=3 BWdec=2
  Gains: TX=20 dB, RX=25 dB | RX diag: RMS=1.211e-01, Peak=4.244e-01
  Estimated CFO: 304.0 Hz
 RXTIME of packet 1: 212us
  ChanEst mean|h|: 1.034 | HE-LTF rms: 1.043
  EVM trend [sym1..mid..end]: -29.8 -28.6 -29.5 -30.5 -29.6 -28.7 -27.9 -32.4 -27.3 dB
  EVM per-sym: -29.17 dB | EVM per-sc: -30.02 dB
 Databitrate of packet 1: 91.03(Mbps)
  A-MPDU deaggregation successful 
SNRest=32.25dB

  DataBitrate (Mbps): 91.03
ack
new MCS = 8
Iter 13 | fb=ack | next: MCS=9 AMPDU=3 BWdec=2
  Gains: TX=20 dB, RX=25 dB | RX diag: RMS=1.415e-01, Peak=4.358e-01
  Estimated CFO:  85.4 Hz
 RXTIME of packet 1: 260us
  ChanEst mean|h|: 1.037 | HE-LTF rms: 1.044
  EVM trend [sym1..mid..end]: -38.4 -36.5 -38.2 -36.9 -38.2 -39.2 -33.7 -35.4 -37.5 dB
  EVM per-sym: -36.72 dB | EVM per-sc: -37.17 dB
 Databitrate of packet 1: 72.92(Mbps)
  A-MPDU deaggregation successful 
SNRest=40.87dB

  DataBitrate (Mbps): 72.92
ack
new MCS = 11
Iter 14 | fb=ack | next: MCS=11 AMPDU=3 BWdec=2
  Gains: TX=20 dB, RX=25 dB | RX diag: RMS=1.280e-01, Peak=4.486e-01
  Estimated CFO: -136.1 Hz
 RXTIME of packet 1: 212us
  ChanEst mean|h|: 1.039 | HE-LTF rms: 1.047
  EVM trend [sym1..mid..end]: -34.0 -34.4 -33.4 -35.7 -36.7 -33.2 -34.4 -33.1 -35.1 dB
  EVM per-sym: -34.50 dB | EVM per-sc: -35.14 dB
 Databitrate of packet 1: 91.03(Mbps)
  A-MPDU deaggregation successful 
SNRest=38.30dB

  DataBitrate (Mbps): 91.03
ack
new MCS = 11
Iter 15 | fb=ack | next: MCS=11 AMPDU=3 BWdec=2
  Gains: TX=20 dB, RX=25 dB | RX diag: RMS=1.280e-01, Peak=4.480e-01
  Estimated CFO: -34.0 Hz
 RXTIME of packet 1: 212us
  ChanEst mean|h|: 1.034 | HE-LTF rms: 1.043
  EVM trend [sym1..mid..end]: -34.4 -36.7 -36.0 -37.3 -36.5 -37.4 -37.4 -36.4 -37.0 dB
  EVM per-sym: -36.56 dB | EVM per-sc: -37.30 dB
 Databitrate of packet 1: 91.03(Mbps)
  A-MPDU deaggregation successful 
SNRest=39.66dB

  DataBitrate (Mbps): 91.03
ack
new MCS = 11
Iter 16 | fb=ack | next: MCS=11 AMPDU=3 BWdec=2
  Gains: TX=20 dB, RX=25 dB | RX diag: RMS=1.281e-01, Peak=4.488e-01
  Estimated CFO:  31.1 Hz
 RXTIME of packet 1: 212us
  ChanEst mean|h|: 1.038 | HE-LTF rms: 1.045
  EVM trend [sym1..mid..end]: -38.8 -35.3 -38.4 -36.3 -39.0 -35.2 -36.5 -39.3 -36.3 dB
  EVM per-sym: -37.21 dB | EVM per-sc: -37.99 dB
 Databitrate of packet 1: 91.03(Mbps)
  A-MPDU deaggregation successful 
SNRest=42.31dB

  DataBitrate (Mbps): 91.03
ack
new MCS = 11
Iter 17 | fb=ack | next: MCS=11 AMPDU=3 BWdec=2
  Gains: TX=20 dB, RX=25 dB | RX diag: RMS=1.280e-01, Peak=4.477e-01
  Estimated CFO:  17.5 Hz
 RXTIME of packet 1: 212us
  ChanEst mean|h|: 1.038 | HE-LTF rms: 1.045
  EVM trend [sym1..mid..end]: -38.0 -35.7 -39.9 -39.7 -39.3 -37.0 -38.2 -38.2 -35.9 dB
  EVM per-sym: -37.96 dB | EVM per-sc: -38.94 dB
 Databitrate of packet 1: 91.03(Mbps)
  A-MPDU deaggregation successful 
SNRest=42.63dB

  DataBitrate (Mbps): 91.03
ack
new MCS = 11
Iter 18 | fb=ack | next: MCS=11 AMPDU=3 BWdec=2
  Gains: TX=20 dB, RX=25 dB | RX diag: RMS=1.281e-01, Peak=4.477e-01
  Estimated CFO: 132.9 Hz
 RXTIME of packet 1: 212us
  ChanEst mean|h|: 1.037 | HE-LTF rms: 1.044
  EVM trend [sym1..mid..end]: -34.6 -33.4 -34.8 -33.0 -33.9 -35.1 -34.7 -35.8 -29.2 dB
  EVM per-sym: -33.80 dB | EVM per-sc: -34.62 dB
 Databitrate of packet 1: 91.03(Mbps)
  A-MPDU deaggregation successful 
SNRest=38.89dB

  DataBitrate (Mbps): 91.03
ack
new MCS = 11
Iter 19 | fb=ack | next: MCS=11 AMPDU=3 BWdec=2
  Gains: TX=20 dB, RX=25 dB | RX diag: RMS=1.280e-01, Peak=4.483e-01
  Estimated CFO: -87.2 Hz
 RXTIME of packet 1: 212us
  ChanEst mean|h|: 1.034 | HE-LTF rms: 1.043
  EVM trend [sym1..mid..end]: -36.8 -34.6 -37.8 -35.5 -36.7 -37.1 -35.9 -37.4 -35.8 dB
  EVM per-sym: -36.44 dB | EVM per-sc: -37.00 dB
 Databitrate of packet 1: 91.03(Mbps)
  A-MPDU deaggregation successful 
SNRest=40.27dB

  DataBitrate (Mbps): 91.03
ack
new MCS = 11
Iter 20 | fb=ack | next: MCS=11 AMPDU=3 BWdec=2
---- Progress 20/100 | current MCS=11 AMPDU=3 BWdec=2 ----
  Gains: TX=20 dB, RX=25 dB | RX diag: RMS=1.281e-01, Peak=4.479e-01
  Estimated CFO: -279.4 Hz
 RXTIME of packet 1: 212us
  ChanEst mean|h|: 1.039 | HE-LTF rms: 1.046
  EVM trend [sym1..mid..end]: -29.9 -29.5 -30.2 -29.9 -29.8 -31.1 -29.7 -29.7 -28.9 dB
  EVM per-sym: -29.95 dB | EVM per-sc: -30.66 dB
 Databitrate of packet 1: 91.03(Mbps)
  A-MPDU deaggregation successful 
SNRest=32.82dB

  DataBitrate (Mbps): 91.03
ack
new MCS = 9
Iter 21 | fb=ack | next: MCS=9 AMPDU=3 BWdec=2
  Gains: TX=20 dB, RX=25 dB | RX diag: RMS=1.363e-01, Peak=4.436e-01
  Estimated CFO: 101.7 Hz
 RXTIME of packet 1: 260us
  ChanEst mean|h|: 1.040 | HE-LTF rms: 1.047
  EVM trend [sym1..mid..end]: -36.3 -34.3 -35.9 -34.9 -36.4 -36.1 -36.9 -34.6 -34.1 dB
  EVM per-sym: -35.58 dB | EVM per-sc: -36.08 dB
 Databitrate of packet 1: 72.92(Mbps)
  A-MPDU deaggregation successful 
SNRest=38.54dB

  DataBitrate (Mbps): 72.92
ack
new MCS = 11
Iter 22 | fb=ack | next: MCS=11 AMPDU=3 BWdec=2
  Gains: TX=20 dB, RX=25 dB | RX diag: RMS=1.337e-01, Peak=4.678e-01
  Estimated CFO: -51.9 Hz
 RXTIME of packet 1: 212us
  ChanEst mean|h|: 1.036 | HE-LTF rms: 1.044
  EVM trend [sym1..mid..end]: -38.7 -38.1 -39.0 -39.7 -36.3 -37.7 -37.5 -35.6 -36.2 dB
  EVM per-sym: -37.56 dB | EVM per-sc: -38.03 dB
 Databitrate of packet 1: 91.03(Mbps)
  A-MPDU deaggregation successful 
SNRest=41.69dB

  DataBitrate (Mbps): 91.03
ack
new MCS = 11
Iter 23 | fb=ack | next: MCS=11 AMPDU=3 BWdec=2
  Gains: TX=20 dB, RX=25 dB | RX diag: RMS=1.337e-01, Peak=4.681e-01
  Estimated CFO: -59.8 Hz
 RXTIME of packet 1: 212us
  ChanEst mean|h|: 1.039 | HE-LTF rms: 1.047
  EVM trend [sym1..mid..end]: -37.7 -37.4 -35.7 -38.5 -39.0 -37.3 -34.9 -36.9 -36.6 dB
  EVM per-sym: -37.17 dB | EVM per-sc: -37.77 dB
 Databitrate of packet 1: 91.03(Mbps)
  A-MPDU deaggregation successful 
SNRest=41.06dB

  DataBitrate (Mbps): 91.03
ack
new MCS = 11
Iter 24 | fb=ack | next: MCS=11 AMPDU=3 BWdec=2
  Gains: TX=20 dB, RX=25 dB | RX diag: RMS=1.337e-01, Peak=4.675e-01
  Estimated CFO: -307.7 Hz
 RXTIME of packet 1: 212us
  ChanEst mean|h|: 1.034 | HE-LTF rms: 1.043
  EVM trend [sym1..mid..end]: -28.2 -29.8 -29.4 -31.0 -30.6 -30.4 -30.0 -29.7 -28.8 dB
  EVM per-sym: -29.96 dB | EVM per-sc: -30.57 dB
 Databitrate of packet 1: 91.03(Mbps)
  A-MPDU deaggregation successful 
SNRest=33.31dB

  DataBitrate (Mbps): 91.03
ack
new MCS = 9
Iter 25 | fb=ack | next: MCS=9 AMPDU=3 BWdec=2
  Gains: TX=20 dB, RX=25 dB | RX diag: RMS=1.368e-01, Peak=4.224e-01
  Estimated CFO: -255.9 Hz
 RXTIME of packet 1: 260us
  ChanEst mean|h|: 1.035 | HE-LTF rms: 1.043
  EVM trend [sym1..mid..end]: -29.0 -28.8 -29.4 -29.9 -31.3 -30.5 -31.3 -28.7 -30.4 dB
  EVM per-sym: -30.00 dB | EVM per-sc: -30.65 dB
 Databitrate of packet 1: 72.92(Mbps)
  A-MPDU deaggregation successful 
SNRest=33.46dB

  DataBitrate (Mbps): 72.92
ack
new MCS = 9
Iter 26 | fb=ack | next: MCS=9 AMPDU=3 BWdec=2
  Gains: TX=20 dB, RX=25 dB | RX diag: RMS=1.368e-01, Peak=4.220e-01
  Estimated CFO:  46.1 Hz
 RXTIME of packet 1: 260us
  ChanEst mean|h|: 1.034 | HE-LTF rms: 1.042
  EVM trend [sym1..mid..end]: -38.0 -38.2 -38.4 -37.4 -40.8 -36.7 -39.6 -39.1 -36.3 dB
  EVM per-sym: -38.17 dB | EVM per-sc: -38.84 dB
 Databitrate of packet 1: 72.92(Mbps)
  A-MPDU deaggregation successful 
SNRest=41.32dB

  DataBitrate (Mbps): 72.92
ack
new MCS = 11
Iter 27 | fb=ack | next: MCS=11 AMPDU=3 BWdec=2
  Gains: TX=20 dB, RX=25 dB | RX diag: RMS=1.624e-01, Peak=4.830e-01
  Estimated CFO:  75.1 Hz
 RXTIME of packet 1: 212us
  ChanEst mean|h|: 1.034 | HE-LTF rms: 1.043
  EVM trend [sym1..mid..end]: -36.8 -33.0 -32.4 -30.5 -38.9 -39.5 -36.0 -40.2 -36.2 dB
  EVM per-sym: -35.64 dB | EVM per-sc: -36.86 dB
 Databitrate of packet 1: 91.03(Mbps)
  A-MPDU deaggregation successful 
SNRest=40.80dB

  DataBitrate (Mbps): 91.03
ack
new MCS = 11
Iter 28 | fb=ack | next: MCS=11 AMPDU=3 BWdec=2
  Gains: TX=20 dB, RX=25 dB | RX diag: RMS=1.625e-01, Peak=4.835e-01
  Estimated CFO: 142.2 Hz
 RXTIME of packet 1: 212us
  ChanEst mean|h|: 1.039 | HE-LTF rms: 1.046
  EVM trend [sym1..mid..end]: -32.8 -33.4 -36.5 -36.3 -34.9 -35.3 -32.8 -38.3 -35.0 dB
  EVM per-sym: -34.94 dB | EVM per-sc: -35.98 dB
 Databitrate of packet 1: 91.03(Mbps)
  A-MPDU deaggregation successful 
SNRest=39.98dB

  DataBitrate (Mbps): 91.03
ack
new MCS = 11
Iter 29 | fb=ack | next: MCS=11 AMPDU=3 BWdec=2
  Gains: TX=20 dB, RX=25 dB | RX diag: RMS=1.624e-01, Peak=4.828e-01
  Estimated CFO: -11.9 Hz
 RXTIME of packet 1: 212us
  ChanEst mean|h|: 1.034 | HE-LTF rms: 1.043
  EVM trend [sym1..mid..end]: -38.1 -37.6 -38.6 -34.8 -39.5 -39.7 -38.8 -41.5 -39.5 dB
  EVM per-sym: -38.41 dB | EVM per-sc: -39.25 dB
 Databitrate of packet 1: 91.03(Mbps)
  A-MPDU deaggregation successful 
SNRest=43.89dB

  DataBitrate (Mbps): 91.03
ack
new MCS = 11
Iter 30 | fb=ack | next: MCS=11 AMPDU=3 BWdec=2
---- Progress 30/100 | current MCS=11 AMPDU=3 BWdec=2 ----
  Gains: TX=20 dB, RX=25 dB | RX diag: RMS=1.625e-01, Peak=4.836e-01
  Estimated CFO: 29247.6 Hz
  ** CFO outlier rejected: 29247.6 Hz **
  Estimated CFO: -182.8 Hz
 RXTIME of packet 2: 212us
  ChanEst mean|h|: 1.039 | HE-LTF rms: 1.047
  EVM trend [sym1..mid..end]: -35.3 -30.3 -35.2 -33.2 -33.8 -31.9 -34.3 -34.4 -35.1 dB
  EVM per-sym: -33.76 dB | EVM per-sc: -34.66 dB
 Databitrate of packet 2: 91.03(Mbps)
  A-MPDU deaggregation successful 
SNRest=36.44dB

  DataBitrate (Mbps): 45.51
ack
new MCS = 3
Iter 31 | fb=ack | next: MCS=9 AMPDU=3 BWdec=2
  Gains: TX=20 dB, RX=25 dB | RX diag: RMS=1.504e-01, Peak=4.529e-01
  Estimated CFO: -401.4 Hz
 RXTIME of packet 1: 260us
  ChanEst mean|h|: 1.035 | HE-LTF rms: 1.043
  EVM trend [sym1..mid..end]: -24.5 -26.8 -28.5 -27.4 -26.3 -28.5 -27.3 -24.3 -27.0 dB
  EVM per-sym: -26.85 dB | EVM per-sc: -27.52 dB
 Databitrate of packet 1: 72.92(Mbps)
  A-MPDU deaggregation successful 
SNRest=30.92dB

  DataBitrate (Mbps): 72.92
ack
new MCS = 8
Iter 32 | fb=ack | next: MCS=8 AMPDU=3 BWdec=2
  Gains: TX=20 dB, RX=25 dB | RX diag: RMS=1.473e-01, Peak=4.544e-01
  Estimated CFO: 281.0 Hz
 RXTIME of packet 1: 276us
  ChanEst mean|h|: 1.037 | HE-LTF rms: 1.044
  EVM trend [sym1..mid..end]: -33.6 -30.7 -32.2 -33.1 -30.9 -28.8 -32.5 -31.1 -31.7 dB
  EVM per-sym: -31.11 dB | EVM per-sc: -31.71 dB
 Databitrate of packet 1: 69.47(Mbps)
  A-MPDU deaggregation successful 
SNRest=34.89dB

  DataBitrate (Mbps): 69.47
ack
new MCS = 10
Iter 33 | fb=ack | next: MCS=10 AMPDU=3 BWdec=2
  Gains: TX=20 dB, RX=25 dB | RX diag: RMS=1.194e-01, Peak=4.226e-01
** No packet detected **
  [Diag] Recovery failed: ctlinfo=0, SNRest=0, rxRMS=1.194e-01, rxPeak=4.226e-01
new MCS = 10
arq
Iter 34 | fb=arq | next: MCS=10 AMPDU=3 BWdec=2
  Gains: TX=20 dB, RX=25 dB | RX diag: RMS=1.194e-01, Peak=4.243e-01
** No packet detected **
  [Diag] Recovery failed: ctlinfo=0, SNRest=0, rxRMS=1.194e-01, rxPeak=4.243e-01
new MCS = 10
arq
Iter 35 | fb=arq | next: MCS=10 AMPDU=3 BWdec=2
  Gains: TX=20 dB, RX=25 dB | RX diag: RMS=1.194e-01, Peak=4.220e-01
  Estimated CFO: -13.5 Hz
 RXTIME of packet 1: 228us
  ChanEst mean|h|: 1.039 | HE-LTF rms: 1.046
  EVM trend [sym1..mid..end]: -35.1 -39.2 -39.1 -40.3 -40.3 -35.1 -36.3 -39.1 -38.8 dB
  EVM per-sym: -38.17 dB | EVM per-sc: -38.96 dB
 Databitrate of packet 1: 83.86(Mbps)
  A-MPDU deaggregation successful 
SNRest=41.35dB

  DataBitrate (Mbps): 83.86
ack
new MCS = 11
Iter 36 | fb=ack | next: MCS=11 AMPDU=3 BWdec=2
  Gains: TX=20 dB, RX=25 dB | RX diag: RMS=1.465e-01, Peak=4.254e-01
  Estimated CFO: -296.0 Hz
 RXTIME of packet 1: 212us
  ChanEst mean|h|: 1.039 | HE-LTF rms: 1.047
  EVM trend [sym1..mid..end]: -29.3 -31.7 -30.2 -30.3 -30.6 -27.0 -32.8 -28.5 -26.7 dB
  EVM per-sym: -29.64 dB | EVM per-sc: -30.83 dB
 Databitrate of packet 1: 91.03(Mbps)
  A-MPDU deaggregation successful 
SNRest=34.19dB

  DataBitrate (Mbps): 91.03
ack
new MCS = 10
Iter 37 | fb=ack | next: MCS=10 AMPDU=3 BWdec=2
  Gains: TX=20 dB, RX=25 dB | RX diag: RMS=1.382e-01, Peak=4.278e-01
  Estimated CFO: -303.5 Hz
 RXTIME of packet 1: 228us
  ChanEst mean|h|: 1.034 | HE-LTF rms: 1.043
  EVM trend [sym1..mid..end]: -31.7 -28.3 -32.6 -28.8 -30.9 -29.4 -29.4 -31.2 -29.2 dB
  EVM per-sym: -29.92 dB | EVM per-sc: -30.49 dB
 Databitrate of packet 1: 83.86(Mbps)
  A-MPDU deaggregation successful 
SNRest=34.06dB

  DataBitrate (Mbps): 83.86
ack
new MCS = 9
Iter 38 | fb=ack | next: MCS=9 AMPDU=3 BWdec=2
  Gains: TX=20 dB, RX=25 dB | RX diag: RMS=1.266e-01, Peak=4.238e-01
  Estimated CFO: -62769.8 Hz
  ** CFO outlier rejected: -62769.8 Hz **
  Estimated CFO: -187.7 Hz
 RXTIME of packet 2: 260us
  ChanEst mean|h|: 1.040 | HE-LTF rms: 1.048
  EVM trend [sym1..mid..end]: -33.9 -35.5 -31.4 -35.4 -30.9 -33.8 -33.3 -33.4 -34.5 dB
  EVM per-sym: -33.79 dB | EVM per-sc: -34.24 dB
 Databitrate of packet 2: 72.92(Mbps)
  A-MPDU deaggregation successful 
SNRest=37.50dB

  DataBitrate (Mbps): 36.46
ack
new MCS = 3
Iter 39 | fb=ack | next: MCS=7 AMPDU=3 BWdec=2
  Gains: TX=20 dB, RX=25 dB | RX diag: RMS=1.252e-01, Peak=4.271e-01
  Estimated CFO:  42.8 Hz
 RXTIME of packet 1: 324us
  ChanEst mean|h|: 1.034 | HE-LTF rms: 1.042
  EVM trend [sym1..mid..end]: -39.9 -37.1 -37.4 -38.6 -39.9 -39.1 -36.4 -38.1 -38.1 dB
  EVM per-sym: -38.03 dB | EVM per-sc: -38.25 dB
 Databitrate of packet 1: 59.21(Mbps)
  A-MPDU deaggregation successful 
SNRest=40.15dB

  DataBitrate (Mbps): 59.21
ack
new MCS = 11
Iter 40 | fb=ack | next: MCS=9 AMPDU=3 BWdec=2
---- Progress 40/100 | current MCS=9 AMPDU=3 BWdec=2 ----
  Gains: TX=20 dB, RX=25 dB | RX diag: RMS=1.280e-01, Peak=4.257e-01
  Estimated CFO: 196.8 Hz
 RXTIME of packet 1: 260us
  ChanEst mean|h|: 1.036 | HE-LTF rms: 1.043
  EVM trend [sym1..mid..end]: -28.5 -32.6 -31.7 -33.0 -31.9 -32.7 -33.0 -33.8 -34.5 dB
  EVM per-sym: -32.14 dB | EVM per-sc: -32.64 dB
 Databitrate of packet 1: 72.92(Mbps)
  A-MPDU deaggregation successful 
SNRest=34.36dB

  DataBitrate (Mbps): 72.92
ack
new MCS = 10
Iter 41 | fb=ack | next: MCS=10 AMPDU=3 BWdec=2
  Gains: TX=20 dB, RX=25 dB | RX diag: RMS=1.274e-01, Peak=4.525e-01
  Estimated CFO: 292.0 Hz
 RXTIME of packet 1: 228us
  ChanEst mean|h|: 1.040 | HE-LTF rms: 1.047
  EVM trend [sym1..mid..end]: -29.5 -28.7 -31.1 -29.5 -28.3 -27.9 -31.5 -30.1 -28.0 dB
  EVM per-sym: -29.70 dB | EVM per-sc: -30.46 dB
 Databitrate of packet 1: 83.86(Mbps)
  A-MPDU deaggregation successful 
SNRest=33.77dB

  DataBitrate (Mbps): 83.86
ack
new MCS = 9
Iter 42 | fb=ack | next: MCS=9 AMPDU=3 BWdec=2
  Gains: TX=20 dB, RX=25 dB | RX diag: RMS=1.490e-01, Peak=4.233e-01
  Estimated CFO:  62.4 Hz
 RXTIME of packet 1: 260us
  ChanEst mean|h|: 1.040 | HE-LTF rms: 1.047
  EVM trend [sym1..mid..end]: -36.2 -39.5 -39.1 -39.5 -38.3 -37.6 -39.7 -39.5 -36.2 dB
  EVM per-sym: -38.31 dB | EVM per-sc: -38.86 dB
 Databitrate of packet 1: 72.92(Mbps)
  A-MPDU deaggregation successful 
SNRest=41.82dB

  DataBitrate (Mbps): 72.92
ack
new MCS = 11
Iter 43 | fb=ack | next: MCS=11 AMPDU=3 BWdec=2
  Gains: TX=20 dB, RX=25 dB | RX diag: RMS=1.643e-01, Peak=4.888e-01
  Estimated CFO: 115.5 Hz
 RXTIME of packet 1: 212us
  ChanEst mean|h|: 1.034 | HE-LTF rms: 1.043
  EVM trend [sym1..mid..end]: -36.8 -39.1 -38.1 -37.2 -38.7 -36.0 -37.3 -39.3 -35.7 dB
  EVM per-sym: -36.69 dB | EVM per-sc: -37.63 dB
 Databitrate of packet 1: 91.03(Mbps)
  A-MPDU deaggregation successful 
SNRest=41.14dB

  DataBitrate (Mbps): 91.03
ack
new MCS = 11
Iter 44 | fb=ack | next: MCS=11 AMPDU=3 BWdec=2
  Gains: TX=20 dB, RX=25 dB | RX diag: RMS=1.644e-01, Peak=4.874e-01
  Estimated CFO: -75005.9 Hz
  ** CFO outlier rejected: -75005.9 Hz **
  Estimated CFO: -177.3 Hz
 RXTIME of packet 2: 212us
  ChanEst mean|h|: 1.036 | HE-LTF rms: 1.043
  EVM trend [sym1..mid..end]: -34.6 -34.7 -35.2 -37.2 -35.3 -34.5 -36.2 -35.3 -33.9 dB
  EVM per-sym: -34.73 dB | EVM per-sc: -35.37 dB
 Databitrate of packet 2: 91.03(Mbps)
  A-MPDU deaggregation successful 
SNRest=37.85dB

  DataBitrate (Mbps): 45.51
ack
new MCS = 3
Iter 45 | fb=ack | next: MCS=9 AMPDU=3 BWdec=2
  Gains: TX=20 dB, RX=25 dB | RX diag: RMS=1.369e-01, Peak=4.216e-01
  Estimated CFO: -70078.0 Hz
  ** CFO outlier rejected: -70078.0 Hz **
  Estimated CFO: 191.4 Hz
 RXTIME of packet 2: 260us
  ChanEst mean|h|: 1.039 | HE-LTF rms: 1.046
  EVM trend [sym1..mid..end]: -32.6 -31.7 -30.3 -34.4 -32.7 -33.9 -32.8 -30.9 -31.4 dB
  EVM per-sym: -32.64 dB | EVM per-sc: -33.33 dB
 Databitrate of packet 2: 72.92(Mbps)
  A-MPDU deaggregation successful 
SNRest=37.31dB

  DataBitrate (Mbps): 36.46
ack
new MCS = 3
Iter 46 | fb=ack | next: MCS=7 AMPDU=3 BWdec=2
  Gains: TX=20 dB, RX=25 dB | RX diag: RMS=1.260e-01, Peak=4.370e-01
  Estimated CFO:  83.1 Hz
 RXTIME of packet 1: 324us
  ChanEst mean|h|: 1.034 | HE-LTF rms: 1.043
  EVM trend [sym1..mid..end]: -35.6 -38.3 -35.4 -37.1 -36.3 -37.6 -36.2 -39.2 -36.5 dB
  EVM per-sym: -36.79 dB | EVM per-sc: -36.99 dB
 Databitrate of packet 1: 59.21(Mbps)
  A-MPDU deaggregation successful 
SNRest=41.31dB

  DataBitrate (Mbps): 59.21
ack
new MCS = 11
Iter 47 | fb=ack | next: MCS=9 AMPDU=3 BWdec=2
  Gains: TX=20 dB, RX=25 dB | RX diag: RMS=1.376e-01, Peak=4.209e-01
  Estimated CFO: -48.4 Hz
 RXTIME of packet 1: 260us
  ChanEst mean|h|: 1.039 | HE-LTF rms: 1.047
  EVM trend [sym1..mid..end]: -37.6 -36.1 -38.8 -37.8 -34.1 -36.1 -34.8 -38.5 -37.1 dB
  EVM per-sym: -36.52 dB | EVM per-sc: -37.15 dB
 Databitrate of packet 1: 72.92(Mbps)
  A-MPDU deaggregation successful 
SNRest=41.29dB

  DataBitrate (Mbps): 72.92
ack
new MCS = 11
Iter 48 | fb=ack | next: MCS=11 AMPDU=3 BWdec=2
  Gains: TX=20 dB, RX=25 dB | RX diag: RMS=1.379e-01, Peak=4.984e-01
  Estimated CFO: -46.0 Hz
 RXTIME of packet 1: 212us
  ChanEst mean|h|: 1.040 | HE-LTF rms: 1.048
  EVM trend [sym1..mid..end]: -36.0 -35.2 -35.2 -35.9 -35.2 -35.3 -36.9 -34.3 -35.9 dB
  EVM per-sym: -35.72 dB | EVM per-sc: -36.23 dB
 Databitrate of packet 1: 91.03(Mbps)
  A-MPDU deaggregation successful 
SNRest=39.73dB

  DataBitrate (Mbps): 91.03
ack
new MCS = 11
Iter 49 | fb=ack | next: MCS=11 AMPDU=3 BWdec=2
  Gains: TX=20 dB, RX=25 dB | RX diag: RMS=1.379e-01, Peak=4.985e-01
** No packet detected **
  [Diag] Recovery failed: ctlinfo=0, SNRest=0, rxRMS=1.379e-01, rxPeak=4.985e-01
new MCS = 11
arq
Iter 50 | fb=arq | next: MCS=11 AMPDU=3 BWdec=2
---- Progress 50/100 | current MCS=11 AMPDU=3 BWdec=2 ----
  Gains: TX=20 dB, RX=25 dB | RX diag: RMS=1.379e-01, Peak=4.978e-01
  Estimated CFO: 200.1 Hz
 RXTIME of packet 1: 212us
  ChanEst mean|h|: 1.039 | HE-LTF rms: 1.046
  EVM trend [sym1..mid..end]: -33.1 -33.9 -30.6 -29.9 -30.1 -34.3 -31.3 -32.9 -32.5 dB
  EVM per-sym: -31.78 dB | EVM per-sc: -32.62 dB
 Databitrate of packet 1: 91.03(Mbps)
  A-MPDU deaggregation successful 
SNRest=36.76dB

  DataBitrate (Mbps): 91.03
ack
new MCS = 11
Iter 51 | fb=ack | next: MCS=11 AMPDU=3 BWdec=2
  Gains: TX=20 dB, RX=25 dB | RX diag: RMS=1.379e-01, Peak=4.991e-01
  Estimated CFO: -202.9 Hz
 RXTIME of packet 1: 212us
  ChanEst mean|h|: 1.039 | HE-LTF rms: 1.046
  EVM trend [sym1..mid..end]: -31.8 -32.1 -32.3 -29.0 -33.4 -34.1 -32.1 -31.0 -31.9 dB
  EVM per-sym: -31.86 dB | EVM per-sc: -32.66 dB
 Databitrate of packet 1: 91.03(Mbps)
  A-MPDU deaggregation successful 
SNRest=35.49dB

  DataBitrate (Mbps): 91.03
ack
new MCS = 10
Iter 52 | fb=ack | next: MCS=10 AMPDU=3 BWdec=2
  Gains: TX=20 dB, RX=25 dB | RX diag: RMS=1.492e-01, Peak=4.857e-01
  Estimated CFO: -71814.2 Hz
  ** CFO outlier rejected: -71814.2 Hz **
  Estimated CFO: -144.4 Hz
 RXTIME of packet 2: 228us
  ChanEst mean|h|: 1.036 | HE-LTF rms: 1.043
  EVM trend [sym1..mid..end]: -35.7 -35.7 -29.2 -38.6 -31.5 -33.4 -32.5 -38.1 -35.6 dB
  EVM per-sym: -33.80 dB | EVM per-sc: -34.88 dB
 Databitrate of packet 2: 83.86(Mbps)
  A-MPDU deaggregation successful 
SNRest=39.14dB

  DataBitrate (Mbps): 41.93
ack
new MCS = 3
Iter 53 | fb=ack | next: MCS=8 AMPDU=3 BWdec=2
  Gains: TX=20 dB, RX=25 dB | RX diag: RMS=1.304e-01, Peak=4.212e-01
  Estimated CFO: 253.3 Hz
 RXTIME of packet 1: 276us
  ChanEst mean|h|: 1.035 | HE-LTF rms: 1.043
  EVM trend [sym1..mid..end]: -31.0 -30.5 -30.8 -30.6 -32.0 -32.7 -29.2 -30.0 -30.7 dB
  EVM per-sym: -31.10 dB | EVM per-sc: -31.68 dB
 Databitrate of packet 1: 69.47(Mbps)
  A-MPDU deaggregation successful 
SNRest=35.43dB

  DataBitrate (Mbps): 69.47
ack
new MCS = 10
Iter 54 | fb=ack | next: MCS=10 AMPDU=3 BWdec=2
  Gains: TX=20 dB, RX=25 dB | RX diag: RMS=1.414e-01, Peak=4.677e-01
  Estimated CFO: 14628.0 Hz
  ** CFO outlier rejected: 14628.0 Hz **
  Estimated CFO:  89.4 Hz
 RXTIME of packet 2: 228us
  ChanEst mean|h|: 1.034 | HE-LTF rms: 1.042
  EVM trend [sym1..mid..end]: -37.2 -38.2 -32.4 -38.4 -37.1 -38.3 -40.4 -35.7 -39.1 dB
  EVM per-sym: -37.04 dB | EVM per-sc: -37.67 dB
 Databitrate of packet 2: 83.86(Mbps)
  A-MPDU deaggregation successful 
SNRest=41.02dB

  DataBitrate (Mbps): 41.93
ack
new MCS = 4
Iter 55 | fb=ack | next: MCS=8 AMPDU=3 BWdec=2
  Gains: TX=20 dB, RX=25 dB | RX diag: RMS=1.417e-01, Peak=5.205e-01
  Estimated CFO:  -2.7 Hz
 RXTIME of packet 1: 276us
  ChanEst mean|h|: 1.040 | HE-LTF rms: 1.047
  EVM trend [sym1..mid..end]: -36.1 -38.4 -35.7 -37.4 -39.3 -37.9 -37.3 -36.5 -38.9 dB
  EVM per-sym: -37.59 dB | EVM per-sc: -38.15 dB
 Databitrate of packet 1: 69.47(Mbps)
  A-MPDU deaggregation successful 
SNRest=38.91dB

  DataBitrate (Mbps): 69.47
ack
new MCS = 11
Iter 56 | fb=ack | next: MCS=10 AMPDU=3 BWdec=2
  Gains: TX=20 dB, RX=25 dB | RX diag: RMS=1.397e-01, Peak=4.225e-01
  Estimated CFO: -255.5 Hz
 RXTIME of packet 1: 228us
  ChanEst mean|h|: 1.039 | HE-LTF rms: 1.047
  EVM trend [sym1..mid..end]: -32.7 -30.7 -28.6 -32.8 -26.6 -31.7 -30.4 -29.9 -28.7 dB
  EVM per-sym: -30.39 dB | EVM per-sc: -31.29 dB
 Databitrate of packet 1: 83.86(Mbps)
  A-MPDU deaggregation successful 
SNRest=35.33dB

  DataBitrate (Mbps): 83.86
ack
new MCS = 10
Iter 57 | fb=ack | next: MCS=10 AMPDU=3 BWdec=2
  Gains: TX=20 dB, RX=25 dB | RX diag: RMS=1.397e-01, Peak=4.229e-01
  Estimated CFO:  40.4 Hz
 RXTIME of packet 1: 228us
  ChanEst mean|h|: 1.035 | HE-LTF rms: 1.043
  EVM trend [sym1..mid..end]: -36.5 -39.0 -38.8 -37.7 -35.2 -38.8 -37.8 -36.5 -37.2 dB
  EVM per-sym: -37.83 dB | EVM per-sc: -38.64 dB
 Databitrate of packet 1: 83.86(Mbps)
  A-MPDU deaggregation successful 
SNRest=43.10dB

  DataBitrate (Mbps): 83.86
ack
new MCS = 11
Iter 58 | fb=ack | next: MCS=11 AMPDU=3 BWdec=2
  Gains: TX=20 dB, RX=25 dB | RX diag: RMS=1.442e-01, Peak=4.264e-01
  Estimated CFO: -80104.0 Hz
  ** CFO outlier rejected: -80104.0 Hz **
  Estimated CFO: -213.8 Hz
 RXTIME of packet 2: 212us
  ChanEst mean|h|: 1.034 | HE-LTF rms: 1.043
  EVM trend [sym1..mid..end]: -29.8 -30.0 -31.7 -29.9 -29.9 -30.4 -27.4 -31.7 -31.8 dB
  EVM per-sym: -30.43 dB | EVM per-sc: -31.69 dB
 Databitrate of packet 2: 91.03(Mbps)
  A-MPDU deaggregation successful 
SNRest=33.45dB

  DataBitrate (Mbps): 45.51
ack
new MCS = 3
Iter 59 | fb=ack | next: MCS=9 AMPDU=3 BWdec=2
  Gains: TX=20 dB, RX=25 dB | RX diag: RMS=1.396e-01, Peak=4.373e-01
  Estimated CFO: 358.2 Hz
 RXTIME of packet 1: 260us
  ChanEst mean|h|: 1.034 | HE-LTF rms: 1.043
  EVM trend [sym1..mid..end]: -27.7 -27.7 -29.3 -27.6 -31.0 -28.7 -28.6 -28.0 -27.3 dB
  EVM per-sym: -28.33 dB | EVM per-sc: -28.81 dB
 Databitrate of packet 1: 72.92(Mbps)
  A-MPDU deaggregation successful 
SNRest=31.24dB

  DataBitrate (Mbps): 72.92
ack
new MCS = 8
Iter 60 | fb=ack | next: MCS=8 AMPDU=3 BWdec=2
---- Progress 60/100 | current MCS=8 AMPDU=3 BWdec=2 ----
  Gains: TX=20 dB, RX=25 dB | RX diag: RMS=1.418e-01, Peak=4.365e-01
  Estimated CFO: 309.1 Hz
 RXTIME of packet 1: 276us
  ChanEst mean|h|: 1.040 | HE-LTF rms: 1.048
  EVM trend [sym1..mid..end]: -27.9 -29.5 -31.2 -29.4 -30.3 -31.8 -29.3 -30.8 -31.0 dB
  EVM per-sym: -30.03 dB | EVM per-sc: -30.68 dB
 Databitrate of packet 1: 69.47(Mbps)
  A-MPDU deaggregation successful 
SNRest=34.17dB

  DataBitrate (Mbps): 69.47
ack
new MCS = 10
Iter 61 | fb=ack | next: MCS=10 AMPDU=3 BWdec=2
  Gains: TX=20 dB, RX=25 dB | RX diag: RMS=1.375e-01, Peak=4.246e-01
  Estimated CFO: -392.8 Hz
 RXTIME of packet 1: 228us
  ChanEst mean|h|: 1.039 | HE-LTF rms: 1.047
  EVM trend [sym1..mid..end]: -30.5 -29.6 -29.4 -27.6 -28.4 -28.3 -29.9 -29.1 -30.0 dB
  EVM per-sym: -28.83 dB | EVM per-sc: -29.43 dB
 Databitrate of packet 1: 83.86(Mbps)
  A-MPDU deaggregation successful 
SNRest=32.31dB

  DataBitrate (Mbps): 83.86
ack
new MCS = 9
Iter 62 | fb=ack | next: MCS=9 AMPDU=3 BWdec=2
  Gains: TX=20 dB, RX=25 dB | RX diag: RMS=1.418e-01, Peak=4.457e-01
  Estimated CFO: -326.1 Hz
 RXTIME of packet 1: 260us
  ChanEst mean|h|: 1.153 | HE-LTF rms: 1.164
  EVM trend [sym1..mid..end]: -28.2 -29.8 -28.4 -32.3 -30.0 -29.3 -29.5 -29.2 -27.0 dB
  EVM per-sym: -29.20 dB | EVM per-sc: -29.69 dB
 Databitrate of packet 1: 72.92(Mbps)
  A-MPDU deaggregation successful 
SNRest=33.92dB

  DataBitrate (Mbps): 72.92
ack
new MCS = 10
Iter 63 | fb=ack | next: MCS=10 AMPDU=3 BWdec=2
  Gains: TX=20 dB, RX=25 dB | RX diag: RMS=1.470e-01, Peak=4.235e-01
  Estimated CFO: -419.1 Hz
 RXTIME of packet 1: 228us
  ChanEst mean|h|: 1.033 | HE-LTF rms: 1.042
  EVM trend [sym1..mid..end]: -28.3 -27.7 -27.2 -28.6 -27.0 -25.5 -25.8 -27.0 -28.1 dB
  EVM per-sym: -27.32 dB | EVM per-sc: -28.17 dB
 Databitrate of packet 1: 83.86(Mbps)
  A-MPDU deaggregation successful 
SNRest=30.40dB

  DataBitrate (Mbps): 83.86
ack
new MCS = 8
Iter 64 | fb=ack | next: MCS=8 AMPDU=3 BWdec=2
  Gains: TX=20 dB, RX=25 dB | RX diag: RMS=1.475e-01, Peak=4.288e-01
  Estimated CFO: -214.3 Hz
 RXTIME of packet 1: 276us
  ChanEst mean|h|: 1.039 | HE-LTF rms: 1.047
  EVM trend [sym1..mid..end]: -37.4 -32.3 -31.7 -30.4 -31.6 -34.8 -35.3 -33.1 -33.4 dB
  EVM per-sym: -33.02 dB | EVM per-sc: -33.50 dB
 Databitrate of packet 1: 69.47(Mbps)
  A-MPDU deaggregation successful 
SNRest=38.13dB

  DataBitrate (Mbps): 69.47
ack
new MCS = 11
Iter 65 | fb=ack | next: MCS=10 AMPDU=3 BWdec=2
  Gains: TX=20 dB, RX=25 dB | RX diag: RMS=1.399e-01, Peak=4.246e-01
  Estimated CFO: -362.3 Hz
 RXTIME of packet 1: 228us
  ChanEst mean|h|: 1.035 | HE-LTF rms: 1.044
  EVM trend [sym1..mid..end]: -29.3 -26.3 -31.0 -26.4 -26.1 -26.7 -29.0 -27.1 -28.8 dB
  EVM per-sym: -27.87 dB | EVM per-sc: -28.76 dB
 Databitrate of packet 1: 83.86(Mbps)
  A-MPDU deaggregation successful 
SNRest=31.80dB

  DataBitrate (Mbps): 83.86
ack
new MCS = 9
Iter 66 | fb=ack | next: MCS=9 AMPDU=3 BWdec=2
  Gains: TX=20 dB, RX=25 dB | RX diag: RMS=1.425e-01, Peak=4.703e-01
  Estimated CFO: 247.9 Hz
 RXTIME of packet 1: 260us
  ChanEst mean|h|: 1.039 | HE-LTF rms: 1.047
  EVM trend [sym1..mid..end]: -32.3 -31.2 -31.2 -31.9 -31.7 -32.8 -32.9 -31.7 -32.5 dB
  EVM per-sym: -32.01 dB | EVM per-sc: -32.50 dB
 Databitrate of packet 1: 72.92(Mbps)
  A-MPDU deaggregation successful 
SNRest=35.38dB

  DataBitrate (Mbps): 72.92
ack
new MCS = 10
Iter 67 | fb=ack | next: MCS=10 AMPDU=3 BWdec=2
  Gains: TX=20 dB, RX=25 dB | RX diag: RMS=1.388e-01, Peak=4.211e-01
  Estimated CFO: -214.6 Hz
 RXTIME of packet 1: 228us
  ChanEst mean|h|: 1.034 | HE-LTF rms: 1.043
  EVM trend [sym1..mid..end]: -32.1 -32.4 -33.2 -31.4 -32.4 -32.7 -32.6 -29.2 -33.3 dB
  EVM per-sym: -31.79 dB | EVM per-sc: -32.60 dB
 Databitrate of packet 1: 83.86(Mbps)
  A-MPDU deaggregation successful 
SNRest=34.31dB

  DataBitrate (Mbps): 83.86
ack
new MCS = 10
Iter 68 | fb=ack | next: MCS=10 AMPDU=3 BWdec=2
  Gains: TX=20 dB, RX=25 dB | RX diag: RMS=1.388e-01, Peak=4.206e-01
  Estimated CFO: 124.4 Hz
 RXTIME of packet 1: 228us
  ChanEst mean|h|: 1.038 | HE-LTF rms: 1.047
  EVM trend [sym1..mid..end]: -36.0 -35.9 -33.5 -33.9 -37.2 -36.1 -38.0 -33.0 -34.3 dB
  EVM per-sym: -34.90 dB | EVM per-sc: -35.70 dB
 Databitrate of packet 1: 83.86(Mbps)
  A-MPDU deaggregation successful 
SNRest=41.03dB

  DataBitrate (Mbps): 83.86
ack
new MCS = 11
Iter 69 | fb=ack | next: MCS=11 AMPDU=3 BWdec=2
  Gains: TX=20 dB, RX=25 dB | RX diag: RMS=1.467e-01, Peak=4.634e-01
  Estimated CFO: -216.1 Hz
 RXTIME of packet 1: 212us
  ChanEst mean|h|: 1.039 | HE-LTF rms: 1.047
  EVM trend [sym1..mid..end]: -28.9 -32.2 -33.0 -28.8 -30.5 -33.5 -32.0 -33.2 -31.4 dB
  EVM per-sym: -30.69 dB | EVM per-sc: -31.97 dB
 Databitrate of packet 1: 91.03(Mbps)
  A-MPDU deaggregation successful 
SNRest=36.06dB

  DataBitrate (Mbps): 91.03
ack
new MCS = 11
Iter 70 | fb=ack | next: MCS=11 AMPDU=3 BWdec=2
---- Progress 70/100 | current MCS=11 AMPDU=3 BWdec=2 ----
  Gains: TX=20 dB, RX=25 dB | RX diag: RMS=1.467e-01, Peak=4.626e-01
  Estimated CFO: -42.4 Hz
 RXTIME of packet 1: 212us
  ChanEst mean|h|: 1.033 | HE-LTF rms: 1.042
  EVM trend [sym1..mid..end]: -39.9 -39.6 -39.0 -32.9 -38.7 -37.9 -38.6 -38.8 -38.7 dB
  EVM per-sym: -37.68 dB | EVM per-sc: -38.62 dB
 Databitrate of packet 1: 91.03(Mbps)
  A-MPDU deaggregation successful 
SNRest=43.67dB

  DataBitrate (Mbps): 91.03
ack
new MCS = 11
Iter 71 | fb=ack | next: MCS=11 AMPDU=3 BWdec=2
  Gains: TX=20 dB, RX=25 dB | RX diag: RMS=1.467e-01, Peak=4.630e-01
  Estimated CFO: 180.6 Hz
 RXTIME of packet 1: 212us
  ChanEst mean|h|: 1.035 | HE-LTF rms: 1.044
  EVM trend [sym1..mid..end]: -31.4 -33.5 -34.3 -35.4 -35.7 -35.8 -34.1 -37.0 -30.2 dB
  EVM per-sym: -33.40 dB | EVM per-sc: -34.46 dB
 Databitrate of packet 1: 91.03(Mbps)
  A-MPDU deaggregation successful 
SNRest=38.41dB

  DataBitrate (Mbps): 91.03
ack
new MCS = 11
Iter 72 | fb=ack | next: MCS=11 AMPDU=3 BWdec=2
  Gains: TX=20 dB, RX=25 dB | RX diag: RMS=1.467e-01, Peak=4.652e-01
  Estimated CFO:  36.5 Hz
 RXTIME of packet 1: 212us
  ChanEst mean|h|: 1.037 | HE-LTF rms: 1.044
  EVM trend [sym1..mid..end]: -32.4 -40.2 -36.4 -36.8 -38.9 -37.7 -37.5 -39.1 -38.2 dB
  EVM per-sym: -36.73 dB | EVM per-sc: -38.00 dB
 Databitrate of packet 1: 91.03(Mbps)
  A-MPDU deaggregation successful 
SNRest=42.68dB

  DataBitrate (Mbps): 91.03
ack
new MCS = 11
Iter 73 | fb=ack | next: MCS=11 AMPDU=3 BWdec=2
  Gains: TX=20 dB, RX=25 dB | RX diag: RMS=1.467e-01, Peak=4.633e-01
  Estimated CFO: 195.2 Hz
 RXTIME of packet 1: 212us
  ChanEst mean|h|: 1.034 | HE-LTF rms: 1.042
  EVM trend [sym1..mid..end]: -34.0 -33.8 -31.6 -36.6 -34.5 -32.8 -35.1 -31.4 -31.8 dB
  EVM per-sym: -33.03 dB | EVM per-sc: -33.88 dB
 Databitrate of packet 1: 91.03(Mbps)
  A-MPDU deaggregation successful 
SNRest=36.87dB

  DataBitrate (Mbps): 91.03
ack
new MCS = 11
Iter 74 | fb=ack | next: MCS=11 AMPDU=3 BWdec=2
  Gains: TX=20 dB, RX=25 dB | RX diag: RMS=1.467e-01, Peak=4.629e-01
  Estimated CFO: -90204.4 Hz
  ** CFO outlier rejected: -90204.4 Hz **
  Estimated CFO:  50.3 Hz
 RXTIME of packet 2: 212us
  ChanEst mean|h|: 1.039 | HE-LTF rms: 1.047
  EVM trend [sym1..mid..end]: -38.9 -39.9 -38.3 -38.0 -37.4 -36.0 -36.9 -37.9 -38.7 dB
  EVM per-sym: -37.05 dB | EVM per-sc: -37.80 dB
 Databitrate of packet 2: 91.03(Mbps)
  A-MPDU deaggregation successful 
SNRest=41.63dB

  DataBitrate (Mbps): 45.51
ack
new MCS = 4
Iter 75 | fb=ack | next: MCS=9 AMPDU=3 BWdec=2
  Gains: TX=20 dB, RX=25 dB | RX diag: RMS=1.521e-01, Peak=4.598e-01
  Estimated CFO:  98.7 Hz
 RXTIME of packet 1: 260us
  ChanEst mean|h|: 1.036 | HE-LTF rms: 1.044
  EVM trend [sym1..mid..end]: -39.2 -39.9 -33.7 -35.6 -41.2 -35.0 -32.2 -38.3 -36.1 dB
  EVM per-sym: -36.03 dB | EVM per-sc: -36.58 dB
 Databitrate of packet 1: 72.92(Mbps)
  A-MPDU deaggregation successful 
SNRest=40.69dB

  DataBitrate (Mbps): 72.92
ack
new MCS = 11
Iter 76 | fb=ack | next: MCS=11 AMPDU=3 BWdec=2
  Gains: TX=20 dB, RX=25 dB | RX diag: RMS=1.511e-01, Peak=5.057e-01
  Estimated CFO: -10.0 Hz
 RXTIME of packet 1: 212us
  ChanEst mean|h|: 1.034 | HE-LTF rms: 1.042
  EVM trend [sym1..mid..end]: -37.9 -38.2 -39.1 -38.7 -38.8 -38.2 -37.6 -39.2 -40.4 dB
  EVM per-sym: -38.34 dB | EVM per-sc: -39.24 dB
 Databitrate of packet 1: 91.03(Mbps)
  A-MPDU deaggregation successful 
SNRest=44.63dB

  DataBitrate (Mbps): 91.03
ack
new MCS = 11
Iter 77 | fb=ack | next: MCS=11 AMPDU=3 BWdec=2
  Gains: TX=20 dB, RX=25 dB | RX diag: RMS=1.511e-01, Peak=5.063e-01
  Estimated CFO: -118.4 Hz
 RXTIME of packet 1: 212us
  ChanEst mean|h|: 1.037 | HE-LTF rms: 1.044
  EVM trend [sym1..mid..end]: -36.8 -34.7 -33.4 -35.2 -30.7 -30.2 -37.9 -34.5 -35.6 dB
  EVM per-sym: -33.86 dB | EVM per-sc: -34.91 dB
 Databitrate of packet 1: 91.03(Mbps)
  A-MPDU deaggregation successful 
SNRest=38.69dB

  DataBitrate (Mbps): 91.03
ack
new MCS = 11
Iter 78 | fb=ack | next: MCS=11 AMPDU=3 BWdec=2
  Gains: TX=20 dB, RX=25 dB | RX diag: RMS=1.511e-01, Peak=5.048e-01
  Estimated CFO: -177.6 Hz
 RXTIME of packet 1: 212us
  ChanEst mean|h|: 1.038 | HE-LTF rms: 1.045
  EVM trend [sym1..mid..end]: -36.1 -29.8 -31.6 -33.4 -32.6 -31.5 -33.6 -33.6 -34.4 dB
  EVM per-sym: -32.39 dB | EVM per-sc: -33.69 dB
 Databitrate of packet 1: 91.03(Mbps)
  A-MPDU deaggregation successful 
SNRest=39.00dB

  DataBitrate (Mbps): 91.03
ack
new MCS = 11
Iter 79 | fb=ack | next: MCS=11 AMPDU=3 BWdec=2
  Gains: TX=20 dB, RX=25 dB | RX diag: RMS=1.511e-01, Peak=5.056e-01
  Estimated CFO: -147.7 Hz
 RXTIME of packet 1: 212us
  ChanEst mean|h|: 1.036 | HE-LTF rms: 1.043
  EVM trend [sym1..mid..end]: -35.0 -34.1 -32.2 -34.4 -37.2 -32.0 -33.8 -34.4 -32.4 dB
  EVM per-sym: -33.99 dB | EVM per-sc: -34.69 dB
 Databitrate of packet 1: 91.03(Mbps)
  A-MPDU deaggregation successful 
SNRest=38.87dB

  DataBitrate (Mbps): 91.03
ack
new MCS = 11
Iter 80 | fb=ack | next: MCS=11 AMPDU=3 BWdec=2
---- Progress 80/100 | current MCS=11 AMPDU=3 BWdec=2 ----
  Gains: TX=20 dB, RX=25 dB | RX diag: RMS=1.511e-01, Peak=5.063e-01
  Estimated CFO: -63.0 Hz
 RXTIME of packet 1: 212us
  ChanEst mean|h|: 1.034 | HE-LTF rms: 1.042
  EVM trend [sym1..mid..end]: -40.8 -40.5 -38.4 -38.2 -35.9 -34.2 -39.2 -37.1 -36.7 dB
  EVM per-sym: -37.59 dB | EVM per-sc: -38.71 dB
 Databitrate of packet 1: 91.03(Mbps)
  A-MPDU deaggregation successful 
SNRest=41.82dB

  DataBitrate (Mbps): 91.03
ack
new MCS = 11
Iter 81 | fb=ack | next: MCS=11 AMPDU=3 BWdec=2
  Gains: TX=20 dB, RX=25 dB | RX diag: RMS=1.511e-01, Peak=5.055e-01
  Estimated CFO: -221.5 Hz
 RXTIME of packet 1: 212us
  ChanEst mean|h|: 1.039 | HE-LTF rms: 1.047
  EVM trend [sym1..mid..end]: -33.2 -31.1 -29.4 -32.9 -36.5 -30.6 -29.8 -30.7 -33.8 dB
  EVM per-sym: -31.60 dB | EVM per-sc: -32.52 dB
 Databitrate of packet 1: 91.03(Mbps)
  A-MPDU deaggregation successful 
SNRest=35.43dB

  DataBitrate (Mbps): 91.03
ack
new MCS = 11
Iter 82 | fb=ack | next: MCS=11 AMPDU=3 BWdec=2
  Gains: TX=20 dB, RX=25 dB | RX diag: RMS=1.511e-01, Peak=5.050e-01
  Estimated CFO: -210.9 Hz
 RXTIME of packet 1: 212us
  ChanEst mean|h|: 1.038 | HE-LTF rms: 1.045
  EVM trend [sym1..mid..end]: -33.1 -30.7 -29.9 -33.0 -32.2 -29.7 -30.5 -29.8 -34.7 dB
  EVM per-sym: -31.30 dB | EVM per-sc: -32.57 dB
 Databitrate of packet 1: 91.03(Mbps)
  A-MPDU deaggregation successful 
SNRest=36.77dB

  DataBitrate (Mbps): 91.03
ack
new MCS = 11
Iter 83 | fb=ack | next: MCS=11 AMPDU=3 BWdec=2
  Gains: TX=20 dB, RX=25 dB | RX diag: RMS=1.511e-01, Peak=5.058e-01
  Estimated CFO: -66190.3 Hz
  ** CFO outlier rejected: -66190.3 Hz **
  Estimated CFO: 187.3 Hz
 RXTIME of packet 2: 212us
  ChanEst mean|h|: 1.039 | HE-LTF rms: 1.046
  EVM trend [sym1..mid..end]: -32.7 -29.5 -29.3 -35.2 -32.7 -29.1 -34.7 -34.3 -34.6 dB
  EVM per-sym: -32.22 dB | EVM per-sc: -33.44 dB
 Databitrate of packet 2: 91.03(Mbps)
  A-MPDU deaggregation successful 
SNRest=37.80dB

  DataBitrate (Mbps): 45.51
ack
new MCS = 3
Iter 84 | fb=ack | next: MCS=9 AMPDU=3 BWdec=2
  Gains: TX=20 dB, RX=25 dB | RX diag: RMS=1.456e-01, Peak=4.271e-01
  Estimated CFO: 431.6 Hz
 RXTIME of packet 1: 260us
  ChanEst mean|h|: 1.034 | HE-LTF rms: 1.042
  EVM trend [sym1..mid..end]: -28.2 -26.1 -27.3 -28.0 -27.5 -25.6 -27.8 -26.6 -26.4 dB
  EVM per-sym: -27.15 dB | EVM per-sc: -27.67 dB
 Databitrate of packet 1: 72.92(Mbps)
  A-MPDU deaggregation successful 
SNRest=32.13dB

  DataBitrate (Mbps): 72.92
ack
new MCS = 9
Iter 85 | fb=ack | next: MCS=9 AMPDU=3 BWdec=2
  Gains: TX=20 dB, RX=25 dB | RX diag: RMS=1.455e-01, Peak=4.266e-01
  Estimated CFO: -165.2 Hz
 RXTIME of packet 1: 260us
  ChanEst mean|h|: 1.039 | HE-LTF rms: 1.047
  EVM trend [sym1..mid..end]: -35.6 -34.5 -34.6 -34.6 -35.9 -35.9 -33.8 -34.5 -31.9 dB
  EVM per-sym: -34.47 dB | EVM per-sc: -35.08 dB
 Databitrate of packet 1: 72.92(Mbps)
  A-MPDU deaggregation successful 
SNRest=39.34dB

  DataBitrate (Mbps): 72.92
ack
new MCS = 11
Iter 86 | fb=ack | next: MCS=11 AMPDU=3 BWdec=2
  Gains: TX=20 dB, RX=25 dB | RX diag: RMS=1.459e-01, Peak=4.664e-01
  Estimated CFO: 108.1 Hz
 RXTIME of packet 1: 212us
  ChanEst mean|h|: 1.039 | HE-LTF rms: 1.046
  EVM trend [sym1..mid..end]: -37.2 -30.8 -34.9 -30.6 -34.7 -38.3 -37.5 -36.0 -33.6 dB
  EVM per-sym: -34.54 dB | EVM per-sc: -35.94 dB
 Databitrate of packet 1: 91.03(Mbps)
  A-MPDU deaggregation successful 
SNRest=40.58dB

  DataBitrate (Mbps): 91.03
ack
new MCS = 11
Iter 87 | fb=ack | next: MCS=11 AMPDU=3 BWdec=2
  Gains: TX=20 dB, RX=25 dB | RX diag: RMS=1.460e-01, Peak=4.668e-01
  Estimated CFO: -25.6 Hz
 RXTIME of packet 1: 212us
  ChanEst mean|h|: 1.034 | HE-LTF rms: 1.042
  EVM trend [sym1..mid..end]: -38.7 -36.6 -35.1 -37.8 -36.5 -34.9 -39.0 -37.7 -33.0 dB
  EVM per-sym: -36.72 dB | EVM per-sc: -38.56 dB
 Databitrate of packet 1: 91.03(Mbps)
  A-MPDU deaggregation successful 
SNRest=42.97dB

  DataBitrate (Mbps): 91.03
ack
new MCS = 11
Iter 88 | fb=ack | next: MCS=11 AMPDU=3 BWdec=2
  Gains: TX=20 dB, RX=25 dB | RX diag: RMS=1.460e-01, Peak=4.663e-01
  Estimated CFO: 31614.8 Hz
  ** CFO outlier rejected: 31614.8 Hz **
  Estimated CFO: -121.5 Hz
 RXTIME of packet 2: 212us
  ChanEst mean|h|: 1.039 | HE-LTF rms: 1.046
  EVM trend [sym1..mid..end]: -37.4 -35.2 -34.6 -30.9 -38.1 -35.8 -36.4 -34.4 -37.9 dB
  EVM per-sym: -35.50 dB | EVM per-sc: -36.59 dB
 Databitrate of packet 2: 91.03(Mbps)
  A-MPDU deaggregation successful 
SNRest=42.89dB

  DataBitrate (Mbps): 45.51
ack
new MCS = 5
Iter 89 | fb=ack | next: MCS=9 AMPDU=3 BWdec=2
  Gains: TX=20 dB, RX=25 dB | RX diag: RMS=1.407e-01, Peak=4.273e-01
  Estimated CFO: -233.7 Hz
 RXTIME of packet 1: 260us
  ChanEst mean|h|: 1.034 | HE-LTF rms: 1.043
  EVM trend [sym1..mid..end]: -31.6 -33.2 -31.9 -33.3 -31.9 -33.3 -33.4 -35.2 -33.3 dB
  EVM per-sym: -32.45 dB | EVM per-sc: -33.02 dB
 Databitrate of packet 1: 72.92(Mbps)
  A-MPDU deaggregation successful 
SNRest=38.18dB

  DataBitrate (Mbps): 72.92
ack
new MCS = 11
Iter 90 | fb=ack | next: MCS=11 AMPDU=3 BWdec=2
---- Progress 90/100 | current MCS=11 AMPDU=3 BWdec=2 ----
  Gains: TX=20 dB, RX=25 dB | RX diag: RMS=1.258e-01, Peak=4.254e-01
  Estimated CFO: 224.6 Hz
 RXTIME of packet 1: 212us
  ChanEst mean|h|: 1.035 | HE-LTF rms: 1.043
  EVM trend [sym1..mid..end]: -31.5 -31.5 -28.0 -32.0 -30.1 -29.8 -31.8 -31.5 -30.6 dB
  EVM per-sym: -30.91 dB | EVM per-sc: -31.70 dB
 Databitrate of packet 1: 91.03(Mbps)
  A-MPDU deaggregation successful 
SNRest=36.20dB

  DataBitrate (Mbps): 91.03
ack
new MCS = 11
Iter 91 | fb=ack | next: MCS=11 AMPDU=3 BWdec=2
  Gains: TX=20 dB, RX=25 dB | RX diag: RMS=1.259e-01, Peak=4.245e-01
  Estimated CFO: 211.0 Hz
 RXTIME of packet 1: 212us
  ChanEst mean|h|: 1.039 | HE-LTF rms: 1.046
  EVM trend [sym1..mid..end]: -34.1 -33.8 -28.7 -32.2 -34.0 -32.1 -33.0 -32.7 -34.5 dB
  EVM per-sym: -32.57 dB | EVM per-sc: -33.43 dB
 Databitrate of packet 1: 91.03(Mbps)
  A-MPDU deaggregation successful 
SNRest=35.28dB

  DataBitrate (Mbps): 91.03
ack
new MCS = 11
Iter 92 | fb=ack | next: MCS=11 AMPDU=3 BWdec=2
  Gains: TX=20 dB, RX=25 dB | RX diag: RMS=1.258e-01, Peak=4.240e-01
  Estimated CFO: -76063.9 Hz
  ** CFO outlier rejected: -76063.9 Hz **
  Estimated CFO: -207.2 Hz
 RXTIME of packet 2: 212us
  ChanEst mean|h|: 1.034 | HE-LTF rms: 1.043
  EVM trend [sym1..mid..end]: -33.6 -31.9 -28.7 -31.8 -33.2 -31.5 -34.0 -33.2 -31.6 dB
  EVM per-sym: -32.01 dB | EVM per-sc: -32.72 dB
 Databitrate of packet 2: 91.03(Mbps)
  A-MPDU deaggregation successful 
SNRest=37.19dB

  DataBitrate (Mbps): 45.51
ack
new MCS = 3
Iter 93 | fb=ack | next: MCS=9 AMPDU=3 BWdec=2
  Gains: TX=20 dB, RX=25 dB | RX diag: RMS=1.277e-01, Peak=4.251e-01
  Estimated CFO: 247.3 Hz
 RXTIME of packet 1: 260us
  ChanEst mean|h|: 1.157 | HE-LTF rms: 1.165
  EVM trend [sym1..mid..end]: -32.5 -34.0 -30.3 -31.3 -29.2 -31.8 -31.1 -30.9 -30.6 dB
  EVM per-sym: -31.01 dB | EVM per-sc: -31.57 dB
 Databitrate of packet 1: 72.92(Mbps)
  A-MPDU deaggregation successful 
SNRest=34.52dB

  DataBitrate (Mbps): 72.92
ack
new MCS = 10
Iter 94 | fb=ack | next: MCS=10 AMPDU=3 BWdec=2
  Gains: TX=20 dB, RX=25 dB | RX diag: RMS=1.473e-01, Peak=4.231e-01
  Estimated CFO: -361.2 Hz
 RXTIME of packet 1: 228us
  ChanEst mean|h|: 1.034 | HE-LTF rms: 1.043
  EVM trend [sym1..mid..end]: -28.0 -30.0 -27.0 -29.3 -24.7 -29.0 -28.7 -32.0 -30.0 dB
  EVM per-sym: -28.79 dB | EVM per-sc: -29.84 dB
 Databitrate of packet 1: 83.86(Mbps)
  A-MPDU deaggregation successful 
SNRest=33.05dB

  DataBitrate (Mbps): 83.86
ack
new MCS = 10
Iter 95 | fb=ack | next: MCS=10 AMPDU=3 BWdec=2
  Gains: TX=20 dB, RX=25 dB | RX diag: RMS=1.472e-01, Peak=4.228e-01
  Estimated CFO: 139.4 Hz
 RXTIME of packet 1: 228us
  ChanEst mean|h|: 1.039 | HE-LTF rms: 1.048
  EVM trend [sym1..mid..end]: -32.3 -36.9 -33.2 -31.4 -33.6 -37.6 -35.0 -36.6 -37.0 dB
  EVM per-sym: -35.01 dB | EVM per-sc: -35.71 dB
 Databitrate of packet 1: 83.86(Mbps)
  A-MPDU deaggregation successful 
SNRest=39.45dB

  DataBitrate (Mbps): 83.86
ack
new MCS = 11
Iter 96 | fb=ack | next: MCS=11 AMPDU=3 BWdec=2
  Gains: TX=20 dB, RX=25 dB | RX diag: RMS=1.465e-01, Peak=4.249e-01
  Estimated CFO: -190.6 Hz
 RXTIME of packet 1: 212us
  ChanEst mean|h|: 1.039 | HE-LTF rms: 1.047
  EVM trend [sym1..mid..end]: -34.9 -32.3 -34.0 -32.4 -30.5 -33.8 -34.5 -31.0 -32.1 dB
  EVM per-sym: -32.83 dB | EVM per-sc: -33.73 dB
 Databitrate of packet 1: 91.03(Mbps)
  A-MPDU deaggregation successful 
SNRest=36.61dB

  DataBitrate (Mbps): 91.03
ack
new MCS = 11
Iter 97 | fb=ack | next: MCS=11 AMPDU=3 BWdec=2
  Gains: TX=20 dB, RX=25 dB | RX diag: RMS=1.465e-01, Peak=4.256e-01
  Estimated CFO: 168.4 Hz
 RXTIME of packet 1: 212us
  ChanEst mean|h|: 1.035 | HE-LTF rms: 1.043
  EVM trend [sym1..mid..end]: -32.3 -35.5 -33.4 -34.2 -35.7 -31.5 -36.0 -30.0 -34.1 dB
  EVM per-sym: -33.65 dB | EVM per-sc: -34.41 dB
 Databitrate of packet 1: 91.03(Mbps)
  A-MPDU deaggregation successful 
SNRest=38.38dB

  DataBitrate (Mbps): 91.03
ack
new MCS = 11
Iter 98 | fb=ack | next: MCS=11 AMPDU=3 BWdec=2
  Gains: TX=20 dB, RX=25 dB | RX diag: RMS=1.465e-01, Peak=4.264e-01
  Estimated CFO: 209.8 Hz
 RXTIME of packet 1: 212us
  ChanEst mean|h|: 1.039 | HE-LTF rms: 1.046
  EVM trend [sym1..mid..end]: -30.2 -32.4 -29.0 -30.2 -32.3 -32.1 -33.4 -29.7 -27.5 dB
  EVM per-sym: -30.69 dB | EVM per-sc: -31.63 dB
 Databitrate of packet 1: 91.03(Mbps)
  A-MPDU deaggregation successful 
SNRest=34.07dB

  DataBitrate (Mbps): 91.03
ack
new MCS = 10
Iter 99 | fb=ack | next: MCS=10 AMPDU=3 BWdec=2
  Gains: TX=20 dB, RX=25 dB | RX diag: RMS=1.546e-01, Peak=4.669e-01
  Estimated CFO: -208.4 Hz
 RXTIME of packet 1: 228us
  ChanEst mean|h|: 1.037 | HE-LTF rms: 1.045
  EVM trend [sym1..mid..end]: -33.6 -32.5 -33.1 -33.0 -31.3 -35.0 -28.7 -30.8 -33.5 dB
  EVM per-sym: -32.30 dB | EVM per-sc: -33.13 dB
 Databitrate of packet 1: 83.86(Mbps)
  A-MPDU deaggregation successful 
SNRest=37.33dB

  DataBitrate (Mbps): 83.86
ack
new MCS = 11
Iter 100 | fb=ack | next: MCS=11 AMPDU=3 BWdec=2
---- Progress 100/100 | current MCS=11 AMPDU=3 BWdec=2 ----
Done.
Stats | fallback=0 (0.0%), realDecode=96 (96.0%), qUpdate=96
StatsDiag | CFOoutliers=0, NoPkt=0, WrongTarget=8, PacketDetectFail=0
StatsPER | meanPER=0.040, medianPER=0.000
StatsTP | meanTput=75.86 Mbps, medianTput=80.84 Mbps, peakTput=158.90 Mbps
Final state | MCS=11 AMPDU=3 BWdec=2 lastSNR=37.33 dB
