Run log file: C:\Users\welcome\Desktop\Experimental-Guide-of-Deployment-friendly-RLLA-main copy\Experimental-Guide-of-Deployment-friendly-RLLA-main\X410_CombinedTxRx copy\logs\run_QLOLLA_20260428_153725.log
Algorithm mode: QLOLLA
Stable loopback point | TX=0 dB RX=45 dB | strict real-decode mode
  Gains: TX=0 dB, RX=45 dB | RX diag: RMS=1.069e-01, Peak=3.868e-01
 RXTIME of packet 1: 116us
 Databitrate of packet 1: 3.32(Mbps)
  A-MPDU deaggregation successful 
SNRest=13.22dB

  RXTIME of packet 2: 2628us
 Databitrate of packet 2: 7.12(Mbps)
  A-MPDU deaggregation successful 
  FCS fail for MPDU:1
SNRest=11.88dB

 new MCS = 1
arq
Iter 1 | fb=arq | next: MCS=1 AMPDU=1 BWdec=2
  Gains: TX=0 dB, RX=45 dB | RX diag: RMS=9.933e-02, Peak=3.475e-01
 RXTIME of packet 1: 84us
 Databitrate of packet 1: 4.56(Mbps)
  A-MPDU deaggregation successful 
SNRest=14.54dB

  RXTIME of packet 2: 1348us
 Databitrate of packet 2: 13.90(Mbps)
  A-MPDU deaggregation successful 
SNRest=13.46dB

  RXTIME of packet 3: 84us
 Databitrate of packet 3: 4.56(Mbps)
  A-MPDU deaggregation successful 
SNRest=15.02dB

  DataBitrate (Mbps): 7.67
ack
new MCS = 2
Iter 2 | fb=ack | next: MCS=2 AMPDU=4 BWdec=2
  Gains: TX=0 dB, RX=45 dB | RX diag: RMS=1.118e-01, Peak=3.605e-01
 RXTIME of packet 1: 932us
 Databitrate of packet 1: 20.46(Mbps)
  A-MPDU deaggregation successful 
SNRest=13.99dB

  RXTIME of packet 2: 932us
 Databitrate of packet 2: 20.46(Mbps)
  A-MPDU deaggregation successful 
SNRest=13.68dB

  DataBitrate (Mbps): 20.46
ack
new MCS = 1
Iter 3 | fb=ack | next: MCS=1 AMPDU=3 BWdec=2
  Gains: TX=0 dB, RX=45 dB | RX diag: RMS=1.004e-01, Peak=3.768e-01
 RXTIME of packet 1: 1364us
 Databitrate of packet 1: 13.99(Mbps)
  A-MPDU deaggregation successful 
SNRest=13.64dB

  RXTIME of packet 2: 1364us
 Databitrate of packet 2: 13.99(Mbps)
  A-MPDU deaggregation successful 
SNRest=14.20dB

  DataBitrate (Mbps): 13.99
ack
new MCS = 1
Iter 4 | fb=ack | next: MCS=1 AMPDU=3 BWdec=2
  Gains: TX=0 dB, RX=45 dB | RX diag: RMS=1.004e-01, Peak=3.798e-01
 RXTIME of packet 1: 1364us
 Databitrate of packet 1: 13.99(Mbps)
  A-MPDU deaggregation successful 
SNRest=14.10dB

  RXTIME of packet 2: 1364us
 Databitrate of packet 2: 13.99(Mbps)
  A-MPDU deaggregation successful 
SNRest=13.53dB

  DataBitrate (Mbps): 13.99
ack
new MCS = 1
Iter 5 | fb=ack | next: MCS=1 AMPDU=3 BWdec=2
  Gains: TX=0 dB, RX=45 dB | RX diag: RMS=1.004e-01, Peak=3.815e-01
 RXTIME of packet 1: 1364us
 Databitrate of packet 1: 13.99(Mbps)
  A-MPDU deaggregation successful 
SNRest=13.90dB

  RXTIME of packet 2: 1364us
 Databitrate of packet 2: 13.99(Mbps)
  A-MPDU deaggregation successful 
SNRest=13.82dB

  DataBitrate (Mbps): 13.99
ack
new MCS = 1
Iter 6 | fb=ack | next: MCS=1 AMPDU=3 BWdec=2
  Gains: TX=0 dB, RX=45 dB | RX diag: RMS=1.004e-01, Peak=3.768e-01
 RXTIME of packet 1: 1364us
 Databitrate of packet 1: 13.99(Mbps)
  A-MPDU deaggregation successful 
SNRest=13.82dB

  RXTIME of packet 2: 1364us
 Databitrate of packet 2: 13.99(Mbps)
  A-MPDU deaggregation successful 
SNRest=13.62dB

  DataBitrate (Mbps): 13.99
ack
new MCS = 1
Iter 7 | fb=ack | next: MCS=1 AMPDU=3 BWdec=2
  Gains: TX=0 dB, RX=45 dB | RX diag: RMS=1.004e-01, Peak=3.745e-01
 RXTIME of packet 1: 1364us
 Databitrate of packet 1: 13.99(Mbps)
  A-MPDU deaggregation successful 
SNRest=14.31dB

  RXTIME of packet 2: 1364us
 Databitrate of packet 2: 13.99(Mbps)
  A-MPDU deaggregation successful 
SNRest=13.55dB

  DataBitrate (Mbps): 13.99
ack
new MCS = 1
Iter 8 | fb=ack | next: MCS=1 AMPDU=3 BWdec=2
  Gains: TX=0 dB, RX=45 dB | RX diag: RMS=1.004e-01, Peak=3.811e-01
 RXTIME of packet 1: 1364us
 Databitrate of packet 1: 13.99(Mbps)
  A-MPDU deaggregation successful 
SNRest=13.44dB

  RXTIME of packet 2: 1364us
 Databitrate of packet 2: 13.99(Mbps)
  A-MPDU deaggregation successful 
SNRest=13.21dB

  DataBitrate (Mbps): 13.99
ack
new MCS = 1
Iter 9 | fb=ack | next: MCS=1 AMPDU=3 BWdec=2
  Gains: TX=0 dB, RX=45 dB | RX diag: RMS=1.004e-01, Peak=3.783e-01
 RXTIME of packet 1: 1364us
 Databitrate of packet 1: 13.99(Mbps)
  A-MPDU deaggregation successful 
SNRest=13.71dB

  RXTIME of packet 2: 1364us
 Databitrate of packet 2: 13.99(Mbps)
  A-MPDU deaggregation successful 
SNRest=13.86dB

  DataBitrate (Mbps): 13.99
ack
new MCS = 1
Iter 10 | fb=ack | next: MCS=1 AMPDU=3 BWdec=2
---- Progress 10/100 | current MCS=1 AMPDU=3 BWdec=2 ----
  Gains: TX=0 dB, RX=45 dB | RX diag: RMS=1.004e-01, Peak=3.800e-01
 RXTIME of packet 1: 1364us
 Databitrate of packet 1: 13.99(Mbps)
  A-MPDU deaggregation successful 
SNRest=13.80dB

  RXTIME of packet 2: 1364us
 Databitrate of packet 2: 13.99(Mbps)
  A-MPDU deaggregation successful 
SNRest=13.85dB

  DataBitrate (Mbps): 13.99
ack
new MCS = 1
Iter 11 | fb=ack | next: MCS=1 AMPDU=3 BWdec=2
  Gains: TX=0 dB, RX=45 dB | RX diag: RMS=1.003e-01, Peak=3.825e-01
 RXTIME of packet 1: 1364us
 Databitrate of packet 1: 13.99(Mbps)
  A-MPDU deaggregation successful 
SNRest=13.74dB

  RXTIME of packet 2: 1364us
 Databitrate of packet 2: 13.99(Mbps)
  A-MPDU deaggregation successful 
SNRest=13.28dB

  DataBitrate (Mbps): 13.99
ack
new MCS = 1
Iter 12 | fb=ack | next: MCS=1 AMPDU=3 BWdec=2
  Gains: TX=0 dB, RX=45 dB | RX diag: RMS=1.004e-01, Peak=3.746e-01
 RXTIME of packet 1: 1364us
 Databitrate of packet 1: 13.99(Mbps)
  A-MPDU deaggregation successful 
SNRest=14.30dB

  RXTIME of packet 2: 1364us
 Databitrate of packet 2: 13.99(Mbps)
  A-MPDU deaggregation successful 
SNRest=13.28dB

  DataBitrate (Mbps): 13.99
ack
new MCS = 1
Iter 13 | fb=ack | next: MCS=1 AMPDU=3 BWdec=2
  Gains: TX=0 dB, RX=45 dB | RX diag: RMS=1.004e-01, Peak=3.775e-01
 RXTIME of packet 1: 1364us
 Databitrate of packet 1: 13.99(Mbps)
  A-MPDU deaggregation successful 
SNRest=13.88dB

  RXTIME of packet 2: 1364us
 Databitrate of packet 2: 13.99(Mbps)
  A-MPDU deaggregation successful 
SNRest=13.64dB

  DataBitrate (Mbps): 13.99
ack
new MCS = 1
Iter 14 | fb=ack | next: MCS=1 AMPDU=3 BWdec=2
  Gains: TX=0 dB, RX=45 dB | RX diag: RMS=1.004e-01, Peak=3.799e-01
 RXTIME of packet 1: 1364us
 Databitrate of packet 1: 13.99(Mbps)
  A-MPDU deaggregation successful 
SNRest=13.90dB

  RXTIME of packet 2: 1364us
 Databitrate of packet 2: 13.99(Mbps)
  A-MPDU deaggregation successful 
SNRest=13.98dB

  DataBitrate (Mbps): 13.99
ack
new MCS = 1
Iter 15 | fb=ack | next: MCS=1 AMPDU=3 BWdec=2
  Gains: TX=0 dB, RX=45 dB | RX diag: RMS=1.004e-01, Peak=3.833e-01
 RXTIME of packet 1: 1364us
 Databitrate of packet 1: 13.99(Mbps)
  A-MPDU deaggregation successful 
SNRest=13.81dB

  RXTIME of packet 2: 1364us
 Databitrate of packet 2: 13.99(Mbps)
  A-MPDU deaggregation successful 
SNRest=14.20dB

  DataBitrate (Mbps): 13.99
ack
new MCS = 1
Iter 16 | fb=ack | next: MCS=1 AMPDU=3 BWdec=2
  Gains: TX=0 dB, RX=45 dB | RX diag: RMS=1.004e-01, Peak=3.843e-01
 RXTIME of packet 1: 1364us
 Databitrate of packet 1: 13.99(Mbps)
  A-MPDU deaggregation successful 
SNRest=13.78dB

  RXTIME of packet 2: 1364us
 Databitrate of packet 2: 13.99(Mbps)
  A-MPDU deaggregation successful 
SNRest=13.88dB

  DataBitrate (Mbps): 13.99
ack
new MCS = 1
Iter 17 | fb=ack | next: MCS=1 AMPDU=3 BWdec=2
  Gains: TX=0 dB, RX=45 dB | RX diag: RMS=1.004e-01, Peak=3.777e-01
 RXTIME of packet 1: 1364us
 Databitrate of packet 1: 13.99(Mbps)
  A-MPDU deaggregation successful 
SNRest=13.89dB

  RXTIME of packet 2: 1364us
 Databitrate of packet 2: 13.99(Mbps)
  A-MPDU deaggregation successful 
SNRest=13.70dB

  DataBitrate (Mbps): 13.99
ack
new MCS = 1
Iter 18 | fb=ack | next: MCS=1 AMPDU=3 BWdec=2
  Gains: TX=0 dB, RX=45 dB | RX diag: RMS=1.004e-01, Peak=3.784e-01
 RXTIME of packet 1: 1364us
 Databitrate of packet 1: 13.99(Mbps)
  A-MPDU deaggregation successful 
SNRest=13.85dB

  RXTIME of packet 2: 1364us
 Databitrate of packet 2: 13.99(Mbps)
  A-MPDU deaggregation successful 
SNRest=13.79dB

  DataBitrate (Mbps): 13.99
ack
new MCS = 2
Iter 19 | fb=ack | next: MCS=2 AMPDU=5 BWdec=2
  Gains: TX=0 dB, RX=45 dB | RX diag: RMS=1.145e-01, Peak=3.759e-01
 RXTIME of packet 1: 932us
 Databitrate of packet 1: 20.46(Mbps)
  A-MPDU deaggregation successful 
SNRest=13.92dB

  RXTIME of packet 2: 932us
 Databitrate of packet 2: 20.46(Mbps)
  A-MPDU deaggregation successful 
SNRest=13.40dB

  DataBitrate (Mbps): 20.46
ack
new MCS = 2
Iter 20 | fb=ack | next: MCS=2 AMPDU=5 BWdec=2
---- Progress 20/100 | current MCS=2 AMPDU=5 BWdec=2 ----
  Gains: TX=0 dB, RX=45 dB | RX diag: RMS=1.145e-01, Peak=3.735e-01
 RXTIME of packet 1: 932us
 Databitrate of packet 1: 20.46(Mbps)
  A-MPDU deaggregation successful 
SNRest=13.77dB

  RXTIME of packet 2: 932us
 Databitrate of packet 2: 20.46(Mbps)
  A-MPDU deaggregation successful 
SNRest=13.65dB

  DataBitrate (Mbps): 20.46
ack
new MCS = 2
Iter 21 | fb=ack | next: MCS=2 AMPDU=5 BWdec=2
  Gains: TX=0 dB, RX=45 dB | RX diag: RMS=1.145e-01, Peak=3.709e-01
 RXTIME of packet 1: 932us
 Databitrate of packet 1: 20.46(Mbps)
  A-MPDU deaggregation successful 
SNRest=13.90dB

  RXTIME of packet 2: 932us
 Databitrate of packet 2: 20.46(Mbps)
  A-MPDU deaggregation successful 
SNRest=13.98dB

  DataBitrate (Mbps): 20.46
ack
new MCS = 2
Iter 22 | fb=ack | next: MCS=2 AMPDU=5 BWdec=2
  Gains: TX=0 dB, RX=45 dB | RX diag: RMS=1.145e-01, Peak=3.782e-01
 RXTIME of packet 1: 932us
 Databitrate of packet 1: 20.46(Mbps)
  A-MPDU deaggregation successful 
SNRest=14.29dB

  RXTIME of packet 2: 932us
 Databitrate of packet 2: 20.46(Mbps)
  A-MPDU deaggregation successful 
SNRest=14.02dB

  DataBitrate (Mbps): 20.46
ack
new MCS = 2
Iter 23 | fb=ack | next: MCS=2 AMPDU=5 BWdec=2
  Gains: TX=0 dB, RX=45 dB | RX diag: RMS=1.145e-01, Peak=3.745e-01
 RXTIME of packet 1: 932us
 Databitrate of packet 1: 20.46(Mbps)
  A-MPDU deaggregation successful 
SNRest=14.50dB

  RXTIME of packet 2: 932us
 Databitrate of packet 2: 20.46(Mbps)
  A-MPDU deaggregation successful 
SNRest=13.71dB

  DataBitrate (Mbps): 20.46
ack
new MCS = 2
Iter 24 | fb=ack | next: MCS=2 AMPDU=5 BWdec=2
  Gains: TX=0 dB, RX=45 dB | RX diag: RMS=1.145e-01, Peak=3.712e-01
 RXTIME of packet 1: 932us
 Databitrate of packet 1: 20.46(Mbps)
  A-MPDU deaggregation successful 
SNRest=14.18dB

  RXTIME of packet 2: 932us
 Databitrate of packet 2: 20.46(Mbps)
  A-MPDU deaggregation successful 
SNRest=14.28dB

  DataBitrate (Mbps): 20.46
ack
new MCS = 2
Iter 25 | fb=ack | next: MCS=2 AMPDU=5 BWdec=2
  Gains: TX=0 dB, RX=45 dB | RX diag: RMS=1.145e-01, Peak=3.796e-01
 RXTIME of packet 1: 932us
 Databitrate of packet 1: 20.46(Mbps)
  A-MPDU deaggregation successful 
SNRest=13.77dB

  RXTIME of packet 2: 932us
 Databitrate of packet 2: 20.46(Mbps)
  A-MPDU deaggregation successful 
SNRest=13.88dB

  DataBitrate (Mbps): 20.46
ack
new MCS = 2
Iter 26 | fb=ack | next: MCS=2 AMPDU=5 BWdec=2
  Gains: TX=0 dB, RX=45 dB | RX diag: RMS=1.145e-01, Peak=3.734e-01
 RXTIME of packet 1: 932us
 Databitrate of packet 1: 20.46(Mbps)
  A-MPDU deaggregation successful 
SNRest=13.25dB

  RXTIME of packet 2: 932us
 Databitrate of packet 2: 20.46(Mbps)
  A-MPDU deaggregation successful 
SNRest=14.70dB

  DataBitrate (Mbps): 20.46
ack
new MCS = 2
Iter 27 | fb=ack | next: MCS=2 AMPDU=5 BWdec=2
  Gains: TX=0 dB, RX=45 dB | RX diag: RMS=1.145e-01, Peak=3.744e-01
 RXTIME of packet 1: 932us
 Databitrate of packet 1: 20.46(Mbps)
  A-MPDU deaggregation successful 
SNRest=13.60dB

  RXTIME of packet 2: 932us
 Databitrate of packet 2: 20.46(Mbps)
  A-MPDU deaggregation successful 
SNRest=14.29dB

  DataBitrate (Mbps): 20.46
ack
new MCS = 2
Iter 28 | fb=ack | next: MCS=2 AMPDU=5 BWdec=2
  Gains: TX=0 dB, RX=45 dB | RX diag: RMS=1.145e-01, Peak=3.705e-01
 RXTIME of packet 1: 932us
 Databitrate of packet 1: 20.46(Mbps)
  A-MPDU deaggregation successful 
SNRest=13.65dB

  RXTIME of packet 2: 932us
 Databitrate of packet 2: 20.46(Mbps)
  A-MPDU deaggregation successful 
SNRest=14.43dB

  DataBitrate (Mbps): 20.46
ack
new MCS = 2
Iter 29 | fb=ack | next: MCS=2 AMPDU=5 BWdec=2
  Gains: TX=0 dB, RX=45 dB | RX diag: RMS=1.145e-01, Peak=3.731e-01
 RXTIME of packet 1: 932us
 Databitrate of packet 1: 20.46(Mbps)
  A-MPDU deaggregation successful 
SNRest=13.56dB

  RXTIME of packet 2: 932us
 Databitrate of packet 2: 20.46(Mbps)
  A-MPDU deaggregation successful 
SNRest=13.48dB

  DataBitrate (Mbps): 20.46
ack
new MCS = 2
Iter 30 | fb=ack | next: MCS=2 AMPDU=5 BWdec=2
---- Progress 30/100 | current MCS=2 AMPDU=5 BWdec=2 ----
  Gains: TX=0 dB, RX=45 dB | RX diag: RMS=1.145e-01, Peak=3.750e-01
 RXTIME of packet 1: 932us
 Databitrate of packet 1: 20.46(Mbps)
  A-MPDU deaggregation successful 
SNRest=14.06dB

  RXTIME of packet 2: 932us
 Databitrate of packet 2: 20.46(Mbps)
  A-MPDU deaggregation successful 
SNRest=13.79dB

  DataBitrate (Mbps): 20.46
ack
new MCS = 2
Iter 31 | fb=ack | next: MCS=2 AMPDU=5 BWdec=2
  Gains: TX=0 dB, RX=45 dB | RX diag: RMS=1.145e-01, Peak=3.822e-01
 RXTIME of packet 1: 932us
 Databitrate of packet 1: 20.46(Mbps)
  A-MPDU deaggregation successful 
SNRest=14.31dB

  RXTIME of packet 2: 932us
 Databitrate of packet 2: 20.46(Mbps)
  A-MPDU deaggregation successful 
SNRest=13.93dB

  DataBitrate (Mbps): 20.46
ack
new MCS = 2
Iter 32 | fb=ack | next: MCS=2 AMPDU=5 BWdec=2
  Gains: TX=0 dB, RX=45 dB | RX diag: RMS=1.145e-01, Peak=3.724e-01
 RXTIME of packet 1: 932us
 Databitrate of packet 1: 20.46(Mbps)
  A-MPDU deaggregation successful 
SNRest=14.28dB

  RXTIME of packet 2: 932us
 Databitrate of packet 2: 20.46(Mbps)
  A-MPDU deaggregation successful 
SNRest=13.94dB

  DataBitrate (Mbps): 20.46
ack
new MCS = 2
Iter 33 | fb=ack | next: MCS=2 AMPDU=5 BWdec=2
  Gains: TX=0 dB, RX=45 dB | RX diag: RMS=1.145e-01, Peak=3.843e-01
 RXTIME of packet 1: 932us
 Databitrate of packet 1: 20.46(Mbps)
  A-MPDU deaggregation successful 
SNRest=14.15dB

  RXTIME of packet 2: 932us
 Databitrate of packet 2: 20.46(Mbps)
  A-MPDU deaggregation successful 
SNRest=14.03dB

  DataBitrate (Mbps): 20.46
ack
new MCS = 2
Iter 34 | fb=ack | next: MCS=2 AMPDU=5 BWdec=2
  Gains: TX=0 dB, RX=45 dB | RX diag: RMS=1.145e-01, Peak=3.791e-01
 RXTIME of packet 1: 932us
 Databitrate of packet 1: 20.46(Mbps)
  A-MPDU deaggregation successful 
SNRest=14.35dB

  RXTIME of packet 2: 932us
 Databitrate of packet 2: 20.46(Mbps)
  A-MPDU deaggregation successful 
SNRest=14.25dB

  DataBitrate (Mbps): 20.46
ack
new MCS = 3
Iter 35 | fb=ack | next: MCS=3 AMPDU=5 BWdec=2
  Gains: TX=0 dB, RX=45 dB | RX diag: RMS=1.067e-01, Peak=3.903e-01
 RXTIME of packet 1: 708us
 Databitrate of packet 1: 27.00(Mbps)
  A-MPDU deaggregation successful 
SNRest=13.48dB

  RXTIME of packet 2: 708us
 Databitrate of packet 2: 27.00(Mbps)
  A-MPDU deaggregation successful 
SNRest=13.12dB

  DataBitrate (Mbps): 27.00
ack
new MCS = 2
Iter 36 | fb=ack | next: MCS=2 AMPDU=5 BWdec=2
  Gains: TX=0 dB, RX=45 dB | RX diag: RMS=1.186e-01, Peak=3.797e-01
 RXTIME of packet 1: 932us
 Databitrate of packet 1: 20.46(Mbps)
  A-MPDU deaggregation successful 
SNRest=13.85dB

  RXTIME of packet 2: 932us
 Databitrate of packet 2: 20.46(Mbps)
  A-MPDU deaggregation successful 
SNRest=13.62dB

  DataBitrate (Mbps): 20.46
ack
new MCS = 2
Iter 37 | fb=ack | next: MCS=2 AMPDU=5 BWdec=2
  Gains: TX=0 dB, RX=45 dB | RX diag: RMS=1.187e-01, Peak=3.860e-01
 RXTIME of packet 1: 932us
 Databitrate of packet 1: 20.46(Mbps)
  A-MPDU deaggregation successful 
SNRest=14.02dB

  RXTIME of packet 2: 932us
 Databitrate of packet 2: 20.46(Mbps)
  A-MPDU deaggregation successful 
SNRest=13.84dB

  DataBitrate (Mbps): 20.46
ack
new MCS = 3
Iter 38 | fb=ack | next: MCS=3 AMPDU=5 BWdec=2
  Gains: TX=0 dB, RX=45 dB | RX diag: RMS=1.096e-01, Peak=3.848e-01
 RXTIME of packet 1: 708us
 Databitrate of packet 1: 27.00(Mbps)
  A-MPDU deaggregation successful 
SNRest=14.01dB

  RXTIME of packet 2: 708us
 Databitrate of packet 2: 27.00(Mbps)
  A-MPDU deaggregation successful 
SNRest=14.23dB

  DataBitrate (Mbps): 27.00
ack
new MCS = 3
Iter 39 | fb=ack | next: MCS=3 AMPDU=5 BWdec=2
  Gains: TX=0 dB, RX=45 dB | RX diag: RMS=1.096e-01, Peak=3.812e-01
 RXTIME of packet 1: 708us
 Databitrate of packet 1: 27.00(Mbps)
  A-MPDU deaggregation successful 
SNRest=14.81dB

  RXTIME of packet 2: 708us
 Databitrate of packet 2: 27.00(Mbps)
  A-MPDU deaggregation successful 
SNRest=14.16dB

  DataBitrate (Mbps): 27.00
ack
new MCS = 3
Iter 40 | fb=ack | next: MCS=3 AMPDU=5 BWdec=2
---- Progress 40/100 | current MCS=3 AMPDU=5 BWdec=2 ----
  Gains: TX=0 dB, RX=45 dB | RX diag: RMS=1.095e-01, Peak=3.802e-01
 RXTIME of packet 1: 708us
 Databitrate of packet 1: 27.00(Mbps)
  A-MPDU deaggregation successful 
SNRest=14.07dB

  RXTIME of packet 2: 708us
 Databitrate of packet 2: 27.00(Mbps)
  A-MPDU deaggregation successful 
SNRest=13.82dB

  DataBitrate (Mbps): 27.00
ack
new MCS = 3
Iter 41 | fb=ack | next: MCS=3 AMPDU=5 BWdec=2
  Gains: TX=0 dB, RX=45 dB | RX diag: RMS=1.095e-01, Peak=3.815e-01
 RXTIME of packet 1: 708us
 Databitrate of packet 1: 27.00(Mbps)
  A-MPDU deaggregation successful 
SNRest=13.88dB

  RXTIME of packet 2: 708us
 Databitrate of packet 2: 27.00(Mbps)
  A-MPDU deaggregation successful 
SNRest=14.31dB

  DataBitrate (Mbps): 27.00
ack
new MCS = 3
Iter 42 | fb=ack | next: MCS=3 AMPDU=5 BWdec=2
  Gains: TX=0 dB, RX=45 dB | RX diag: RMS=1.095e-01, Peak=3.850e-01
 RXTIME of packet 1: 708us
 Databitrate of packet 1: 27.00(Mbps)
  A-MPDU deaggregation successful 
SNRest=14.66dB

  RXTIME of packet 2: 708us
 Databitrate of packet 2: 27.00(Mbps)
  A-MPDU deaggregation successful 
SNRest=14.49dB

  DataBitrate (Mbps): 27.00
ack
new MCS = 3
Iter 43 | fb=ack | next: MCS=3 AMPDU=5 BWdec=2
  Gains: TX=0 dB, RX=45 dB | RX diag: RMS=1.095e-01, Peak=3.829e-01
 RXTIME of packet 1: 708us
 Databitrate of packet 1: 27.00(Mbps)
  A-MPDU deaggregation successful 
SNRest=14.06dB

  RXTIME of packet 2: 708us
 Databitrate of packet 2: 27.00(Mbps)
  A-MPDU deaggregation successful 
SNRest=14.43dB

  DataBitrate (Mbps): 27.00
ack
new MCS = 3
Iter 44 | fb=ack | next: MCS=3 AMPDU=5 BWdec=2
  Gains: TX=0 dB, RX=45 dB | RX diag: RMS=1.095e-01, Peak=3.819e-01
 RXTIME of packet 1: 708us
 Databitrate of packet 1: 27.00(Mbps)
  A-MPDU deaggregation successful 
SNRest=14.28dB

  RXTIME of packet 2: 708us
 Databitrate of packet 2: 27.00(Mbps)
  A-MPDU deaggregation successful 
SNRest=13.94dB

  DataBitrate (Mbps): 27.00
ack
new MCS = 3
Iter 45 | fb=ack | next: MCS=3 AMPDU=5 BWdec=2
  Gains: TX=0 dB, RX=45 dB | RX diag: RMS=1.095e-01, Peak=3.862e-01
 RXTIME of packet 1: 708us
 Databitrate of packet 1: 27.00(Mbps)
  A-MPDU deaggregation successful 
SNRest=14.39dB

  RXTIME of packet 2: 708us
 Databitrate of packet 2: 27.00(Mbps)
  A-MPDU deaggregation successful 
SNRest=14.55dB

  DataBitrate (Mbps): 27.00
ack
new MCS = 3
Iter 46 | fb=ack | next: MCS=3 AMPDU=5 BWdec=2
  Gains: TX=0 dB, RX=45 dB | RX diag: RMS=1.095e-01, Peak=3.830e-01
 RXTIME of packet 1: 708us
 Databitrate of packet 1: 27.00(Mbps)
  A-MPDU deaggregation successful 
SNRest=13.97dB

  RXTIME of packet 2: 708us
 Databitrate of packet 2: 27.00(Mbps)
  A-MPDU deaggregation successful 
SNRest=13.98dB

  DataBitrate (Mbps): 27.00
ack
new MCS = 3
Iter 47 | fb=ack | next: MCS=3 AMPDU=5 BWdec=2
  Gains: TX=0 dB, RX=45 dB | RX diag: RMS=1.095e-01, Peak=3.830e-01
 RXTIME of packet 1: 708us
 Databitrate of packet 1: 27.00(Mbps)
  A-MPDU deaggregation successful 
SNRest=14.34dB

  RXTIME of packet 2: 708us
 Databitrate of packet 2: 27.00(Mbps)
  A-MPDU deaggregation successful 
SNRest=14.25dB

  DataBitrate (Mbps): 27.00
ack
new MCS = 3
Iter 48 | fb=ack | next: MCS=3 AMPDU=5 BWdec=2
  Gains: TX=0 dB, RX=45 dB | RX diag: RMS=1.095e-01, Peak=3.821e-01
 RXTIME of packet 1: 708us
 Databitrate of packet 1: 27.00(Mbps)
  A-MPDU deaggregation successful 
SNRest=14.47dB

  RXTIME of packet 2: 708us
 Databitrate of packet 2: 27.00(Mbps)
  A-MPDU deaggregation successful 
SNRest=14.13dB

  DataBitrate (Mbps): 27.00
ack
new MCS = 3
Iter 49 | fb=ack | next: MCS=3 AMPDU=5 BWdec=2
  Gains: TX=0 dB, RX=45 dB | RX diag: RMS=1.095e-01, Peak=3.813e-01
 RXTIME of packet 1: 708us
 Databitrate of packet 1: 27.00(Mbps)
  A-MPDU deaggregation successful 
SNRest=13.96dB

  RXTIME of packet 2: 708us
 Databitrate of packet 2: 27.00(Mbps)
  A-MPDU deaggregation successful 
SNRest=14.46dB

  DataBitrate (Mbps): 27.00
ack
new MCS = 3
Iter 50 | fb=ack | next: MCS=3 AMPDU=5 BWdec=2
---- Progress 50/100 | current MCS=3 AMPDU=5 BWdec=2 ----
  Gains: TX=0 dB, RX=45 dB | RX diag: RMS=1.095e-01, Peak=3.820e-01
 RXTIME of packet 1: 708us
 Databitrate of packet 1: 27.00(Mbps)
  A-MPDU deaggregation successful 
SNRest=13.77dB

  RXTIME of packet 2: 708us
 Databitrate of packet 2: 27.00(Mbps)
  A-MPDU deaggregation successful 
SNRest=14.19dB

  DataBitrate (Mbps): 27.00
ack
new MCS = 3
Iter 51 | fb=ack | next: MCS=3 AMPDU=5 BWdec=2
  Gains: TX=0 dB, RX=45 dB | RX diag: RMS=1.095e-01, Peak=3.811e-01
 RXTIME of packet 1: 708us
 Databitrate of packet 1: 27.00(Mbps)
  A-MPDU deaggregation successful 
SNRest=13.99dB

  RXTIME of packet 2: 708us
 Databitrate of packet 2: 27.00(Mbps)
  A-MPDU deaggregation successful 
SNRest=14.43dB

  DataBitrate (Mbps): 27.00
ack
new MCS = 3
Iter 52 | fb=ack | next: MCS=3 AMPDU=5 BWdec=2
  Gains: TX=0 dB, RX=45 dB | RX diag: RMS=1.095e-01, Peak=3.876e-01
 RXTIME of packet 1: 708us
 Databitrate of packet 1: 27.00(Mbps)
  A-MPDU deaggregation successful 
SNRest=14.08dB

  RXTIME of packet 2: 708us
 Databitrate of packet 2: 27.00(Mbps)
  A-MPDU deaggregation successful 
SNRest=14.47dB

  DataBitrate (Mbps): 27.00
ack
new MCS = 3
Iter 53 | fb=ack | next: MCS=3 AMPDU=5 BWdec=2
  Gains: TX=0 dB, RX=45 dB | RX diag: RMS=1.095e-01, Peak=3.855e-01
 RXTIME of packet 1: 708us
 Databitrate of packet 1: 27.00(Mbps)
  A-MPDU deaggregation successful 
SNRest=14.32dB

  RXTIME of packet 2: 708us
 Databitrate of packet 2: 27.00(Mbps)
  A-MPDU deaggregation successful 
SNRest=13.81dB

  DataBitrate (Mbps): 27.00
ack
new MCS = 3
Iter 54 | fb=ack | next: MCS=3 AMPDU=5 BWdec=2
  Gains: TX=0 dB, RX=45 dB | RX diag: RMS=1.095e-01, Peak=3.826e-01
 RXTIME of packet 1: 708us
 Databitrate of packet 1: 27.00(Mbps)
  A-MPDU deaggregation successful 
SNRest=14.03dB

  RXTIME of packet 2: 708us
 Databitrate of packet 2: 27.00(Mbps)
  A-MPDU deaggregation successful 
SNRest=14.39dB

  DataBitrate (Mbps): 27.00
ack
new MCS = 3
Iter 55 | fb=ack | next: MCS=3 AMPDU=5 BWdec=2
  Gains: TX=0 dB, RX=45 dB | RX diag: RMS=1.095e-01, Peak=3.824e-01
** No packet detected **
new MCS = 3
arq
Iter 56 | fb=arq | next: MCS=3 AMPDU=5 BWdec=2
  Gains: TX=0 dB, RX=45 dB | RX diag: RMS=1.095e-01, Peak=3.855e-01
 RXTIME of packet 1: 708us
 Databitrate of packet 1: 27.00(Mbps)
  A-MPDU deaggregation successful 
SNRest=14.47dB

  RXTIME of packet 2: 708us
 Databitrate of packet 2: 27.00(Mbps)
  A-MPDU deaggregation successful 
SNRest=14.58dB

  DataBitrate (Mbps): 27.00
ack
new MCS = 3
Iter 57 | fb=ack | next: MCS=3 AMPDU=5 BWdec=2
  Gains: TX=0 dB, RX=45 dB | RX diag: RMS=1.095e-01, Peak=3.843e-01
 RXTIME of packet 1: 708us
 Databitrate of packet 1: 27.00(Mbps)
  A-MPDU deaggregation successful 
SNRest=14.71dB

  RXTIME of packet 2: 708us
 Databitrate of packet 2: 27.00(Mbps)
  A-MPDU deaggregation successful 
SNRest=13.63dB

  DataBitrate (Mbps): 27.00
ack
new MCS = 3
Iter 58 | fb=ack | next: MCS=3 AMPDU=5 BWdec=2
  Gains: TX=0 dB, RX=45 dB | RX diag: RMS=1.095e-01, Peak=3.849e-01
 RXTIME of packet 1: 708us
 Databitrate of packet 1: 27.00(Mbps)
  A-MPDU deaggregation successful 
SNRest=14.28dB

  RXTIME of packet 2: 708us
 Databitrate of packet 2: 27.00(Mbps)
  A-MPDU deaggregation successful 
SNRest=14.17dB

  DataBitrate (Mbps): 27.00
ack
new MCS = 3
Iter 59 | fb=ack | next: MCS=3 AMPDU=5 BWdec=2
  Gains: TX=0 dB, RX=45 dB | RX diag: RMS=1.095e-01, Peak=3.820e-01
 RXTIME of packet 1: 708us
 Databitrate of packet 1: 27.00(Mbps)
  A-MPDU deaggregation successful 
SNRest=14.09dB

  RXTIME of packet 2: 708us
 Databitrate of packet 2: 27.00(Mbps)
  A-MPDU deaggregation successful 
SNRest=13.59dB

  DataBitrate (Mbps): 27.00
ack
new MCS = 3
Iter 60 | fb=ack | next: MCS=3 AMPDU=5 BWdec=2
---- Progress 60/100 | current MCS=3 AMPDU=5 BWdec=2 ----
  Gains: TX=0 dB, RX=45 dB | RX diag: RMS=1.095e-01, Peak=3.813e-01
 RXTIME of packet 1: 708us
 Databitrate of packet 1: 27.00(Mbps)
  A-MPDU deaggregation successful 
SNRest=13.86dB

  RXTIME of packet 2: 708us
 Databitrate of packet 2: 27.00(Mbps)
  A-MPDU deaggregation successful 
SNRest=14.63dB

  DataBitrate (Mbps): 27.00
ack
new MCS = 3
Iter 61 | fb=ack | next: MCS=3 AMPDU=5 BWdec=2
  Gains: TX=0 dB, RX=45 dB | RX diag: RMS=1.095e-01, Peak=3.826e-01
 RXTIME of packet 1: 708us
 Databitrate of packet 1: 27.00(Mbps)
  A-MPDU deaggregation successful 
SNRest=14.11dB

  RXTIME of packet 2: 708us
 Databitrate of packet 2: 27.00(Mbps)
  A-MPDU deaggregation successful 
SNRest=13.93dB

  DataBitrate (Mbps): 27.00
ack
new MCS = 3
Iter 62 | fb=ack | next: MCS=3 AMPDU=5 BWdec=2
  Gains: TX=0 dB, RX=45 dB | RX diag: RMS=1.095e-01, Peak=3.822e-01
 RXTIME of packet 1: 708us
 Databitrate of packet 1: 27.00(Mbps)
  A-MPDU deaggregation successful 
SNRest=14.34dB

  RXTIME of packet 2: 708us
 Databitrate of packet 2: 27.00(Mbps)
  A-MPDU deaggregation successful 
SNRest=14.67dB

  DataBitrate (Mbps): 27.00
ack
new MCS = 3
Iter 63 | fb=ack | next: MCS=3 AMPDU=5 BWdec=2
  Gains: TX=0 dB, RX=45 dB | RX diag: RMS=1.095e-01, Peak=3.816e-01
 RXTIME of packet 1: 708us
 Databitrate of packet 1: 27.00(Mbps)
  A-MPDU deaggregation successful 
SNRest=14.20dB

  RXTIME of packet 2: 708us
 Databitrate of packet 2: 27.00(Mbps)
  A-MPDU deaggregation successful 
SNRest=13.87dB

  DataBitrate (Mbps): 27.00
ack
new MCS = 3
Iter 64 | fb=ack | next: MCS=3 AMPDU=5 BWdec=2
  Gains: TX=0 dB, RX=45 dB | RX diag: RMS=1.095e-01, Peak=3.826e-01
 RXTIME of packet 1: 708us
 Databitrate of packet 1: 27.00(Mbps)
  A-MPDU deaggregation successful 
SNRest=14.25dB

  RXTIME of packet 2: 708us
 Databitrate of packet 2: 27.00(Mbps)
  A-MPDU deaggregation successful 
SNRest=14.04dB

  DataBitrate (Mbps): 27.00
ack
new MCS = 3
Iter 65 | fb=ack | next: MCS=3 AMPDU=5 BWdec=2
  Gains: TX=0 dB, RX=45 dB | RX diag: RMS=1.095e-01, Peak=3.816e-01
 RXTIME of packet 1: 708us
 Databitrate of packet 1: 27.00(Mbps)
  A-MPDU deaggregation successful 
SNRest=14.04dB

  RXTIME of packet 2: 708us
 Databitrate of packet 2: 27.00(Mbps)
  A-MPDU deaggregation successful 
SNRest=14.30dB

  DataBitrate (Mbps): 27.00
ack
new MCS = 3
Iter 66 | fb=ack | next: MCS=3 AMPDU=5 BWdec=2
  Gains: TX=0 dB, RX=45 dB | RX diag: RMS=1.095e-01, Peak=3.825e-01
 RXTIME of packet 1: 708us
 Databitrate of packet 1: 27.00(Mbps)
  A-MPDU deaggregation successful 
SNRest=14.41dB

  RXTIME of packet 2: 708us
 Databitrate of packet 2: 27.00(Mbps)
  A-MPDU deaggregation successful 
SNRest=13.83dB

  DataBitrate (Mbps): 27.00
ack
new MCS = 3
Iter 67 | fb=ack | next: MCS=3 AMPDU=5 BWdec=2
  Gains: TX=0 dB, RX=45 dB | RX diag: RMS=1.095e-01, Peak=3.827e-01
 RXTIME of packet 1: 708us
 Databitrate of packet 1: 27.00(Mbps)
  A-MPDU deaggregation successful 
SNRest=14.04dB

  RXTIME of packet 2: 708us
 Databitrate of packet 2: 27.00(Mbps)
  A-MPDU deaggregation successful 
SNRest=14.43dB

  DataBitrate (Mbps): 27.00
ack
new MCS = 3
Iter 68 | fb=ack | next: MCS=3 AMPDU=5 BWdec=2
  Gains: TX=0 dB, RX=45 dB | RX diag: RMS=1.095e-01, Peak=3.866e-01
 RXTIME of packet 1: 708us
 Databitrate of packet 1: 27.00(Mbps)
  A-MPDU deaggregation successful 
SNRest=13.97dB

  RXTIME of packet 2: 708us
 Databitrate of packet 2: 27.00(Mbps)
  A-MPDU deaggregation successful 
SNRest=13.78dB

  DataBitrate (Mbps): 27.00
ack
new MCS = 3
Iter 69 | fb=ack | next: MCS=3 AMPDU=5 BWdec=2
  Gains: TX=0 dB, RX=45 dB | RX diag: RMS=1.095e-01, Peak=3.845e-01
 RXTIME of packet 1: 708us
 Databitrate of packet 1: 27.00(Mbps)
  A-MPDU deaggregation successful 
SNRest=13.99dB

  RXTIME of packet 2: 708us
 Databitrate of packet 2: 27.00(Mbps)
  A-MPDU deaggregation successful 
SNRest=13.84dB

  DataBitrate (Mbps): 27.00
ack
new MCS = 3
Iter 70 | fb=ack | next: MCS=3 AMPDU=5 BWdec=2
---- Progress 70/100 | current MCS=3 AMPDU=5 BWdec=2 ----
  Gains: TX=0 dB, RX=45 dB | RX diag: RMS=1.095e-01, Peak=3.824e-01
[警告: The L-SIG check failed.] 
[> 位置：<a href="matlab:matlab.lang.internal.introspective.errorDocCallback('coder.internal.warning', 'C:\Users\welcome\Desktop\R2025b\toolbox\shared\coder\coder\lib\+coder\+internal\warning.m', 8)" style="font-weight:bold">coder.internal.warning</a> (<a href="matlab: opentoline('C:\Users\welcome\Desktop\R2025b\toolbox\shared\coder\coder\lib\+coder\+internal\warning.m',8,0)">第 8 行</a>)
位置: <a href="matlab:matlab.lang.internal.introspective.errorDocCallback('wlanFormatDetect', 'C:\Users\welcome\Desktop\R2025b\toolbox\wlan\wlan\wlanFormatDetect.m', 250)" style="font-weight:bold">wlanFormatDetect</a> (<a href="matlab: opentoline('C:\Users\welcome\Desktop\R2025b\toolbox\wlan\wlan\wlanFormatDetect.m',250,0)">第 250 行</a>)
位置: <a href="matlab:matlab.lang.internal.introspective.errorDocCallback('HEWLANDataRecovery', 'C:\Users\welcome\Desktop\Experimental-Guide-of-Deployment-friendly-RLLA-main copy\Experimental-Guide-of-Deployment-friendly-RLLA-main\X410_CombinedTxRx copy\HEWLANDataRecovery.m', 135)" style="font-weight:bold">HEWLANDataRecovery</a> (<a href="matlab: opentoline('C:\Users\welcome\Desktop\Experimental-Guide-of-Deployment-friendly-RLLA-main copy\Experimental-Guide-of-Deployment-friendly-RLLA-main\X410_CombinedTxRx copy\HEWLANDataRecovery.m',135,0)">第 135 行</a>)
位置: <a href="matlab:matlab.lang.internal.introspective.errorDocCallback('X410_runSingleHost_DualRole_AARF', 'C:\Users\welcome\Desktop\Experimental-Guide-of-Deployment-friendly-RLLA-main copy\Experimental-Guide-of-Deployment-friendly-RLLA-main\X410_CombinedTxRx copy\X410_runSingleHost_DualRole_AARF.m', 255)" style="font-weight:bold">X410_runSingleHost_DualRole_AARF</a> (<a href="matlab: opentoline('C:\Users\welcome\Desktop\Experimental-Guide-of-Deployment-friendly-RLLA-main copy\Experimental-Guide-of-Deployment-friendly-RLLA-main\X410_CombinedTxRx copy\X410_runSingleHost_DualRole_AARF.m',255,0)">第 255 行</a>)
位置: <a href="matlab:matlab.lang.internal.introspective.errorDocCallback('run', 'C:\Users\welcome\Desktop\R2025b\toolbox\matlab\lang\run.m', 112)" style="font-weight:bold">run</a> (<a href="matlab: opentoline('C:\Users\welcome\Desktop\R2025b\toolbox\matlab\lang\run.m',112,0)">第 112 行</a>)
位置: <a href="matlab:matlab.lang.internal.introspective.errorDocCallback('runX410AllAlgorithms', 'C:\Users\welcome\Desktop\Experimental-Guide-of-Deployment-friendly-RLLA-main copy\Experimental-Guide-of-Deployment-friendly-RLLA-main\X410_CombinedTxRx copy\runX410AllAlgorithms.m', 35)" style="font-weight:bold">runX410AllAlgorithms</a> (<a href="matlab: opentoline('C:\Users\welcome\Desktop\Experimental-Guide-of-Deployment-friendly-RLLA-main copy\Experimental-Guide-of-Deployment-friendly-RLLA-main\X410_CombinedTxRx copy\runX410AllAlgorithms.m',35,0)">第 35 行</a>)
位置: <a href="matlab:matlab.lang.internal.introspective.errorDocCallback('run', 'C:\Users\welcome\Desktop\R2025b\toolbox\matlab\lang\run.m', 112)" style="font-weight:bold">run</a> (<a href="matlab: opentoline('C:\Users\welcome\Desktop\R2025b\toolbox\matlab\lang\run.m',112,0)">第 112 行</a>)] 
** wrong target packet detected
new MCS = 3
arq
Iter 71 | fb=arq | next: MCS=3 AMPDU=5 BWdec=2
  Gains: TX=0 dB, RX=45 dB | RX diag: RMS=1.095e-01, Peak=3.846e-01
 RXTIME of packet 1: 708us
 Databitrate of packet 1: 27.00(Mbps)
  A-MPDU deaggregation successful 
SNRest=14.31dB

  RXTIME of packet 2: 708us
 Databitrate of packet 2: 27.00(Mbps)
  A-MPDU deaggregation successful 
SNRest=14.38dB

  DataBitrate (Mbps): 27.00
ack
new MCS = 3
Iter 72 | fb=ack | next: MCS=3 AMPDU=5 BWdec=2
  Gains: TX=0 dB, RX=45 dB | RX diag: RMS=1.095e-01, Peak=3.829e-01
 RXTIME of packet 1: 708us
 Databitrate of packet 1: 27.00(Mbps)
  A-MPDU deaggregation successful 
SNRest=13.78dB

  RXTIME of packet 2: 708us
 Databitrate of packet 2: 27.00(Mbps)
  A-MPDU deaggregation successful 
SNRest=14.78dB

  DataBitrate (Mbps): 27.00
ack
new MCS = 3
Iter 73 | fb=ack | next: MCS=3 AMPDU=5 BWdec=2
  Gains: TX=0 dB, RX=45 dB | RX diag: RMS=1.095e-01, Peak=3.809e-01
 RXTIME of packet 1: 708us
 Databitrate of packet 1: 27.00(Mbps)
  A-MPDU deaggregation successful 
SNRest=14.42dB

  RXTIME of packet 2: 708us
 Databitrate of packet 2: 27.00(Mbps)
  A-MPDU deaggregation successful 
SNRest=14.07dB

  DataBitrate (Mbps): 27.00
ack
new MCS = 3
Iter 74 | fb=ack | next: MCS=3 AMPDU=5 BWdec=2
  Gains: TX=0 dB, RX=45 dB | RX diag: RMS=1.095e-01, Peak=3.862e-01
 RXTIME of packet 1: 708us
 Databitrate of packet 1: 27.00(Mbps)
  A-MPDU deaggregation successful 
SNRest=13.60dB

  RXTIME of packet 2: 708us
 Databitrate of packet 2: 27.00(Mbps)
  A-MPDU deaggregation successful 
SNRest=14.28dB

  DataBitrate (Mbps): 27.00
ack
new MCS = 3
Iter 75 | fb=ack | next: MCS=3 AMPDU=5 BWdec=2
  Gains: TX=0 dB, RX=45 dB | RX diag: RMS=1.095e-01, Peak=3.857e-01
 RXTIME of packet 1: 708us
 Databitrate of packet 1: 27.00(Mbps)
  A-MPDU deaggregation successful 
SNRest=14.34dB

  RXTIME of packet 2: 708us
 Databitrate of packet 2: 27.00(Mbps)
  A-MPDU deaggregation successful 
SNRest=13.68dB

  DataBitrate (Mbps): 27.00
ack
new MCS = 3
Iter 76 | fb=ack | next: MCS=3 AMPDU=5 BWdec=2
  Gains: TX=0 dB, RX=45 dB | RX diag: RMS=1.095e-01, Peak=3.838e-01
 RXTIME of packet 1: 708us
 Databitrate of packet 1: 27.00(Mbps)
  A-MPDU deaggregation successful 
SNRest=14.39dB

  RXTIME of packet 2: 708us
 Databitrate of packet 2: 27.00(Mbps)
  A-MPDU deaggregation successful 
SNRest=14.45dB

  DataBitrate (Mbps): 27.00
ack
new MCS = 3
Iter 77 | fb=ack | next: MCS=3 AMPDU=5 BWdec=2
  Gains: TX=0 dB, RX=45 dB | RX diag: RMS=1.096e-01, Peak=3.842e-01
 RXTIME of packet 1: 708us
 Databitrate of packet 1: 27.00(Mbps)
  A-MPDU deaggregation successful 
SNRest=14.76dB

  RXTIME of packet 2: 708us
 Databitrate of packet 2: 27.00(Mbps)
  A-MPDU deaggregation successful 
SNRest=14.20dB

  DataBitrate (Mbps): 27.00
ack
new MCS = 3
Iter 78 | fb=ack | next: MCS=3 AMPDU=5 BWdec=2
  Gains: TX=0 dB, RX=45 dB | RX diag: RMS=1.095e-01, Peak=3.818e-01
 RXTIME of packet 1: 708us
 Databitrate of packet 1: 27.00(Mbps)
  A-MPDU deaggregation successful 
SNRest=14.35dB

  RXTIME of packet 2: 708us
 Databitrate of packet 2: 27.00(Mbps)
  A-MPDU deaggregation successful 
SNRest=14.30dB

  DataBitrate (Mbps): 27.00
ack
new MCS = 3
Iter 79 | fb=ack | next: MCS=3 AMPDU=5 BWdec=2
  Gains: TX=0 dB, RX=45 dB | RX diag: RMS=1.095e-01, Peak=3.841e-01
 RXTIME of packet 1: 708us
 Databitrate of packet 1: 27.00(Mbps)
  A-MPDU deaggregation successful 
SNRest=14.23dB

  RXTIME of packet 2: 708us
 Databitrate of packet 2: 27.00(Mbps)
  A-MPDU deaggregation successful 
SNRest=14.32dB

  DataBitrate (Mbps): 27.00
ack
new MCS = 3
Iter 80 | fb=ack | next: MCS=3 AMPDU=5 BWdec=2
---- Progress 80/100 | current MCS=3 AMPDU=5 BWdec=2 ----
  Gains: TX=0 dB, RX=45 dB | RX diag: RMS=1.095e-01, Peak=3.861e-01
 RXTIME of packet 1: 708us
 Databitrate of packet 1: 27.00(Mbps)
  A-MPDU deaggregation successful 
SNRest=14.20dB

  RXTIME of packet 2: 708us
 Databitrate of packet 2: 27.00(Mbps)
  A-MPDU deaggregation successful 
SNRest=14.73dB

  DataBitrate (Mbps): 27.00
ack
new MCS = 3
Iter 81 | fb=ack | next: MCS=3 AMPDU=5 BWdec=2
  Gains: TX=0 dB, RX=45 dB | RX diag: RMS=1.096e-01, Peak=3.825e-01
 RXTIME of packet 1: 708us
 Databitrate of packet 1: 27.00(Mbps)
  A-MPDU deaggregation successful 
SNRest=13.92dB

  RXTIME of packet 2: 708us
 Databitrate of packet 2: 27.00(Mbps)
  A-MPDU deaggregation successful 
SNRest=14.36dB

  DataBitrate (Mbps): 27.00
ack
new MCS = 3
Iter 82 | fb=ack | next: MCS=3 AMPDU=5 BWdec=2
  Gains: TX=0 dB, RX=45 dB | RX diag: RMS=1.095e-01, Peak=3.842e-01
 RXTIME of packet 1: 708us
 Databitrate of packet 1: 27.00(Mbps)
  A-MPDU deaggregation successful 
SNRest=13.85dB

  RXTIME of packet 2: 708us
 Databitrate of packet 2: 27.00(Mbps)
  A-MPDU deaggregation successful 
SNRest=13.79dB

  DataBitrate (Mbps): 27.00
ack
new MCS = 3
Iter 83 | fb=ack | next: MCS=3 AMPDU=5 BWdec=2
  Gains: TX=0 dB, RX=45 dB | RX diag: RMS=1.095e-01, Peak=3.842e-01
 RXTIME of packet 1: 708us
 Databitrate of packet 1: 27.00(Mbps)
  A-MPDU deaggregation successful 
SNRest=14.08dB

  RXTIME of packet 2: 708us
 Databitrate of packet 2: 27.00(Mbps)
  A-MPDU deaggregation successful 
SNRest=14.15dB

  DataBitrate (Mbps): 27.00
ack
new MCS = 3
Iter 84 | fb=ack | next: MCS=3 AMPDU=5 BWdec=2
  Gains: TX=0 dB, RX=45 dB | RX diag: RMS=1.095e-01, Peak=3.863e-01
 RXTIME of packet 1: 708us
 Databitrate of packet 1: 27.00(Mbps)
  A-MPDU deaggregation successful 
SNRest=14.38dB

  RXTIME of packet 2: 708us
 Databitrate of packet 2: 27.00(Mbps)
  A-MPDU deaggregation successful 
SNRest=14.27dB

  DataBitrate (Mbps): 27.00
ack
new MCS = 3
Iter 85 | fb=ack | next: MCS=3 AMPDU=5 BWdec=2
  Gains: TX=0 dB, RX=45 dB | RX diag: RMS=1.095e-01, Peak=3.836e-01
 RXTIME of packet 1: 708us
 Databitrate of packet 1: 27.00(Mbps)
  A-MPDU deaggregation successful 
SNRest=13.79dB

  RXTIME of packet 2: 708us
 Databitrate of packet 2: 27.00(Mbps)
  A-MPDU deaggregation successful 
SNRest=14.01dB

  DataBitrate (Mbps): 27.00
ack
new MCS = 3
Iter 86 | fb=ack | next: MCS=3 AMPDU=5 BWdec=2
  Gains: TX=0 dB, RX=45 dB | RX diag: RMS=1.095e-01, Peak=3.840e-01
 RXTIME of packet 1: 708us
 Databitrate of packet 1: 27.00(Mbps)
  A-MPDU deaggregation successful 
SNRest=14.10dB

  RXTIME of packet 2: 708us
 Databitrate of packet 2: 27.00(Mbps)
  A-MPDU deaggregation successful 
SNRest=14.36dB

  DataBitrate (Mbps): 27.00
ack
new MCS = 3
Iter 87 | fb=ack | next: MCS=3 AMPDU=5 BWdec=2
  Gains: TX=0 dB, RX=45 dB | RX diag: RMS=1.095e-01, Peak=3.832e-01
 RXTIME of packet 1: 708us
 Databitrate of packet 1: 27.00(Mbps)
  A-MPDU deaggregation successful 
SNRest=14.14dB

  RXTIME of packet 2: 708us
 Databitrate of packet 2: 27.00(Mbps)
  A-MPDU deaggregation successful 
SNRest=14.25dB

  DataBitrate (Mbps): 27.00
ack
new MCS = 3
Iter 88 | fb=ack | next: MCS=3 AMPDU=5 BWdec=2
  Gains: TX=0 dB, RX=45 dB | RX diag: RMS=1.095e-01, Peak=3.834e-01
 RXTIME of packet 1: 708us
 Databitrate of packet 1: 27.00(Mbps)
  A-MPDU deaggregation successful 
SNRest=14.40dB

  RXTIME of packet 2: 708us
 Databitrate of packet 2: 27.00(Mbps)
  A-MPDU deaggregation successful 
SNRest=13.91dB

  DataBitrate (Mbps): 27.00
ack
new MCS = 3
Iter 89 | fb=ack | next: MCS=3 AMPDU=5 BWdec=2
  Gains: TX=0 dB, RX=45 dB | RX diag: RMS=1.095e-01, Peak=3.824e-01
 RXTIME of packet 1: 708us
 Databitrate of packet 1: 27.00(Mbps)
  A-MPDU deaggregation successful 
SNRest=14.03dB

  RXTIME of packet 2: 708us
 Databitrate of packet 2: 27.00(Mbps)
  A-MPDU deaggregation successful 
SNRest=14.19dB

  DataBitrate (Mbps): 27.00
ack
new MCS = 4
Iter 90 | fb=ack | next: MCS=4 AMPDU=5 BWdec=2
---- Progress 90/100 | current MCS=4 AMPDU=5 BWdec=2 ----
  Gains: TX=0 dB, RX=45 dB | RX diag: RMS=1.106e-01, Peak=3.657e-01
 RXTIME of packet 1: 500us
 Databitrate of packet 1: 38.07(Mbps)
  A-MPDU deaggregation successful 
SNRest=14.19dB

  RXTIME of packet 2: 500us
 Databitrate of packet 2: 38.07(Mbps)
  A-MPDU deaggregation successful 
SNRest=13.96dB

  DataBitrate (Mbps): 38.07
ack
new MCS = 4
Iter 91 | fb=ack | next: MCS=4 AMPDU=5 BWdec=2
  Gains: TX=0 dB, RX=45 dB | RX diag: RMS=1.106e-01, Peak=3.650e-01
 RXTIME of packet 1: 500us
 Databitrate of packet 1: 38.07(Mbps)
  A-MPDU deaggregation successful 
SNRest=13.69dB

  RXTIME of packet 2: 500us
 Databitrate of packet 2: 38.07(Mbps)
  A-MPDU deaggregation successful 
SNRest=13.52dB

  DataBitrate (Mbps): 38.07
ack
new MCS = 3
Iter 92 | fb=ack | next: MCS=3 AMPDU=5 BWdec=2
  Gains: TX=0 dB, RX=45 dB | RX diag: RMS=1.234e-01, Peak=3.902e-01
 RXTIME of packet 1: 708us
 Databitrate of packet 1: 27.00(Mbps)
  A-MPDU deaggregation successful 
SNRest=13.10dB

  RXTIME of packet 2: 708us
 Databitrate of packet 2: 27.00(Mbps)
  A-MPDU deaggregation successful 
SNRest=13.76dB

  DataBitrate (Mbps): 27.00
ack
new MCS = 3
Iter 93 | fb=ack | next: MCS=3 AMPDU=5 BWdec=2
  Gains: TX=0 dB, RX=45 dB | RX diag: RMS=1.235e-01, Peak=3.900e-01
 RXTIME of packet 1: 708us
 Databitrate of packet 1: 27.00(Mbps)
  A-MPDU deaggregation successful 
SNRest=13.92dB

  RXTIME of packet 2: 708us
 Databitrate of packet 2: 27.00(Mbps)
  A-MPDU deaggregation successful 
SNRest=13.53dB

  DataBitrate (Mbps): 27.00
ack
new MCS = 4
Iter 94 | fb=ack | next: MCS=4 AMPDU=5 BWdec=2
  Gains: TX=0 dB, RX=45 dB | RX diag: RMS=1.046e-01, Peak=3.466e-01
 RXTIME of packet 1: 500us
 Databitrate of packet 1: 38.07(Mbps)
  A-MPDU deaggregation successful 
SNRest=13.65dB

  RXTIME of packet 2: 500us
 Databitrate of packet 2: 38.07(Mbps)
  A-MPDU deaggregation successful 
SNRest=13.71dB

  DataBitrate (Mbps): 38.07
ack
new MCS = 4
Iter 95 | fb=ack | next: MCS=4 AMPDU=5 BWdec=2
  Gains: TX=0 dB, RX=45 dB | RX diag: RMS=1.045e-01, Peak=3.484e-01
 RXTIME of packet 1: 500us
 Databitrate of packet 1: 38.07(Mbps)
  A-MPDU deaggregation successful 
SNRest=13.23dB

  RXTIME of packet 2: 500us
 Databitrate of packet 2: 38.07(Mbps)
  A-MPDU deaggregation successful 
SNRest=14.14dB

  DataBitrate (Mbps): 38.07
ack
new MCS = 4
Iter 96 | fb=ack | next: MCS=4 AMPDU=5 BWdec=2
  Gains: TX=0 dB, RX=45 dB | RX diag: RMS=1.046e-01, Peak=3.472e-01
 RXTIME of packet 1: 500us
 Databitrate of packet 1: 38.07(Mbps)
  A-MPDU deaggregation successful 
SNRest=14.06dB

  RXTIME of packet 2: 500us
 Databitrate of packet 2: 38.07(Mbps)
  A-MPDU deaggregation successful 
SNRest=13.77dB

  DataBitrate (Mbps): 38.07
ack
new MCS = 4
Iter 97 | fb=ack | next: MCS=4 AMPDU=5 BWdec=2
  Gains: TX=0 dB, RX=45 dB | RX diag: RMS=1.045e-01, Peak=3.500e-01
 RXTIME of packet 1: 500us
 Databitrate of packet 1: 38.07(Mbps)
  A-MPDU deaggregation successful 
SNRest=13.48dB

  RXTIME of packet 2: 500us
 Databitrate of packet 2: 38.07(Mbps)
  A-MPDU deaggregation successful 
SNRest=13.76dB

  DataBitrate (Mbps): 38.07
ack
new MCS = 4
Iter 98 | fb=ack | next: MCS=4 AMPDU=5 BWdec=2
  Gains: TX=0 dB, RX=45 dB | RX diag: RMS=1.045e-01, Peak=3.500e-01
 RXTIME of packet 1: 500us
 Databitrate of packet 1: 38.07(Mbps)
  A-MPDU deaggregation successful 
SNRest=13.83dB

  RXTIME of packet 2: 500us
 Databitrate of packet 2: 38.07(Mbps)
  A-MPDU deaggregation successful 
SNRest=13.82dB

  DataBitrate (Mbps): 38.07
ack
new MCS = 4
Iter 99 | fb=ack | next: MCS=4 AMPDU=5 BWdec=2
  Gains: TX=0 dB, RX=45 dB | RX diag: RMS=1.045e-01, Peak=3.483e-01
 RXTIME of packet 1: 500us
 Databitrate of packet 1: 38.07(Mbps)
  A-MPDU deaggregation successful 
SNRest=13.61dB

  RXTIME of packet 2: 500us
 Databitrate of packet 2: 38.07(Mbps)
  A-MPDU deaggregation successful 
SNRest=13.51dB

  DataBitrate (Mbps): 38.07
ack
new MCS = 4
Iter 100 | fb=ack | next: MCS=4 AMPDU=5 BWdec=2
---- Progress 100/100 | current MCS=4 AMPDU=5 BWdec=2 ----
Done.
Stats | fallback=0 (0.0%), realDecode=98 (98.0%), qUpdate=98
Final state | MCS=4 AMPDU=5 BWdec=2 lastSNR=13.56 dB
