Run log file: C:\Users\welcome\Desktop\X410_CombinedTxRx_XL - 副本 - 副本\logs\run_QLOLLA_20260611_145645.log
Algorithm mode: QLOLLA
Stable loopback point | TX=20 dB RX=25 dB | strict real-decode mode
No Q-table found, starting fresh.
  Gains: TX=20 dB, RX=25 dB | RX diag: RMS=1.352e-01, Peak=4.581e-01
  Estimated CFO: 128.1 Hz
 RXTIME of packet 1: 116us
  ChanEst mean|h|: 1.035 | HE-LTF rms: 1.044
  EVM per-sym: -39.40 dB | EVM per-sc: -39.76 dB
 Databitrate of packet 1: 3.32(Mbps)
  A-MPDU deaggregation successful 
SNRest=42.87dB

  DataBitrate (Mbps): 3.32
ack
new MCS = 11
Iter 1 | fb=ack | next: MCS=2 AMPDU=2 BWdec=2
  Gains: TX=20 dB, RX=25 dB | RX diag: RMS=1.538e-01, Peak=4.635e-01
  Estimated CFO: -162.8 Hz
 RXTIME of packet 1: 932us
  ChanEst mean|h|: 1.034 | HE-LTF rms: 1.043
  EVM trend [sym1..mid..end]: -38.0 -38.9 -38.1 -37.5 -38.9 -37.3 -38.6 -36.2 -39.0 dB
  EVM per-sym: -37.96 dB | EVM per-sc: -38.05 dB
 Databitrate of packet 1: 20.46(Mbps)
  A-MPDU deaggregation successful 
SNRest=37.02dB

  DataBitrate (Mbps): 20.46
ack
new MCS = 11
Iter 2 | fb=ack | next: MCS=4 AMPDU=3 BWdec=2
  Gains: TX=20 dB, RX=25 dB | RX diag: RMS=1.416e-01, Peak=4.684e-01
  Estimated CFO: -63604.6 Hz
  ** CFO outlier rejected: -63604.6 Hz **
  Estimated CFO: -92.3 Hz
 RXTIME of packet 2: 500us
  ChanEst mean|h|: 1.039 | HE-LTF rms: 1.047
  EVM trend [sym1..mid..end]: -36.6 -37.2 -38.5 -39.9 -37.1 -40.0 -39.5 -37.2 -37.6 dB
  EVM per-sym: -38.46 dB | EVM per-sc: -38.47 dB
 Databitrate of packet 2: 38.07(Mbps)
  A-MPDU deaggregation successful 
SNRest=41.49dB

  DataBitrate (Mbps): 19.04
  [Diag] Degraded success: usedPacket=2 skipped=1 cfoSkip=1 -> controller update down-weighted.
new MCS = 4
arq
Iter 3 | fb=arq | next: MCS=4 AMPDU=3 BWdec=2
  Gains: TX=20 dB, RX=25 dB | RX diag: RMS=1.416e-01, Peak=4.679e-01
  Estimated CFO: 437.7 Hz
 RXTIME of packet 1: 500us
  ChanEst mean|h|: 1.040 | HE-LTF rms: 1.048
  EVM trend [sym1..mid..end]: -28.4 -29.7 -29.3 -29.2 -30.3 -30.0 -29.2 -29.0 -28.9 dB
  EVM per-sym: -29.10 dB | EVM per-sc: -29.23 dB
 Databitrate of packet 1: 38.07(Mbps)
  A-MPDU deaggregation successful 
SNRest=31.06dB

  DataBitrate (Mbps): 38.07
ack
new MCS = 8
Iter 4 | fb=ack | next: MCS=6 AMPDU=3 BWdec=2
  Gains: TX=20 dB, RX=25 dB | RX diag: RMS=1.453e-01, Peak=4.654e-01
  Estimated CFO: -463.4 Hz
 RXTIME of packet 1: 356us
  ChanEst mean|h|: 1.039 | HE-LTF rms: 1.046
  EVM trend [sym1..mid..end]: -27.7 -27.0 -28.1 -26.6 -28.2 -28.0 -27.7 -28.5 -26.3 dB
  EVM per-sym: -27.62 dB | EVM per-sc: -27.83 dB
 Databitrate of packet 1: 53.65(Mbps)
  A-MPDU deaggregation successful 
SNRest=30.97dB

  DataBitrate (Mbps): 53.65
ack
new MCS = 7
Iter 5 | fb=ack | next: MCS=7 AMPDU=3 BWdec=2
  Gains: TX=20 dB, RX=25 dB | RX diag: RMS=1.475e-01, Peak=4.611e-01
  Estimated CFO: -239.1 Hz
 RXTIME of packet 1: 324us
  ChanEst mean|h|: 1.038 | HE-LTF rms: 1.045
  EVM trend [sym1..mid..end]: -31.9 -33.7 -32.3 -30.9 -31.3 -33.4 -29.7 -32.8 -33.1 dB
  EVM per-sym: -32.08 dB | EVM per-sc: -32.28 dB
 Databitrate of packet 1: 59.21(Mbps)
  A-MPDU deaggregation successful 
SNRest=34.54dB

  DataBitrate (Mbps): 59.21
ack
new MCS = 9
Iter 6 | fb=ack | next: MCS=9 AMPDU=3 BWdec=2
  Gains: TX=20 dB, RX=25 dB | RX diag: RMS=1.546e-01, Peak=4.594e-01
  Estimated CFO:   0.5 Hz
 RXTIME of packet 1: 260us
  ChanEst mean|h|: 1.034 | HE-LTF rms: 1.043
  EVM trend [sym1..mid..end]: -39.0 -39.3 -39.3 -37.2 -37.9 -38.1 -40.1 -38.9 -37.2 dB
  EVM per-sym: -38.57 dB | EVM per-sc: -39.16 dB
 Databitrate of packet 1: 72.92(Mbps)
  A-MPDU deaggregation successful 
SNRest=44.84dB

  DataBitrate (Mbps): 72.92
ack
new MCS = 11
Iter 7 | fb=ack | next: MCS=11 AMPDU=3 BWdec=2
  Gains: TX=20 dB, RX=25 dB | RX diag: RMS=1.624e-01, Peak=4.894e-01
  Estimated CFO: -190.9 Hz
 RXTIME of packet 1: 212us
  ChanEst mean|h|: 1.035 | HE-LTF rms: 1.044
  EVM trend [sym1..mid..end]: -33.3 -32.1 -32.6 -33.9 -32.9 -31.4 -32.7 -30.8 -34.0 dB
  EVM per-sym: -32.73 dB | EVM per-sc: -33.33 dB
 Databitrate of packet 1: 91.03(Mbps)
  A-MPDU deaggregation successful 
SNRest=37.14dB

  DataBitrate (Mbps): 91.03
ack
new MCS = 11
Iter 8 | fb=ack | next: MCS=11 AMPDU=3 BWdec=2
  Gains: TX=20 dB, RX=25 dB | RX diag: RMS=1.622e-01, Peak=4.896e-01
  Estimated CFO:  71.0 Hz
 RXTIME of packet 1: 212us
  ChanEst mean|h|: 1.039 | HE-LTF rms: 1.048
  EVM trend [sym1..mid..end]: -38.4 -38.2 -39.4 -40.5 -36.0 -37.5 -38.7 -39.6 -36.5 dB
  EVM per-sym: -38.24 dB | EVM per-sc: -38.86 dB
 Databitrate of packet 1: 91.03(Mbps)
  A-MPDU deaggregation successful 
SNRest=43.52dB

  DataBitrate (Mbps): 91.03
ack
new MCS = 11
Iter 9 | fb=ack | next: MCS=11 AMPDU=3 BWdec=2
  Gains: TX=20 dB, RX=25 dB | RX diag: RMS=1.622e-01, Peak=4.901e-01
  Estimated CFO: 89187.5 Hz
  ** CFO outlier rejected: 89187.5 Hz **
  Estimated CFO: -45.3 Hz
 RXTIME of packet 2: 212us
  ChanEst mean|h|: 1.034 | HE-LTF rms: 1.043
  EVM trend [sym1..mid..end]: -38.2 -41.6 -40.1 -40.8 -36.1 -37.6 -36.7 -38.9 -41.6 dB
  EVM per-sym: -38.96 dB | EVM per-sc: -39.78 dB
 Databitrate of packet 2: 91.03(Mbps)
  A-MPDU deaggregation successful 
SNRest=42.73dB

  DataBitrate (Mbps): 45.51
  [Diag] Degraded success: usedPacket=2 skipped=1 cfoSkip=1 -> controller update down-weighted.
new MCS = 11
arq
Iter 10 | fb=arq | next: MCS=11 AMPDU=3 BWdec=2
---- Progress 10/100 | current MCS=11 AMPDU=3 BWdec=2 ----
  Gains: TX=20 dB, RX=25 dB | RX diag: RMS=1.622e-01, Peak=4.902e-01
  Estimated CFO: 187.5 Hz
 RXTIME of packet 1: 212us
  ChanEst mean|h|: 1.034 | HE-LTF rms: 1.043
  EVM trend [sym1..mid..end]: -33.9 -31.3 -33.8 -32.9 -32.6 -34.5 -33.6 -29.6 -34.7 dB
  EVM per-sym: -32.76 dB | EVM per-sc: -33.42 dB
 Databitrate of packet 1: 91.03(Mbps)
  A-MPDU deaggregation successful 
SNRest=35.72dB

  DataBitrate (Mbps): 91.03
ack
new MCS = 10
Iter 11 | fb=ack | next: MCS=10 AMPDU=3 BWdec=2
  Gains: TX=20 dB, RX=25 dB | RX diag: RMS=1.455e-01, Peak=4.663e-01
  Estimated CFO: -94341.7 Hz
  ** CFO outlier rejected: -94341.7 Hz **
  Estimated CFO: 160.8 Hz
 RXTIME of packet 2: 228us
  ChanEst mean|h|: 1.039 | HE-LTF rms: 1.048
  EVM trend [sym1..mid..end]: -35.5 -35.1 -33.7 -31.5 -30.7 -33.4 -34.9 -34.7 -28.2 dB
  EVM per-sym: -33.02 dB | EVM per-sc: -33.88 dB
 Databitrate of packet 2: 83.86(Mbps)
  A-MPDU deaggregation successful 
SNRest=36.75dB

  DataBitrate (Mbps): 41.93
  [Diag] Degraded success: usedPacket=2 skipped=1 cfoSkip=1 -> controller update down-weighted.
new MCS = 10
arq
Iter 12 | fb=arq | next: MCS=10 AMPDU=3 BWdec=2
  Gains: TX=20 dB, RX=25 dB | RX diag: RMS=1.454e-01, Peak=4.662e-01
  Estimated CFO: -287.5 Hz
 RXTIME of packet 1: 228us
  ChanEst mean|h|: 1.039 | HE-LTF rms: 1.046
  EVM trend [sym1..mid..end]: -28.1 -31.2 -31.4 -27.8 -28.6 -29.7 -30.3 -30.7 -25.3 dB
  EVM per-sym: -29.35 dB | EVM per-sc: -30.12 dB
 Databitrate of packet 1: 83.86(Mbps)
  A-MPDU deaggregation successful 
SNRest=32.56dB

  DataBitrate (Mbps): 83.86
ack
new MCS = 8
Iter 13 | fb=ack | next: MCS=8 AMPDU=3 BWdec=2
  Gains: TX=20 dB, RX=25 dB | RX diag: RMS=1.618e-01, Peak=4.939e-01
  Estimated CFO:  36.0 Hz
 RXTIME of packet 1: 276us
  ChanEst mean|h|: 1.152 | HE-LTF rms: 1.161
  EVM trend [sym1..mid..end]: -36.4 -40.1 -38.5 -39.7 -38.0 -37.4 -37.7 -34.5 -38.3 dB
  EVM per-sym: -37.63 dB | EVM per-sc: -38.14 dB
 Databitrate of packet 1: 69.47(Mbps)
  A-MPDU deaggregation successful 
SNRest=41.47dB

  DataBitrate (Mbps): 69.47
ack
new MCS = 11
Iter 14 | fb=ack | next: MCS=10 AMPDU=3 BWdec=2
  Gains: TX=20 dB, RX=25 dB | RX diag: RMS=1.476e-01, Peak=4.646e-01
  Estimated CFO: -257.5 Hz
 RXTIME of packet 1: 228us
  ChanEst mean|h|: 1.041 | HE-LTF rms: 1.048
  EVM trend [sym1..mid..end]: -29.6 -29.8 -29.1 -29.7 -29.2 -30.0 -31.6 -31.9 -32.1 dB
  EVM per-sym: -30.35 dB | EVM per-sc: -30.98 dB
 Databitrate of packet 1: 83.86(Mbps)
  A-MPDU deaggregation successful 
SNRest=33.79dB

  DataBitrate (Mbps): 83.86
ack
new MCS = 9
Iter 15 | fb=ack | next: MCS=9 AMPDU=3 BWdec=2
  Gains: TX=20 dB, RX=25 dB | RX diag: RMS=1.616e-01, Peak=5.189e-01
  Estimated CFO: 227.2 Hz
 RXTIME of packet 1: 260us
  ChanEst mean|h|: 1.034 | HE-LTF rms: 1.043
  EVM trend [sym1..mid..end]: -31.0 -32.1 -30.5 -31.2 -30.7 -33.1 -32.1 -34.0 -31.8 dB
  EVM per-sym: -31.58 dB | EVM per-sc: -32.15 dB
 Databitrate of packet 1: 72.92(Mbps)
  A-MPDU deaggregation successful 
SNRest=35.42dB

  DataBitrate (Mbps): 72.92
ack
new MCS = 10
Iter 16 | fb=ack | next: MCS=10 AMPDU=3 BWdec=2
  Gains: TX=20 dB, RX=25 dB | RX diag: RMS=1.567e-01, Peak=4.573e-01
  Estimated CFO:   7.6 Hz
 RXTIME of packet 1: 228us
  ChanEst mean|h|: 1.037 | HE-LTF rms: 1.044
  EVM trend [sym1..mid..end]: -40.0 -41.8 -40.0 -36.9 -34.1 -35.6 -39.2 -40.4 -40.5 dB
  EVM per-sym: -38.39 dB | EVM per-sc: -39.19 dB
 Databitrate of packet 1: 83.86(Mbps)
  A-MPDU deaggregation successful 
SNRest=44.13dB

  DataBitrate (Mbps): 83.86
ack
new MCS = 11
Iter 17 | fb=ack | next: MCS=11 AMPDU=3 BWdec=2
  Gains: TX=20 dB, RX=25 dB | RX diag: RMS=1.710e-01, Peak=5.024e-01
  Estimated CFO: -41.9 Hz
 RXTIME of packet 1: 212us
  ChanEst mean|h|: 1.039 | HE-LTF rms: 1.047
  EVM trend [sym1..mid..end]: -39.3 -38.2 -38.5 -41.2 -39.0 -38.0 -38.6 -37.8 -39.0 dB
  EVM per-sym: -37.94 dB | EVM per-sc: -38.66 dB
 Databitrate of packet 1: 91.03(Mbps)
  A-MPDU deaggregation successful 
SNRest=41.74dB

  DataBitrate (Mbps): 91.03
ack
new MCS = 11
Iter 18 | fb=ack | next: MCS=11 AMPDU=3 BWdec=2
  Gains: TX=20 dB, RX=25 dB | RX diag: RMS=1.709e-01, Peak=5.015e-01
  Estimated CFO: -185.2 Hz
 RXTIME of packet 1: 212us
  ChanEst mean|h|: 1.034 | HE-LTF rms: 1.043
  EVM trend [sym1..mid..end]: -32.3 -33.5 -35.5 -32.8 -31.8 -33.1 -35.2 -31.3 -31.9 dB
  EVM per-sym: -32.71 dB | EVM per-sc: -33.57 dB
 Databitrate of packet 1: 91.03(Mbps)
  A-MPDU deaggregation successful 
SNRest=36.18dB

  DataBitrate (Mbps): 91.03
ack
new MCS = 10
Iter 19 | fb=ack | next: MCS=10 AMPDU=3 BWdec=2
  Gains: TX=20 dB, RX=25 dB | RX diag: RMS=1.609e-01, Peak=4.561e-01
  Estimated CFO: -25.1 Hz
 RXTIME of packet 1: 228us
  ChanEst mean|h|: 1.039 | HE-LTF rms: 1.047
  EVM trend [sym1..mid..end]: -38.6 -39.8 -37.0 -37.9 -34.0 -38.2 -37.3 -39.5 -37.0 dB
  EVM per-sym: -37.38 dB | EVM per-sc: -38.06 dB
 Databitrate of packet 1: 83.86(Mbps)
  A-MPDU deaggregation successful 
SNRest=42.15dB

  DataBitrate (Mbps): 83.86
ack
new MCS = 11
Iter 20 | fb=ack | next: MCS=11 AMPDU=3 BWdec=2
---- Progress 20/100 | current MCS=11 AMPDU=3 BWdec=2 ----
  Gains: TX=20 dB, RX=25 dB | RX diag: RMS=1.530e-01, Peak=4.809e-01
  Estimated CFO:  31.8 Hz
 RXTIME of packet 1: 212us
  ChanEst mean|h|: 1.040 | HE-LTF rms: 1.048
  EVM trend [sym1..mid..end]: -38.2 -37.4 -33.8 -38.9 -40.5 -38.0 -39.6 -39.2 -37.3 dB
  EVM per-sym: -37.78 dB | EVM per-sc: -38.78 dB
 Databitrate of packet 1: 91.03(Mbps)
  A-MPDU deaggregation successful 
SNRest=42.23dB

  DataBitrate (Mbps): 91.03
ack
new MCS = 11
Iter 21 | fb=ack | next: MCS=11 AMPDU=3 BWdec=2
  Gains: TX=20 dB, RX=25 dB | RX diag: RMS=1.530e-01, Peak=4.802e-01
  Estimated CFO: 233.4 Hz
 RXTIME of packet 1: 212us
  ChanEst mean|h|: 1.037 | HE-LTF rms: 1.044
  EVM trend [sym1..mid..end]: -30.8 -27.4 -31.0 -30.6 -31.1 -31.2 -32.4 -31.7 -32.0 dB
  EVM per-sym: -30.71 dB | EVM per-sc: -31.60 dB
 Databitrate of packet 1: 91.03(Mbps)
  A-MPDU deaggregation successful 
SNRest=35.68dB

  DataBitrate (Mbps): 91.03
ack
new MCS = 10
Iter 22 | fb=ack | next: MCS=10 AMPDU=3 BWdec=2
  Gains: TX=20 dB, RX=25 dB | RX diag: RMS=1.540e-01, Peak=4.832e-01
  Estimated CFO: 340.3 Hz
 RXTIME of packet 1: 228us
  ChanEst mean|h|: 1.035 | HE-LTF rms: 1.043
  EVM trend [sym1..mid..end]: -28.0 -29.3 -26.1 -25.9 -30.3 -29.2 -30.3 -29.9 -30.4 dB
  EVM per-sym: -28.68 dB | EVM per-sc: -29.58 dB
 Databitrate of packet 1: 83.86(Mbps)
  A-MPDU deaggregation successful 
SNRest=32.74dB

  DataBitrate (Mbps): 83.86
ack
new MCS = 9
Iter 23 | fb=ack | next: MCS=9 AMPDU=3 BWdec=2
  Gains: TX=20 dB, RX=25 dB | RX diag: RMS=1.662e-01, Peak=5.060e-01
  Estimated CFO:  -1.1 Hz
 RXTIME of packet 1: 260us
  ChanEst mean|h|: 1.034 | HE-LTF rms: 1.043
  EVM trend [sym1..mid..end]: -39.3 -39.0 -37.3 -39.7 -39.0 -35.8 -40.8 -37.6 -36.7 dB
  EVM per-sym: -38.56 dB | EVM per-sc: -39.06 dB
 Databitrate of packet 1: 72.92(Mbps)
  A-MPDU deaggregation successful 
SNRest=44.05dB

  DataBitrate (Mbps): 72.92
ack
new MCS = 11
Iter 24 | fb=ack | next: MCS=11 AMPDU=3 BWdec=2
  Gains: TX=20 dB, RX=25 dB | RX diag: RMS=1.546e-01, Peak=4.613e-01
  Estimated CFO: -173.0 Hz
 RXTIME of packet 1: 212us
  ChanEst mean|h|: 1.037 | HE-LTF rms: 1.044
  EVM trend [sym1..mid..end]: -31.2 -31.5 -33.3 -29.3 -32.0 -32.8 -31.1 -33.5 -32.7 dB
  EVM per-sym: -32.00 dB | EVM per-sc: -32.95 dB
 Databitrate of packet 1: 91.03(Mbps)
  A-MPDU deaggregation successful 
SNRest=36.11dB

  DataBitrate (Mbps): 91.03
ack
new MCS = 10
Iter 25 | fb=ack | next: MCS=10 AMPDU=3 BWdec=2
  Gains: TX=20 dB, RX=25 dB | RX diag: RMS=1.490e-01, Peak=4.590e-01
  Estimated CFO: -64225.0 Hz
  ** CFO outlier rejected: -64225.0 Hz **
  Estimated CFO: -43.1 Hz
 RXTIME of packet 2: 228us
  ChanEst mean|h|: 1.040 | HE-LTF rms: 1.047
  EVM trend [sym1..mid..end]: -35.2 -40.3 -41.2 -37.4 -40.7 -38.2 -41.9 -40.0 -36.8 dB
  EVM per-sym: -38.99 dB | EVM per-sc: -39.67 dB
 Databitrate of packet 2: 83.86(Mbps)
  A-MPDU deaggregation successful 
SNRest=44.11dB

  DataBitrate (Mbps): 41.93
  [Diag] Degraded success: usedPacket=2 skipped=1 cfoSkip=1 -> controller update down-weighted.
new MCS = 10
arq
Iter 26 | fb=arq | next: MCS=10 AMPDU=3 BWdec=2
  Gains: TX=20 dB, RX=25 dB | RX diag: RMS=1.490e-01, Peak=4.583e-01
  Estimated CFO: -361.6 Hz
 RXTIME of packet 1: 228us
  ChanEst mean|h|: 1.039 | HE-LTF rms: 1.048
  EVM trend [sym1..mid..end]: -29.7 -28.0 -29.6 -26.4 -29.9 -28.1 -29.6 -29.4 -27.0 dB
  EVM per-sym: -28.87 dB | EVM per-sc: -29.61 dB
 Databitrate of packet 1: 83.86(Mbps)
  A-MPDU deaggregation successful 
SNRest=32.30dB

  DataBitrate (Mbps): 83.86
ack
new MCS = 8
Iter 27 | fb=ack | next: MCS=8 AMPDU=3 BWdec=2
  Gains: TX=20 dB, RX=25 dB | RX diag: RMS=1.463e-01, Peak=4.778e-01
  Estimated CFO: -146.2 Hz
 RXTIME of packet 1: 276us
  ChanEst mean|h|: 1.034 | HE-LTF rms: 1.042
  EVM trend [sym1..mid..end]: -34.1 -35.5 -34.9 -37.4 -34.2 -33.8 -33.3 -33.7 -36.9 dB
  EVM per-sym: -34.67 dB | EVM per-sc: -35.16 dB
 Databitrate of packet 1: 69.47(Mbps)
  A-MPDU deaggregation successful 
SNRest=39.97dB

  DataBitrate (Mbps): 69.47
ack
new MCS = 11
Iter 28 | fb=ack | next: MCS=10 AMPDU=3 BWdec=2
  Gains: TX=20 dB, RX=25 dB | RX diag: RMS=1.632e-01, Peak=5.043e-01
  Estimated CFO: 162.1 Hz
 RXTIME of packet 1: 228us
  ChanEst mean|h|: 1.038 | HE-LTF rms: 1.045
  EVM trend [sym1..mid..end]: -35.8 -34.9 -32.7 -34.3 -34.6 -33.0 -29.8 -33.7 -30.7 dB
  EVM per-sym: -33.33 dB | EVM per-sc: -34.53 dB
 Databitrate of packet 1: 83.86(Mbps)
  A-MPDU deaggregation successful 
SNRest=37.99dB

  DataBitrate (Mbps): 83.86
ack
new MCS = 11
Iter 29 | fb=ack | next: MCS=11 AMPDU=3 BWdec=2
  Gains: TX=20 dB, RX=25 dB | RX diag: RMS=1.567e-01, Peak=4.648e-01
  Estimated CFO:  71.1 Hz
 RXTIME of packet 1: 212us
  ChanEst mean|h|: 1.033 | HE-LTF rms: 1.043
  EVM trend [sym1..mid..end]: -37.9 -38.2 -36.0 -36.1 -38.1 -34.7 -38.0 -38.9 -35.5 dB
  EVM per-sym: -36.89 dB | EVM per-sc: -37.90 dB
 Databitrate of packet 1: 91.03(Mbps)
  A-MPDU deaggregation successful 
SNRest=41.84dB

  DataBitrate (Mbps): 91.03
ack
new MCS = 11
Iter 30 | fb=ack | next: MCS=11 AMPDU=3 BWdec=2
---- Progress 30/100 | current MCS=11 AMPDU=3 BWdec=2 ----
  Gains: TX=20 dB, RX=25 dB | RX diag: RMS=1.567e-01, Peak=4.643e-01
  Estimated CFO: -178.4 Hz
 RXTIME of packet 1: 212us
  ChanEst mean|h|: 1.038 | HE-LTF rms: 1.045
  EVM trend [sym1..mid..end]: -35.1 -33.5 -36.1 -31.8 -31.6 -27.9 -30.7 -35.5 -34.3 dB
  EVM per-sym: -32.49 dB | EVM per-sc: -33.56 dB
 Databitrate of packet 1: 91.03(Mbps)
  A-MPDU deaggregation successful 
SNRest=35.15dB

  DataBitrate (Mbps): 91.03
ack
new MCS = 10
Iter 31 | fb=ack | next: MCS=10 AMPDU=3 BWdec=2
  Gains: TX=20 dB, RX=25 dB | RX diag: RMS=1.500e-01, Peak=4.565e-01
  Estimated CFO: -170.9 Hz
 RXTIME of packet 1: 228us
  ChanEst mean|h|: 1.034 | HE-LTF rms: 1.043
  EVM trend [sym1..mid..end]: -36.2 -31.4 -35.5 -33.6 -36.4 -35.3 -35.7 -34.3 -32.7 dB
  EVM per-sym: -34.16 dB | EVM per-sc: -35.12 dB
 Databitrate of packet 1: 83.86(Mbps)
  A-MPDU deaggregation successful 
SNRest=39.95dB

  DataBitrate (Mbps): 83.86
ack
new MCS = 11
Iter 32 | fb=ack | next: MCS=11 AMPDU=3 BWdec=2
  Gains: TX=20 dB, RX=25 dB | RX diag: RMS=1.532e-01, Peak=4.705e-01
  Estimated CFO: 239.7 Hz
 RXTIME of packet 1: 212us
  ChanEst mean|h|: 1.039 | HE-LTF rms: 1.047
  EVM trend [sym1..mid..end]: -30.8 -25.7 -32.0 -29.4 -32.1 -33.0 -32.8 -29.5 -31.0 dB
  EVM per-sym: -30.63 dB | EVM per-sc: -32.05 dB
 Databitrate of packet 1: 91.03(Mbps)
  A-MPDU deaggregation successful 
SNRest=35.24dB

  DataBitrate (Mbps): 91.03
ack
new MCS = 10
Iter 33 | fb=ack | next: MCS=10 AMPDU=3 BWdec=2
  Gains: TX=20 dB, RX=25 dB | RX diag: RMS=1.570e-01, Peak=4.531e-01
  Estimated CFO: 121.9 Hz
 RXTIME of packet 1: 228us
  ChanEst mean|h|: 1.036 | HE-LTF rms: 1.044
  EVM trend [sym1..mid..end]: -38.5 -32.9 -34.2 -33.5 -35.3 -38.0 -36.7 -33.2 -32.6 dB
  EVM per-sym: -34.87 dB | EVM per-sc: -35.98 dB
 Databitrate of packet 1: 83.86(Mbps)
  A-MPDU deaggregation successful 
SNRest=39.62dB

  DataBitrate (Mbps): 83.86
ack
new MCS = 11
Iter 34 | fb=ack | next: MCS=11 AMPDU=3 BWdec=2
  Gains: TX=20 dB, RX=25 dB | RX diag: RMS=1.557e-01, Peak=4.809e-01
  Estimated CFO:  74.0 Hz
 RXTIME of packet 1: 212us
  ChanEst mean|h|: 1.036 | HE-LTF rms: 1.043
  EVM trend [sym1..mid..end]: -34.7 -39.2 -38.9 -36.5 -39.5 -37.7 -41.7 -36.3 -36.5 dB
  EVM per-sym: -37.64 dB | EVM per-sc: -38.71 dB
 Databitrate of packet 1: 91.03(Mbps)
  A-MPDU deaggregation successful 
SNRest=42.67dB

  DataBitrate (Mbps): 91.03
ack
new MCS = 11
Iter 35 | fb=ack | next: MCS=11 AMPDU=3 BWdec=2
  Gains: TX=20 dB, RX=25 dB | RX diag: RMS=1.556e-01, Peak=4.812e-01
  Estimated CFO: 268.9 Hz
 RXTIME of packet 1: 212us
  ChanEst mean|h|: 1.040 | HE-LTF rms: 1.048
  EVM trend [sym1..mid..end]: -27.5 -30.5 -31.3 -29.1 -29.4 -31.1 -31.2 -28.7 -29.9 dB
  EVM per-sym: -29.87 dB | EVM per-sc: -30.94 dB
 Databitrate of packet 1: 91.03(Mbps)
  A-MPDU deaggregation successful 
SNRest=35.34dB

  DataBitrate (Mbps): 91.03
ack
new MCS = 10
Iter 36 | fb=ack | next: MCS=10 AMPDU=3 BWdec=2
  Gains: TX=20 dB, RX=25 dB | RX diag: RMS=1.402e-01, Peak=4.528e-01
  Estimated CFO: -234.6 Hz
 RXTIME of packet 1: 228us
  ChanEst mean|h|: 1.035 | HE-LTF rms: 1.043
  EVM trend [sym1..mid..end]: -32.8 -27.2 -28.4 -31.6 -30.7 -29.4 -31.4 -32.7 -32.1 dB
  EVM per-sym: -30.66 dB | EVM per-sc: -31.66 dB
 Databitrate of packet 1: 83.86(Mbps)
  A-MPDU deaggregation successful 
SNRest=35.64dB

  DataBitrate (Mbps): 83.86
ack
new MCS = 10
Iter 37 | fb=ack | next: MCS=10 AMPDU=3 BWdec=2
  Gains: TX=20 dB, RX=25 dB | RX diag: RMS=1.401e-01, Peak=4.533e-01
  Estimated CFO:   5.2 Hz
 RXTIME of packet 1: 228us
  ChanEst mean|h|: 1.038 | HE-LTF rms: 1.045
  EVM trend [sym1..mid..end]: -37.2 -38.4 -34.3 -37.0 -35.6 -37.9 -36.1 -38.8 -38.0 dB
  EVM per-sym: -36.89 dB | EVM per-sc: -37.81 dB
 Databitrate of packet 1: 83.86(Mbps)
  A-MPDU deaggregation successful 
SNRest=42.78dB

  DataBitrate (Mbps): 83.86
ack
new MCS = 11
Iter 38 | fb=ack | next: MCS=11 AMPDU=3 BWdec=2
  Gains: TX=20 dB, RX=25 dB | RX diag: RMS=1.536e-01, Peak=4.574e-01
  Estimated CFO: -357.3 Hz
 RXTIME of packet 1: 212us
  ChanEst mean|h|: 1.034 | HE-LTF rms: 1.042
  EVM trend [sym1..mid..end]: -27.5 -26.7 -28.6 -27.0 -30.0 -28.5 -27.5 -28.7 -28.8 dB
  EVM per-sym: -28.12 dB | EVM per-sc: -28.99 dB
 Databitrate of packet 1: 91.03(Mbps)
  A-MPDU deaggregation successful 
SNRest=31.49dB

  DataBitrate (Mbps): 91.03
ack
new MCS = 8
Iter 39 | fb=ack | next: MCS=9 AMPDU=3 BWdec=2
  Gains: TX=20 dB, RX=25 dB | RX diag: RMS=1.544e-01, Peak=4.926e-01
  Estimated CFO: -318.2 Hz
 RXTIME of packet 1: 260us
  ChanEst mean|h|: 1.033 | HE-LTF rms: 1.042
  EVM trend [sym1..mid..end]: -28.1 -29.4 -31.0 -27.8 -29.7 -31.2 -29.8 -28.8 -26.8 dB
  EVM per-sym: -28.98 dB | EVM per-sc: -29.62 dB
 Databitrate of packet 1: 72.92(Mbps)
  A-MPDU deaggregation successful 
SNRest=33.99dB

  DataBitrate (Mbps): 72.92
ack
new MCS = 9
Iter 40 | fb=ack | next: MCS=9 AMPDU=3 BWdec=2
---- Progress 40/100 | current MCS=9 AMPDU=3 BWdec=2 ----
  Gains: TX=20 dB, RX=25 dB | RX diag: RMS=1.543e-01, Peak=4.938e-01
  Estimated CFO: -48.7 Hz
 RXTIME of packet 1: 260us
  ChanEst mean|h|: 1.040 | HE-LTF rms: 1.047
  EVM trend [sym1..mid..end]: -36.4 -39.8 -37.4 -39.7 -38.0 -41.1 -36.4 -38.2 -40.5 dB
  EVM per-sym: -38.55 dB | EVM per-sc: -38.97 dB
 Databitrate of packet 1: 72.92(Mbps)
  A-MPDU deaggregation successful 
SNRest=41.90dB

  DataBitrate (Mbps): 72.92
ack
new MCS = 11
Iter 41 | fb=ack | next: MCS=11 AMPDU=3 BWdec=2
  Gains: TX=20 dB, RX=25 dB | RX diag: RMS=1.520e-01, Peak=4.525e-01
  Estimated CFO: 239.9 Hz
 RXTIME of packet 1: 212us
  ChanEst mean|h|: 1.036 | HE-LTF rms: 1.044
  EVM trend [sym1..mid..end]: -32.3 -33.8 -32.5 -29.7 -29.0 -30.1 -30.8 -30.8 -33.8 dB
  EVM per-sym: -31.31 dB | EVM per-sc: -32.06 dB
 Databitrate of packet 1: 91.03(Mbps)
  A-MPDU deaggregation successful 
SNRest=34.24dB

  DataBitrate (Mbps): 91.03
ack
new MCS = 10
Iter 42 | fb=ack | next: MCS=10 AMPDU=3 BWdec=2
  Gains: TX=20 dB, RX=25 dB | RX diag: RMS=1.623e-01, Peak=5.030e-01
  Estimated CFO: -353.2 Hz
 RXTIME of packet 1: 228us
  ChanEst mean|h|: 1.040 | HE-LTF rms: 1.047
  EVM trend [sym1..mid..end]: -28.0 -31.1 -24.6 -28.7 -31.2 -29.6 -27.4 -25.6 -26.5 dB
  EVM per-sym: -28.12 dB | EVM per-sc: -29.24 dB
 Databitrate of packet 1: 83.86(Mbps)
  A-MPDU deaggregation successful 
SNRest=32.68dB

  DataBitrate (Mbps): 83.86
ack
new MCS = 9
Iter 43 | fb=ack | next: MCS=9 AMPDU=3 BWdec=2
  Gains: TX=20 dB, RX=25 dB | RX diag: RMS=1.458e-01, Peak=4.642e-01
  Estimated CFO: -118.5 Hz
 RXTIME of packet 1: 260us
  ChanEst mean|h|: 1.039 | HE-LTF rms: 1.047
  EVM trend [sym1..mid..end]: -35.5 -36.3 -35.9 -39.3 -36.3 -36.9 -35.3 -34.5 -36.6 dB
  EVM per-sym: -36.15 dB | EVM per-sc: -36.70 dB
 Databitrate of packet 1: 72.92(Mbps)
  A-MPDU deaggregation successful 
SNRest=39.29dB

  DataBitrate (Mbps): 72.92
ack
new MCS = 11
Iter 44 | fb=ack | next: MCS=11 AMPDU=3 BWdec=2
  Gains: TX=20 dB, RX=25 dB | RX diag: RMS=1.346e-01, Peak=4.949e-01
  Estimated CFO:  96.2 Hz
 RXTIME of packet 1: 212us
  ChanEst mean|h|: 1.040 | HE-LTF rms: 1.047
  EVM trend [sym1..mid..end]: -39.7 -36.0 -31.6 -37.4 -33.6 -35.5 -39.5 -36.7 -35.1 dB
  EVM per-sym: -35.63 dB | EVM per-sc: -37.00 dB
 Databitrate of packet 1: 91.03(Mbps)
  A-MPDU deaggregation successful 
SNRest=42.12dB

  DataBitrate (Mbps): 91.03
ack
new MCS = 11
Iter 45 | fb=ack | next: MCS=11 AMPDU=3 BWdec=2
  Gains: TX=20 dB, RX=25 dB | RX diag: RMS=1.346e-01, Peak=4.941e-01
  Estimated CFO: 107.8 Hz
 RXTIME of packet 1: 212us
  ChanEst mean|h|: 1.039 | HE-LTF rms: 1.045
  EVM trend [sym1..mid..end]: -36.2 -36.1 -33.3 -32.3 -36.4 -31.6 -36.8 -38.4 -34.7 dB
  EVM per-sym: -35.11 dB | EVM per-sc: -36.24 dB
 Databitrate of packet 1: 91.03(Mbps)
  A-MPDU deaggregation successful 
SNRest=38.13dB

  DataBitrate (Mbps): 91.03
ack
new MCS = 11
Iter 46 | fb=ack | next: MCS=11 AMPDU=3 BWdec=2
  Gains: TX=20 dB, RX=25 dB | RX diag: RMS=1.345e-01, Peak=4.945e-01
** No packet detected **
  [Diag] Recovery failed stage=pkt_detect, SNRest=1, rxRMS=1.345e-01, rxPeak=4.945e-01
new MCS = 11
arq
Iter 47 | fb=arq | next: MCS=11 AMPDU=3 BWdec=2
  Gains: TX=20 dB, RX=25 dB | RX diag: RMS=1.344e-01, Peak=4.934e-01
  Estimated CFO: -72.5 Hz
 RXTIME of packet 1: 212us
  ChanEst mean|h|: 1.034 | HE-LTF rms: 1.043
  EVM trend [sym1..mid..end]: -37.6 -35.6 -35.3 -35.6 -35.6 -34.3 -37.6 -36.4 -35.6 dB
  EVM per-sym: -35.51 dB | EVM per-sc: -36.10 dB
 Databitrate of packet 1: 91.03(Mbps)
  A-MPDU deaggregation successful 
SNRest=41.73dB

  DataBitrate (Mbps): 91.03
ack
new MCS = 11
Iter 48 | fb=ack | next: MCS=11 AMPDU=3 BWdec=2
  Gains: TX=20 dB, RX=25 dB | RX diag: RMS=1.344e-01, Peak=4.942e-01
  Estimated CFO:  56.8 Hz
 RXTIME of packet 1: 212us
  ChanEst mean|h|: 1.034 | HE-LTF rms: 1.043
  EVM trend [sym1..mid..end]: -39.1 -37.0 -38.0 -35.7 -37.1 -36.7 -38.7 -37.8 -35.9 dB
  EVM per-sym: -37.06 dB | EVM per-sc: -37.83 dB
 Databitrate of packet 1: 91.03(Mbps)
  A-MPDU deaggregation successful 
SNRest=39.16dB

  DataBitrate (Mbps): 91.03
ack
new MCS = 11
Iter 49 | fb=ack | next: MCS=11 AMPDU=3 BWdec=2
  Gains: TX=20 dB, RX=25 dB | RX diag: RMS=1.343e-01, Peak=4.932e-01
  Estimated CFO: 361.1 Hz
 RXTIME of packet 1: 212us
  ChanEst mean|h|: 1.034 | HE-LTF rms: 1.043
  EVM trend [sym1..mid..end]: -31.4 -30.1 -25.9 -28.9 -27.4 -27.1 -28.4 -29.6 -28.1 dB
  EVM per-sym: -28.45 dB | EVM per-sc: -29.60 dB
 Databitrate of packet 1: 91.03(Mbps)
  A-MPDU deaggregation successful 
SNRest=32.99dB

  DataBitrate (Mbps): 91.03
ack
new MCS = 9
Iter 50 | fb=ack | next: MCS=9 AMPDU=3 BWdec=2
---- Progress 50/100 | current MCS=9 AMPDU=3 BWdec=2 ----
  Gains: TX=20 dB, RX=25 dB | RX diag: RMS=1.506e-01, Peak=4.538e-01
  Estimated CFO: -302.6 Hz
 RXTIME of packet 1: 260us
  ChanEst mean|h|: 1.039 | HE-LTF rms: 1.047
  EVM trend [sym1..mid..end]: -30.3 -27.3 -29.4 -29.6 -32.2 -29.4 -31.8 -29.8 -28.5 dB
  EVM per-sym: -29.99 dB | EVM per-sc: -30.51 dB
 Databitrate of packet 1: 72.92(Mbps)
  A-MPDU deaggregation successful 
SNRest=34.34dB

  DataBitrate (Mbps): 72.92
ack
new MCS = 10
Iter 51 | fb=ack | next: MCS=10 AMPDU=3 BWdec=2
  Gains: TX=20 dB, RX=25 dB | RX diag: RMS=1.418e-01, Peak=4.618e-01
  Estimated CFO: -100.7 Hz
 RXTIME of packet 1: 228us
  ChanEst mean|h|: 1.038 | HE-LTF rms: 1.045
  EVM trend [sym1..mid..end]: -37.0 -36.8 -36.9 -34.7 -33.7 -37.7 -38.6 -35.2 -37.7 dB
  EVM per-sym: -36.28 dB | EVM per-sc: -36.86 dB
 Databitrate of packet 1: 83.86(Mbps)
  A-MPDU deaggregation successful 
SNRest=40.80dB

  DataBitrate (Mbps): 83.86
ack
new MCS = 11
Iter 52 | fb=ack | next: MCS=11 AMPDU=3 BWdec=2
  Gains: TX=20 dB, RX=25 dB | RX diag: RMS=1.511e-01, Peak=4.744e-01
  Estimated CFO: 343.8 Hz
 RXTIME of packet 1: 212us
  ChanEst mean|h|: 1.034 | HE-LTF rms: 1.043
  EVM trend [sym1..mid..end]: -29.5 -27.8 -28.3 -28.1 -29.2 -31.2 -29.4 -29.2 -28.6 dB
  EVM per-sym: -28.71 dB | EVM per-sc: -29.73 dB
 Databitrate of packet 1: 91.03(Mbps)
  A-MPDU deaggregation successful 
SNRest=33.96dB

  DataBitrate (Mbps): 91.03
ack
new MCS = 10
Iter 53 | fb=ack | next: MCS=10 AMPDU=3 BWdec=2
  Gains: TX=20 dB, RX=25 dB | RX diag: RMS=1.272e-01, Peak=4.481e-01
  Estimated CFO: 353.5 Hz
 RXTIME of packet 1: 228us
  ChanEst mean|h|: 1.036 | HE-LTF rms: 1.044
  EVM trend [sym1..mid..end]: -28.9 -27.9 -28.3 -30.4 -31.0 -27.7 -28.6 -26.8 -29.4 dB
  EVM per-sym: -28.69 dB | EVM per-sc: -29.34 dB
 Databitrate of packet 1: 83.86(Mbps)
  A-MPDU deaggregation successful 
SNRest=32.66dB

  DataBitrate (Mbps): 83.86
ack
new MCS = 9
Iter 54 | fb=ack | next: MCS=9 AMPDU=3 BWdec=2
  Gains: TX=20 dB, RX=25 dB | RX diag: RMS=1.516e-01, Peak=4.522e-01
  Estimated CFO:  68.1 Hz
 RXTIME of packet 1: 260us
  ChanEst mean|h|: 1.039 | HE-LTF rms: 1.046
  EVM trend [sym1..mid..end]: -40.9 -36.2 -36.3 -39.0 -37.8 -35.3 -40.4 -35.7 -36.7 dB
  EVM per-sym: -37.65 dB | EVM per-sc: -38.03 dB
 Databitrate of packet 1: 72.92(Mbps)
  A-MPDU deaggregation successful 
SNRest=42.79dB

  DataBitrate (Mbps): 72.92
ack
new MCS = 11
Iter 55 | fb=ack | next: MCS=11 AMPDU=3 BWdec=2
  Gains: TX=20 dB, RX=25 dB | RX diag: RMS=1.601e-01, Peak=4.802e-01
  Estimated CFO: -75041.6 Hz
  ** CFO outlier rejected: -75041.6 Hz **
  Estimated CFO: 116.4 Hz
 RXTIME of packet 2: 212us
  ChanEst mean|h|: 1.035 | HE-LTF rms: 1.043
  EVM trend [sym1..mid..end]: -38.7 -37.9 -35.6 -40.3 -38.4 -36.4 -35.0 -36.3 -36.4 dB
  EVM per-sym: -37.24 dB | EVM per-sc: -37.87 dB
 Databitrate of packet 2: 91.03(Mbps)
  A-MPDU deaggregation successful 
SNRest=42.42dB

  DataBitrate (Mbps): 45.51
  [Diag] Degraded success: usedPacket=2 skipped=1 cfoSkip=1 -> controller update down-weighted.
new MCS = 11
arq
Iter 56 | fb=arq | next: MCS=11 AMPDU=3 BWdec=2
  Gains: TX=20 dB, RX=25 dB | RX diag: RMS=1.601e-01, Peak=4.794e-01
  Estimated CFO: 219.6 Hz
 RXTIME of packet 1: 212us
  ChanEst mean|h|: 1.035 | HE-LTF rms: 1.043
  EVM trend [sym1..mid..end]: -33.6 -33.8 -33.8 -31.0 -35.6 -35.2 -34.4 -32.9 -34.4 dB
  EVM per-sym: -33.83 dB | EVM per-sc: -34.36 dB
 Databitrate of packet 1: 91.03(Mbps)
  A-MPDU deaggregation successful 
SNRest=36.69dB

  DataBitrate (Mbps): 91.03
ack
new MCS = 11
Iter 57 | fb=ack | next: MCS=11 AMPDU=3 BWdec=2
  Gains: TX=20 dB, RX=25 dB | RX diag: RMS=1.600e-01, Peak=4.802e-01
  Estimated CFO: -68091.8 Hz
  ** CFO outlier rejected: -68091.8 Hz **
  Estimated CFO: -404.0 Hz
 RXTIME of packet 2: 212us
  ChanEst mean|h|: 1.038 | HE-LTF rms: 1.045
  EVM trend [sym1..mid..end]: -29.8 -27.2 -29.0 -28.3 -29.2 -29.1 -29.0 -29.0 -28.3 dB
  EVM per-sym: -28.75 dB | EVM per-sc: -29.31 dB
 Databitrate of packet 2: 91.03(Mbps)
  A-MPDU deaggregation successful 
SNRest=31.45dB

  DataBitrate (Mbps): 45.51
  [Diag] Degraded success: usedPacket=2 skipped=1 cfoSkip=1 -> controller update down-weighted.
new MCS = 11
arq
Iter 58 | fb=arq | next: MCS=11 AMPDU=3 BWdec=2
  Gains: TX=20 dB, RX=25 dB | RX diag: RMS=1.600e-01, Peak=4.803e-01
  Estimated CFO: -161.8 Hz
 RXTIME of packet 1: 212us
  ChanEst mean|h|: 1.039 | HE-LTF rms: 1.046
  EVM trend [sym1..mid..end]: -37.3 -33.6 -33.4 -36.6 -37.0 -36.4 -34.6 -33.4 -37.1 dB
  EVM per-sym: -35.32 dB | EVM per-sc: -35.79 dB
 Databitrate of packet 1: 91.03(Mbps)
  A-MPDU deaggregation successful 
SNRest=36.85dB

  DataBitrate (Mbps): 91.03
ack
new MCS = 11
Iter 59 | fb=ack | next: MCS=11 AMPDU=3 BWdec=2
  Gains: TX=20 dB, RX=25 dB | RX diag: RMS=1.599e-01, Peak=4.803e-01
  Estimated CFO: -60.4 Hz
 RXTIME of packet 1: 212us
  ChanEst mean|h|: 1.040 | HE-LTF rms: 1.047
  EVM trend [sym1..mid..end]: -35.6 -33.6 -37.1 -35.6 -36.8 -38.4 -35.5 -38.4 -35.1 dB
  EVM per-sym: -36.39 dB | EVM per-sc: -37.09 dB
 Databitrate of packet 1: 91.03(Mbps)
  A-MPDU deaggregation successful 
SNRest=37.18dB

  DataBitrate (Mbps): 91.03
ack
new MCS = 11
Iter 60 | fb=ack | next: MCS=11 AMPDU=3 BWdec=2
---- Progress 60/100 | current MCS=11 AMPDU=3 BWdec=2 ----
  Gains: TX=20 dB, RX=25 dB | RX diag: RMS=1.599e-01, Peak=4.789e-01
  Estimated CFO: -131.4 Hz
 RXTIME of packet 1: 212us
  ChanEst mean|h|: 1.038 | HE-LTF rms: 1.045
  EVM trend [sym1..mid..end]: -36.3 -34.9 -40.5 -33.6 -38.4 -40.6 -37.6 -36.7 -36.0 dB
  EVM per-sym: -36.64 dB | EVM per-sc: -37.30 dB
 Databitrate of packet 1: 91.03(Mbps)
  A-MPDU deaggregation successful 
SNRest=40.08dB

  DataBitrate (Mbps): 91.03
ack
new MCS = 11
Iter 61 | fb=ack | next: MCS=11 AMPDU=3 BWdec=2
  Gains: TX=20 dB, RX=25 dB | RX diag: RMS=1.598e-01, Peak=4.798e-01
  Estimated CFO: 287.2 Hz
 RXTIME of packet 1: 212us
  ChanEst mean|h|: 1.039 | HE-LTF rms: 1.047
  EVM trend [sym1..mid..end]: -33.2 -31.1 -32.6 -29.7 -29.8 -31.1 -30.1 -31.7 -31.8 dB
  EVM per-sym: -31.19 dB | EVM per-sc: -31.67 dB
 Databitrate of packet 1: 91.03(Mbps)
  A-MPDU deaggregation successful 
SNRest=34.13dB

  DataBitrate (Mbps): 91.03
ack
new MCS = 10
Iter 62 | fb=ack | next: MCS=10 AMPDU=3 BWdec=2
  Gains: TX=20 dB, RX=25 dB | RX diag: RMS=1.197e-01, Peak=4.913e-01
  Estimated CFO: -482.4 Hz
 RXTIME of packet 1: 228us
  ChanEst mean|h|: 1.038 | HE-LTF rms: 1.047
  EVM trend [sym1..mid..end]: -27.2 -29.1 -24.0 -27.8 -28.8 -29.0 -27.8 -27.1 -28.0 dB
  EVM per-sym: -27.10 dB | EVM per-sc: -28.03 dB
 Databitrate of packet 1: 83.86(Mbps)
  A-MPDU deaggregation successful 
SNRest=30.97dB

  DataBitrate (Mbps): 83.86
ack
new MCS = 8
Iter 63 | fb=ack | next: MCS=8 AMPDU=3 BWdec=2
  Gains: TX=20 dB, RX=25 dB | RX diag: RMS=1.584e-01, Peak=4.950e-01
  Estimated CFO:  83.0 Hz
 RXTIME of packet 1: 276us
  ChanEst mean|h|: 1.034 | HE-LTF rms: 1.042
  EVM trend [sym1..mid..end]: -34.2 -38.9 -35.1 -40.4 -41.0 -38.5 -37.9 -38.1 -39.0 dB
  EVM per-sym: -37.80 dB | EVM per-sc: -38.32 dB
 Databitrate of packet 1: 69.47(Mbps)
  A-MPDU deaggregation successful 
SNRest=43.26dB

  DataBitrate (Mbps): 69.47
ack
new MCS = 11
Iter 64 | fb=ack | next: MCS=10 AMPDU=3 BWdec=2
  Gains: TX=20 dB, RX=25 dB | RX diag: RMS=1.360e-01, Peak=4.596e-01
  Estimated CFO:  39.5 Hz
 RXTIME of packet 1: 228us
  ChanEst mean|h|: 1.038 | HE-LTF rms: 1.047
  EVM trend [sym1..mid..end]: -38.9 -35.9 -39.6 -37.0 -38.6 -35.6 -36.8 -39.8 -38.2 dB
  EVM per-sym: -37.21 dB | EVM per-sc: -38.56 dB
 Databitrate of packet 1: 83.86(Mbps)
  A-MPDU deaggregation successful 
SNRest=45.02dB

  DataBitrate (Mbps): 83.86
ack
new MCS = 11
Iter 65 | fb=ack | next: MCS=11 AMPDU=3 BWdec=2
  Gains: TX=20 dB, RX=25 dB | RX diag: RMS=1.529e-01, Peak=4.601e-01
  Estimated CFO:  92.0 Hz
 RXTIME of packet 1: 212us
  ChanEst mean|h|: 1.035 | HE-LTF rms: 1.043
  EVM trend [sym1..mid..end]: -34.6 -35.5 -35.3 -36.0 -37.7 -35.2 -34.5 -34.7 -37.3 dB
  EVM per-sym: -35.65 dB | EVM per-sc: -36.40 dB
 Databitrate of packet 1: 91.03(Mbps)
  A-MPDU deaggregation successful 
SNRest=35.76dB

  DataBitrate (Mbps): 91.03
ack
new MCS = 11
Iter 66 | fb=ack | next: MCS=11 AMPDU=3 BWdec=2
  Gains: TX=20 dB, RX=25 dB | RX diag: RMS=1.528e-01, Peak=4.596e-01
** No packet detected **
  [Diag] Recovery failed stage=pkt_detect, SNRest=1, rxRMS=1.528e-01, rxPeak=4.596e-01
new MCS = 11
arq
Iter 67 | fb=arq | next: MCS=11 AMPDU=3 BWdec=2
  Gains: TX=20 dB, RX=25 dB | RX diag: RMS=1.528e-01, Peak=4.602e-01
  Estimated CFO: 124.2 Hz
 RXTIME of packet 1: 212us
  ChanEst mean|h|: 1.034 | HE-LTF rms: 1.043
  EVM trend [sym1..mid..end]: -31.3 -35.1 -34.4 -35.1 -33.4 -36.4 -33.7 -32.4 -38.1 dB
  EVM per-sym: -34.04 dB | EVM per-sc: -34.94 dB
 Databitrate of packet 1: 91.03(Mbps)
  A-MPDU deaggregation successful 
SNRest=37.43dB

  DataBitrate (Mbps): 91.03
ack
new MCS = 11
Iter 68 | fb=ack | next: MCS=11 AMPDU=3 BWdec=2
  Gains: TX=20 dB, RX=25 dB | RX diag: RMS=1.527e-01, Peak=4.597e-01
  Estimated CFO: -230.1 Hz
 RXTIME of packet 1: 212us
  ChanEst mean|h|: 1.039 | HE-LTF rms: 1.047
  EVM trend [sym1..mid..end]: -31.8 -32.0 -32.0 -34.3 -29.0 -32.7 -29.7 -31.1 -30.3 dB
  EVM per-sym: -31.19 dB | EVM per-sc: -32.24 dB
 Databitrate of packet 1: 91.03(Mbps)
  A-MPDU deaggregation successful 
SNRest=36.78dB

  DataBitrate (Mbps): 91.03
ack
new MCS = 11
Iter 69 | fb=ack | next: MCS=11 AMPDU=3 BWdec=2
  Gains: TX=20 dB, RX=25 dB | RX diag: RMS=1.527e-01, Peak=4.585e-01
** No packet detected **
  [Diag] Recovery failed stage=pkt_detect, SNRest=1, rxRMS=1.527e-01, rxPeak=4.585e-01
new MCS = 11
arq
Iter 70 | fb=arq | next: MCS=11 AMPDU=3 BWdec=2
---- Progress 70/100 | current MCS=11 AMPDU=3 BWdec=2 ----
  Gains: TX=20 dB, RX=25 dB | RX diag: RMS=1.526e-01, Peak=4.592e-01
  Estimated CFO: -198.2 Hz
 RXTIME of packet 1: 212us
  ChanEst mean|h|: 1.035 | HE-LTF rms: 1.043
  EVM trend [sym1..mid..end]: -28.2 -31.1 -34.6 -33.0 -32.9 -31.2 -30.6 -30.4 -33.5 dB
  EVM per-sym: -31.42 dB | EVM per-sc: -32.46 dB
 Databitrate of packet 1: 91.03(Mbps)
  A-MPDU deaggregation successful 
SNRest=36.27dB

  DataBitrate (Mbps): 91.03
ack
new MCS = 11
Iter 71 | fb=ack | next: MCS=11 AMPDU=3 BWdec=2
  Gains: TX=20 dB, RX=25 dB | RX diag: RMS=1.525e-01, Peak=4.586e-01
** No packet detected **
  [Diag] Recovery failed stage=pkt_detect, SNRest=1, rxRMS=1.525e-01, rxPeak=4.586e-01
new MCS = 11
arq
Iter 72 | fb=arq | next: MCS=11 AMPDU=3 BWdec=2
  Gains: TX=20 dB, RX=25 dB | RX diag: RMS=1.525e-01, Peak=4.594e-01
  Estimated CFO: 229.8 Hz
 RXTIME of packet 1: 212us
  ChanEst mean|h|: 1.033 | HE-LTF rms: 1.042
  EVM trend [sym1..mid..end]: -29.4 -29.5 -32.7 -30.8 -30.8 -32.7 -31.3 -30.7 -31.9 dB
  EVM per-sym: -31.11 dB | EVM per-sc: -32.10 dB
 Databitrate of packet 1: 91.03(Mbps)
  A-MPDU deaggregation successful 
SNRest=36.45dB

  DataBitrate (Mbps): 91.03
ack
new MCS = 11
Iter 73 | fb=ack | next: MCS=11 AMPDU=3 BWdec=2
  Gains: TX=20 dB, RX=25 dB | RX diag: RMS=1.525e-01, Peak=4.603e-01
  Estimated CFO: -221.5 Hz
 RXTIME of packet 1: 212us
  ChanEst mean|h|: 1.038 | HE-LTF rms: 1.045
  EVM trend [sym1..mid..end]: -26.9 -30.0 -32.9 -31.9 -30.9 -35.2 -31.7 -32.2 -32.8 dB
  EVM per-sym: -31.29 dB | EVM per-sc: -32.40 dB
 Databitrate of packet 1: 91.03(Mbps)
  A-MPDU deaggregation successful 
SNRest=36.96dB

  DataBitrate (Mbps): 91.03
ack
new MCS = 11
Iter 74 | fb=ack | next: MCS=11 AMPDU=3 BWdec=2
  Gains: TX=20 dB, RX=25 dB | RX diag: RMS=1.524e-01, Peak=4.587e-01
  Estimated CFO: -279.8 Hz
 RXTIME of packet 1: 212us
  ChanEst mean|h|: 1.039 | HE-LTF rms: 1.046
  EVM trend [sym1..mid..end]: -28.3 -30.8 -30.4 -29.9 -29.0 -31.5 -29.0 -28.8 -33.6 dB
  EVM per-sym: -29.80 dB | EVM per-sc: -30.81 dB
 Databitrate of packet 1: 91.03(Mbps)
  A-MPDU deaggregation successful 
SNRest=33.31dB

  DataBitrate (Mbps): 91.03
ack
new MCS = 9
Iter 75 | fb=ack | next: MCS=9 AMPDU=3 BWdec=2
  Gains: TX=20 dB, RX=25 dB | RX diag: RMS=1.523e-01, Peak=4.861e-01
  Estimated CFO: -63.1 Hz
 RXTIME of packet 1: 260us
  ChanEst mean|h|: 1.039 | HE-LTF rms: 1.046
  EVM trend [sym1..mid..end]: -36.4 -37.5 -37.3 -36.8 -37.0 -39.8 -39.6 -38.4 -35.7 dB
  EVM per-sym: -37.45 dB | EVM per-sc: -38.04 dB
 Databitrate of packet 1: 72.92(Mbps)
  A-MPDU deaggregation successful 
SNRest=42.70dB

  DataBitrate (Mbps): 72.92
ack
new MCS = 11
Iter 76 | fb=ack | next: MCS=11 AMPDU=3 BWdec=2
  Gains: TX=20 dB, RX=25 dB | RX diag: RMS=1.531e-01, Peak=4.775e-01
  Estimated CFO: -269.1 Hz
 RXTIME of packet 1: 212us
  ChanEst mean|h|: 1.039 | HE-LTF rms: 1.046
  EVM trend [sym1..mid..end]: -27.0 -32.1 -33.9 -31.4 -27.7 -28.0 -32.3 -26.3 -32.5 dB
  EVM per-sym: -30.04 dB | EVM per-sc: -31.29 dB
 Databitrate of packet 1: 91.03(Mbps)
  A-MPDU deaggregation successful 
SNRest=35.13dB

  DataBitrate (Mbps): 91.03
ack
new MCS = 10
Iter 77 | fb=ack | next: MCS=10 AMPDU=3 BWdec=2
  Gains: TX=20 dB, RX=25 dB | RX diag: RMS=1.620e-01, Peak=4.955e-01
  Estimated CFO: 125.6 Hz
 RXTIME of packet 1: 228us
  ChanEst mean|h|: 1.034 | HE-LTF rms: 1.042
  EVM trend [sym1..mid..end]: -35.6 -32.6 -35.0 -32.6 -36.2 -36.7 -29.7 -34.3 -35.1 dB
  EVM per-sym: -33.64 dB | EVM per-sc: -34.64 dB
 Databitrate of packet 1: 83.86(Mbps)
  A-MPDU deaggregation successful 
SNRest=40.33dB

  DataBitrate (Mbps): 83.86
ack
new MCS = 11
Iter 78 | fb=ack | next: MCS=11 AMPDU=3 BWdec=2
  Gains: TX=20 dB, RX=25 dB | RX diag: RMS=1.543e-01, Peak=4.767e-01
  Estimated CFO:  73.3 Hz
 RXTIME of packet 1: 212us
  ChanEst mean|h|: 1.034 | HE-LTF rms: 1.044
  EVM trend [sym1..mid..end]: -38.2 -37.6 -36.9 -39.0 -36.4 -40.4 -38.7 -35.0 -37.2 dB
  EVM per-sym: -37.28 dB | EVM per-sc: -37.77 dB
 Databitrate of packet 1: 91.03(Mbps)
  A-MPDU deaggregation successful 
SNRest=42.40dB

  DataBitrate (Mbps): 91.03
ack
new MCS = 11
Iter 79 | fb=ack | next: MCS=11 AMPDU=3 BWdec=2
  Gains: TX=20 dB, RX=25 dB | RX diag: RMS=1.543e-01, Peak=4.764e-01
  Estimated CFO: -75.8 Hz
 RXTIME of packet 1: 212us
  ChanEst mean|h|: 1.037 | HE-LTF rms: 1.044
  EVM trend [sym1..mid..end]: -37.8 -38.4 -37.8 -37.8 -39.6 -37.7 -33.1 -36.1 -33.2 dB
  EVM per-sym: -36.16 dB | EVM per-sc: -37.01 dB
 Databitrate of packet 1: 91.03(Mbps)
  A-MPDU deaggregation successful 
SNRest=41.09dB

  DataBitrate (Mbps): 91.03
ack
new MCS = 11
Iter 80 | fb=ack | next: MCS=11 AMPDU=3 BWdec=2
---- Progress 80/100 | current MCS=11 AMPDU=3 BWdec=2 ----
  Gains: TX=20 dB, RX=25 dB | RX diag: RMS=1.542e-01, Peak=4.762e-01
  Estimated CFO: -67121.6 Hz
  ** CFO outlier rejected: -67121.6 Hz **
  Estimated CFO: -87.0 Hz
 RXTIME of packet 2: 212us
  ChanEst mean|h|: 1.039 | HE-LTF rms: 1.045
  EVM trend [sym1..mid..end]: -35.3 -35.4 -37.2 -35.3 -36.9 -35.3 -32.7 -37.2 -36.9 dB
  EVM per-sym: -35.46 dB | EVM per-sc: -36.11 dB
 Databitrate of packet 2: 91.03(Mbps)
  A-MPDU deaggregation successful 
SNRest=37.85dB

  DataBitrate (Mbps): 45.51
  [Diag] Degraded success: usedPacket=2 skipped=1 cfoSkip=1 -> controller update down-weighted.
new MCS = 11
arq
Iter 81 | fb=arq | next: MCS=11 AMPDU=3 BWdec=2
  Gains: TX=20 dB, RX=25 dB | RX diag: RMS=1.542e-01, Peak=4.748e-01
  Estimated CFO: -113.0 Hz
 RXTIME of packet 1: 212us
  ChanEst mean|h|: 1.152 | HE-LTF rms: 1.160
  EVM trend [sym1..mid..end]: -31.5 -34.6 -35.6 -36.8 -34.5 -37.1 -36.2 -34.7 -32.9 dB
  EVM per-sym: -34.52 dB | EVM per-sc: -35.32 dB
 Databitrate of packet 1: 91.03(Mbps)
  A-MPDU deaggregation successful 
SNRest=37.05dB

  DataBitrate (Mbps): 91.03
ack
new MCS = 11
Iter 82 | fb=ack | next: MCS=11 AMPDU=3 BWdec=2
  Gains: TX=20 dB, RX=25 dB | RX diag: RMS=1.541e-01, Peak=4.756e-01
  Estimated CFO: -76475.0 Hz
  ** CFO outlier rejected: -76475.0 Hz **
  Estimated CFO: -139.6 Hz
 RXTIME of packet 2: 212us
  ChanEst mean|h|: 1.035 | HE-LTF rms: 1.042
  EVM trend [sym1..mid..end]: -34.9 -35.1 -35.8 -32.5 -33.4 -38.2 -33.7 -34.0 -31.7 dB
  EVM per-sym: -34.40 dB | EVM per-sc: -35.07 dB
 Databitrate of packet 2: 91.03(Mbps)
  A-MPDU deaggregation successful 
SNRest=40.13dB

  DataBitrate (Mbps): 45.51
  [Diag] Degraded success: usedPacket=2 skipped=1 cfoSkip=1 -> controller update down-weighted.
new MCS = 11
arq
Iter 83 | fb=arq | next: MCS=11 AMPDU=3 BWdec=2
  Gains: TX=20 dB, RX=25 dB | RX diag: RMS=1.540e-01, Peak=4.756e-01
  Estimated CFO: 111.1 Hz
 RXTIME of packet 1: 212us
  ChanEst mean|h|: 1.039 | HE-LTF rms: 1.046
  EVM trend [sym1..mid..end]: -35.1 -38.6 -34.7 -35.9 -34.5 -36.0 -32.6 -39.2 -34.5 dB
  EVM per-sym: -35.48 dB | EVM per-sc: -36.37 dB
 Databitrate of packet 1: 91.03(Mbps)
  A-MPDU deaggregation successful 
SNRest=37.83dB

  DataBitrate (Mbps): 91.03
ack
new MCS = 11
Iter 84 | fb=ack | next: MCS=11 AMPDU=3 BWdec=2
  Gains: TX=20 dB, RX=25 dB | RX diag: RMS=1.540e-01, Peak=4.762e-01
  Estimated CFO: -65.7 Hz
 RXTIME of packet 1: 212us
  ChanEst mean|h|: 1.038 | HE-LTF rms: 1.044
  EVM trend [sym1..mid..end]: -33.2 -39.3 -37.5 -39.5 -37.7 -37.6 -34.5 -38.2 -36.2 dB
  EVM per-sym: -36.94 dB | EVM per-sc: -38.15 dB
 Databitrate of packet 1: 91.03(Mbps)
  A-MPDU deaggregation successful 
SNRest=39.70dB

  DataBitrate (Mbps): 91.03
ack
new MCS = 11
Iter 85 | fb=ack | next: MCS=11 AMPDU=3 BWdec=2
  Gains: TX=20 dB, RX=25 dB | RX diag: RMS=1.540e-01, Peak=4.757e-01
  Estimated CFO: -75981.6 Hz
  ** CFO outlier rejected: -75981.6 Hz **
  Estimated CFO:  16.8 Hz
 RXTIME of packet 2: 212us
  ChanEst mean|h|: 1.035 | HE-LTF rms: 1.043
  EVM trend [sym1..mid..end]: -37.5 -37.7 -39.3 -39.8 -38.6 -39.8 -39.3 -40.2 -35.7 dB
  EVM per-sym: -38.38 dB | EVM per-sc: -39.77 dB
 Databitrate of packet 2: 91.03(Mbps)
  A-MPDU deaggregation successful 
SNRest=43.75dB

  DataBitrate (Mbps): 45.51
  [Diag] Degraded success: usedPacket=2 skipped=1 cfoSkip=1 -> controller update down-weighted.
new MCS = 11
arq
Iter 86 | fb=arq | next: MCS=11 AMPDU=3 BWdec=2
  Gains: TX=20 dB, RX=25 dB | RX diag: RMS=1.539e-01, Peak=4.743e-01
  Estimated CFO:  94.3 Hz
 RXTIME of packet 1: 212us
  ChanEst mean|h|: 1.035 | HE-LTF rms: 1.043
  EVM trend [sym1..mid..end]: -33.7 -34.7 -37.1 -34.9 -36.0 -33.0 -30.9 -36.9 -34.0 dB
  EVM per-sym: -34.62 dB | EVM per-sc: -35.65 dB
 Databitrate of packet 1: 91.03(Mbps)
  A-MPDU deaggregation successful 
SNRest=38.79dB

  DataBitrate (Mbps): 91.03
ack
new MCS = 11
Iter 87 | fb=ack | next: MCS=11 AMPDU=3 BWdec=2
  Gains: TX=20 dB, RX=25 dB | RX diag: RMS=1.538e-01, Peak=4.743e-01
  Estimated CFO:  46.4 Hz
 RXTIME of packet 1: 212us
  ChanEst mean|h|: 1.039 | HE-LTF rms: 1.048
  EVM trend [sym1..mid..end]: -38.3 -38.4 -37.7 -40.1 -35.9 -40.5 -33.5 -39.6 -37.5 dB
  EVM per-sym: -37.57 dB | EVM per-sc: -38.69 dB
 Databitrate of packet 1: 91.03(Mbps)
  A-MPDU deaggregation successful 
SNRest=42.52dB

  DataBitrate (Mbps): 91.03
ack
new MCS = 11
Iter 88 | fb=ack | next: MCS=11 AMPDU=3 BWdec=2
  Gains: TX=20 dB, RX=25 dB | RX diag: RMS=1.538e-01, Peak=4.749e-01
  Estimated CFO: 411.4 Hz
 RXTIME of packet 1: 212us
  ChanEst mean|h|: 1.039 | HE-LTF rms: 1.047
  EVM trend [sym1..mid..end]: -26.1 -29.3 -29.6 -29.1 -29.6 -27.1 -23.6 -26.4 -26.3 dB
  EVM per-sym: -27.32 dB | EVM per-sc: -28.40 dB
 Databitrate of packet 1: 91.03(Mbps)
  A-MPDU deaggregation successful 
SNRest=32.46dB

  DataBitrate (Mbps): 91.03
ack
new MCS = 9
Iter 89 | fb=ack | next: MCS=9 AMPDU=3 BWdec=2
  Gains: TX=20 dB, RX=25 dB | RX diag: RMS=1.623e-01, Peak=4.674e-01
  Estimated CFO: -287.6 Hz
 RXTIME of packet 1: 260us
  ChanEst mean|h|: 1.039 | HE-LTF rms: 1.047
  EVM trend [sym1..mid..end]: -28.0 -31.5 -31.4 -30.1 -30.6 -30.3 -28.9 -27.8 -28.0 dB
  EVM per-sym: -29.31 dB | EVM per-sc: -29.91 dB
 Databitrate of packet 1: 72.92(Mbps)
  A-MPDU deaggregation successful 
SNRest=33.06dB

  DataBitrate (Mbps): 72.92
ack
new MCS = 9
Iter 90 | fb=ack | next: MCS=9 AMPDU=3 BWdec=2
---- Progress 90/100 | current MCS=9 AMPDU=3 BWdec=2 ----
  Gains: TX=20 dB, RX=25 dB | RX diag: RMS=1.623e-01, Peak=4.669e-01
  Estimated CFO: 137.1 Hz
 RXTIME of packet 1: 260us
  ChanEst mean|h|: 1.039 | HE-LTF rms: 1.046
  EVM trend [sym1..mid..end]: -34.5 -35.1 -33.2 -36.5 -36.5 -34.8 -34.2 -32.5 -32.1 dB
  EVM per-sym: -34.07 dB | EVM per-sc: -34.54 dB
 Databitrate of packet 1: 72.92(Mbps)
  A-MPDU deaggregation successful 
SNRest=39.01dB

  DataBitrate (Mbps): 72.92
ack
new MCS = 11
Iter 91 | fb=ack | next: MCS=11 AMPDU=3 BWdec=2
  Gains: TX=20 dB, RX=25 dB | RX diag: RMS=1.233e-01, Peak=4.486e-01
  Estimated CFO:  -8.4 Hz
 RXTIME of packet 1: 212us
  ChanEst mean|h|: 1.035 | HE-LTF rms: 1.046
  EVM trend [sym1..mid..end]: -34.4 -36.9 -37.7 -38.4 -37.1 -39.1 -38.0 -39.2 -37.9 dB
  EVM per-sym: -37.44 dB | EVM per-sc: -38.32 dB
 Databitrate of packet 1: 91.03(Mbps)
  A-MPDU deaggregation successful 
SNRest=40.52dB

  DataBitrate (Mbps): 91.03
ack
new MCS = 11
Iter 92 | fb=ack | next: MCS=11 AMPDU=3 BWdec=2
  Gains: TX=20 dB, RX=25 dB | RX diag: RMS=1.232e-01, Peak=4.478e-01
  Estimated CFO:  -0.8 Hz
 RXTIME of packet 1: 212us
  ChanEst mean|h|: 1.035 | HE-LTF rms: 1.046
  EVM trend [sym1..mid..end]: -38.0 -38.2 -38.1 -38.3 -34.6 -38.4 -33.5 -39.1 -38.8 dB
  EVM per-sym: -36.99 dB | EVM per-sc: -38.41 dB
 Databitrate of packet 1: 91.03(Mbps)
  A-MPDU deaggregation successful 
SNRest=41.45dB

  DataBitrate (Mbps): 91.03
ack
new MCS = 11
Iter 93 | fb=ack | next: MCS=11 AMPDU=3 BWdec=2
  Gains: TX=20 dB, RX=25 dB | RX diag: RMS=1.232e-01, Peak=4.470e-01
  Estimated CFO: 170.5 Hz
 RXTIME of packet 1: 212us
  ChanEst mean|h|: 1.034 | HE-LTF rms: 1.043
  EVM trend [sym1..mid..end]: -33.4 -34.5 -31.6 -33.7 -33.2 -34.6 -34.9 -34.7 -36.0 dB
  EVM per-sym: -33.63 dB | EVM per-sc: -34.45 dB
 Databitrate of packet 1: 91.03(Mbps)
  A-MPDU deaggregation successful 
SNRest=38.55dB

  DataBitrate (Mbps): 91.03
ack
new MCS = 11
Iter 94 | fb=ack | next: MCS=11 AMPDU=3 BWdec=2
  Gains: TX=20 dB, RX=25 dB | RX diag: RMS=1.232e-01, Peak=4.478e-01
  Estimated CFO: -93809.0 Hz
  ** CFO outlier rejected: -93809.0 Hz **
  Estimated CFO: -262.8 Hz
 RXTIME of packet 2: 212us
  ChanEst mean|h|: 1.039 | HE-LTF rms: 1.047
  EVM trend [sym1..mid..end]: -31.4 -31.6 -28.5 -30.5 -28.7 -30.1 -29.4 -30.9 -30.7 dB
  EVM per-sym: -30.11 dB | EVM per-sc: -30.79 dB
 Databitrate of packet 2: 91.03(Mbps)
  A-MPDU deaggregation successful 
SNRest=33.58dB

  DataBitrate (Mbps): 45.51
  [Diag] Degraded success: usedPacket=2 skipped=1 cfoSkip=1 -> controller update down-weighted.
new MCS = 11
arq
Iter 95 | fb=arq | next: MCS=11 AMPDU=3 BWdec=2
  Gains: TX=20 dB, RX=25 dB | RX diag: RMS=1.232e-01, Peak=4.476e-01
  Estimated CFO: -146.7 Hz
 RXTIME of packet 1: 212us
  ChanEst mean|h|: 1.039 | HE-LTF rms: 1.046
  EVM trend [sym1..mid..end]: -31.8 -33.4 -35.4 -34.0 -32.4 -35.9 -31.0 -33.2 -30.5 dB
  EVM per-sym: -32.86 dB | EVM per-sc: -33.66 dB
 Databitrate of packet 1: 91.03(Mbps)
  A-MPDU deaggregation successful 
SNRest=37.55dB

  DataBitrate (Mbps): 91.03
ack
new MCS = 11
Iter 96 | fb=ack | next: MCS=11 AMPDU=3 BWdec=2
  Gains: TX=20 dB, RX=25 dB | RX diag: RMS=1.231e-01, Peak=4.480e-01
  Estimated CFO: -74621.0 Hz
  ** CFO outlier rejected: -74621.0 Hz **
  Estimated CFO: 119.5 Hz
 RXTIME of packet 2: 212us
  ChanEst mean|h|: 1.036 | HE-LTF rms: 1.045
  EVM trend [sym1..mid..end]: -34.2 -35.2 -35.6 -37.3 -37.8 -37.9 -30.8 -35.7 -36.9 dB
  EVM per-sym: -35.20 dB | EVM per-sc: -36.12 dB
 Databitrate of packet 2: 91.03(Mbps)
  A-MPDU deaggregation successful 
SNRest=38.02dB

  DataBitrate (Mbps): 45.51
  [Diag] Degraded success: usedPacket=2 skipped=1 cfoSkip=1 -> controller update down-weighted.
new MCS = 11
arq
Iter 97 | fb=arq | next: MCS=11 AMPDU=3 BWdec=2
  Gains: TX=20 dB, RX=25 dB | RX diag: RMS=1.231e-01, Peak=4.470e-01
  Estimated CFO: 413.7 Hz
 RXTIME of packet 1: 212us
  ChanEst mean|h|: 1.034 | HE-LTF rms: 1.045
  EVM trend [sym1..mid..end]: -27.1 -28.1 -26.5 -28.8 -26.9 -28.9 -26.3 -27.8 -27.0 dB
  EVM per-sym: -27.43 dB | EVM per-sc: -28.25 dB
 Databitrate of packet 1: 91.03(Mbps)
  A-MPDU deaggregation successful 
SNRest=31.29dB

  DataBitrate (Mbps): 91.03
ack
new MCS = 9
Iter 98 | fb=ack | next: MCS=9 AMPDU=3 BWdec=2
  Gains: TX=20 dB, RX=25 dB | RX diag: RMS=1.546e-01, Peak=4.430e-01
  Estimated CFO: 152.1 Hz
 RXTIME of packet 1: 260us
  ChanEst mean|h|: 1.040 | HE-LTF rms: 1.047
  EVM trend [sym1..mid..end]: -38.1 -33.7 -33.0 -35.2 -33.3 -34.2 -35.4 -36.8 -32.7 dB
  EVM per-sym: -34.67 dB | EVM per-sc: -35.26 dB
 Databitrate of packet 1: 72.92(Mbps)
  A-MPDU deaggregation successful 
SNRest=39.52dB

  DataBitrate (Mbps): 72.92
ack
new MCS = 11
Iter 99 | fb=ack | next: MCS=11 AMPDU=3 BWdec=2
  Gains: TX=20 dB, RX=25 dB | RX diag: RMS=1.546e-01, Peak=4.504e-01
  Estimated CFO:  27.9 Hz
 RXTIME of packet 1: 212us
  ChanEst mean|h|: 1.040 | HE-LTF rms: 1.047
  EVM trend [sym1..mid..end]: -39.5 -39.1 -37.3 -37.7 -32.8 -38.9 -38.2 -38.3 -36.7 dB
  EVM per-sym: -37.68 dB | EVM per-sc: -38.76 dB
 Databitrate of packet 1: 91.03(Mbps)
  A-MPDU deaggregation successful 
SNRest=42.80dB

  DataBitrate (Mbps): 91.03
ack
new MCS = 11
Iter 100 | fb=ack | next: MCS=11 AMPDU=3 BWdec=2
---- Progress 100/100 | current MCS=11 AMPDU=3 BWdec=2 ----
Done.
Stats | fallback=0 (0.0%), realDecode=96 (96.0%), qUpdate=85
StatsDiag | CFOoutliers=11, NoPkt=4, WrongTarget=0, PacketDetectFail=4, HESIGACRC=0, FCSFail=0, Packet2Success=11, DegradedSuccess=11, CtrlFreeze=0
StatsPER | meanPER=0.000, medianPER=0.000
StatsTP | meanTput=81.43 Mbps, medianTput=86.94 Mbps, peakTput=158.90 Mbps
Final state | MCS=11 AMPDU=3 BWdec=2 lastSNR=42.80 dB
