Run log file: C:\Users\welcome\Desktop\X410_CombinedTxRx_XL\logs\run_QLOLLA_20260512_210829.log
Algorithm mode: QLOLLA
Stable loopback point | TX=20 dB RX=25 dB | strict real-decode mode
  Gains: TX=20 dB, RX=25 dB | RX diag: RMS=1.119e-01, Peak=4.219e-01
  Estimated CFO: 223.6 Hz
 RXTIME of packet 1: 116us
  ChanEst mean|h|: 1.034 | HE-LTF rms: 1.043
  EVM per-sym: -34.63 dB | EVM per-sc: -35.12 dB
 Databitrate of packet 1: 3.32(Mbps)
  A-MPDU deaggregation successful 
SNRest=59.91dB

  DataBitrate (Mbps): 3.32
ack
new MCS = 11
Iter 1 | fb=ack | next: MCS=11 AMPDU=4 BWdec=2
  Gains: TX=20 dB, RX=25 dB | RX diag: RMS=1.345e-01, Peak=4.728e-01
  Estimated CFO: 113.6 Hz
 RXTIME of packet 1: 212us
  ChanEst mean|h|: 1.034 | HE-LTF rms: 1.044
  EVM trend [sym1..mid..end]: -35.2 -34.0 -33.4 -36.2 -34.8 -35.5 -35.0 -33.0 -33.7 dB
  EVM per-sym: -34.77 dB | EVM per-sc: -35.91 dB
 Databitrate of packet 1: 91.03(Mbps)
  A-MPDU deaggregation successful 
SNRest=62.44dB

  DataBitrate (Mbps): 91.03
ack
new MCS = 11
Iter 2 | fb=ack | next: MCS=11 AMPDU=5 BWdec=2
  Gains: TX=20 dB, RX=25 dB | RX diag: RMS=1.433e-01, Peak=4.273e-01
  Estimated CFO: 32113.5 Hz
** wrong target packet detected
new MCS = 11
arq
Iter 3 | fb=arq | next: MCS=11 AMPDU=5 BWdec=2
  Gains: TX=20 dB, RX=25 dB | RX diag: RMS=1.433e-01, Peak=4.270e-01
  Estimated CFO: -292.7 Hz
 RXTIME of packet 1: 212us
  ChanEst mean|h|: 1.039 | HE-LTF rms: 1.047
  EVM trend [sym1..mid..end]: -30.7 -30.6 -30.9 -30.0 -31.7 -30.9 -26.7 -31.7 -32.5 dB
  EVM per-sym: -30.37 dB | EVM per-sc: -31.33 dB
 Databitrate of packet 1: 91.03(Mbps)
  A-MPDU deaggregation successful 
SNRest=58.40dB

  DataBitrate (Mbps): 91.03
ack
new MCS = 11
Iter 4 | fb=ack | next: MCS=11 AMPDU=5 BWdec=2
  Gains: TX=20 dB, RX=25 dB | RX diag: RMS=1.433e-01, Peak=4.279e-01
  Estimated CFO: 224.9 Hz
 RXTIME of packet 1: 212us
  ChanEst mean|h|: 1.040 | HE-LTF rms: 1.047
  EVM trend [sym1..mid..end]: -31.2 -30.4 -30.0 -32.3 -31.4 -32.6 -27.6 -32.4 -31.6 dB
  EVM per-sym: -30.89 dB | EVM per-sc: -31.75 dB
 Databitrate of packet 1: 91.03(Mbps)
  A-MPDU deaggregation successful 
SNRest=59.28dB

  DataBitrate (Mbps): 91.03
ack
new MCS = 11
Iter 5 | fb=ack | next: MCS=11 AMPDU=5 BWdec=2
  Gains: TX=20 dB, RX=25 dB | RX diag: RMS=1.433e-01, Peak=4.281e-01
  Estimated CFO: 353.4 Hz
 RXTIME of packet 1: 212us
  ChanEst mean|h|: 1.038 | HE-LTF rms: 1.045
  EVM trend [sym1..mid..end]: -29.5 -28.1 -28.2 -28.7 -31.3 -30.4 -26.0 -29.0 -29.3 dB
  EVM per-sym: -28.70 dB | EVM per-sc: -29.53 dB
 Databitrate of packet 1: 91.03(Mbps)
  A-MPDU deaggregation successful 
SNRest=56.23dB

  DataBitrate (Mbps): 91.03
ack
new MCS = 11
Iter 6 | fb=ack | next: MCS=11 AMPDU=5 BWdec=2
  Gains: TX=20 dB, RX=25 dB | RX diag: RMS=1.433e-01, Peak=4.273e-01
  Estimated CFO:  34.9 Hz
 RXTIME of packet 1: 212us
  ChanEst mean|h|: 1.034 | HE-LTF rms: 1.043
  EVM trend [sym1..mid..end]: -39.8 -38.2 -38.0 -39.2 -36.7 -37.2 -38.1 -38.9 -39.4 dB
  EVM per-sym: -38.42 dB | EVM per-sc: -38.96 dB
 Databitrate of packet 1: 91.03(Mbps)
  A-MPDU deaggregation successful 
SNRest=67.39dB

  DataBitrate (Mbps): 91.03
ack
new MCS = 11
Iter 7 | fb=ack | next: MCS=11 AMPDU=5 BWdec=2
  Gains: TX=20 dB, RX=25 dB | RX diag: RMS=1.433e-01, Peak=4.272e-01
  Estimated CFO: 353.8 Hz
 RXTIME of packet 1: 212us
  ChanEst mean|h|: 1.039 | HE-LTF rms: 1.046
  EVM trend [sym1..mid..end]: -28.8 -26.8 -29.3 -28.9 -27.2 -28.8 -24.6 -29.7 -29.4 dB
  EVM per-sym: -28.20 dB | EVM per-sc: -29.18 dB
 Databitrate of packet 1: 91.03(Mbps)
  A-MPDU deaggregation successful 
SNRest=55.49dB

  DataBitrate (Mbps): 91.03
ack
new MCS = 11
Iter 8 | fb=ack | next: MCS=11 AMPDU=5 BWdec=2
  Gains: TX=20 dB, RX=25 dB | RX diag: RMS=1.433e-01, Peak=4.290e-01
  Estimated CFO:  16.4 Hz
 RXTIME of packet 1: 212us
  ChanEst mean|h|: 1.039 | HE-LTF rms: 1.046
  EVM trend [sym1..mid..end]: -40.6 -38.6 -36.5 -39.3 -37.1 -38.3 -40.6 -37.5 -39.1 dB
  EVM per-sym: -38.52 dB | EVM per-sc: -39.25 dB
 Databitrate of packet 1: 91.03(Mbps)
  A-MPDU deaggregation successful 
SNRest=66.96dB

  DataBitrate (Mbps): 91.03
ack
new MCS = 11
Iter 9 | fb=ack | next: MCS=11 AMPDU=5 BWdec=2
  Gains: TX=20 dB, RX=25 dB | RX diag: RMS=1.433e-01, Peak=4.275e-01
  Estimated CFO: 281.7 Hz
 RXTIME of packet 1: 212us
  ChanEst mean|h|: 1.035 | HE-LTF rms: 1.043
  EVM trend [sym1..mid..end]: -32.5 -31.0 -30.6 -32.8 -31.4 -29.6 -26.8 -30.2 -30.4 dB
  EVM per-sym: -30.42 dB | EVM per-sc: -31.29 dB
 Databitrate of packet 1: 91.03(Mbps)
  A-MPDU deaggregation successful 
SNRest=57.37dB

  DataBitrate (Mbps): 91.03
ack
new MCS = 11
Iter 10 | fb=ack | next: MCS=11 AMPDU=5 BWdec=2
---- Progress 10/100 | current MCS=11 AMPDU=5 BWdec=2 ----
  Gains: TX=20 dB, RX=25 dB | RX diag: RMS=1.433e-01, Peak=4.275e-01
  Estimated CFO: -74.1 Hz
 RXTIME of packet 1: 212us
  ChanEst mean|h|: 1.034 | HE-LTF rms: 1.044
  EVM trend [sym1..mid..end]: -37.2 -35.1 -39.1 -39.3 -39.3 -37.9 -35.7 -38.2 -36.2 dB
  EVM per-sym: -37.45 dB | EVM per-sc: -38.52 dB
 Databitrate of packet 1: 91.03(Mbps)
  A-MPDU deaggregation successful 
SNRest=67.27dB

  DataBitrate (Mbps): 91.03
ack
new MCS = 11
Iter 11 | fb=ack | next: MCS=11 AMPDU=5 BWdec=2
  Gains: TX=20 dB, RX=25 dB | RX diag: RMS=1.432e-01, Peak=4.283e-01
  Estimated CFO: 235.5 Hz
 RXTIME of packet 1: 212us
  ChanEst mean|h|: 1.036 | HE-LTF rms: 1.044
  EVM trend [sym1..mid..end]: -31.5 -30.9 -32.8 -34.3 -32.7 -30.3 -27.8 -31.9 -31.8 dB
  EVM per-sym: -31.54 dB | EVM per-sc: -32.46 dB
 Databitrate of packet 1: 91.03(Mbps)
  A-MPDU deaggregation successful 
SNRest=60.04dB

  DataBitrate (Mbps): 91.03
ack
new MCS = 11
Iter 12 | fb=ack | next: MCS=11 AMPDU=5 BWdec=2
  Gains: TX=20 dB, RX=25 dB | RX diag: RMS=1.433e-01, Peak=4.273e-01
** No packet detected **
new MCS = 11
arq
Iter 13 | fb=arq | next: MCS=11 AMPDU=5 BWdec=2
  Gains: TX=20 dB, RX=25 dB | RX diag: RMS=1.433e-01, Peak=4.277e-01
  Estimated CFO: -305.7 Hz
 RXTIME of packet 1: 212us
  ChanEst mean|h|: 1.033 | HE-LTF rms: 1.043
  EVM trend [sym1..mid..end]: -32.3 -29.7 -29.0 -29.1 -30.0 -29.6 -23.8 -31.0 -33.1 dB
  EVM per-sym: -29.36 dB | EVM per-sc: -30.48 dB
 Databitrate of packet 1: 91.03(Mbps)
  A-MPDU deaggregation successful 
SNRest=57.55dB

  DataBitrate (Mbps): 91.03
ack
new MCS = 11
Iter 14 | fb=ack | next: MCS=11 AMPDU=5 BWdec=2
  Gains: TX=20 dB, RX=25 dB | RX diag: RMS=1.432e-01, Peak=4.276e-01
  Estimated CFO: -366.7 Hz
 RXTIME of packet 1: 212us
  ChanEst mean|h|: 1.034 | HE-LTF rms: 1.044
  EVM trend [sym1..mid..end]: -29.5 -28.1 -26.6 -28.8 -27.7 -27.4 -23.5 -28.6 -28.9 dB
  EVM per-sym: -27.52 dB | EVM per-sc: -28.59 dB
 Databitrate of packet 1: 91.03(Mbps)
  A-MPDU deaggregation successful 
SNRest=55.24dB

  DataBitrate (Mbps): 91.03
ack
new MCS = 11
Iter 15 | fb=ack | next: MCS=11 AMPDU=5 BWdec=2
  Gains: TX=20 dB, RX=25 dB | RX diag: RMS=1.432e-01, Peak=4.281e-01
  Estimated CFO: -107.3 Hz
 RXTIME of packet 1: 212us
  ChanEst mean|h|: 1.035 | HE-LTF rms: 1.043
  EVM trend [sym1..mid..end]: -34.8 -34.1 -35.7 -35.1 -35.2 -37.6 -32.5 -38.0 -37.9 dB
  EVM per-sym: -35.18 dB | EVM per-sc: -36.02 dB
 Databitrate of packet 1: 91.03(Mbps)
  A-MPDU deaggregation successful 
SNRest=62.33dB

  DataBitrate (Mbps): 91.03
ack
new MCS = 11
Iter 16 | fb=ack | next: MCS=11 AMPDU=5 BWdec=2
  Gains: TX=20 dB, RX=25 dB | RX diag: RMS=1.432e-01, Peak=4.273e-01
  Estimated CFO: -100.2 Hz
 RXTIME of packet 1: 212us
  ChanEst mean|h|: 1.038 | HE-LTF rms: 1.045
  EVM trend [sym1..mid..end]: -38.4 -36.8 -33.4 -37.3 -37.8 -35.2 -32.3 -37.0 -35.3 dB
  EVM per-sym: -35.63 dB | EVM per-sc: -36.73 dB
 Databitrate of packet 1: 91.03(Mbps)
  A-MPDU deaggregation successful 
SNRest=64.37dB

  DataBitrate (Mbps): 91.03
ack
new MCS = 11
Iter 17 | fb=ack | next: MCS=11 AMPDU=5 BWdec=2
  Gains: TX=20 dB, RX=25 dB | RX diag: RMS=1.432e-01, Peak=4.276e-01
  Estimated CFO: -53.6 Hz
 RXTIME of packet 1: 212us
  ChanEst mean|h|: 1.034 | HE-LTF rms: 1.044
  EVM trend [sym1..mid..end]: -39.9 -34.3 -38.1 -36.8 -37.8 -35.8 -31.8 -37.7 -37.3 dB
  EVM per-sym: -36.52 dB | EVM per-sc: -37.81 dB
 Databitrate of packet 1: 91.03(Mbps)
  A-MPDU deaggregation successful 
SNRest=66.23dB

  DataBitrate (Mbps): 91.03
ack
new MCS = 11
Iter 18 | fb=ack | next: MCS=11 AMPDU=5 BWdec=2
  Gains: TX=20 dB, RX=25 dB | RX diag: RMS=1.432e-01, Peak=4.286e-01
  Estimated CFO: -96.5 Hz
 RXTIME of packet 1: 212us
  ChanEst mean|h|: 1.034 | HE-LTF rms: 1.043
  EVM trend [sym1..mid..end]: -37.5 -37.8 -39.2 -36.3 -34.3 -40.1 -31.5 -36.9 -39.2 dB
  EVM per-sym: -36.50 dB | EVM per-sc: -37.66 dB
 Databitrate of packet 1: 91.03(Mbps)
  A-MPDU deaggregation successful 
SNRest=66.64dB

  DataBitrate (Mbps): 91.03
ack
new MCS = 11
Iter 19 | fb=ack | next: MCS=11 AMPDU=5 BWdec=2
  Gains: TX=20 dB, RX=25 dB | RX diag: RMS=1.432e-01, Peak=4.277e-01
  Estimated CFO: 198.6 Hz
 RXTIME of packet 1: 212us
  ChanEst mean|h|: 1.039 | HE-LTF rms: 1.047
  EVM trend [sym1..mid..end]: -34.5 -32.1 -30.8 -31.8 -34.0 -30.9 -29.2 -33.3 -33.7 dB
  EVM per-sym: -32.24 dB | EVM per-sc: -33.21 dB
 Databitrate of packet 1: 91.03(Mbps)
  A-MPDU deaggregation successful 
SNRest=61.37dB

  DataBitrate (Mbps): 91.03
ack
new MCS = 11
Iter 20 | fb=ack | next: MCS=11 AMPDU=5 BWdec=2
---- Progress 20/100 | current MCS=11 AMPDU=5 BWdec=2 ----
  Gains: TX=20 dB, RX=25 dB | RX diag: RMS=1.432e-01, Peak=4.278e-01
  Estimated CFO: -68.6 Hz
 RXTIME of packet 1: 212us
  ChanEst mean|h|: 1.039 | HE-LTF rms: 1.045
  EVM trend [sym1..mid..end]: -36.8 -38.5 -36.3 -36.2 -38.2 -36.4 -32.7 -37.4 -35.0 dB
  EVM per-sym: -36.31 dB | EVM per-sc: -37.36 dB
 Databitrate of packet 1: 91.03(Mbps)
  A-MPDU deaggregation successful 
SNRest=62.90dB

  DataBitrate (Mbps): 91.03
ack
new MCS = 11
Iter 21 | fb=ack | next: MCS=11 AMPDU=5 BWdec=2
  Gains: TX=20 dB, RX=25 dB | RX diag: RMS=1.432e-01, Peak=4.281e-01
  Estimated CFO: 305.8 Hz
 RXTIME of packet 1: 212us
  ChanEst mean|h|: 1.036 | HE-LTF rms: 1.045
  EVM trend [sym1..mid..end]: -31.2 -30.1 -30.4 -28.5 -31.3 -30.6 -25.6 -28.9 -30.9 dB
  EVM per-sym: -29.63 dB | EVM per-sc: -30.70 dB
 Databitrate of packet 1: 91.03(Mbps)
  A-MPDU deaggregation successful 
SNRest=57.86dB

  DataBitrate (Mbps): 91.03
ack
new MCS = 11
Iter 22 | fb=ack | next: MCS=11 AMPDU=5 BWdec=2
  Gains: TX=20 dB, RX=25 dB | RX diag: RMS=1.433e-01, Peak=4.282e-01
  Estimated CFO: -477.8 Hz
 RXTIME of packet 1: 212us
  ChanEst mean|h|: 1.035 | HE-LTF rms: 1.044
  EVM trend [sym1..mid..end]: -28.7 -26.8 -27.2 -25.7 -27.3 -26.9 -23.9 -27.1 -28.7 dB
  EVM per-sym: -26.75 dB | EVM per-sc: -27.70 dB
 Databitrate of packet 1: 91.03(Mbps)
  A-MPDU deaggregation successful 
SNRest=53.88dB

  DataBitrate (Mbps): 91.03
ack
new MCS = 11
Iter 23 | fb=ack | next: MCS=11 AMPDU=5 BWdec=2
  Gains: TX=20 dB, RX=25 dB | RX diag: RMS=1.432e-01, Peak=4.277e-01
  Estimated CFO: -137.8 Hz
 RXTIME of packet 1: 212us
  ChanEst mean|h|: 1.040 | HE-LTF rms: 1.047
  EVM trend [sym1..mid..end]: -36.8 -34.5 -34.0 -37.5 -36.4 -32.0 -31.0 -34.7 -34.2 dB
  EVM per-sym: -34.41 dB | EVM per-sc: -35.56 dB
 Databitrate of packet 1: 91.03(Mbps)
  A-MPDU deaggregation successful 
SNRest=63.75dB

  DataBitrate (Mbps): 91.03
ack
new MCS = 11
Iter 24 | fb=ack | next: MCS=11 AMPDU=5 BWdec=2
  Gains: TX=20 dB, RX=25 dB | RX diag: RMS=1.432e-01, Peak=4.270e-01
  Estimated CFO: -263.2 Hz
 RXTIME of packet 1: 212us
  ChanEst mean|h|: 1.034 | HE-LTF rms: 1.043
  EVM trend [sym1..mid..end]: -32.3 -31.2 -30.3 -30.5 -32.4 -28.9 -26.4 -30.8 -32.3 dB
  EVM per-sym: -30.38 dB | EVM per-sc: -31.49 dB
 Databitrate of packet 1: 91.03(Mbps)
  A-MPDU deaggregation successful 
SNRest=58.26dB

  DataBitrate (Mbps): 91.03
ack
new MCS = 11
Iter 25 | fb=ack | next: MCS=11 AMPDU=5 BWdec=2
  Gains: TX=20 dB, RX=25 dB | RX diag: RMS=1.432e-01, Peak=4.283e-01
  Estimated CFO: 87980.1 Hz
** wrong target packet detected
new MCS = 11
arq
Iter 26 | fb=arq | next: MCS=11 AMPDU=5 BWdec=2
  Gains: TX=20 dB, RX=25 dB | RX diag: RMS=1.432e-01, Peak=4.284e-01
  Estimated CFO: -292.0 Hz
 RXTIME of packet 1: 212us
  ChanEst mean|h|: 1.035 | HE-LTF rms: 1.044
  EVM trend [sym1..mid..end]: -31.4 -28.6 -29.5 -28.7 -31.5 -29.2 -25.3 -29.2 -30.5 dB
  EVM per-sym: -29.16 dB | EVM per-sc: -30.23 dB
 Databitrate of packet 1: 91.03(Mbps)
  A-MPDU deaggregation successful 
SNRest=55.68dB

  DataBitrate (Mbps): 91.03
ack
new MCS = 11
Iter 27 | fb=ack | next: MCS=11 AMPDU=5 BWdec=2
  Gains: TX=20 dB, RX=25 dB | RX diag: RMS=1.432e-01, Peak=4.276e-01
  Estimated CFO:  71.5 Hz
 RXTIME of packet 1: 212us
  ChanEst mean|h|: 1.034 | HE-LTF rms: 1.043
  EVM trend [sym1..mid..end]: -39.0 -38.6 -35.9 -38.0 -38.1 -35.1 -34.0 -40.0 -35.9 dB
  EVM per-sym: -37.10 dB | EVM per-sc: -38.23 dB
 Databitrate of packet 1: 91.03(Mbps)
  A-MPDU deaggregation successful 
SNRest=66.62dB

  DataBitrate (Mbps): 91.03
ack
new MCS = 11
Iter 28 | fb=ack | next: MCS=11 AMPDU=5 BWdec=2
  Gains: TX=20 dB, RX=25 dB | RX diag: RMS=1.432e-01, Peak=4.275e-01
  Estimated CFO:  60.2 Hz
 RXTIME of packet 1: 212us
  ChanEst mean|h|: 1.034 | HE-LTF rms: 1.043
  EVM trend [sym1..mid..end]: -37.4 -37.3 -34.3 -35.9 -35.5 -36.7 -36.0 -37.2 -35.8 dB
  EVM per-sym: -36.33 dB | EVM per-sc: -37.09 dB
 Databitrate of packet 1: 91.03(Mbps)
  A-MPDU deaggregation successful 
SNRest=64.60dB

  DataBitrate (Mbps): 91.03
ack
new MCS = 11
Iter 29 | fb=ack | next: MCS=11 AMPDU=5 BWdec=2
  Gains: TX=20 dB, RX=25 dB | RX diag: RMS=1.432e-01, Peak=4.272e-01
  Estimated CFO: 122.9 Hz
 RXTIME of packet 1: 212us
  ChanEst mean|h|: 1.034 | HE-LTF rms: 1.043
  EVM trend [sym1..mid..end]: -35.1 -36.8 -33.7 -35.8 -35.2 -35.6 -33.2 -38.5 -35.2 dB
  EVM per-sym: -35.24 dB | EVM per-sc: -35.95 dB
 Databitrate of packet 1: 91.03(Mbps)
  A-MPDU deaggregation successful 
SNRest=63.06dB

  DataBitrate (Mbps): 91.03
ack
new MCS = 11
Iter 30 | fb=ack | next: MCS=11 AMPDU=5 BWdec=2
---- Progress 30/100 | current MCS=11 AMPDU=5 BWdec=2 ----
  Gains: TX=20 dB, RX=25 dB | RX diag: RMS=1.432e-01, Peak=4.275e-01
  Estimated CFO: 694.1 Hz
 RXTIME of packet 1: 212us
  ChanEst mean|h|: 1.034 | HE-LTF rms: 1.043
  EVM trend [sym1..mid..end]: -23.1 -24.8 -25.6 -24.1 -25.5 -22.7 -21.7 -25.3 -26.0 dB
  EVM per-sym: -24.29 dB | EVM per-sc: -25.78 dB
 Databitrate of packet 1: 91.03(Mbps)
  A-MPDU deaggregation unsuccessful 
new MCS = 11
arq
Iter 31 | fb=arq | next: MCS=11 AMPDU=1 BWdec=2
  Gains: TX=20 dB, RX=25 dB | RX diag: RMS=1.545e-01, Peak=4.419e-01
  Estimated CFO: -103137.0 Hz
** wrong target packet detected
new MCS = 11
arq
Iter 32 | fb=arq | next: MCS=11 AMPDU=1 BWdec=2
  Gains: TX=20 dB, RX=25 dB | RX diag: RMS=1.545e-01, Peak=4.408e-01
  Estimated CFO: -80.8 Hz
 RXTIME of packet 1: 68us
  ChanEst mean|h|: 1.039 | HE-LTF rms: 1.046
  EVM per-sym: -37.32 dB | EVM per-sc: -40.47 dB
 Databitrate of packet 1: 6.86(Mbps)
  A-MPDU deaggregation successful 
SNRest=68.02dB

  DataBitrate (Mbps): 6.86
ack
new MCS = 11
Iter 33 | fb=ack | next: MCS=11 AMPDU=4 BWdec=2
  Gains: TX=20 dB, RX=25 dB | RX diag: RMS=1.510e-01, Peak=4.345e-01
  Estimated CFO: -80.7 Hz
 RXTIME of packet 1: 212us
  ChanEst mean|h|: 1.039 | HE-LTF rms: 1.047
  EVM trend [sym1..mid..end]: -37.6 -38.5 -38.0 -35.0 -40.3 -36.7 -35.8 -38.0 -39.6 dB
  EVM per-sym: -37.68 dB | EVM per-sc: -38.65 dB
 Databitrate of packet 1: 91.03(Mbps)
  A-MPDU deaggregation successful 
SNRest=66.57dB

  DataBitrate (Mbps): 91.03
ack
new MCS = 11
Iter 34 | fb=ack | next: MCS=11 AMPDU=5 BWdec=2
  Gains: TX=20 dB, RX=25 dB | RX diag: RMS=1.399e-01, Peak=4.319e-01
  Estimated CFO: -225.5 Hz
 RXTIME of packet 1: 212us
  ChanEst mean|h|: 1.039 | HE-LTF rms: 1.047
  EVM trend [sym1..mid..end]: -33.5 -32.7 -30.0 -30.6 -31.7 -31.9 -30.6 -30.9 -31.2 dB
  EVM per-sym: -31.16 dB | EVM per-sc: -31.87 dB
 Databitrate of packet 1: 91.03(Mbps)
  A-MPDU deaggregation successful 
SNRest=57.83dB

  DataBitrate (Mbps): 91.03
ack
new MCS = 11
Iter 35 | fb=ack | next: MCS=11 AMPDU=5 BWdec=2
  Gains: TX=20 dB, RX=25 dB | RX diag: RMS=1.399e-01, Peak=4.332e-01
  Estimated CFO: -212.0 Hz
 RXTIME of packet 1: 212us
  ChanEst mean|h|: 1.039 | HE-LTF rms: 1.046
  EVM trend [sym1..mid..end]: -35.8 -33.5 -35.0 -31.9 -32.9 -34.6 -34.3 -36.0 -31.4 dB
  EVM per-sym: -33.27 dB | EVM per-sc: -34.26 dB
 Databitrate of packet 1: 91.03(Mbps)
  A-MPDU deaggregation successful 
SNRest=61.06dB

  DataBitrate (Mbps): 91.03
ack
new MCS = 11
Iter 36 | fb=ack | next: MCS=11 AMPDU=5 BWdec=2
  Gains: TX=20 dB, RX=25 dB | RX diag: RMS=1.399e-01, Peak=4.319e-01
  Estimated CFO: -15.8 Hz
 RXTIME of packet 1: 212us
  ChanEst mean|h|: 1.039 | HE-LTF rms: 1.046
  EVM trend [sym1..mid..end]: -38.8 -40.2 -38.0 -35.9 -38.7 -41.3 -37.0 -38.0 -40.1 dB
  EVM per-sym: -38.22 dB | EVM per-sc: -38.90 dB
 Databitrate of packet 1: 91.03(Mbps)
  A-MPDU deaggregation successful 
SNRest=67.57dB

  DataBitrate (Mbps): 91.03
ack
new MCS = 11
Iter 37 | fb=ack | next: MCS=11 AMPDU=5 BWdec=2
  Gains: TX=20 dB, RX=25 dB | RX diag: RMS=1.399e-01, Peak=4.329e-01
  Estimated CFO:  54.9 Hz
 RXTIME of packet 1: 212us
  ChanEst mean|h|: 1.039 | HE-LTF rms: 1.046
  EVM trend [sym1..mid..end]: -40.4 -39.8 -39.1 -39.4 -39.7 -39.6 -37.3 -36.4 -40.3 dB
  EVM per-sym: -38.93 dB | EVM per-sc: -39.39 dB
 Databitrate of packet 1: 91.03(Mbps)
  A-MPDU deaggregation successful 
SNRest=67.29dB

  DataBitrate (Mbps): 91.03
ack
new MCS = 11
Iter 38 | fb=ack | next: MCS=11 AMPDU=5 BWdec=2
  Gains: TX=20 dB, RX=25 dB | RX diag: RMS=1.399e-01, Peak=4.329e-01
  Estimated CFO: 100.6 Hz
 RXTIME of packet 1: 212us
  ChanEst mean|h|: 1.040 | HE-LTF rms: 1.047
  EVM trend [sym1..mid..end]: -34.0 -38.5 -40.0 -37.5 -38.8 -38.5 -38.7 -38.7 -35.4 dB
  EVM per-sym: -37.07 dB | EVM per-sc: -37.82 dB
 Databitrate of packet 1: 91.03(Mbps)
  A-MPDU deaggregation successful 
SNRest=65.00dB

  DataBitrate (Mbps): 91.03
ack
new MCS = 11
Iter 39 | fb=ack | next: MCS=11 AMPDU=5 BWdec=2
  Gains: TX=20 dB, RX=25 dB | RX diag: RMS=1.399e-01, Peak=4.316e-01
  Estimated CFO: -110.3 Hz
 RXTIME of packet 1: 212us
  ChanEst mean|h|: 1.036 | HE-LTF rms: 1.044
  EVM trend [sym1..mid..end]: -36.2 -36.8 -35.0 -35.5 -34.7 -36.1 -38.4 -36.3 -34.1 dB
  EVM per-sym: -35.81 dB | EVM per-sc: -36.54 dB
 Databitrate of packet 1: 91.03(Mbps)
  A-MPDU deaggregation successful 
SNRest=63.19dB

  DataBitrate (Mbps): 91.03
ack
new MCS = 11
Iter 40 | fb=ack | next: MCS=11 AMPDU=5 BWdec=2
---- Progress 40/100 | current MCS=11 AMPDU=5 BWdec=2 ----
  Gains: TX=20 dB, RX=25 dB | RX diag: RMS=1.399e-01, Peak=4.319e-01
  Estimated CFO: -89065.4 Hz
** wrong target packet detected
new MCS = 11
arq
Iter 41 | fb=arq | next: MCS=11 AMPDU=5 BWdec=2
  Gains: TX=20 dB, RX=25 dB | RX diag: RMS=1.399e-01, Peak=4.329e-01
  Estimated CFO: -335.4 Hz
 RXTIME of packet 1: 212us
  ChanEst mean|h|: 1.033 | HE-LTF rms: 1.042
  EVM trend [sym1..mid..end]: -28.5 -30.3 -27.6 -27.7 -29.8 -31.0 -30.3 -29.8 -30.0 dB
  EVM per-sym: -29.22 dB | EVM per-sc: -30.08 dB
 Databitrate of packet 1: 91.03(Mbps)
  A-MPDU deaggregation successful 
SNRest=57.07dB

  DataBitrate (Mbps): 91.03
ack
new MCS = 11
Iter 42 | fb=ack | next: MCS=11 AMPDU=5 BWdec=2
  Gains: TX=20 dB, RX=25 dB | RX diag: RMS=1.399e-01, Peak=4.326e-01
  Estimated CFO: -220.5 Hz
 RXTIME of packet 1: 212us
  ChanEst mean|h|: 1.038 | HE-LTF rms: 1.045
  EVM trend [sym1..mid..end]: -34.0 -32.9 -30.2 -32.3 -30.5 -33.9 -34.0 -32.4 -33.8 dB
  EVM per-sym: -32.26 dB | EVM per-sc: -33.01 dB
 Databitrate of packet 1: 91.03(Mbps)
  A-MPDU deaggregation successful 
SNRest=60.76dB

  DataBitrate (Mbps): 91.03
ack
new MCS = 11
Iter 43 | fb=ack | next: MCS=11 AMPDU=5 BWdec=2
  Gains: TX=20 dB, RX=25 dB | RX diag: RMS=1.399e-01, Peak=4.323e-01
** No packet detected **
new MCS = 11
arq
Iter 44 | fb=arq | next: MCS=11 AMPDU=5 BWdec=2
  Gains: TX=20 dB, RX=25 dB | RX diag: RMS=1.399e-01, Peak=4.318e-01
  Estimated CFO: -359.4 Hz
 RXTIME of packet 1: 212us
  ChanEst mean|h|: 1.038 | HE-LTF rms: 1.045
  EVM trend [sym1..mid..end]: -30.2 -28.1 -28.2 -28.8 -29.6 -31.8 -30.3 -29.5 -29.8 dB
  EVM per-sym: -29.20 dB | EVM per-sc: -29.93 dB
 Databitrate of packet 1: 91.03(Mbps)
  A-MPDU deaggregation successful 
SNRest=56.99dB

  DataBitrate (Mbps): 91.03
ack
new MCS = 11
Iter 45 | fb=ack | next: MCS=11 AMPDU=5 BWdec=2
  Gains: TX=20 dB, RX=25 dB | RX diag: RMS=1.399e-01, Peak=4.337e-01
  Estimated CFO: -64.4 Hz
 RXTIME of packet 1: 212us
  ChanEst mean|h|: 1.038 | HE-LTF rms: 1.046
  EVM trend [sym1..mid..end]: -37.4 -40.1 -37.2 -37.5 -38.5 -38.1 -36.6 -38.1 -38.8 dB
  EVM per-sym: -37.59 dB | EVM per-sc: -38.26 dB
 Databitrate of packet 1: 91.03(Mbps)
  A-MPDU deaggregation successful 
SNRest=64.98dB

  DataBitrate (Mbps): 91.03
ack
new MCS = 11
Iter 46 | fb=ack | next: MCS=11 AMPDU=5 BWdec=2
  Gains: TX=20 dB, RX=25 dB | RX diag: RMS=1.399e-01, Peak=4.324e-01
  Estimated CFO: -232.2 Hz
 RXTIME of packet 1: 212us
  ChanEst mean|h|: 1.034 | HE-LTF rms: 1.043
  EVM trend [sym1..mid..end]: -33.0 -33.8 -31.5 -29.7 -34.2 -32.8 -33.2 -34.0 -34.8 dB
  EVM per-sym: -32.40 dB | EVM per-sc: -33.34 dB
 Databitrate of packet 1: 91.03(Mbps)
  A-MPDU deaggregation successful 
SNRest=58.55dB

  DataBitrate (Mbps): 91.03
ack
new MCS = 11
Iter 47 | fb=ack | next: MCS=11 AMPDU=5 BWdec=2
  Gains: TX=20 dB, RX=25 dB | RX diag: RMS=1.398e-01, Peak=4.328e-01
  Estimated CFO:  71.9 Hz
 RXTIME of packet 1: 212us
  ChanEst mean|h|: 1.037 | HE-LTF rms: 1.044
  EVM trend [sym1..mid..end]: -35.7 -38.0 -39.2 -37.2 -38.2 -37.2 -37.4 -37.3 -37.7 dB
  EVM per-sym: -37.24 dB | EVM per-sc: -37.77 dB
 Databitrate of packet 1: 91.03(Mbps)
  A-MPDU deaggregation successful 
SNRest=65.01dB

  DataBitrate (Mbps): 91.03
ack
new MCS = 11
Iter 48 | fb=ack | next: MCS=11 AMPDU=5 BWdec=2
  Gains: TX=20 dB, RX=25 dB | RX diag: RMS=1.398e-01, Peak=4.317e-01
  Estimated CFO: -166.1 Hz
 RXTIME of packet 1: 212us
  ChanEst mean|h|: 1.039 | HE-LTF rms: 1.047
  EVM trend [sym1..mid..end]: -32.5 -34.8 -34.3 -31.8 -34.0 -35.1 -33.5 -34.2 -35.7 dB
  EVM per-sym: -33.77 dB | EVM per-sc: -34.62 dB
 Databitrate of packet 1: 91.03(Mbps)
  A-MPDU deaggregation successful 
SNRest=60.73dB

  DataBitrate (Mbps): 91.03
ack
new MCS = 11
Iter 49 | fb=ack | next: MCS=11 AMPDU=5 BWdec=2
  Gains: TX=20 dB, RX=25 dB | RX diag: RMS=1.398e-01, Peak=4.324e-01
  Estimated CFO: 181.1 Hz
 RXTIME of packet 1: 212us
  ChanEst mean|h|: 1.039 | HE-LTF rms: 1.046
  EVM trend [sym1..mid..end]: -33.4 -34.2 -32.6 -31.2 -29.3 -35.5 -33.4 -32.5 -32.9 dB
  EVM per-sym: -32.70 dB | EVM per-sc: -33.29 dB
 Databitrate of packet 1: 91.03(Mbps)
  A-MPDU deaggregation successful 
SNRest=60.10dB

  DataBitrate (Mbps): 91.03
ack
new MCS = 11
Iter 50 | fb=ack | next: MCS=11 AMPDU=5 BWdec=2
---- Progress 50/100 | current MCS=11 AMPDU=5 BWdec=2 ----
  Gains: TX=20 dB, RX=25 dB | RX diag: RMS=1.398e-01, Peak=4.321e-01
  Estimated CFO: -84.0 Hz
 RXTIME of packet 1: 212us
  ChanEst mean|h|: 1.038 | HE-LTF rms: 1.045
  EVM trend [sym1..mid..end]: -37.9 -37.9 -37.7 -33.7 -38.3 -36.5 -36.8 -37.1 -37.1 dB
  EVM per-sym: -36.88 dB | EVM per-sc: -37.58 dB
 Databitrate of packet 1: 91.03(Mbps)
  A-MPDU deaggregation successful 
SNRest=63.90dB

  DataBitrate (Mbps): 91.03
ack
new MCS = 11
Iter 51 | fb=ack | next: MCS=11 AMPDU=5 BWdec=2
  Gains: TX=20 dB, RX=25 dB | RX diag: RMS=1.399e-01, Peak=4.319e-01
  Estimated CFO: -70.1 Hz
 RXTIME of packet 1: 212us
  ChanEst mean|h|: 1.038 | HE-LTF rms: 1.045
  EVM trend [sym1..mid..end]: -39.3 -37.8 -38.8 -35.7 -35.9 -38.4 -37.4 -37.5 -39.1 dB
  EVM per-sym: -37.34 dB | EVM per-sc: -38.05 dB
 Databitrate of packet 1: 91.03(Mbps)
  A-MPDU deaggregation successful 
SNRest=62.49dB

  DataBitrate (Mbps): 91.03
ack
new MCS = 11
Iter 52 | fb=ack | next: MCS=11 AMPDU=5 BWdec=2
  Gains: TX=20 dB, RX=25 dB | RX diag: RMS=1.399e-01, Peak=4.324e-01
  Estimated CFO: -66453.3 Hz
** wrong target packet detected
new MCS = 11
arq
Iter 53 | fb=arq | next: MCS=11 AMPDU=5 BWdec=2
  Gains: TX=20 dB, RX=25 dB | RX diag: RMS=1.398e-01, Peak=4.318e-01
  Estimated CFO: -188.2 Hz
 RXTIME of packet 1: 212us
  ChanEst mean|h|: 1.039 | HE-LTF rms: 1.047
  EVM trend [sym1..mid..end]: -34.1 -32.9 -32.3 -33.1 -32.3 -34.8 -33.4 -33.9 -33.9 dB
  EVM per-sym: -33.06 dB | EVM per-sc: -33.92 dB
 Databitrate of packet 1: 91.03(Mbps)
  A-MPDU deaggregation successful 
SNRest=60.35dB

  DataBitrate (Mbps): 91.03
ack
new MCS = 11
Iter 54 | fb=ack | next: MCS=11 AMPDU=5 BWdec=2
  Gains: TX=20 dB, RX=25 dB | RX diag: RMS=1.398e-01, Peak=4.322e-01
  Estimated CFO:  -6.8 Hz
 RXTIME of packet 1: 212us
  ChanEst mean|h|: 1.035 | HE-LTF rms: 1.044
  EVM trend [sym1..mid..end]: -37.4 -40.1 -37.0 -38.6 -38.3 -39.6 -37.7 -37.1 -38.8 dB
  EVM per-sym: -38.19 dB | EVM per-sc: -39.03 dB
 Databitrate of packet 1: 91.03(Mbps)
  A-MPDU deaggregation successful 
SNRest=67.39dB

  DataBitrate (Mbps): 91.03
ack
new MCS = 11
Iter 55 | fb=ack | next: MCS=11 AMPDU=5 BWdec=2
  Gains: TX=20 dB, RX=25 dB | RX diag: RMS=1.399e-01, Peak=4.324e-01
  Estimated CFO: -75096.8 Hz
** wrong target packet detected
new MCS = 11
arq
Iter 56 | fb=arq | next: MCS=11 AMPDU=5 BWdec=2
  Gains: TX=20 dB, RX=25 dB | RX diag: RMS=1.398e-01, Peak=4.313e-01
  Estimated CFO: -335.8 Hz
 RXTIME of packet 1: 212us
  ChanEst mean|h|: 1.039 | HE-LTF rms: 1.046
  EVM trend [sym1..mid..end]: -30.4 -29.3 -28.8 -28.9 -26.7 -30.7 -29.6 -28.5 -29.6 dB
  EVM per-sym: -28.75 dB | EVM per-sc: -29.64 dB
 Databitrate of packet 1: 91.03(Mbps)
  A-MPDU deaggregation successful 
SNRest=56.05dB

  DataBitrate (Mbps): 91.03
ack
new MCS = 11
Iter 57 | fb=ack | next: MCS=11 AMPDU=5 BWdec=2
  Gains: TX=20 dB, RX=25 dB | RX diag: RMS=1.399e-01, Peak=4.323e-01
  Estimated CFO: -279.7 Hz
 RXTIME of packet 1: 212us
  ChanEst mean|h|: 1.039 | HE-LTF rms: 1.046
  EVM trend [sym1..mid..end]: -31.7 -31.0 -29.8 -29.3 -29.8 -31.4 -29.2 -31.8 -32.1 dB
  EVM per-sym: -30.39 dB | EVM per-sc: -31.14 dB
 Databitrate of packet 1: 91.03(Mbps)
  A-MPDU deaggregation successful 
SNRest=56.97dB

  DataBitrate (Mbps): 91.03
ack
new MCS = 11
Iter 58 | fb=ack | next: MCS=11 AMPDU=5 BWdec=2
  Gains: TX=20 dB, RX=25 dB | RX diag: RMS=1.399e-01, Peak=4.319e-01
  Estimated CFO: -373.9 Hz
 RXTIME of packet 1: 212us
  ChanEst mean|h|: 1.034 | HE-LTF rms: 1.043
  EVM trend [sym1..mid..end]: -29.8 -28.3 -26.7 -26.4 -28.7 -30.0 -29.0 -28.9 -28.3 dB
  EVM per-sym: -28.25 dB | EVM per-sc: -29.10 dB
 Databitrate of packet 1: 91.03(Mbps)
  A-MPDU deaggregation successful 
SNRest=54.61dB

  DataBitrate (Mbps): 91.03
ack
new MCS = 11
Iter 59 | fb=ack | next: MCS=11 AMPDU=5 BWdec=2
  Gains: TX=20 dB, RX=25 dB | RX diag: RMS=1.399e-01, Peak=4.321e-01
  Estimated CFO: -293.4 Hz
 RXTIME of packet 1: 212us
  ChanEst mean|h|: 1.039 | HE-LTF rms: 1.047
  EVM trend [sym1..mid..end]: -30.9 -32.5 -27.9 -29.0 -29.3 -32.9 -30.7 -30.5 -32.4 dB
  EVM per-sym: -30.67 dB | EVM per-sc: -31.39 dB
 Databitrate of packet 1: 91.03(Mbps)
  A-MPDU deaggregation successful 
SNRest=58.07dB

  DataBitrate (Mbps): 91.03
ack
new MCS = 11
Iter 60 | fb=ack | next: MCS=11 AMPDU=5 BWdec=2
---- Progress 60/100 | current MCS=11 AMPDU=5 BWdec=2 ----
  Gains: TX=20 dB, RX=25 dB | RX diag: RMS=1.399e-01, Peak=4.321e-01
  Estimated CFO: -196.1 Hz
 RXTIME of packet 1: 212us
  ChanEst mean|h|: 1.038 | HE-LTF rms: 1.045
  EVM trend [sym1..mid..end]: -33.0 -33.7 -34.4 -32.4 -33.1 -34.6 -34.8 -33.4 -33.9 dB
  EVM per-sym: -33.29 dB | EVM per-sc: -34.23 dB
 Databitrate of packet 1: 91.03(Mbps)
  A-MPDU deaggregation successful 
SNRest=60.44dB

  DataBitrate (Mbps): 91.03
ack
new MCS = 11
Iter 61 | fb=ack | next: MCS=11 AMPDU=5 BWdec=2
  Gains: TX=20 dB, RX=25 dB | RX diag: RMS=1.399e-01, Peak=4.325e-01
  Estimated CFO: 196.0 Hz
 RXTIME of packet 1: 212us
  ChanEst mean|h|: 1.040 | HE-LTF rms: 1.047
  EVM trend [sym1..mid..end]: -35.1 -33.5 -36.0 -31.8 -33.3 -35.4 -31.5 -34.5 -33.4 dB
  EVM per-sym: -33.60 dB | EVM per-sc: -34.27 dB
 Databitrate of packet 1: 91.03(Mbps)
  A-MPDU deaggregation successful 
SNRest=60.61dB

  DataBitrate (Mbps): 91.03
ack
new MCS = 11
Iter 62 | fb=ack | next: MCS=11 AMPDU=5 BWdec=2
  Gains: TX=20 dB, RX=25 dB | RX diag: RMS=1.398e-01, Peak=4.316e-01
  Estimated CFO: -434.0 Hz
 RXTIME of packet 1: 212us
  ChanEst mean|h|: 1.037 | HE-LTF rms: 1.044
  EVM trend [sym1..mid..end]: -27.5 -28.9 -26.2 -26.5 -27.1 -29.5 -28.0 -28.1 -28.4 dB
  EVM per-sym: -27.72 dB | EVM per-sc: -28.54 dB
 Databitrate of packet 1: 91.03(Mbps)
  A-MPDU deaggregation successful 
SNRest=54.63dB

  DataBitrate (Mbps): 91.03
ack
new MCS = 11
Iter 63 | fb=ack | next: MCS=11 AMPDU=5 BWdec=2
  Gains: TX=20 dB, RX=25 dB | RX diag: RMS=1.399e-01, Peak=4.326e-01
** No packet detected **
new MCS = 11
arq
Iter 64 | fb=arq | next: MCS=11 AMPDU=5 BWdec=2
  Gains: TX=20 dB, RX=25 dB | RX diag: RMS=1.398e-01, Peak=4.317e-01
  Estimated CFO: -97.2 Hz
 RXTIME of packet 1: 212us
  ChanEst mean|h|: 1.038 | HE-LTF rms: 1.045
  EVM trend [sym1..mid..end]: -36.5 -40.2 -37.2 -36.5 -35.1 -37.1 -36.4 -35.7 -36.2 dB
  EVM per-sym: -36.73 dB | EVM per-sc: -37.31 dB
 Databitrate of packet 1: 91.03(Mbps)
  A-MPDU deaggregation successful 
SNRest=66.10dB

  DataBitrate (Mbps): 91.03
ack
new MCS = 11
Iter 65 | fb=ack | next: MCS=11 AMPDU=5 BWdec=2
  Gains: TX=20 dB, RX=25 dB | RX diag: RMS=1.399e-01, Peak=4.319e-01
  Estimated CFO: -77031.0 Hz
** wrong target packet detected
new MCS = 11
arq
Iter 66 | fb=arq | next: MCS=11 AMPDU=5 BWdec=2
  Gains: TX=20 dB, RX=25 dB | RX diag: RMS=1.399e-01, Peak=4.317e-01
  Estimated CFO: -243.8 Hz
 RXTIME of packet 1: 212us
  ChanEst mean|h|: 1.039 | HE-LTF rms: 1.046
  EVM trend [sym1..mid..end]: -32.4 -31.4 -30.5 -30.7 -31.2 -33.3 -32.5 -32.6 -32.9 dB
  EVM per-sym: -31.50 dB | EVM per-sc: -32.24 dB
 Databitrate of packet 1: 91.03(Mbps)
  A-MPDU deaggregation successful 
SNRest=58.26dB

  DataBitrate (Mbps): 91.03
ack
new MCS = 11
Iter 67 | fb=ack | next: MCS=11 AMPDU=5 BWdec=2
  Gains: TX=20 dB, RX=25 dB | RX diag: RMS=1.399e-01, Peak=4.322e-01
  Estimated CFO: 113.3 Hz
 RXTIME of packet 1: 212us
  ChanEst mean|h|: 1.040 | HE-LTF rms: 1.047
  EVM trend [sym1..mid..end]: -34.2 -37.4 -34.7 -35.1 -34.2 -36.5 -37.4 -36.1 -37.2 dB
  EVM per-sym: -35.89 dB | EVM per-sc: -36.66 dB
 Databitrate of packet 1: 91.03(Mbps)
  A-MPDU deaggregation successful 
SNRest=63.00dB

  DataBitrate (Mbps): 91.03
ack
new MCS = 11
Iter 68 | fb=ack | next: MCS=11 AMPDU=5 BWdec=2
  Gains: TX=20 dB, RX=25 dB | RX diag: RMS=1.399e-01, Peak=4.323e-01
  Estimated CFO: -280.0 Hz
 RXTIME of packet 1: 212us
  ChanEst mean|h|: 1.036 | HE-LTF rms: 1.044
  EVM trend [sym1..mid..end]: -32.1 -30.6 -28.7 -29.7 -29.2 -33.2 -31.6 -31.7 -31.2 dB
  EVM per-sym: -30.54 dB | EVM per-sc: -31.49 dB
 Databitrate of packet 1: 91.03(Mbps)
  A-MPDU deaggregation successful 
SNRest=58.78dB

  DataBitrate (Mbps): 91.03
ack
new MCS = 11
Iter 69 | fb=ack | next: MCS=11 AMPDU=5 BWdec=2
  Gains: TX=20 dB, RX=25 dB | RX diag: RMS=1.399e-01, Peak=4.316e-01
  Estimated CFO: 32617.4 Hz
** wrong target packet detected
new MCS = 11
arq
Iter 70 | fb=arq | next: MCS=11 AMPDU=5 BWdec=2
---- Progress 70/100 | current MCS=11 AMPDU=5 BWdec=2 ----
  Gains: TX=20 dB, RX=25 dB | RX diag: RMS=1.399e-01, Peak=4.324e-01
  Estimated CFO:  12.4 Hz
 RXTIME of packet 1: 212us
  ChanEst mean|h|: 1.035 | HE-LTF rms: 1.043
  EVM trend [sym1..mid..end]: -40.3 -38.8 -40.4 -34.4 -37.7 -40.6 -39.3 -38.5 -39.7 dB
  EVM per-sym: -38.25 dB | EVM per-sc: -39.31 dB
 Databitrate of packet 1: 91.03(Mbps)
  A-MPDU deaggregation successful 
SNRest=67.78dB

  DataBitrate (Mbps): 91.03
ack
new MCS = 11
Iter 71 | fb=ack | next: MCS=11 AMPDU=5 BWdec=2
  Gains: TX=20 dB, RX=25 dB | RX diag: RMS=1.399e-01, Peak=4.318e-01
  Estimated CFO: -82372.6 Hz
[警告: The L-SIG check failed.] 
[> 位置：<a href="matlab:matlab.lang.internal.introspective.errorDocCallback('coder.internal.warning', 'C:\Users\welcome\Desktop\R2025b\toolbox\shared\coder\coder\lib\+coder\+internal\warning.m', 8)" style="font-weight:bold">coder.internal.warning</a> (<a href="matlab: opentoline('C:\Users\welcome\Desktop\R2025b\toolbox\shared\coder\coder\lib\+coder\+internal\warning.m',8,0)">第 8 行</a>)
位置: <a href="matlab:matlab.lang.internal.introspective.errorDocCallback('wlanFormatDetect', 'C:\Users\welcome\Desktop\R2025b\toolbox\wlan\wlan\wlanFormatDetect.m', 250)" style="font-weight:bold">wlanFormatDetect</a> (<a href="matlab: opentoline('C:\Users\welcome\Desktop\R2025b\toolbox\wlan\wlan\wlanFormatDetect.m',250,0)">第 250 行</a>)
位置: <a href="matlab:matlab.lang.internal.introspective.errorDocCallback('HEWLANDataRecovery', 'C:\Users\welcome\Desktop\X410_CombinedTxRx_XL\HEWLANDataRecovery.m', 140)" style="font-weight:bold">HEWLANDataRecovery</a> (<a href="matlab: opentoline('C:\Users\welcome\Desktop\X410_CombinedTxRx_XL\HEWLANDataRecovery.m',140,0)">第 140 行</a>)
位置: <a href="matlab:matlab.lang.internal.introspective.errorDocCallback('X410_runSingleHost_DualRole_AARF', 'C:\Users\welcome\Desktop\X410_CombinedTxRx_XL\X410_runSingleHost_DualRole_AARF.m', 268)" style="font-weight:bold">X410_runSingleHost_DualRole_AARF</a> (<a href="matlab: opentoline('C:\Users\welcome\Desktop\X410_CombinedTxRx_XL\X410_runSingleHost_DualRole_AARF.m',268,0)">第 268 行</a>)] 
** wrong target packet detected
new MCS = 11
arq
Iter 72 | fb=arq | next: MCS=11 AMPDU=5 BWdec=2
  Gains: TX=20 dB, RX=25 dB | RX diag: RMS=1.399e-01, Peak=4.319e-01
  Estimated CFO: 267.6 Hz
 RXTIME of packet 1: 212us
  ChanEst mean|h|: 1.039 | HE-LTF rms: 1.047
  EVM trend [sym1..mid..end]: -34.2 -32.5 -30.8 -29.4 -32.1 -32.4 -32.7 -33.7 -31.7 dB
  EVM per-sym: -31.89 dB | EVM per-sc: -32.75 dB
 Databitrate of packet 1: 91.03(Mbps)
  A-MPDU deaggregation successful 
SNRest=60.03dB

  DataBitrate (Mbps): 91.03
ack
new MCS = 11
Iter 73 | fb=ack | next: MCS=11 AMPDU=5 BWdec=2
  Gains: TX=20 dB, RX=25 dB | RX diag: RMS=1.399e-01, Peak=4.322e-01
  Estimated CFO:   2.4 Hz
 RXTIME of packet 1: 212us
  ChanEst mean|h|: 1.033 | HE-LTF rms: 1.043
  EVM trend [sym1..mid..end]: -38.9 -38.8 -37.4 -34.0 -37.6 -40.9 -37.5 -38.4 -39.9 dB
  EVM per-sym: -38.07 dB | EVM per-sc: -38.91 dB
 Databitrate of packet 1: 91.03(Mbps)
  A-MPDU deaggregation successful 
SNRest=66.65dB

  DataBitrate (Mbps): 91.03
ack
new MCS = 11
Iter 74 | fb=ack | next: MCS=11 AMPDU=5 BWdec=2
  Gains: TX=20 dB, RX=25 dB | RX diag: RMS=1.399e-01, Peak=4.334e-01
** No packet detected **
new MCS = 11
arq
Iter 75 | fb=arq | next: MCS=11 AMPDU=5 BWdec=2
  Gains: TX=20 dB, RX=25 dB | RX diag: RMS=1.399e-01, Peak=4.317e-01
  Estimated CFO: -82.8 Hz
 RXTIME of packet 1: 212us
  ChanEst mean|h|: 1.038 | HE-LTF rms: 1.047
  EVM trend [sym1..mid..end]: -36.5 -39.7 -37.2 -33.8 -34.8 -36.1 -36.6 -37.8 -38.0 dB
  EVM per-sym: -36.30 dB | EVM per-sc: -37.18 dB
 Databitrate of packet 1: 91.03(Mbps)
  A-MPDU deaggregation successful 
SNRest=64.68dB

  DataBitrate (Mbps): 91.03
ack
new MCS = 11
Iter 76 | fb=ack | next: MCS=11 AMPDU=5 BWdec=2
  Gains: TX=20 dB, RX=25 dB | RX diag: RMS=1.399e-01, Peak=4.318e-01
  Estimated CFO: -102.8 Hz
 RXTIME of packet 1: 212us
  ChanEst mean|h|: 1.039 | HE-LTF rms: 1.047
  EVM trend [sym1..mid..end]: -36.1 -37.8 -38.9 -37.3 -37.2 -38.8 -37.7 -38.5 -36.7 dB
  EVM per-sym: -37.07 dB | EVM per-sc: -37.66 dB
 Databitrate of packet 1: 91.03(Mbps)
  A-MPDU deaggregation successful 
SNRest=65.39dB

  DataBitrate (Mbps): 91.03
ack
new MCS = 11
Iter 77 | fb=ack | next: MCS=11 AMPDU=5 BWdec=2
  Gains: TX=20 dB, RX=25 dB | RX diag: RMS=1.398e-01, Peak=4.321e-01
  Estimated CFO: 423.2 Hz
 RXTIME of packet 1: 212us
  ChanEst mean|h|: 1.034 | HE-LTF rms: 1.043
  EVM trend [sym1..mid..end]: -28.7 -27.7 -27.2 -25.8 -27.5 -29.4 -29.0 -28.0 -29.2 dB
  EVM per-sym: -27.61 dB | EVM per-sc: -28.56 dB
 Databitrate of packet 1: 91.03(Mbps)
  A-MPDU deaggregation successful 
SNRest=55.51dB

  DataBitrate (Mbps): 91.03
ack
new MCS = 11
Iter 78 | fb=ack | next: MCS=11 AMPDU=5 BWdec=2
  Gains: TX=20 dB, RX=25 dB | RX diag: RMS=1.399e-01, Peak=4.322e-01
  Estimated CFO:  81.8 Hz
 RXTIME of packet 1: 212us
  ChanEst mean|h|: 1.037 | HE-LTF rms: 1.044
  EVM trend [sym1..mid..end]: -38.8 -37.7 -37.9 -35.3 -37.2 -38.7 -36.9 -37.1 -37.5 dB
  EVM per-sym: -37.09 dB | EVM per-sc: -37.88 dB
 Databitrate of packet 1: 91.03(Mbps)
  A-MPDU deaggregation successful 
SNRest=64.93dB

  DataBitrate (Mbps): 91.03
ack
new MCS = 11
Iter 79 | fb=ack | next: MCS=11 AMPDU=5 BWdec=2
  Gains: TX=20 dB, RX=25 dB | RX diag: RMS=1.399e-01, Peak=4.321e-01
  Estimated CFO: -186.2 Hz
 RXTIME of packet 1: 212us
  ChanEst mean|h|: 1.038 | HE-LTF rms: 1.046
  EVM trend [sym1..mid..end]: -31.9 -34.2 -32.4 -30.5 -30.8 -34.5 -32.3 -31.9 -33.1 dB
  EVM per-sym: -32.17 dB | EVM per-sc: -32.83 dB
 Databitrate of packet 1: 91.03(Mbps)
  A-MPDU deaggregation successful 
SNRest=61.81dB

  DataBitrate (Mbps): 91.03
ack
new MCS = 11
Iter 80 | fb=ack | next: MCS=11 AMPDU=5 BWdec=2
---- Progress 80/100 | current MCS=11 AMPDU=5 BWdec=2 ----
  Gains: TX=20 dB, RX=25 dB | RX diag: RMS=1.399e-01, Peak=4.336e-01
  Estimated CFO: 566.4 Hz
 RXTIME of packet 1: 212us
  ChanEst mean|h|: 1.039 | HE-LTF rms: 1.046
  EVM trend [sym1..mid..end]: -26.6 -26.4 -25.4 -24.9 -25.9 -27.8 -27.8 -26.3 -26.0 dB
  EVM per-sym: -25.91 dB | EVM per-sc: -26.92 dB
 Databitrate of packet 1: 91.03(Mbps)
  A-MPDU deaggregation successful 
  FCS fail for MPDU:1
SNRest=52.88dB

 new MCS = 11
arq
Iter 81 | fb=arq | next: MCS=11 AMPDU=2 BWdec=2
  Gains: TX=20 dB, RX=25 dB | RX diag: RMS=1.380e-01, Peak=4.426e-01
  Estimated CFO:  94.6 Hz
 RXTIME of packet 1: 212us
  ChanEst mean|h|: 1.036 | HE-LTF rms: 1.044
  EVM trend [sym1..mid..end]: -32.5 -39.4 -37.7 -37.4 -35.5 -39.3 -36.4 -38.3 -36.2 dB
  EVM per-sym: -36.59 dB | EVM per-sc: -37.49 dB
 Databitrate of packet 1: 91.03(Mbps)
  A-MPDU deaggregation successful 
SNRest=66.90dB

  DataBitrate (Mbps): 91.03
ack
new MCS = 11
Iter 82 | fb=ack | next: MCS=11 AMPDU=5 BWdec=2
  Gains: TX=20 dB, RX=25 dB | RX diag: RMS=1.176e-01, Peak=4.628e-01
  Estimated CFO:  33.0 Hz
 RXTIME of packet 1: 212us
  ChanEst mean|h|: 1.035 | HE-LTF rms: 1.043
  EVM trend [sym1..mid..end]: -36.4 -35.9 -36.8 -37.2 -36.1 -34.2 -35.3 -37.8 -36.0 dB
  EVM per-sym: -35.81 dB | EVM per-sc: -36.62 dB
 Databitrate of packet 1: 91.03(Mbps)
  A-MPDU deaggregation successful 
SNRest=61.73dB

  DataBitrate (Mbps): 91.03
ack
new MCS = 11
Iter 83 | fb=ack | next: MCS=11 AMPDU=5 BWdec=2
  Gains: TX=20 dB, RX=25 dB | RX diag: RMS=1.177e-01, Peak=4.632e-01
  Estimated CFO: 272.6 Hz
 RXTIME of packet 1: 212us
  ChanEst mean|h|: 1.154 | HE-LTF rms: 1.163
  EVM trend [sym1..mid..end]: -31.9 -32.2 -30.5 -30.5 -31.2 -27.9 -27.0 -30.6 -29.0 dB
  EVM per-sym: -29.22 dB | EVM per-sc: -30.00 dB
 Databitrate of packet 1: 91.03(Mbps)
  A-MPDU deaggregation successful 
SNRest=58.05dB

  DataBitrate (Mbps): 91.03
ack
new MCS = 11
Iter 84 | fb=ack | next: MCS=11 AMPDU=5 BWdec=2
  Gains: TX=20 dB, RX=25 dB | RX diag: RMS=1.176e-01, Peak=4.632e-01
  Estimated CFO: -30.3 Hz
 RXTIME of packet 1: 212us
  ChanEst mean|h|: 1.039 | HE-LTF rms: 1.047
  EVM trend [sym1..mid..end]: -35.7 -36.3 -37.3 -35.6 -37.7 -34.2 -35.3 -39.8 -37.2 dB
  EVM per-sym: -36.43 dB | EVM per-sc: -37.46 dB
 Databitrate of packet 1: 91.03(Mbps)
  A-MPDU deaggregation successful 
SNRest=67.69dB

  DataBitrate (Mbps): 91.03
ack
new MCS = 11
Iter 85 | fb=ack | next: MCS=11 AMPDU=5 BWdec=2
  Gains: TX=20 dB, RX=25 dB | RX diag: RMS=1.176e-01, Peak=4.617e-01
  Estimated CFO: -283.0 Hz
 RXTIME of packet 1: 212us
  ChanEst mean|h|: 1.037 | HE-LTF rms: 1.045
  EVM trend [sym1..mid..end]: -29.4 -31.5 -32.8 -27.4 -32.0 -27.0 -27.0 -30.4 -30.2 dB
  EVM per-sym: -29.37 dB | EVM per-sc: -30.23 dB
 Databitrate of packet 1: 91.03(Mbps)
  A-MPDU deaggregation successful 
SNRest=57.04dB

  DataBitrate (Mbps): 91.03
ack
new MCS = 11
Iter 86 | fb=ack | next: MCS=11 AMPDU=5 BWdec=2
  Gains: TX=20 dB, RX=25 dB | RX diag: RMS=1.176e-01, Peak=4.629e-01
  Estimated CFO: -45.6 Hz
 RXTIME of packet 1: 212us
  ChanEst mean|h|: 1.034 | HE-LTF rms: 1.043
  EVM trend [sym1..mid..end]: -37.1 -37.6 -39.4 -37.1 -38.9 -33.9 -36.9 -38.5 -36.7 dB
  EVM per-sym: -36.71 dB | EVM per-sc: -37.68 dB
 Databitrate of packet 1: 91.03(Mbps)
  A-MPDU deaggregation successful 
SNRest=65.48dB

  DataBitrate (Mbps): 91.03
ack
new MCS = 11
Iter 87 | fb=ack | next: MCS=11 AMPDU=5 BWdec=2
  Gains: TX=20 dB, RX=25 dB | RX diag: RMS=1.176e-01, Peak=4.613e-01
  Estimated CFO: 166.4 Hz
 RXTIME of packet 1: 212us
  ChanEst mean|h|: 1.036 | HE-LTF rms: 1.043
  EVM trend [sym1..mid..end]: -34.6 -33.7 -35.1 -32.9 -36.6 -30.5 -35.5 -35.4 -32.6 dB
  EVM per-sym: -33.55 dB | EVM per-sc: -34.60 dB
 Databitrate of packet 1: 91.03(Mbps)
  A-MPDU deaggregation successful 
SNRest=62.21dB

  DataBitrate (Mbps): 91.03
ack
new MCS = 11
Iter 88 | fb=ack | next: MCS=11 AMPDU=5 BWdec=2
  Gains: TX=20 dB, RX=25 dB | RX diag: RMS=1.176e-01, Peak=4.620e-01
  Estimated CFO: -147.6 Hz
 RXTIME of packet 1: 212us
  ChanEst mean|h|: 1.037 | HE-LTF rms: 1.044
  EVM trend [sym1..mid..end]: -35.9 -34.0 -37.5 -34.4 -33.0 -28.0 -31.8 -35.8 -34.8 dB
  EVM per-sym: -33.17 dB | EVM per-sc: -34.20 dB
 Databitrate of packet 1: 91.03(Mbps)
  A-MPDU deaggregation successful 
SNRest=63.07dB

  DataBitrate (Mbps): 91.03
ack
new MCS = 11
Iter 89 | fb=ack | next: MCS=11 AMPDU=5 BWdec=2
  Gains: TX=20 dB, RX=25 dB | RX diag: RMS=1.176e-01, Peak=4.626e-01
  Estimated CFO: -454.3 Hz
 RXTIME of packet 1: 212us
  ChanEst mean|h|: 1.033 | HE-LTF rms: 1.042
  EVM trend [sym1..mid..end]: -27.6 -26.2 -28.3 -26.4 -27.9 -24.5 -25.7 -29.8 -27.3 dB
  EVM per-sym: -26.33 dB | EVM per-sc: -27.44 dB
 Databitrate of packet 1: 91.03(Mbps)
  A-MPDU deaggregation successful 
SNRest=54.44dB

  DataBitrate (Mbps): 91.03
ack
new MCS = 11
Iter 90 | fb=ack | next: MCS=11 AMPDU=5 BWdec=2
---- Progress 90/100 | current MCS=11 AMPDU=5 BWdec=2 ----
  Gains: TX=20 dB, RX=25 dB | RX diag: RMS=1.176e-01, Peak=4.618e-01
  Estimated CFO: -292.3 Hz
 RXTIME of packet 1: 212us
  ChanEst mean|h|: 1.039 | HE-LTF rms: 1.047
  EVM trend [sym1..mid..end]: -30.4 -30.7 -31.8 -29.8 -32.4 -29.4 -29.0 -32.1 -29.8 dB
  EVM per-sym: -29.88 dB | EVM per-sc: -30.87 dB
 Databitrate of packet 1: 91.03(Mbps)
  A-MPDU deaggregation successful 
SNRest=58.54dB

  DataBitrate (Mbps): 91.03
ack
new MCS = 11
Iter 91 | fb=ack | next: MCS=11 AMPDU=5 BWdec=2
  Gains: TX=20 dB, RX=25 dB | RX diag: RMS=1.176e-01, Peak=4.629e-01
  Estimated CFO: 320.1 Hz
 RXTIME of packet 1: 212us
  ChanEst mean|h|: 1.039 | HE-LTF rms: 1.046
  EVM trend [sym1..mid..end]: -29.7 -29.9 -31.2 -30.6 -30.2 -24.8 -28.6 -31.4 -29.4 dB
  EVM per-sym: -28.70 dB | EVM per-sc: -29.77 dB
 Databitrate of packet 1: 91.03(Mbps)
  A-MPDU deaggregation successful 
SNRest=56.99dB

  DataBitrate (Mbps): 91.03
ack
new MCS = 11
Iter 92 | fb=ack | next: MCS=11 AMPDU=5 BWdec=2
  Gains: TX=20 dB, RX=25 dB | RX diag: RMS=1.176e-01, Peak=4.635e-01
  Estimated CFO:  10.1 Hz
 RXTIME of packet 1: 212us
  ChanEst mean|h|: 1.033 | HE-LTF rms: 1.042
  EVM trend [sym1..mid..end]: -38.6 -38.8 -38.3 -37.4 -37.0 -35.5 -36.4 -39.8 -36.6 dB
  EVM per-sym: -37.21 dB | EVM per-sc: -38.25 dB
 Databitrate of packet 1: 91.03(Mbps)
  A-MPDU deaggregation successful 
SNRest=66.11dB

  DataBitrate (Mbps): 91.03
ack
new MCS = 11
Iter 93 | fb=ack | next: MCS=11 AMPDU=5 BWdec=2
  Gains: TX=20 dB, RX=25 dB | RX diag: RMS=1.176e-01, Peak=4.630e-01
  Estimated CFO:   5.7 Hz
 RXTIME of packet 1: 212us
  ChanEst mean|h|: 1.040 | HE-LTF rms: 1.047
  EVM trend [sym1..mid..end]: -37.1 -39.7 -39.1 -34.6 -37.9 -36.0 -37.7 -39.2 -39.3 dB
  EVM per-sym: -37.56 dB | EVM per-sc: -38.61 dB
 Databitrate of packet 1: 91.03(Mbps)
  A-MPDU deaggregation successful 
SNRest=66.40dB

  DataBitrate (Mbps): 91.03
ack
new MCS = 11
Iter 94 | fb=ack | next: MCS=11 AMPDU=5 BWdec=2
  Gains: TX=20 dB, RX=25 dB | RX diag: RMS=1.176e-01, Peak=4.622e-01
  Estimated CFO: 309.8 Hz
 RXTIME of packet 1: 212us
  ChanEst mean|h|: 1.036 | HE-LTF rms: 1.044
  EVM trend [sym1..mid..end]: -31.2 -29.4 -29.5 -28.7 -31.2 -26.8 -27.1 -29.8 -28.0 dB
  EVM per-sym: -28.27 dB | EVM per-sc: -29.12 dB
 Databitrate of packet 1: 91.03(Mbps)
  A-MPDU deaggregation successful 
SNRest=55.03dB

  DataBitrate (Mbps): 91.03
ack
new MCS = 11
Iter 95 | fb=ack | next: MCS=11 AMPDU=5 BWdec=2
  Gains: TX=20 dB, RX=25 dB | RX diag: RMS=1.176e-01, Peak=4.629e-01
  Estimated CFO:  24.1 Hz
 RXTIME of packet 1: 212us
  ChanEst mean|h|: 1.038 | HE-LTF rms: 1.045
  EVM trend [sym1..mid..end]: -36.5 -38.0 -37.6 -36.5 -36.7 -36.1 -37.4 -39.2 -37.5 dB
  EVM per-sym: -37.04 dB | EVM per-sc: -38.01 dB
 Databitrate of packet 1: 91.03(Mbps)
  A-MPDU deaggregation successful 
SNRest=65.97dB

  DataBitrate (Mbps): 91.03
ack
new MCS = 11
Iter 96 | fb=ack | next: MCS=11 AMPDU=5 BWdec=2
  Gains: TX=20 dB, RX=25 dB | RX diag: RMS=1.176e-01, Peak=4.622e-01
  Estimated CFO: 504.5 Hz
 RXTIME of packet 1: 212us
  ChanEst mean|h|: 1.039 | HE-LTF rms: 1.047
  EVM trend [sym1..mid..end]: -26.6 -26.4 -27.2 -27.0 -28.2 -23.0 -25.5 -27.1 -26.4 dB
  EVM per-sym: -25.74 dB | EVM per-sc: -26.75 dB
 Databitrate of packet 1: 91.03(Mbps)
  A-MPDU deaggregation successful 
  FCS fail for MPDU:1
SNRest=53.71dB

 new MCS = 11
arq
Iter 97 | fb=arq | next: MCS=11 AMPDU=2 BWdec=2
  Gains: TX=20 dB, RX=25 dB | RX diag: RMS=1.176e-01, Peak=4.617e-01
  Estimated CFO: -136.6 Hz
 RXTIME of packet 1: 212us
  ChanEst mean|h|: 1.037 | HE-LTF rms: 1.045
  EVM trend [sym1..mid..end]: -33.7 -36.8 -33.8 -34.6 -36.5 -30.0 -34.3 -36.1 -31.4 dB
  EVM per-sym: -33.49 dB | EVM per-sc: -34.52 dB
 Databitrate of packet 1: 91.03(Mbps)
  A-MPDU deaggregation successful 
SNRest=60.80dB

  DataBitrate (Mbps): 91.03
ack
new MCS = 11
Iter 98 | fb=ack | next: MCS=11 AMPDU=5 BWdec=2
  Gains: TX=20 dB, RX=25 dB | RX diag: RMS=1.426e-01, Peak=4.543e-01
  Estimated CFO: -64610.6 Hz
** wrong target packet detected
new MCS = 11
arq
Iter 99 | fb=arq | next: MCS=11 AMPDU=5 BWdec=2
  Gains: TX=20 dB, RX=25 dB | RX diag: RMS=1.427e-01, Peak=4.546e-01
  Estimated CFO: -49.7 Hz
 RXTIME of packet 1: 212us
  ChanEst mean|h|: 1.035 | HE-LTF rms: 1.044
  EVM trend [sym1..mid..end]: -36.1 -35.9 -36.5 -38.3 -37.5 -35.4 -39.2 -34.4 -38.9 dB
  EVM per-sym: -36.79 dB | EVM per-sc: -37.75 dB
 Databitrate of packet 1: 91.03(Mbps)
  A-MPDU deaggregation successful 
SNRest=67.40dB

  DataBitrate (Mbps): 91.03
ack
new MCS = 11
Iter 100 | fb=ack | next: MCS=11 AMPDU=5 BWdec=2
---- Progress 100/100 | current MCS=11 AMPDU=5 BWdec=2 ----
Done.
Stats | fallback=0 (0.0%), realDecode=86 (86.0%), qUpdate=86
Final state | MCS=11 AMPDU=5 BWdec=2 lastSNR=67.40 dB
