Run log file: C:\Users\welcome\Desktop\X410_CombinedTxRx_XL\logs\run_QLOLLA_20260512_210021.log
Algorithm mode: QLOLLA
Stable loopback point | TX=0 dB RX=45 dB | strict real-decode mode
  Gains: TX=0 dB, RX=45 dB | RX diag: RMS=1.151e-01, Peak=4.324e-01
  Estimated CFO:  85.7 Hz
 RXTIME of packet 1: 116us
  ChanEst mean|h|: 1.040 | HE-LTF rms: 1.049
  EVM per-sym: -25.49 dB | EVM per-sc: -25.99 dB
 Databitrate of packet 1: 3.32(Mbps)
  A-MPDU deaggregation successful 
SNRest=51.33dB

  DataBitrate (Mbps): 3.32
ack
new MCS = 11
Iter 1 | fb=ack | next: MCS=11 AMPDU=4 BWdec=2
  Gains: TX=0 dB, RX=45 dB | RX diag: RMS=1.235e-01, Peak=4.340e-01
  Estimated CFO: -323.3 Hz
 RXTIME of packet 1: 212us
  ChanEst mean|h|: 1.037 | HE-LTF rms: 1.045
  EVM trend [sym1..mid..end]: -25.5 -24.3 -27.1 -25.6 -26.2 -24.8 -25.9 -23.4 -25.0 dB
  EVM per-sym: -24.87 dB | EVM per-sc: -25.82 dB
 Databitrate of packet 1: 91.03(Mbps)
  A-MPDU deaggregation unsuccessful 
new MCS = 11
arq
Iter 2 | fb=arq | next: MCS=11 AMPDU=4 BWdec=2
  Gains: TX=0 dB, RX=45 dB | RX diag: RMS=1.235e-01, Peak=4.398e-01
  Estimated CFO: 92450.5 Hz
** wrong target packet detected
new MCS = 11
arq
Iter 3 | fb=arq | next: MCS=11 AMPDU=4 BWdec=2
  Gains: TX=0 dB, RX=45 dB | RX diag: RMS=1.235e-01, Peak=4.298e-01
  Estimated CFO: -111250.7 Hz
[警告: The L-SIG check failed.] 
[> 位置：<a href="matlab:matlab.lang.internal.introspective.errorDocCallback('coder.internal.warning', 'C:\Users\welcome\Desktop\R2025b\toolbox\shared\coder\coder\lib\+coder\+internal\warning.m', 8)" style="font-weight:bold">coder.internal.warning</a> (<a href="matlab: opentoline('C:\Users\welcome\Desktop\R2025b\toolbox\shared\coder\coder\lib\+coder\+internal\warning.m',8,0)">第 8 行</a>)
位置: <a href="matlab:matlab.lang.internal.introspective.errorDocCallback('wlanFormatDetect', 'C:\Users\welcome\Desktop\R2025b\toolbox\wlan\wlan\wlanFormatDetect.m', 250)" style="font-weight:bold">wlanFormatDetect</a> (<a href="matlab: opentoline('C:\Users\welcome\Desktop\R2025b\toolbox\wlan\wlan\wlanFormatDetect.m',250,0)">第 250 行</a>)
位置: <a href="matlab:matlab.lang.internal.introspective.errorDocCallback('HEWLANDataRecovery', 'C:\Users\welcome\Desktop\X410_CombinedTxRx_XL\HEWLANDataRecovery.m', 140)" style="font-weight:bold">HEWLANDataRecovery</a> (<a href="matlab: opentoline('C:\Users\welcome\Desktop\X410_CombinedTxRx_XL\HEWLANDataRecovery.m',140,0)">第 140 行</a>)
位置: <a href="matlab:matlab.lang.internal.introspective.errorDocCallback('X410_runSingleHost_DualRole_AARF', 'C:\Users\welcome\Desktop\X410_CombinedTxRx_XL\X410_runSingleHost_DualRole_AARF.m', 268)" style="font-weight:bold">X410_runSingleHost_DualRole_AARF</a> (<a href="matlab: opentoline('C:\Users\welcome\Desktop\X410_CombinedTxRx_XL\X410_runSingleHost_DualRole_AARF.m',268,0)">第 268 行</a>)] 
** wrong target packet detected
new MCS = 11
arq
Iter 4 | fb=arq | next: MCS=11 AMPDU=4 BWdec=2
  Gains: TX=0 dB, RX=45 dB | RX diag: RMS=1.235e-01, Peak=4.342e-01
  Estimated CFO: -14.3 Hz
 RXTIME of packet 1: 212us
  ChanEst mean|h|: 1.037 | HE-LTF rms: 1.044
  EVM trend [sym1..mid..end]: -25.7 -25.6 -26.9 -25.9 -25.9 -24.7 -25.0 -22.1 -24.7 dB
  EVM per-sym: -25.06 dB | EVM per-sc: -26.04 dB
 Databitrate of packet 1: 91.03(Mbps)
  A-MPDU deaggregation unsuccessful 
new MCS = 11
arq
Iter 5 | fb=arq | next: MCS=11 AMPDU=1 BWdec=2
  Gains: TX=0 dB, RX=45 dB | RX diag: RMS=1.472e-01, Peak=4.678e-01
  Estimated CFO: 275.7 Hz
 RXTIME of packet 1: 68us
  ChanEst mean|h|: 1.035 | HE-LTF rms: 1.044
  EVM per-sym: -24.96 dB | EVM per-sc: -28.00 dB
 Databitrate of packet 1: 6.86(Mbps)
  A-MPDU deaggregation unsuccessful 
new MCS = 11
arq
Iter 6 | fb=arq | next: MCS=11 AMPDU=1 BWdec=2
  Gains: TX=0 dB, RX=45 dB | RX diag: RMS=1.472e-01, Peak=4.707e-01
  Estimated CFO: -114.6 Hz
 RXTIME of packet 1: 212us
  ChanEst mean|h|: 1.031 | HE-LTF rms: 1.040
  EVM trend [sym1..mid..end]: -24.5 -24.4 -28.4 -22.2 -22.3 -23.4 -26.7 -26.1 -25.9 dB
  EVM per-sym: -24.82 dB | EVM per-sc: -26.20 dB
 Databitrate of packet 1: 88.93(Mbps)
  A-MPDU deaggregation unsuccessful 
new MCS = 11
arq
Iter 7 | fb=arq | next: MCS=11 AMPDU=2 BWdec=2
  Gains: TX=0 dB, RX=45 dB | RX diag: RMS=1.368e-01, Peak=4.405e-01
  Estimated CFO: -328.0 Hz
 RXTIME of packet 1: 212us
  ChanEst mean|h|: 1.035 | HE-LTF rms: 1.042
  EVM trend [sym1..mid..end]: -26.1 -22.6 -23.3 -24.4 -24.3 -21.6 -23.9 -26.0 -26.5 dB
  EVM per-sym: -24.27 dB | EVM per-sc: -25.70 dB
 Databitrate of packet 1: 91.03(Mbps)
  A-MPDU deaggregation unsuccessful 
new MCS = 11
arq
Iter 8 | fb=arq | next: MCS=11 AMPDU=1 BWdec=2
  Gains: TX=0 dB, RX=45 dB | RX diag: RMS=1.303e-01, Peak=4.356e-01
  Estimated CFO:   3.4 Hz
 RXTIME of packet 1: 68us
  ChanEst mean|h|: 1.033 | HE-LTF rms: 1.042
  EVM per-sym: -25.52 dB | EVM per-sc: -28.24 dB
 Databitrate of packet 1: 6.86(Mbps)
  A-MPDU deaggregation unsuccessful 
new MCS = 11
arq
Iter 9 | fb=arq | next: MCS=11 AMPDU=1 BWdec=2
  Gains: TX=0 dB, RX=45 dB | RX diag: RMS=1.303e-01, Peak=4.440e-01
  Estimated CFO: 162.0 Hz
 RXTIME of packet 1: 212us
  ChanEst mean|h|: 1.037 | HE-LTF rms: 1.045
  EVM trend [sym1..mid..end]: -23.8 -24.0 -23.5 -27.6 -25.3 -25.2 -27.0 -25.9 -24.8 dB
  EVM per-sym: -25.22 dB | EVM per-sc: -26.15 dB
 Databitrate of packet 1: 88.93(Mbps)
  A-MPDU deaggregation successful 
  FCS fail for MPDU:1
SNRest=51.11dB

 new MCS = 11
arq
Iter 10 | fb=arq | next: MCS=11 AMPDU=1 BWdec=2
---- Progress 10/100 | current MCS=11 AMPDU=1 BWdec=2 ----
  Gains: TX=0 dB, RX=45 dB | RX diag: RMS=1.303e-01, Peak=4.485e-01
  Estimated CFO: 134.7 Hz
 RXTIME of packet 1: 68us
  ChanEst mean|h|: 1.036 | HE-LTF rms: 1.044
  EVM per-sym: -24.22 dB | EVM per-sc: -27.88 dB
 Databitrate of packet 1: 6.86(Mbps)
  A-MPDU deaggregation successful 
  FCS fail for MPDU:1
SNRest=49.30dB

 new MCS = 11
arq
Iter 11 | fb=arq | next: MCS=11 AMPDU=1 BWdec=2
  Gains: TX=0 dB, RX=45 dB | RX diag: RMS=1.303e-01, Peak=4.451e-01
  Estimated CFO: -37.5 Hz
 RXTIME of packet 1: 68us
  ChanEst mean|h|: 1.035 | HE-LTF rms: 1.045
  EVM per-sym: -24.42 dB | EVM per-sc: -27.95 dB
 Databitrate of packet 1: 6.86(Mbps)
  A-MPDU deaggregation unsuccessful 
new MCS = 11
arq
Iter 12 | fb=arq | next: MCS=11 AMPDU=1 BWdec=2
  Gains: TX=0 dB, RX=45 dB | RX diag: RMS=1.303e-01, Peak=4.480e-01
  Estimated CFO: -499.6 Hz
 RXTIME of packet 1: 212us
  ChanEst mean|h|: 1.035 | HE-LTF rms: 1.044
  EVM trend [sym1..mid..end]: -24.1 -23.1 -25.9 -27.0 -23.8 -22.6 -26.3 -25.3 -23.9 dB
  EVM per-sym: -24.74 dB | EVM per-sc: -25.77 dB
 Databitrate of packet 1: 88.93(Mbps)
  A-MPDU deaggregation unsuccessful 
new MCS = 11
arq
Iter 13 | fb=arq | next: MCS=11 AMPDU=4 BWdec=2
  Gains: TX=0 dB, RX=45 dB | RX diag: RMS=1.491e-01, Peak=4.637e-01
  Estimated CFO: -66780.7 Hz
** wrong target packet detected
new MCS = 11
arq
Iter 14 | fb=arq | next: MCS=11 AMPDU=4 BWdec=2
  Gains: TX=0 dB, RX=45 dB | RX diag: RMS=1.490e-01, Peak=4.635e-01
** No packet detected **
new MCS = 11
arq
Iter 15 | fb=arq | next: MCS=11 AMPDU=4 BWdec=2
  Gains: TX=0 dB, RX=45 dB | RX diag: RMS=1.490e-01, Peak=4.622e-01
  Estimated CFO: -128.9 Hz
 RXTIME of packet 1: 212us
  ChanEst mean|h|: 1.039 | HE-LTF rms: 1.047
  EVM trend [sym1..mid..end]: -26.4 -26.2 -24.6 -24.5 -27.5 -27.3 -22.7 -26.2 -26.1 dB
  EVM per-sym: -25.67 dB | EVM per-sc: -26.59 dB
 Databitrate of packet 1: 91.03(Mbps)
  A-MPDU deaggregation successful 
  FCS fail for MPDU:1
SNRest=51.92dB

 new MCS = 11
arq
Iter 16 | fb=arq | next: MCS=11 AMPDU=2 BWdec=2
  Gains: TX=0 dB, RX=45 dB | RX diag: RMS=1.463e-01, Peak=5.393e-01
  Estimated CFO: 502.9 Hz
 RXTIME of packet 1: 212us
  ChanEst mean|h|: 1.035 | HE-LTF rms: 1.044
  EVM trend [sym1..mid..end]: -27.4 -25.0 -25.0 -23.2 -24.9 -25.4 -24.4 -22.5 -26.3 dB
  EVM per-sym: -24.68 dB | EVM per-sc: -25.83 dB
 Databitrate of packet 1: 91.03(Mbps)
  A-MPDU deaggregation unsuccessful 
new MCS = 11
arq
Iter 17 | fb=arq | next: MCS=11 AMPDU=1 BWdec=2
  Gains: TX=0 dB, RX=45 dB | RX diag: RMS=1.328e-01, Peak=4.276e-01
** No packet detected **
new MCS = 11
arq
Iter 18 | fb=arq | next: MCS=11 AMPDU=1 BWdec=2
  Gains: TX=0 dB, RX=45 dB | RX diag: RMS=1.327e-01, Peak=4.325e-01
  Estimated CFO: 93478.9 Hz
** wrong target packet detected
new MCS = 11
arq
Iter 19 | fb=arq | next: MCS=11 AMPDU=1 BWdec=2
  Gains: TX=0 dB, RX=45 dB | RX diag: RMS=1.327e-01, Peak=4.319e-01
  Estimated CFO: 273.2 Hz
 RXTIME of packet 1: 68us
  ChanEst mean|h|: 1.037 | HE-LTF rms: 1.044
  EVM per-sym: -23.71 dB | EVM per-sc: -27.66 dB
 Databitrate of packet 1: 6.86(Mbps)
  A-MPDU deaggregation unsuccessful 
new MCS = 9
arq
Iter 20 | fb=arq | next: MCS=9 AMPDU=1 BWdec=2
---- Progress 20/100 | current MCS=9 AMPDU=1 BWdec=2 ----
  Gains: TX=0 dB, RX=45 dB | RX diag: RMS=1.332e-01, Peak=4.383e-01
  Estimated CFO: -449.7 Hz
 RXTIME of packet 1: 68us
  ChanEst mean|h|: 1.036 | HE-LTF rms: 1.046
  EVM per-sym: -23.46 dB | EVM per-sc: -25.20 dB
 Databitrate of packet 1: 5.49(Mbps)
  A-MPDU deaggregation successful 
SNRest=48.10dB

  DataBitrate (Mbps): 5.49
ack
new MCS = 7
Iter 21 | fb=ack | next: MCS=7 AMPDU=4 BWdec=2
  Gains: TX=0 dB, RX=45 dB | RX diag: RMS=1.437e-01, Peak=4.835e-01
  Estimated CFO:  58.0 Hz
 RXTIME of packet 1: 324us
  ChanEst mean|h|: 1.032 | HE-LTF rms: 1.040
  EVM trend [sym1..mid..end]: -25.6 -24.4 -26.5 -25.5 -24.4 -24.8 -24.7 -24.9 -23.5 dB
  EVM per-sym: -24.79 dB | EVM per-sc: -25.08 dB
 Databitrate of packet 1: 59.21(Mbps)
  A-MPDU deaggregation successful 
SNRest=52.57dB

  DataBitrate (Mbps): 59.21
ack
new MCS = 8
Iter 22 | fb=ack | next: MCS=8 AMPDU=5 BWdec=2
  Gains: TX=0 dB, RX=45 dB | RX diag: RMS=1.250e-01, Peak=4.679e-01
  Estimated CFO: 512.8 Hz
 RXTIME of packet 1: 276us
  ChanEst mean|h|: 1.041 | HE-LTF rms: 1.048
  EVM trend [sym1..mid..end]: -21.2 -20.2 -22.2 -21.4 -21.7 -21.8 -21.1 -22.9 -23.0 dB
  EVM per-sym: -21.62 dB | EVM per-sc: -22.23 dB
 Databitrate of packet 1: 69.47(Mbps)
  A-MPDU deaggregation successful 
SNRest=48.95dB

  DataBitrate (Mbps): 69.47
ack
new MCS = 6
Iter 23 | fb=ack | next: MCS=6 AMPDU=5 BWdec=2
  Gains: TX=0 dB, RX=45 dB | RX diag: RMS=1.456e-01, Peak=4.778e-01
  Estimated CFO: -696.0 Hz
 RXTIME of packet 1: 356us
  ChanEst mean|h|: 1.038 | HE-LTF rms: 1.047
  EVM trend [sym1..mid..end]: -20.6 -22.8 -21.0 -21.1 -21.9 -21.1 -22.6 -22.4 -20.6 dB
  EVM per-sym: -21.61 dB | EVM per-sc: -21.89 dB
 Databitrate of packet 1: 53.65(Mbps)
  A-MPDU deaggregation successful 
SNRest=48.46dB

  DataBitrate (Mbps): 53.65
ack
new MCS = 6
Iter 24 | fb=ack | next: MCS=6 AMPDU=5 BWdec=2
  Gains: TX=0 dB, RX=45 dB | RX diag: RMS=1.455e-01, Peak=4.744e-01
  Estimated CFO: -52.1 Hz
 RXTIME of packet 1: 356us
  ChanEst mean|h|: 1.031 | HE-LTF rms: 1.041
  EVM trend [sym1..mid..end]: -24.4 -26.0 -25.1 -25.6 -25.6 -24.2 -25.7 -25.9 -24.4 dB
  EVM per-sym: -25.16 dB | EVM per-sc: -25.48 dB
 Databitrate of packet 1: 53.65(Mbps)
  A-MPDU deaggregation successful 
SNRest=51.84dB

  DataBitrate (Mbps): 53.65
ack
new MCS = 7
Iter 25 | fb=ack | next: MCS=7 AMPDU=5 BWdec=2
  Gains: TX=0 dB, RX=45 dB | RX diag: RMS=1.308e-01, Peak=4.307e-01
  Estimated CFO: -507.1 Hz
 RXTIME of packet 1: 324us
  ChanEst mean|h|: 1.039 | HE-LTF rms: 1.047
  EVM trend [sym1..mid..end]: -22.1 -23.5 -22.4 -22.7 -22.8 -22.7 -21.7 -22.3 -21.8 dB
  EVM per-sym: -22.48 dB | EVM per-sc: -22.74 dB
 Databitrate of packet 1: 59.21(Mbps)
  A-MPDU deaggregation successful 
SNRest=48.73dB

  DataBitrate (Mbps): 59.21
ack
new MCS = 5
Iter 26 | fb=ack | next: MCS=5 AMPDU=5 BWdec=2
  Gains: TX=0 dB, RX=45 dB | RX diag: RMS=1.285e-01, Peak=4.257e-01
  Estimated CFO: 522.1 Hz
 RXTIME of packet 1: 388us
  ChanEst mean|h|: 1.037 | HE-LTF rms: 1.046
  EVM trend [sym1..mid..end]: -21.4 -21.0 -22.5 -22.3 -21.3 -21.3 -22.1 -22.4 -21.7 dB
  EVM per-sym: -21.68 dB | EVM per-sc: -21.92 dB
 Databitrate of packet 1: 49.19(Mbps)
  A-MPDU deaggregation successful 
SNRest=49.83dB

  DataBitrate (Mbps): 49.19
ack
new MCS = 5
Iter 27 | fb=ack | next: MCS=5 AMPDU=5 BWdec=2
  Gains: TX=0 dB, RX=45 dB | RX diag: RMS=1.284e-01, Peak=4.342e-01
  Estimated CFO: 240.6 Hz
 RXTIME of packet 1: 388us
  ChanEst mean|h|: 1.034 | HE-LTF rms: 1.043
  EVM trend [sym1..mid..end]: -23.1 -23.9 -22.7 -23.4 -23.4 -24.4 -23.4 -24.0 -23.6 dB
  EVM per-sym: -23.47 dB | EVM per-sc: -23.74 dB
 Databitrate of packet 1: 49.19(Mbps)
  A-MPDU deaggregation successful 
SNRest=52.05dB

  DataBitrate (Mbps): 49.19
ack
new MCS = 6
Iter 28 | fb=ack | next: MCS=6 AMPDU=5 BWdec=2
  Gains: TX=0 dB, RX=45 dB | RX diag: RMS=1.324e-01, Peak=4.400e-01
  Estimated CFO: -652.8 Hz
 RXTIME of packet 1: 356us
  ChanEst mean|h|: 1.033 | HE-LTF rms: 1.041
  EVM trend [sym1..mid..end]: -20.9 -21.3 -22.2 -20.7 -20.1 -22.3 -20.4 -20.7 -21.3 dB
  EVM per-sym: -21.11 dB | EVM per-sc: -21.43 dB
 Databitrate of packet 1: 53.65(Mbps)
  A-MPDU deaggregation successful 
SNRest=47.43dB

  DataBitrate (Mbps): 53.65
ack
new MCS = 4
Iter 29 | fb=ack | next: MCS=4 AMPDU=5 BWdec=2
  Gains: TX=0 dB, RX=45 dB | RX diag: RMS=1.378e-01, Peak=4.599e-01
  Estimated CFO: 431.4 Hz
 RXTIME of packet 1: 500us
  ChanEst mean|h|: 1.041 | HE-LTF rms: 1.047
  EVM trend [sym1..mid..end]: -24.6 -23.6 -24.8 -24.1 -24.4 -24.7 -24.0 -24.7 -24.3 dB
  EVM per-sym: -24.32 dB | EVM per-sc: -24.45 dB
 Databitrate of packet 1: 38.07(Mbps)
  A-MPDU deaggregation successful 
SNRest=51.48dB

  DataBitrate (Mbps): 38.07
ack
new MCS = 6
Iter 30 | fb=ack | next: MCS=6 AMPDU=5 BWdec=2
---- Progress 30/100 | current MCS=6 AMPDU=5 BWdec=2 ----
  Gains: TX=0 dB, RX=45 dB | RX diag: RMS=1.346e-01, Peak=4.554e-01
  Estimated CFO: 151.0 Hz
 RXTIME of packet 1: 356us
  ChanEst mean|h|: 1.035 | HE-LTF rms: 1.043
  EVM trend [sym1..mid..end]: -24.0 -24.6 -24.2 -24.0 -24.5 -24.6 -24.8 -24.0 -24.2 dB
  EVM per-sym: -24.30 dB | EVM per-sc: -24.55 dB
 Databitrate of packet 1: 53.65(Mbps)
  A-MPDU deaggregation successful 
SNRest=52.28dB

  DataBitrate (Mbps): 53.65
ack
new MCS = 6
Iter 31 | fb=ack | next: MCS=6 AMPDU=5 BWdec=2
  Gains: TX=0 dB, RX=45 dB | RX diag: RMS=1.346e-01, Peak=4.526e-01
  Estimated CFO:  63.3 Hz
 RXTIME of packet 1: 356us
  ChanEst mean|h|: 1.036 | HE-LTF rms: 1.045
  EVM trend [sym1..mid..end]: -23.4 -23.9 -24.9 -24.7 -24.5 -24.3 -24.5 -24.2 -24.5 dB
  EVM per-sym: -24.44 dB | EVM per-sc: -24.75 dB
 Databitrate of packet 1: 53.65(Mbps)
  A-MPDU deaggregation successful 
SNRest=52.48dB

  DataBitrate (Mbps): 53.65
ack
new MCS = 6
Iter 32 | fb=ack | next: MCS=6 AMPDU=5 BWdec=2
  Gains: TX=0 dB, RX=45 dB | RX diag: RMS=1.346e-01, Peak=4.487e-01
  Estimated CFO: 360.4 Hz
 RXTIME of packet 1: 356us
  ChanEst mean|h|: 1.036 | HE-LTF rms: 1.044
  EVM trend [sym1..mid..end]: -22.1 -22.4 -23.1 -23.3 -22.8 -24.0 -22.5 -23.7 -22.4 dB
  EVM per-sym: -23.13 dB | EVM per-sc: -23.41 dB
 Databitrate of packet 1: 53.65(Mbps)
  A-MPDU deaggregation successful 
SNRest=49.88dB

  DataBitrate (Mbps): 53.65
ack
new MCS = 5
Iter 33 | fb=ack | next: MCS=5 AMPDU=5 BWdec=2
  Gains: TX=0 dB, RX=45 dB | RX diag: RMS=1.357e-01, Peak=4.890e-01
  Estimated CFO: 480.2 Hz
 RXTIME of packet 1: 388us
  ChanEst mean|h|: 1.030 | HE-LTF rms: 1.039
  EVM trend [sym1..mid..end]: -22.2 -23.4 -23.1 -22.8 -22.3 -23.0 -22.3 -23.4 -22.2 dB
  EVM per-sym: -22.65 dB | EVM per-sc: -22.98 dB
 Databitrate of packet 1: 49.19(Mbps)
  A-MPDU deaggregation successful 
SNRest=48.14dB

  DataBitrate (Mbps): 49.19
ack
new MCS = 5
Iter 34 | fb=ack | next: MCS=5 AMPDU=5 BWdec=2
  Gains: TX=0 dB, RX=45 dB | RX diag: RMS=1.357e-01, Peak=4.903e-01
  Estimated CFO:  39.1 Hz
 RXTIME of packet 1: 388us
  ChanEst mean|h|: 1.036 | HE-LTF rms: 1.043
  EVM trend [sym1..mid..end]: -24.1 -25.2 -24.6 -25.6 -24.8 -25.2 -24.8 -24.3 -24.8 dB
  EVM per-sym: -24.70 dB | EVM per-sc: -24.94 dB
 Databitrate of packet 1: 49.19(Mbps)
  A-MPDU deaggregation successful 
SNRest=52.64dB

  DataBitrate (Mbps): 49.19
ack
new MCS = 6
Iter 35 | fb=ack | next: MCS=6 AMPDU=5 BWdec=2
  Gains: TX=0 dB, RX=45 dB | RX diag: RMS=1.441e-01, Peak=4.805e-01
  Estimated CFO: 131.6 Hz
 RXTIME of packet 1: 356us
  ChanEst mean|h|: 1.037 | HE-LTF rms: 1.044
  EVM trend [sym1..mid..end]: -25.3 -24.5 -25.3 -25.0 -25.3 -25.3 -25.5 -23.7 -24.4 dB
  EVM per-sym: -24.83 dB | EVM per-sc: -25.13 dB
 Databitrate of packet 1: 53.65(Mbps)
  A-MPDU deaggregation successful 
SNRest=52.34dB

  DataBitrate (Mbps): 53.65
ack
new MCS = 6
Iter 36 | fb=ack | next: MCS=6 AMPDU=5 BWdec=2
  Gains: TX=0 dB, RX=45 dB | RX diag: RMS=1.441e-01, Peak=4.711e-01
  Estimated CFO: -406.9 Hz
 RXTIME of packet 1: 356us
  ChanEst mean|h|: 1.035 | HE-LTF rms: 1.044
  EVM trend [sym1..mid..end]: -22.7 -22.2 -23.5 -23.3 -23.5 -23.5 -24.3 -23.6 -24.5 dB
  EVM per-sym: -23.86 dB | EVM per-sc: -24.16 dB
 Databitrate of packet 1: 53.65(Mbps)
  A-MPDU deaggregation successful 
SNRest=50.46dB

  DataBitrate (Mbps): 53.65
ack
new MCS = 6
Iter 37 | fb=ack | next: MCS=6 AMPDU=5 BWdec=2
  Gains: TX=0 dB, RX=45 dB | RX diag: RMS=1.441e-01, Peak=4.672e-01
  Estimated CFO: 239.8 Hz
 RXTIME of packet 1: 356us
  ChanEst mean|h|: 1.034 | HE-LTF rms: 1.042
  EVM trend [sym1..mid..end]: -23.7 -23.6 -23.1 -25.4 -24.6 -24.2 -25.0 -23.7 -24.3 dB
  EVM per-sym: -24.40 dB | EVM per-sc: -24.68 dB
 Databitrate of packet 1: 53.65(Mbps)
  A-MPDU deaggregation successful 
SNRest=51.40dB

  DataBitrate (Mbps): 53.65
ack
new MCS = 6
Iter 38 | fb=ack | next: MCS=6 AMPDU=5 BWdec=2
  Gains: TX=0 dB, RX=45 dB | RX diag: RMS=1.441e-01, Peak=4.705e-01
  Estimated CFO: -71416.1 Hz
** wrong target packet detected
new MCS = 6
arq
Iter 39 | fb=arq | next: MCS=6 AMPDU=5 BWdec=2
  Gains: TX=0 dB, RX=45 dB | RX diag: RMS=1.441e-01, Peak=4.759e-01
  Estimated CFO:  32.2 Hz
 RXTIME of packet 1: 356us
  ChanEst mean|h|: 1.040 | HE-LTF rms: 1.049
  EVM trend [sym1..mid..end]: -24.4 -24.1 -25.4 -25.1 -25.5 -25.4 -24.7 -25.3 -23.8 dB
  EVM per-sym: -25.06 dB | EVM per-sc: -25.35 dB
 Databitrate of packet 1: 53.65(Mbps)
  A-MPDU deaggregation successful 
SNRest=53.04dB

  DataBitrate (Mbps): 53.65
ack
new MCS = 7
Iter 40 | fb=ack | next: MCS=7 AMPDU=5 BWdec=2
---- Progress 40/100 | current MCS=7 AMPDU=5 BWdec=2 ----
  Gains: TX=0 dB, RX=45 dB | RX diag: RMS=1.460e-01, Peak=4.325e-01
  Estimated CFO: 416.4 Hz
 RXTIME of packet 1: 324us
  ChanEst mean|h|: 1.040 | HE-LTF rms: 1.048
  EVM trend [sym1..mid..end]: -23.3 -22.6 -23.7 -23.6 -23.1 -24.3 -23.3 -23.3 -22.6 dB
  EVM per-sym: -23.26 dB | EVM per-sc: -23.56 dB
 Databitrate of packet 1: 59.21(Mbps)
  A-MPDU deaggregation successful 
SNRest=51.75dB

  DataBitrate (Mbps): 59.21
ack
new MCS = 6
Iter 41 | fb=ack | next: MCS=6 AMPDU=5 BWdec=2
  Gains: TX=0 dB, RX=45 dB | RX diag: RMS=1.213e-01, Peak=4.281e-01
  Estimated CFO:  10.0 Hz
 RXTIME of packet 1: 356us
  ChanEst mean|h|: 1.034 | HE-LTF rms: 1.043
  EVM trend [sym1..mid..end]: -22.6 -24.1 -23.8 -22.6 -23.7 -23.1 -23.8 -23.7 -23.7 dB
  EVM per-sym: -23.58 dB | EVM per-sc: -23.87 dB
 Databitrate of packet 1: 53.65(Mbps)
  A-MPDU deaggregation successful 
SNRest=51.32dB

  DataBitrate (Mbps): 53.65
ack
new MCS = 6
Iter 42 | fb=ack | next: MCS=6 AMPDU=5 BWdec=2
  Gains: TX=0 dB, RX=45 dB | RX diag: RMS=1.212e-01, Peak=4.271e-01
  Estimated CFO: -383.7 Hz
 RXTIME of packet 1: 356us
  ChanEst mean|h|: 1.038 | HE-LTF rms: 1.046
  EVM trend [sym1..mid..end]: -21.3 -22.4 -22.3 -23.9 -23.0 -22.5 -22.3 -22.7 -22.4 dB
  EVM per-sym: -22.49 dB | EVM per-sc: -22.81 dB
 Databitrate of packet 1: 53.65(Mbps)
  A-MPDU deaggregation successful 
SNRest=49.88dB

  DataBitrate (Mbps): 53.65
ack
new MCS = 6
Iter 43 | fb=ack | next: MCS=6 AMPDU=5 BWdec=2
  Gains: TX=0 dB, RX=45 dB | RX diag: RMS=1.213e-01, Peak=4.268e-01
** No packet detected **
new MCS = 6
arq
Iter 44 | fb=arq | next: MCS=6 AMPDU=5 BWdec=2
  Gains: TX=0 dB, RX=45 dB | RX diag: RMS=1.213e-01, Peak=4.328e-01
  Estimated CFO: -141.4 Hz
 RXTIME of packet 1: 356us
  ChanEst mean|h|: 1.037 | HE-LTF rms: 1.047
  EVM trend [sym1..mid..end]: -22.1 -23.1 -23.2 -23.3 -23.1 -22.3 -23.6 -22.9 -23.3 dB
  EVM per-sym: -23.11 dB | EVM per-sc: -23.38 dB
 Databitrate of packet 1: 53.65(Mbps)
  A-MPDU deaggregation successful 
SNRest=50.74dB

  DataBitrate (Mbps): 53.65
ack
new MCS = 6
Iter 45 | fb=ack | next: MCS=6 AMPDU=5 BWdec=2
  Gains: TX=0 dB, RX=45 dB | RX diag: RMS=1.213e-01, Peak=4.243e-01
  Estimated CFO:  60.6 Hz
 RXTIME of packet 1: 356us
  ChanEst mean|h|: 1.029 | HE-LTF rms: 1.039
  EVM trend [sym1..mid..end]: -23.0 -23.8 -23.1 -23.0 -23.8 -22.9 -23.0 -24.4 -23.3 dB
  EVM per-sym: -23.42 dB | EVM per-sc: -23.79 dB
 Databitrate of packet 1: 53.65(Mbps)
  A-MPDU deaggregation successful 
SNRest=51.60dB

  DataBitrate (Mbps): 53.65
ack
new MCS = 6
Iter 46 | fb=ack | next: MCS=6 AMPDU=5 BWdec=2
  Gains: TX=0 dB, RX=45 dB | RX diag: RMS=1.213e-01, Peak=4.271e-01
  Estimated CFO: 240.9 Hz
 RXTIME of packet 1: 356us
  ChanEst mean|h|: 1.034 | HE-LTF rms: 1.043
  EVM trend [sym1..mid..end]: -22.7 -23.5 -22.9 -22.9 -22.9 -22.6 -22.4 -23.6 -22.9 dB
  EVM per-sym: -22.97 dB | EVM per-sc: -23.29 dB
 Databitrate of packet 1: 53.65(Mbps)
  A-MPDU deaggregation successful 
SNRest=50.04dB

  DataBitrate (Mbps): 53.65
ack
new MCS = 6
Iter 47 | fb=ack | next: MCS=6 AMPDU=5 BWdec=2
  Gains: TX=0 dB, RX=45 dB | RX diag: RMS=1.213e-01, Peak=4.324e-01
  Estimated CFO: 382.0 Hz
 RXTIME of packet 1: 356us
  ChanEst mean|h|: 1.039 | HE-LTF rms: 1.048
  EVM trend [sym1..mid..end]: -21.5 -22.6 -22.5 -22.6 -23.7 -22.7 -23.4 -22.2 -22.4 dB
  EVM per-sym: -22.47 dB | EVM per-sc: -22.76 dB
 Databitrate of packet 1: 53.65(Mbps)
  A-MPDU deaggregation successful 
SNRest=49.22dB

  DataBitrate (Mbps): 53.65
ack
new MCS = 6
Iter 48 | fb=ack | next: MCS=6 AMPDU=5 BWdec=2
  Gains: TX=0 dB, RX=45 dB | RX diag: RMS=1.213e-01, Peak=4.256e-01
  Estimated CFO: 191.7 Hz
 RXTIME of packet 1: 356us
  ChanEst mean|h|: 1.034 | HE-LTF rms: 1.043
  EVM trend [sym1..mid..end]: -22.8 -23.1 -22.6 -23.6 -23.9 -22.8 -23.2 -23.4 -21.7 dB
  EVM per-sym: -22.94 dB | EVM per-sc: -23.24 dB
 Databitrate of packet 1: 53.65(Mbps)
  A-MPDU deaggregation successful 
SNRest=50.45dB

  DataBitrate (Mbps): 53.65
ack
new MCS = 6
Iter 49 | fb=ack | next: MCS=6 AMPDU=5 BWdec=2
  Gains: TX=0 dB, RX=45 dB | RX diag: RMS=1.213e-01, Peak=4.346e-01
  Estimated CFO: 525.6 Hz
 RXTIME of packet 1: 356us
  ChanEst mean|h|: 1.040 | HE-LTF rms: 1.048
  EVM trend [sym1..mid..end]: -21.3 -21.8 -22.2 -22.4 -22.1 -20.5 -20.9 -22.1 -21.0 dB
  EVM per-sym: -21.64 dB | EVM per-sc: -21.97 dB
 Databitrate of packet 1: 53.65(Mbps)
  A-MPDU deaggregation successful 
SNRest=49.73dB

  DataBitrate (Mbps): 53.65
ack
new MCS = 6
Iter 50 | fb=ack | next: MCS=6 AMPDU=5 BWdec=2
---- Progress 50/100 | current MCS=6 AMPDU=5 BWdec=2 ----
  Gains: TX=0 dB, RX=45 dB | RX diag: RMS=1.213e-01, Peak=4.248e-01
  Estimated CFO:  86.8 Hz
 RXTIME of packet 1: 356us
  ChanEst mean|h|: 1.028 | HE-LTF rms: 1.038
  EVM trend [sym1..mid..end]: -23.0 -23.5 -22.8 -22.8 -23.7 -23.1 -23.0 -23.8 -23.1 dB
  EVM per-sym: -23.24 dB | EVM per-sc: -23.55 dB
 Databitrate of packet 1: 53.65(Mbps)
  A-MPDU deaggregation successful 
SNRest=50.04dB

  DataBitrate (Mbps): 53.65
ack
new MCS = 6
Iter 51 | fb=ack | next: MCS=6 AMPDU=5 BWdec=2
  Gains: TX=0 dB, RX=45 dB | RX diag: RMS=1.214e-01, Peak=4.347e-01
  Estimated CFO: 206.1 Hz
 RXTIME of packet 1: 356us
  ChanEst mean|h|: 1.038 | HE-LTF rms: 1.047
  EVM trend [sym1..mid..end]: -22.7 -23.4 -23.1 -22.9 -22.8 -23.2 -22.3 -23.0 -22.7 dB
  EVM per-sym: -23.03 dB | EVM per-sc: -23.32 dB
 Databitrate of packet 1: 53.65(Mbps)
  A-MPDU deaggregation successful 
SNRest=51.19dB

  DataBitrate (Mbps): 53.65
ack
new MCS = 6
Iter 52 | fb=ack | next: MCS=6 AMPDU=5 BWdec=2
  Gains: TX=0 dB, RX=45 dB | RX diag: RMS=1.213e-01, Peak=4.353e-01
  Estimated CFO: -339.1 Hz
 RXTIME of packet 1: 356us
  ChanEst mean|h|: 1.037 | HE-LTF rms: 1.046
  EVM trend [sym1..mid..end]: -22.7 -23.1 -22.9 -22.7 -22.5 -22.6 -22.2 -22.9 -21.8 dB
  EVM per-sym: -22.63 dB | EVM per-sc: -22.92 dB
 Databitrate of packet 1: 53.65(Mbps)
  A-MPDU deaggregation successful 
SNRest=47.95dB

  DataBitrate (Mbps): 53.65
ack
new MCS = 5
Iter 53 | fb=ack | next: MCS=5 AMPDU=5 BWdec=2
  Gains: TX=0 dB, RX=45 dB | RX diag: RMS=1.292e-01, Peak=4.437e-01
  Estimated CFO:  19.9 Hz
 RXTIME of packet 1: 388us
  ChanEst mean|h|: 1.037 | HE-LTF rms: 1.045
  EVM trend [sym1..mid..end]: -24.2 -25.7 -23.4 -24.2 -25.0 -24.7 -23.1 -24.1 -25.2 dB
  EVM per-sym: -24.29 dB | EVM per-sc: -24.52 dB
 Databitrate of packet 1: 49.19(Mbps)
  A-MPDU deaggregation successful 
SNRest=52.67dB

  DataBitrate (Mbps): 49.19
ack
new MCS = 7
Iter 54 | fb=ack | next: MCS=7 AMPDU=5 BWdec=2
  Gains: TX=0 dB, RX=45 dB | RX diag: RMS=1.218e-01, Peak=4.290e-01
  Estimated CFO: 557.0 Hz
 RXTIME of packet 1: 324us
  ChanEst mean|h|: 1.035 | HE-LTF rms: 1.043
  EVM trend [sym1..mid..end]: -20.5 -22.6 -20.7 -22.6 -21.2 -20.4 -22.3 -20.8 -21.5 dB
  EVM per-sym: -21.54 dB | EVM per-sc: -21.82 dB
 Databitrate of packet 1: 59.21(Mbps)
  A-MPDU deaggregation successful 
SNRest=49.28dB

  DataBitrate (Mbps): 59.21
ack
new MCS = 6
Iter 55 | fb=ack | next: MCS=6 AMPDU=5 BWdec=2
  Gains: TX=0 dB, RX=45 dB | RX diag: RMS=1.388e-01, Peak=4.264e-01
  Estimated CFO:  75.7 Hz
 RXTIME of packet 1: 356us
  ChanEst mean|h|: 1.038 | HE-LTF rms: 1.045
  EVM trend [sym1..mid..end]: -24.6 -25.3 -23.4 -25.2 -24.5 -25.4 -25.3 -25.0 -24.3 dB
  EVM per-sym: -24.73 dB | EVM per-sc: -25.03 dB
 Databitrate of packet 1: 53.65(Mbps)
  A-MPDU deaggregation successful 
SNRest=53.78dB

  DataBitrate (Mbps): 53.65
ack
new MCS = 7
Iter 56 | fb=ack | next: MCS=7 AMPDU=5 BWdec=2
  Gains: TX=0 dB, RX=45 dB | RX diag: RMS=1.444e-01, Peak=4.410e-01
  Estimated CFO: 295.8 Hz
 RXTIME of packet 1: 324us
  ChanEst mean|h|: 1.040 | HE-LTF rms: 1.048
  EVM trend [sym1..mid..end]: -25.3 -25.0 -24.5 -22.9 -23.6 -24.7 -24.2 -24.2 -23.5 dB
  EVM per-sym: -24.26 dB | EVM per-sc: -24.58 dB
 Databitrate of packet 1: 59.21(Mbps)
  A-MPDU deaggregation successful 
SNRest=49.91dB

  DataBitrate (Mbps): 59.21
ack
new MCS = 6
Iter 57 | fb=ack | next: MCS=6 AMPDU=5 BWdec=2
  Gains: TX=0 dB, RX=45 dB | RX diag: RMS=1.329e-01, Peak=4.336e-01
  Estimated CFO:  31.5 Hz
 RXTIME of packet 1: 356us
  ChanEst mean|h|: 1.039 | HE-LTF rms: 1.045
  EVM trend [sym1..mid..end]: -25.5 -24.7 -24.6 -23.8 -25.1 -24.2 -25.1 -24.5 -24.9 dB
  EVM per-sym: -24.45 dB | EVM per-sc: -24.67 dB
 Databitrate of packet 1: 53.65(Mbps)
  A-MPDU deaggregation successful 
SNRest=51.56dB

  DataBitrate (Mbps): 53.65
ack
new MCS = 7
Iter 58 | fb=ack | next: MCS=7 AMPDU=5 BWdec=2
  Gains: TX=0 dB, RX=45 dB | RX diag: RMS=1.449e-01, Peak=4.429e-01
  Estimated CFO: -224.4 Hz
 RXTIME of packet 1: 324us
  ChanEst mean|h|: 1.041 | HE-LTF rms: 1.049
  EVM trend [sym1..mid..end]: -24.4 -24.8 -25.8 -23.9 -24.7 -24.6 -24.5 -24.5 -24.9 dB
  EVM per-sym: -24.70 dB | EVM per-sc: -24.98 dB
 Databitrate of packet 1: 59.21(Mbps)
  A-MPDU deaggregation successful 
SNRest=51.12dB

  DataBitrate (Mbps): 59.21
ack
new MCS = 7
Iter 59 | fb=ack | next: MCS=7 AMPDU=5 BWdec=2
  Gains: TX=0 dB, RX=45 dB | RX diag: RMS=1.449e-01, Peak=4.438e-01
  Estimated CFO: -357.0 Hz
 RXTIME of packet 1: 324us
  ChanEst mean|h|: 1.036 | HE-LTF rms: 1.045
  EVM trend [sym1..mid..end]: -22.6 -23.6 -23.8 -23.1 -23.2 -23.3 -23.6 -23.6 -23.3 dB
  EVM per-sym: -23.38 dB | EVM per-sc: -23.67 dB
 Databitrate of packet 1: 59.21(Mbps)
  A-MPDU deaggregation successful 
SNRest=50.11dB

  DataBitrate (Mbps): 59.21
ack
new MCS = 6
Iter 60 | fb=ack | next: MCS=6 AMPDU=5 BWdec=2
---- Progress 60/100 | current MCS=6 AMPDU=5 BWdec=2 ----
  Gains: TX=0 dB, RX=45 dB | RX diag: RMS=1.357e-01, Peak=4.294e-01
  Estimated CFO: -107.3 Hz
 RXTIME of packet 1: 356us
  ChanEst mean|h|: 1.040 | HE-LTF rms: 1.049
  EVM trend [sym1..mid..end]: -25.0 -24.2 -25.0 -24.4 -25.0 -22.9 -24.6 -23.9 -23.1 dB
  EVM per-sym: -24.34 dB | EVM per-sc: -24.61 dB
 Databitrate of packet 1: 53.65(Mbps)
  A-MPDU deaggregation successful 
SNRest=51.10dB

  DataBitrate (Mbps): 53.65
ack
new MCS = 7
Iter 61 | fb=ack | next: MCS=7 AMPDU=5 BWdec=2
  Gains: TX=0 dB, RX=45 dB | RX diag: RMS=1.415e-01, Peak=4.352e-01
  Estimated CFO: -98.3 Hz
 RXTIME of packet 1: 324us
  ChanEst mean|h|: 1.043 | HE-LTF rms: 1.051
  EVM trend [sym1..mid..end]: -23.7 -25.1 -25.4 -25.3 -25.6 -24.7 -25.2 -23.1 -24.3 dB
  EVM per-sym: -24.80 dB | EVM per-sc: -25.09 dB
 Databitrate of packet 1: 59.21(Mbps)
  A-MPDU deaggregation successful 
SNRest=51.91dB

  DataBitrate (Mbps): 59.21
ack
new MCS = 7
Iter 62 | fb=ack | next: MCS=7 AMPDU=5 BWdec=2
  Gains: TX=0 dB, RX=45 dB | RX diag: RMS=1.415e-01, Peak=4.361e-01
  Estimated CFO: -257.9 Hz
 RXTIME of packet 1: 324us
  ChanEst mean|h|: 1.040 | HE-LTF rms: 1.048
  EVM trend [sym1..mid..end]: -23.9 -22.9 -24.5 -24.7 -24.1 -23.8 -24.7 -22.7 -23.9 dB
  EVM per-sym: -23.89 dB | EVM per-sc: -24.21 dB
 Databitrate of packet 1: 59.21(Mbps)
  A-MPDU deaggregation successful 
SNRest=51.86dB

  DataBitrate (Mbps): 59.21
ack
new MCS = 7
Iter 63 | fb=ack | next: MCS=7 AMPDU=5 BWdec=2
  Gains: TX=0 dB, RX=45 dB | RX diag: RMS=1.415e-01, Peak=4.365e-01
  Estimated CFO:  32.6 Hz
 RXTIME of packet 1: 324us
  ChanEst mean|h|: 1.041 | HE-LTF rms: 1.048
  EVM trend [sym1..mid..end]: -23.8 -24.4 -24.1 -24.5 -25.3 -24.7 -24.7 -23.8 -24.3 dB
  EVM per-sym: -24.38 dB | EVM per-sc: -24.72 dB
 Databitrate of packet 1: 59.21(Mbps)
  A-MPDU deaggregation successful 
SNRest=53.57dB

  DataBitrate (Mbps): 59.21
ack
new MCS = 8
Iter 64 | fb=ack | next: MCS=8 AMPDU=5 BWdec=2
  Gains: TX=0 dB, RX=45 dB | RX diag: RMS=1.318e-01, Peak=4.229e-01
  Estimated CFO: -69942.1 Hz
** wrong target packet detected
new MCS = 8
arq
Iter 65 | fb=arq | next: MCS=8 AMPDU=5 BWdec=2
  Gains: TX=0 dB, RX=45 dB | RX diag: RMS=1.318e-01, Peak=4.262e-01
  Estimated CFO: 342.2 Hz
 RXTIME of packet 1: 276us
  ChanEst mean|h|: 1.035 | HE-LTF rms: 1.043
  EVM trend [sym1..mid..end]: -20.7 -23.1 -21.7 -24.5 -23.6 -23.1 -24.1 -23.5 -23.7 dB
  EVM per-sym: -22.90 dB | EVM per-sc: -23.41 dB
 Databitrate of packet 1: 69.47(Mbps)
  A-MPDU deaggregation successful 
SNRest=49.99dB

  DataBitrate (Mbps): 69.47
ack
new MCS = 6
Iter 66 | fb=ack | next: MCS=6 AMPDU=5 BWdec=2
  Gains: TX=0 dB, RX=45 dB | RX diag: RMS=1.287e-01, Peak=4.321e-01
  Estimated CFO: -193.0 Hz
 RXTIME of packet 1: 356us
  ChanEst mean|h|: 1.036 | HE-LTF rms: 1.044
  EVM trend [sym1..mid..end]: -23.0 -24.1 -23.2 -23.4 -23.6 -23.3 -23.2 -22.5 -23.2 dB
  EVM per-sym: -23.35 dB | EVM per-sc: -23.62 dB
 Databitrate of packet 1: 53.65(Mbps)
  A-MPDU deaggregation successful 
SNRest=51.33dB

  DataBitrate (Mbps): 53.65
ack
new MCS = 7
Iter 67 | fb=ack | next: MCS=7 AMPDU=5 BWdec=2
  Gains: TX=0 dB, RX=45 dB | RX diag: RMS=1.397e-01, Peak=4.673e-01
  Estimated CFO: -127.6 Hz
 RXTIME of packet 1: 324us
  ChanEst mean|h|: 1.042 | HE-LTF rms: 1.049
  EVM trend [sym1..mid..end]: -24.4 -24.7 -23.9 -24.7 -25.3 -23.4 -25.2 -23.4 -23.7 dB
  EVM per-sym: -24.21 dB | EVM per-sc: -24.57 dB
 Databitrate of packet 1: 59.21(Mbps)
  A-MPDU deaggregation successful 
SNRest=51.78dB

  DataBitrate (Mbps): 59.21
ack
new MCS = 7
Iter 68 | fb=ack | next: MCS=7 AMPDU=5 BWdec=2
  Gains: TX=0 dB, RX=45 dB | RX diag: RMS=1.397e-01, Peak=4.577e-01
  Estimated CFO: 407.3 Hz
 RXTIME of packet 1: 324us
  ChanEst mean|h|: 1.040 | HE-LTF rms: 1.047
  EVM trend [sym1..mid..end]: -23.6 -23.6 -23.3 -24.5 -23.7 -22.6 -23.9 -23.1 -22.7 dB
  EVM per-sym: -23.31 dB | EVM per-sc: -23.70 dB
 Databitrate of packet 1: 59.21(Mbps)
  A-MPDU deaggregation successful 
SNRest=51.18dB

  DataBitrate (Mbps): 59.21
ack
new MCS = 7
Iter 69 | fb=ack | next: MCS=7 AMPDU=5 BWdec=2
  Gains: TX=0 dB, RX=45 dB | RX diag: RMS=1.397e-01, Peak=4.613e-01
  Estimated CFO: -38.0 Hz
 RXTIME of packet 1: 324us
  ChanEst mean|h|: 1.041 | HE-LTF rms: 1.048
  EVM trend [sym1..mid..end]: -24.9 -25.0 -23.7 -24.6 -25.2 -24.6 -24.8 -24.3 -24.1 dB
  EVM per-sym: -24.61 dB | EVM per-sc: -24.92 dB
 Databitrate of packet 1: 59.21(Mbps)
  A-MPDU deaggregation successful 
SNRest=52.76dB

  DataBitrate (Mbps): 59.21
ack
new MCS = 8
Iter 70 | fb=ack | next: MCS=8 AMPDU=5 BWdec=2
---- Progress 70/100 | current MCS=8 AMPDU=5 BWdec=2 ----
  Gains: TX=0 dB, RX=45 dB | RX diag: RMS=1.425e-01, Peak=4.721e-01
  Estimated CFO: -310.6 Hz
 RXTIME of packet 1: 276us
  ChanEst mean|h|: 1.039 | HE-LTF rms: 1.047
  EVM trend [sym1..mid..end]: -23.2 -24.0 -23.0 -22.7 -24.4 -21.4 -22.2 -22.2 -23.2 dB
  EVM per-sym: -22.98 dB | EVM per-sc: -23.65 dB
 Databitrate of packet 1: 69.47(Mbps)
  A-MPDU deaggregation successful 
SNRest=50.26dB

  DataBitrate (Mbps): 69.47
ack
new MCS = 7
Iter 71 | fb=ack | next: MCS=7 AMPDU=5 BWdec=2
  Gains: TX=0 dB, RX=45 dB | RX diag: RMS=1.416e-01, Peak=4.346e-01
  Estimated CFO: -138.1 Hz
 RXTIME of packet 1: 324us
  ChanEst mean|h|: 1.038 | HE-LTF rms: 1.045
  EVM trend [sym1..mid..end]: -24.1 -24.7 -25.8 -25.1 -25.3 -24.8 -25.3 -24.1 -24.4 dB
  EVM per-sym: -24.59 dB | EVM per-sc: -24.92 dB
 Databitrate of packet 1: 59.21(Mbps)
  A-MPDU deaggregation successful 
SNRest=51.94dB

  DataBitrate (Mbps): 59.21
ack
new MCS = 7
Iter 72 | fb=ack | next: MCS=7 AMPDU=5 BWdec=2
  Gains: TX=0 dB, RX=45 dB | RX diag: RMS=1.416e-01, Peak=4.525e-01
  Estimated CFO: -30.7 Hz
 RXTIME of packet 1: 324us
  ChanEst mean|h|: 1.038 | HE-LTF rms: 1.045
  EVM trend [sym1..mid..end]: -24.4 -25.0 -25.1 -24.8 -25.8 -24.8 -25.2 -24.2 -24.2 dB
  EVM per-sym: -24.89 dB | EVM per-sc: -25.19 dB
 Databitrate of packet 1: 59.21(Mbps)
  A-MPDU deaggregation successful 
SNRest=51.35dB

  DataBitrate (Mbps): 59.21
ack
new MCS = 7
Iter 73 | fb=ack | next: MCS=7 AMPDU=5 BWdec=2
  Gains: TX=0 dB, RX=45 dB | RX diag: RMS=1.416e-01, Peak=4.311e-01
  Estimated CFO: -79.8 Hz
 RXTIME of packet 1: 324us
  ChanEst mean|h|: 1.033 | HE-LTF rms: 1.042
  EVM trend [sym1..mid..end]: -25.1 -24.8 -24.8 -25.6 -25.7 -24.4 -25.4 -22.8 -25.4 dB
  EVM per-sym: -24.70 dB | EVM per-sc: -24.99 dB
 Databitrate of packet 1: 59.21(Mbps)
  A-MPDU deaggregation successful 
SNRest=53.09dB

  DataBitrate (Mbps): 59.21
ack
new MCS = 8
Iter 74 | fb=ack | next: MCS=8 AMPDU=5 BWdec=2
  Gains: TX=0 dB, RX=45 dB | RX diag: RMS=1.432e-01, Peak=4.524e-01
  Estimated CFO: 120.7 Hz
 RXTIME of packet 1: 276us
  ChanEst mean|h|: 1.036 | HE-LTF rms: 1.045
  EVM trend [sym1..mid..end]: -24.2 -24.7 -23.1 -25.1 -25.5 -23.8 -25.0 -25.2 -23.6 dB
  EVM per-sym: -24.27 dB | EVM per-sc: -24.89 dB
 Databitrate of packet 1: 69.47(Mbps)
  A-MPDU deaggregation successful 
SNRest=52.15dB

  DataBitrate (Mbps): 69.47
ack
new MCS = 7
Iter 75 | fb=ack | next: MCS=7 AMPDU=5 BWdec=2
  Gains: TX=0 dB, RX=45 dB | RX diag: RMS=1.336e-01, Peak=4.553e-01
** No packet detected **
new MCS = 7
arq
Iter 76 | fb=arq | next: MCS=7 AMPDU=5 BWdec=2
  Gains: TX=0 dB, RX=45 dB | RX diag: RMS=1.337e-01, Peak=4.516e-01
  Estimated CFO: -86.4 Hz
 RXTIME of packet 1: 324us
  ChanEst mean|h|: 1.036 | HE-LTF rms: 1.044
  EVM trend [sym1..mid..end]: -24.1 -25.1 -24.1 -25.5 -23.8 -24.2 -23.3 -24.7 -24.4 dB
  EVM per-sym: -24.49 dB | EVM per-sc: -24.86 dB
 Databitrate of packet 1: 59.21(Mbps)
  A-MPDU deaggregation successful 
SNRest=52.07dB

  DataBitrate (Mbps): 59.21
ack
new MCS = 7
Iter 77 | fb=ack | next: MCS=7 AMPDU=5 BWdec=2
  Gains: TX=0 dB, RX=45 dB | RX diag: RMS=1.337e-01, Peak=4.597e-01
  Estimated CFO: 176.1 Hz
 RXTIME of packet 1: 324us
  ChanEst mean|h|: 1.035 | HE-LTF rms: 1.042
  EVM trend [sym1..mid..end]: -23.6 -24.3 -24.1 -25.3 -25.1 -23.1 -24.2 -24.8 -24.0 dB
  EVM per-sym: -24.24 dB | EVM per-sc: -24.52 dB
 Databitrate of packet 1: 59.21(Mbps)
  A-MPDU deaggregation successful 
SNRest=50.93dB

  DataBitrate (Mbps): 59.21
ack
new MCS = 7
Iter 78 | fb=ack | next: MCS=7 AMPDU=5 BWdec=2
  Gains: TX=0 dB, RX=45 dB | RX diag: RMS=1.337e-01, Peak=4.495e-01
  Estimated CFO: -421.7 Hz
 RXTIME of packet 1: 324us
  ChanEst mean|h|: 1.036 | HE-LTF rms: 1.044
  EVM trend [sym1..mid..end]: -23.2 -22.8 -22.3 -23.5 -23.1 -22.5 -23.5 -23.2 -23.0 dB
  EVM per-sym: -22.91 dB | EVM per-sc: -23.19 dB
 Databitrate of packet 1: 59.21(Mbps)
  A-MPDU deaggregation successful 
SNRest=49.51dB

  DataBitrate (Mbps): 59.21
ack
new MCS = 7
Iter 79 | fb=ack | next: MCS=7 AMPDU=5 BWdec=2
  Gains: TX=0 dB, RX=45 dB | RX diag: RMS=1.337e-01, Peak=4.415e-01
** No packet detected **
new MCS = 7
arq
Iter 80 | fb=arq | next: MCS=7 AMPDU=5 BWdec=2
---- Progress 80/100 | current MCS=7 AMPDU=5 BWdec=2 ----
  Gains: TX=0 dB, RX=45 dB | RX diag: RMS=1.337e-01, Peak=4.488e-01
  Estimated CFO:  46.0 Hz
 RXTIME of packet 1: 324us
  ChanEst mean|h|: 1.041 | HE-LTF rms: 1.047
  EVM trend [sym1..mid..end]: -24.3 -25.7 -25.1 -24.8 -23.7 -24.1 -24.4 -25.1 -23.6 dB
  EVM per-sym: -24.63 dB | EVM per-sc: -24.91 dB
 Databitrate of packet 1: 59.21(Mbps)
  A-MPDU deaggregation successful 
SNRest=53.25dB

  DataBitrate (Mbps): 59.21
ack
new MCS = 8
Iter 81 | fb=ack | next: MCS=8 AMPDU=5 BWdec=2
  Gains: TX=0 dB, RX=45 dB | RX diag: RMS=1.315e-01, Peak=4.396e-01
  Estimated CFO:  72.3 Hz
 RXTIME of packet 1: 276us
  ChanEst mean|h|: 1.040 | HE-LTF rms: 1.048
  EVM trend [sym1..mid..end]: -24.3 -24.4 -24.9 -25.0 -23.9 -24.6 -24.2 -23.1 -24.1 dB
  EVM per-sym: -24.14 dB | EVM per-sc: -24.75 dB
 Databitrate of packet 1: 69.47(Mbps)
  A-MPDU deaggregation successful 
SNRest=50.56dB

  DataBitrate (Mbps): 69.47
ack
new MCS = 7
Iter 82 | fb=ack | next: MCS=7 AMPDU=5 BWdec=2
  Gains: TX=0 dB, RX=45 dB | RX diag: RMS=1.337e-01, Peak=4.474e-01
  Estimated CFO: -260.6 Hz
 RXTIME of packet 1: 324us
  ChanEst mean|h|: 1.045 | HE-LTF rms: 1.051
  EVM trend [sym1..mid..end]: -23.3 -24.4 -23.4 -24.0 -24.7 -23.9 -23.5 -24.4 -22.7 dB
  EVM per-sym: -23.91 dB | EVM per-sc: -24.24 dB
 Databitrate of packet 1: 59.21(Mbps)
  A-MPDU deaggregation successful 
SNRest=51.39dB

  DataBitrate (Mbps): 59.21
ack
new MCS = 7
Iter 83 | fb=ack | next: MCS=7 AMPDU=5 BWdec=2
  Gains: TX=0 dB, RX=45 dB | RX diag: RMS=1.337e-01, Peak=4.464e-01
  Estimated CFO: -152.8 Hz
 RXTIME of packet 1: 324us
  ChanEst mean|h|: 1.036 | HE-LTF rms: 1.044
  EVM trend [sym1..mid..end]: -24.0 -24.2 -23.3 -24.1 -24.3 -23.4 -24.1 -24.9 -24.1 dB
  EVM per-sym: -24.33 dB | EVM per-sc: -24.63 dB
 Databitrate of packet 1: 59.21(Mbps)
  A-MPDU deaggregation successful 
SNRest=51.99dB

  DataBitrate (Mbps): 59.21
ack
new MCS = 8
Iter 84 | fb=ack | next: MCS=8 AMPDU=5 BWdec=2
  Gains: TX=0 dB, RX=45 dB | RX diag: RMS=1.368e-01, Peak=4.630e-01
  Estimated CFO: -484.4 Hz
 RXTIME of packet 1: 276us
  ChanEst mean|h|: 1.031 | HE-LTF rms: 1.041
  EVM trend [sym1..mid..end]: -21.7 -22.4 -23.3 -21.5 -23.2 -22.4 -23.5 -22.9 -23.0 dB
  EVM per-sym: -22.67 dB | EVM per-sc: -23.21 dB
 Databitrate of packet 1: 69.47(Mbps)
  A-MPDU deaggregation successful 
SNRest=50.97dB

  DataBitrate (Mbps): 69.47
ack
new MCS = 7
Iter 85 | fb=ack | next: MCS=7 AMPDU=5 BWdec=2
  Gains: TX=0 dB, RX=45 dB | RX diag: RMS=1.377e-01, Peak=4.372e-01
  Estimated CFO: -242.5 Hz
 RXTIME of packet 1: 324us
  ChanEst mean|h|: 1.033 | HE-LTF rms: 1.043
  EVM trend [sym1..mid..end]: -24.0 -23.5 -25.0 -24.0 -24.7 -23.9 -24.4 -24.2 -23.4 dB
  EVM per-sym: -23.98 dB | EVM per-sc: -24.37 dB
 Databitrate of packet 1: 59.21(Mbps)
  A-MPDU deaggregation successful 
SNRest=53.12dB

  DataBitrate (Mbps): 59.21
ack
new MCS = 8
Iter 86 | fb=ack | next: MCS=8 AMPDU=5 BWdec=2
  Gains: TX=0 dB, RX=45 dB | RX diag: RMS=1.393e-01, Peak=4.475e-01
  Estimated CFO: -191.0 Hz
 RXTIME of packet 1: 276us
  ChanEst mean|h|: 1.038 | HE-LTF rms: 1.045
  EVM trend [sym1..mid..end]: -23.9 -23.5 -25.2 -24.1 -24.3 -23.8 -24.6 -23.6 -24.1 dB
  EVM per-sym: -24.08 dB | EVM per-sc: -24.57 dB
 Databitrate of packet 1: 69.47(Mbps)
  A-MPDU deaggregation successful 
SNRest=50.59dB

  DataBitrate (Mbps): 69.47
ack
new MCS = 7
Iter 87 | fb=ack | next: MCS=7 AMPDU=5 BWdec=2
  Gains: TX=0 dB, RX=45 dB | RX diag: RMS=1.277e-01, Peak=4.565e-01
  Estimated CFO: -94.7 Hz
 RXTIME of packet 1: 324us
  ChanEst mean|h|: 1.036 | HE-LTF rms: 1.044
  EVM trend [sym1..mid..end]: -24.3 -24.3 -23.5 -23.0 -24.0 -23.4 -23.6 -23.3 -24.5 dB
  EVM per-sym: -23.87 dB | EVM per-sc: -24.26 dB
 Databitrate of packet 1: 59.21(Mbps)
  A-MPDU deaggregation successful 
SNRest=51.41dB

  DataBitrate (Mbps): 59.21
ack
new MCS = 8
Iter 88 | fb=ack | next: MCS=8 AMPDU=5 BWdec=2
  Gains: TX=0 dB, RX=45 dB | RX diag: RMS=1.294e-01, Peak=4.452e-01
** No packet detected **
new MCS = 8
arq
Iter 89 | fb=arq | next: MCS=8 AMPDU=5 BWdec=2
  Gains: TX=0 dB, RX=45 dB | RX diag: RMS=1.294e-01, Peak=4.399e-01
  Estimated CFO: 125.7 Hz
 RXTIME of packet 1: 276us
  ChanEst mean|h|: 1.034 | HE-LTF rms: 1.043
  EVM trend [sym1..mid..end]: -24.8 -20.8 -24.7 -23.5 -24.5 -22.5 -25.0 -23.5 -24.2 dB
  EVM per-sym: -23.51 dB | EVM per-sc: -23.99 dB
 Databitrate of packet 1: 69.47(Mbps)
  A-MPDU deaggregation successful 
SNRest=50.63dB

  DataBitrate (Mbps): 69.47
ack
new MCS = 7
Iter 90 | fb=ack | next: MCS=7 AMPDU=5 BWdec=2
---- Progress 90/100 | current MCS=7 AMPDU=5 BWdec=2 ----
  Gains: TX=0 dB, RX=45 dB | RX diag: RMS=1.444e-01, Peak=4.789e-01
  Estimated CFO: -605.5 Hz
 RXTIME of packet 1: 324us
  ChanEst mean|h|: 1.038 | HE-LTF rms: 1.046
  EVM trend [sym1..mid..end]: -22.8 -22.3 -21.8 -22.8 -22.3 -22.2 -22.5 -22.0 -21.2 dB
  EVM per-sym: -22.14 dB | EVM per-sc: -22.42 dB
 Databitrate of packet 1: 59.21(Mbps)
  A-MPDU deaggregation successful 
SNRest=48.29dB

  DataBitrate (Mbps): 59.21
ack
new MCS = 7
Iter 91 | fb=ack | next: MCS=7 AMPDU=5 BWdec=2
  Gains: TX=0 dB, RX=45 dB | RX diag: RMS=1.445e-01, Peak=4.680e-01
  Estimated CFO: 170.1 Hz
 RXTIME of packet 1: 324us
  ChanEst mean|h|: 1.033 | HE-LTF rms: 1.042
  EVM trend [sym1..mid..end]: -24.1 -24.8 -25.3 -24.8 -24.4 -23.3 -25.0 -24.9 -24.1 dB
  EVM per-sym: -24.33 dB | EVM per-sc: -24.71 dB
 Databitrate of packet 1: 59.21(Mbps)
  A-MPDU deaggregation successful 
SNRest=51.07dB

  DataBitrate (Mbps): 59.21
ack
new MCS = 8
Iter 92 | fb=ack | next: MCS=8 AMPDU=5 BWdec=2
  Gains: TX=0 dB, RX=45 dB | RX diag: RMS=1.481e-01, Peak=4.645e-01
  Estimated CFO: -336.9 Hz
 RXTIME of packet 1: 276us
  ChanEst mean|h|: 1.032 | HE-LTF rms: 1.042
  EVM trend [sym1..mid..end]: -21.5 -25.4 -23.7 -23.3 -24.7 -24.4 -24.7 -22.9 -23.5 dB
  EVM per-sym: -23.67 dB | EVM per-sc: -24.22 dB
 Databitrate of packet 1: 69.47(Mbps)
  A-MPDU deaggregation successful 
SNRest=51.68dB

  DataBitrate (Mbps): 69.47
ack
new MCS = 8
Iter 93 | fb=ack | next: MCS=8 AMPDU=5 BWdec=2
  Gains: TX=0 dB, RX=45 dB | RX diag: RMS=1.481e-01, Peak=4.720e-01
  Estimated CFO: -307.2 Hz
 RXTIME of packet 1: 276us
  ChanEst mean|h|: 1.035 | HE-LTF rms: 1.044
  EVM trend [sym1..mid..end]: -24.1 -24.5 -23.8 -23.8 -23.0 -23.5 -22.3 -22.9 -24.1 dB
  EVM per-sym: -23.50 dB | EVM per-sc: -23.99 dB
 Databitrate of packet 1: 69.47(Mbps)
  A-MPDU deaggregation successful 
SNRest=51.73dB

  DataBitrate (Mbps): 69.47
ack
new MCS = 8
Iter 94 | fb=ack | next: MCS=8 AMPDU=5 BWdec=2
  Gains: TX=0 dB, RX=45 dB | RX diag: RMS=1.481e-01, Peak=4.662e-01
  Estimated CFO: -573.7 Hz
 RXTIME of packet 1: 276us
  ChanEst mean|h|: 1.032 | HE-LTF rms: 1.042
  EVM trend [sym1..mid..end]: -22.1 -23.1 -22.5 -22.3 -22.6 -22.5 -21.1 -21.0 -22.4 dB
  EVM per-sym: -21.87 dB | EVM per-sc: -22.45 dB
 Databitrate of packet 1: 69.47(Mbps)
  A-MPDU deaggregation successful 
SNRest=48.70dB

  DataBitrate (Mbps): 69.47
ack
new MCS = 7
Iter 95 | fb=ack | next: MCS=7 AMPDU=5 BWdec=2
  Gains: TX=0 dB, RX=45 dB | RX diag: RMS=1.308e-01, Peak=4.535e-01
  Estimated CFO: 401.1 Hz
 RXTIME of packet 1: 324us
  ChanEst mean|h|: 1.037 | HE-LTF rms: 1.045
  EVM trend [sym1..mid..end]: -21.4 -21.7 -22.2 -22.6 -23.0 -22.8 -23.0 -23.4 -23.9 dB
  EVM per-sym: -22.65 dB | EVM per-sc: -22.97 dB
 Databitrate of packet 1: 59.21(Mbps)
  A-MPDU deaggregation successful 
SNRest=48.74dB

  DataBitrate (Mbps): 59.21
ack
new MCS = 7
Iter 96 | fb=ack | next: MCS=7 AMPDU=5 BWdec=2
  Gains: TX=0 dB, RX=45 dB | RX diag: RMS=1.308e-01, Peak=4.538e-01
  Estimated CFO: -182.3 Hz
 RXTIME of packet 1: 324us
  ChanEst mean|h|: 1.038 | HE-LTF rms: 1.045
  EVM trend [sym1..mid..end]: -23.4 -22.5 -23.3 -23.9 -23.3 -24.2 -23.9 -24.0 -23.3 dB
  EVM per-sym: -23.72 dB | EVM per-sc: -24.03 dB
 Databitrate of packet 1: 59.21(Mbps)
  A-MPDU deaggregation successful 
SNRest=50.52dB

  DataBitrate (Mbps): 59.21
ack
new MCS = 8
Iter 97 | fb=ack | next: MCS=8 AMPDU=5 BWdec=2
  Gains: TX=0 dB, RX=45 dB | RX diag: RMS=1.184e-01, Peak=4.330e-01
  Estimated CFO: -62215.1 Hz
** wrong target packet detected
new MCS = 8
arq
Iter 98 | fb=arq | next: MCS=8 AMPDU=5 BWdec=2
  Gains: TX=0 dB, RX=45 dB | RX diag: RMS=1.184e-01, Peak=4.274e-01
  Estimated CFO: 233.6 Hz
 RXTIME of packet 1: 276us
  ChanEst mean|h|: 1.029 | HE-LTF rms: 1.038
  EVM trend [sym1..mid..end]: -20.9 -23.6 -22.5 -23.9 -23.7 -23.0 -23.6 -23.6 -21.8 dB
  EVM per-sym: -23.10 dB | EVM per-sc: -23.59 dB
 Databitrate of packet 1: 69.47(Mbps)
  A-MPDU deaggregation successful 
SNRest=50.45dB

  DataBitrate (Mbps): 69.47
ack
new MCS = 8
Iter 99 | fb=ack | next: MCS=8 AMPDU=5 BWdec=2
  Gains: TX=0 dB, RX=45 dB | RX diag: RMS=1.184e-01, Peak=4.267e-01
  Estimated CFO: 283.2 Hz
 RXTIME of packet 1: 276us
  ChanEst mean|h|: 1.035 | HE-LTF rms: 1.045
  EVM trend [sym1..mid..end]: -22.0 -22.9 -22.4 -23.8 -21.2 -22.8 -23.6 -22.1 -20.9 dB
  EVM per-sym: -22.44 dB | EVM per-sc: -23.01 dB
 Databitrate of packet 1: 69.47(Mbps)
  A-MPDU deaggregation successful 
SNRest=50.65dB

  DataBitrate (Mbps): 69.47
ack
new MCS = 8
Iter 100 | fb=ack | next: MCS=8 AMPDU=5 BWdec=2
---- Progress 100/100 | current MCS=8 AMPDU=5 BWdec=2 ----
Done.
Stats | fallback=0 (0.0%), realDecode=87 (87.0%), qUpdate=87
Final state | MCS=8 AMPDU=5 BWdec=2 lastSNR=50.65 dB
