Run log file: C:\Users\welcome\Desktop\Experimental-Guide-of-Deployment-friendly-RLLA-main copy\Experimental-Guide-of-Deployment-friendly-RLLA-main\X410_CombinedTxRx copy\logs\run_AOLLA_20260428_155628.log
Algorithm mode: AOLLA
Stable loopback point | TX=0 dB RX=45 dB | strict real-decode mode
  Gains: TX=0 dB, RX=45 dB | RX diag: RMS=9.853e-02, Peak=3.642e-01
 RXTIME of packet 1: 116us
 Databitrate of packet 1: 3.32(Mbps)
  A-MPDU deaggregation successful 
SNRest=12.67dB

  RXTIME of packet 2: 2628us
 Databitrate of packet 2: 7.12(Mbps)
  A-MPDU deaggregation successful 
  FCS fail for MPDU:1
SNRest=11.65dB

 new MCS = 1
arq
Iter 1 | fb=arq | next: MCS=1 AMPDU=1 BWdec=2
  Gains: TX=0 dB, RX=45 dB | RX diag: RMS=1.058e-01, Peak=3.640e-01
 RXTIME of packet 1: 84us
 Databitrate of packet 1: 4.56(Mbps)
  A-MPDU deaggregation successful 
SNRest=14.38dB

  RXTIME of packet 2: 1348us
 Databitrate of packet 2: 13.90(Mbps)
  A-MPDU deaggregation successful 
SNRest=14.45dB

  RXTIME of packet 3: 84us
 Databitrate of packet 3: 4.56(Mbps)
  A-MPDU deaggregation successful 
SNRest=14.63dB

  DataBitrate (Mbps): 7.67
ack
new MCS = 2
Iter 2 | fb=ack | next: MCS=2 AMPDU=4 BWdec=2
  Gains: TX=0 dB, RX=45 dB | RX diag: RMS=1.166e-01, Peak=3.907e-01
 RXTIME of packet 1: 932us
 Databitrate of packet 1: 20.46(Mbps)
  A-MPDU deaggregation successful 
SNRest=13.88dB

  RXTIME of packet 2: 932us
 Databitrate of packet 2: 20.46(Mbps)
  A-MPDU deaggregation successful 
SNRest=14.19dB

  DataBitrate (Mbps): 20.46
ack
new MCS = 2
Iter 3 | fb=ack | next: MCS=2 AMPDU=5 BWdec=2
  Gains: TX=0 dB, RX=45 dB | RX diag: RMS=1.094e-01, Peak=3.659e-01
 RXTIME of packet 1: 932us
 Databitrate of packet 1: 20.46(Mbps)
  A-MPDU deaggregation successful 
SNRest=13.54dB

  RXTIME of packet 2: 932us
 Databitrate of packet 2: 20.46(Mbps)
  A-MPDU deaggregation successful 
SNRest=13.58dB

  DataBitrate (Mbps): 20.46
ack
new MCS = 1
Iter 4 | fb=ack | next: MCS=1 AMPDU=3 BWdec=2
  Gains: TX=0 dB, RX=45 dB | RX diag: RMS=1.137e-01, Peak=3.840e-01
 RXTIME of packet 1: 1364us
 Databitrate of packet 1: 13.99(Mbps)
  A-MPDU deaggregation successful 
SNRest=13.94dB

  RXTIME of packet 2: 1364us
 Databitrate of packet 2: 13.99(Mbps)
  A-MPDU deaggregation successful 
SNRest=14.04dB

  DataBitrate (Mbps): 13.99
ack
new MCS = 1
Iter 5 | fb=ack | next: MCS=1 AMPDU=3 BWdec=2
  Gains: TX=0 dB, RX=45 dB | RX diag: RMS=1.137e-01, Peak=3.842e-01
 RXTIME of packet 1: 1364us
 Databitrate of packet 1: 13.99(Mbps)
  A-MPDU deaggregation successful 
SNRest=13.66dB

  RXTIME of packet 2: 1364us
 Databitrate of packet 2: 13.99(Mbps)
  A-MPDU deaggregation successful 
SNRest=14.40dB

  DataBitrate (Mbps): 13.99
ack
new MCS = 1
Iter 6 | fb=ack | next: MCS=1 AMPDU=3 BWdec=2
  Gains: TX=0 dB, RX=45 dB | RX diag: RMS=1.137e-01, Peak=3.873e-01
 RXTIME of packet 1: 1364us
 Databitrate of packet 1: 13.99(Mbps)
  A-MPDU deaggregation successful 
SNRest=13.73dB

  RXTIME of packet 2: 1364us
 Databitrate of packet 2: 13.99(Mbps)
  A-MPDU deaggregation successful 
SNRest=13.56dB

  DataBitrate (Mbps): 13.99
ack
new MCS = 1
Iter 7 | fb=ack | next: MCS=1 AMPDU=3 BWdec=2
  Gains: TX=0 dB, RX=45 dB | RX diag: RMS=1.137e-01, Peak=3.877e-01
 RXTIME of packet 1: 1364us
 Databitrate of packet 1: 13.99(Mbps)
  A-MPDU deaggregation successful 
SNRest=13.78dB

  RXTIME of packet 2: 1364us
 Databitrate of packet 2: 13.99(Mbps)
  A-MPDU deaggregation successful 
SNRest=13.78dB

  DataBitrate (Mbps): 13.99
ack
new MCS = 1
Iter 8 | fb=ack | next: MCS=1 AMPDU=3 BWdec=2
  Gains: TX=0 dB, RX=45 dB | RX diag: RMS=1.137e-01, Peak=3.860e-01
 RXTIME of packet 1: 1364us
 Databitrate of packet 1: 13.99(Mbps)
  A-MPDU deaggregation successful 
SNRest=13.98dB

  RXTIME of packet 2: 1364us
 Databitrate of packet 2: 13.99(Mbps)
  A-MPDU deaggregation successful 
SNRest=14.18dB

  DataBitrate (Mbps): 13.99
ack
new MCS = 1
Iter 9 | fb=ack | next: MCS=1 AMPDU=3 BWdec=2
  Gains: TX=0 dB, RX=45 dB | RX diag: RMS=1.137e-01, Peak=3.852e-01
 RXTIME of packet 1: 1364us
 Databitrate of packet 1: 13.99(Mbps)
  A-MPDU deaggregation successful 
SNRest=14.45dB

  RXTIME of packet 2: 1364us
 Databitrate of packet 2: 13.99(Mbps)
  A-MPDU deaggregation successful 
SNRest=13.78dB

  DataBitrate (Mbps): 13.99
ack
new MCS = 1
Iter 10 | fb=ack | next: MCS=1 AMPDU=3 BWdec=2
---- Progress 10/100 | current MCS=1 AMPDU=3 BWdec=2 ----
  Gains: TX=0 dB, RX=45 dB | RX diag: RMS=1.137e-01, Peak=3.862e-01
 RXTIME of packet 1: 1364us
 Databitrate of packet 1: 13.99(Mbps)
  A-MPDU deaggregation successful 
SNRest=14.24dB

  RXTIME of packet 2: 1364us
 Databitrate of packet 2: 13.99(Mbps)
  A-MPDU deaggregation successful 
SNRest=14.29dB

  DataBitrate (Mbps): 13.99
ack
new MCS = 2
Iter 11 | fb=ack | next: MCS=2 AMPDU=5 BWdec=2
  Gains: TX=0 dB, RX=45 dB | RX diag: RMS=1.170e-01, Peak=3.739e-01
 RXTIME of packet 1: 932us
 Databitrate of packet 1: 20.46(Mbps)
  A-MPDU deaggregation successful 
SNRest=14.20dB

  RXTIME of packet 2: 932us
 Databitrate of packet 2: 20.46(Mbps)
  A-MPDU deaggregation successful 
SNRest=13.80dB

  DataBitrate (Mbps): 20.46
ack
new MCS = 2
Iter 12 | fb=ack | next: MCS=2 AMPDU=5 BWdec=2
  Gains: TX=0 dB, RX=45 dB | RX diag: RMS=1.171e-01, Peak=3.778e-01
 RXTIME of packet 1: 932us
 Databitrate of packet 1: 20.46(Mbps)
  A-MPDU deaggregation successful 
SNRest=14.06dB

  RXTIME of packet 2: 932us
 Databitrate of packet 2: 20.46(Mbps)
  A-MPDU deaggregation successful 
SNRest=14.45dB

  DataBitrate (Mbps): 20.46
ack
new MCS = 2
Iter 13 | fb=ack | next: MCS=2 AMPDU=5 BWdec=2
  Gains: TX=0 dB, RX=45 dB | RX diag: RMS=1.171e-01, Peak=3.762e-01
 RXTIME of packet 1: 932us
 Databitrate of packet 1: 20.46(Mbps)
  A-MPDU deaggregation successful 
SNRest=13.88dB

  RXTIME of packet 2: 932us
 Databitrate of packet 2: 20.46(Mbps)
  A-MPDU deaggregation successful 
SNRest=14.55dB

  DataBitrate (Mbps): 20.46
ack
new MCS = 2
Iter 14 | fb=ack | next: MCS=2 AMPDU=5 BWdec=2
  Gains: TX=0 dB, RX=45 dB | RX diag: RMS=1.171e-01, Peak=3.770e-01
 RXTIME of packet 1: 932us
 Databitrate of packet 1: 20.46(Mbps)
  A-MPDU deaggregation successful 
SNRest=14.09dB

  RXTIME of packet 2: 932us
 Databitrate of packet 2: 20.46(Mbps)
  A-MPDU deaggregation successful 
SNRest=14.61dB

  DataBitrate (Mbps): 20.46
ack
new MCS = 2
Iter 15 | fb=ack | next: MCS=2 AMPDU=5 BWdec=2
  Gains: TX=0 dB, RX=45 dB | RX diag: RMS=1.171e-01, Peak=3.793e-01
 RXTIME of packet 1: 932us
 Databitrate of packet 1: 20.46(Mbps)
  A-MPDU deaggregation successful 
SNRest=14.04dB

  RXTIME of packet 2: 932us
 Databitrate of packet 2: 20.46(Mbps)
  A-MPDU deaggregation successful 
SNRest=14.33dB

  DataBitrate (Mbps): 20.46
ack
new MCS = 2
Iter 16 | fb=ack | next: MCS=2 AMPDU=5 BWdec=2
  Gains: TX=0 dB, RX=45 dB | RX diag: RMS=1.171e-01, Peak=3.774e-01
 RXTIME of packet 1: 932us
 Databitrate of packet 1: 20.46(Mbps)
  A-MPDU deaggregation successful 
SNRest=13.87dB

  RXTIME of packet 2: 932us
 Databitrate of packet 2: 20.46(Mbps)
  A-MPDU deaggregation successful 
SNRest=13.87dB

  DataBitrate (Mbps): 20.46
ack
new MCS = 2
Iter 17 | fb=ack | next: MCS=2 AMPDU=5 BWdec=2
  Gains: TX=0 dB, RX=45 dB | RX diag: RMS=1.171e-01, Peak=3.772e-01
 RXTIME of packet 1: 932us
 Databitrate of packet 1: 20.46(Mbps)
  A-MPDU deaggregation successful 
SNRest=14.19dB

  RXTIME of packet 2: 932us
 Databitrate of packet 2: 20.46(Mbps)
  A-MPDU deaggregation successful 
SNRest=14.62dB

  DataBitrate (Mbps): 20.46
ack
new MCS = 3
Iter 18 | fb=ack | next: MCS=3 AMPDU=5 BWdec=2
  Gains: TX=0 dB, RX=45 dB | RX diag: RMS=1.102e-01, Peak=3.760e-01
 RXTIME of packet 1: 708us
 Databitrate of packet 1: 27.00(Mbps)
  A-MPDU deaggregation successful 
SNRest=12.94dB

  RXTIME of packet 2: 708us
 Databitrate of packet 2: 27.00(Mbps)
  A-MPDU deaggregation successful 
SNRest=12.88dB

  DataBitrate (Mbps): 27.00
ack
new MCS = 2
Iter 19 | fb=ack | next: MCS=2 AMPDU=5 BWdec=2
  Gains: TX=0 dB, RX=45 dB | RX diag: RMS=1.077e-01, Peak=3.739e-01
 RXTIME of packet 1: 932us
 Databitrate of packet 1: 20.46(Mbps)
  A-MPDU deaggregation successful 
SNRest=13.81dB

  RXTIME of packet 2: 932us
 Databitrate of packet 2: 20.46(Mbps)
  A-MPDU deaggregation successful 
SNRest=13.49dB

  DataBitrate (Mbps): 20.46
ack
new MCS = 2
Iter 20 | fb=ack | next: MCS=2 AMPDU=5 BWdec=2
---- Progress 20/100 | current MCS=2 AMPDU=5 BWdec=2 ----
  Gains: TX=0 dB, RX=45 dB | RX diag: RMS=1.077e-01, Peak=3.681e-01
 RXTIME of packet 1: 932us
 Databitrate of packet 1: 20.46(Mbps)
  A-MPDU deaggregation successful 
SNRest=14.10dB

  RXTIME of packet 2: 932us
 Databitrate of packet 2: 20.46(Mbps)
  A-MPDU deaggregation successful 
SNRest=13.23dB

  DataBitrate (Mbps): 20.46
ack
new MCS = 2
Iter 21 | fb=ack | next: MCS=2 AMPDU=5 BWdec=2
  Gains: TX=0 dB, RX=45 dB | RX diag: RMS=1.077e-01, Peak=3.701e-01
 RXTIME of packet 1: 932us
 Databitrate of packet 1: 20.46(Mbps)
  A-MPDU deaggregation successful 
SNRest=13.78dB

  RXTIME of packet 2: 932us
 Databitrate of packet 2: 20.46(Mbps)
  A-MPDU deaggregation successful 
SNRest=13.61dB

  DataBitrate (Mbps): 20.46
ack
new MCS = 3
Iter 22 | fb=ack | next: MCS=3 AMPDU=5 BWdec=2
  Gains: TX=0 dB, RX=45 dB | RX diag: RMS=1.049e-01, Peak=3.653e-01
 RXTIME of packet 1: 708us
 Databitrate of packet 1: 27.00(Mbps)
  A-MPDU deaggregation successful 
SNRest=13.74dB

  RXTIME of packet 2: 708us
 Databitrate of packet 2: 27.00(Mbps)
  A-MPDU deaggregation successful 
SNRest=13.59dB

  DataBitrate (Mbps): 27.00
ack
new MCS = 3
Iter 23 | fb=ack | next: MCS=3 AMPDU=5 BWdec=2
  Gains: TX=0 dB, RX=45 dB | RX diag: RMS=1.049e-01, Peak=3.609e-01
** No packet detected(UN) **
new MCS = 3
arq
Iter 24 | fb=arq | next: MCS=3 AMPDU=5 BWdec=2
  Gains: TX=0 dB, RX=45 dB | RX diag: RMS=1.049e-01, Peak=3.631e-01
 RXTIME of packet 1: 708us
 Databitrate of packet 1: 27.00(Mbps)
  A-MPDU deaggregation successful 
SNRest=13.39dB

  RXTIME of packet 2: 708us
 Databitrate of packet 2: 27.00(Mbps)
  A-MPDU deaggregation successful 
SNRest=13.73dB

  DataBitrate (Mbps): 27.00
ack
new MCS = 3
Iter 25 | fb=ack | next: MCS=3 AMPDU=5 BWdec=2
  Gains: TX=0 dB, RX=45 dB | RX diag: RMS=1.049e-01, Peak=3.634e-01
 RXTIME of packet 1: 708us
 Databitrate of packet 1: 27.00(Mbps)
  A-MPDU deaggregation successful 
SNRest=13.70dB

  RXTIME of packet 2: 708us
 Databitrate of packet 2: 27.00(Mbps)
  A-MPDU deaggregation successful 
SNRest=13.66dB

  DataBitrate (Mbps): 27.00
ack
new MCS = 3
Iter 26 | fb=ack | next: MCS=3 AMPDU=5 BWdec=2
  Gains: TX=0 dB, RX=45 dB | RX diag: RMS=1.049e-01, Peak=3.636e-01
 RXTIME of packet 1: 708us
 Databitrate of packet 1: 27.00(Mbps)
  A-MPDU deaggregation successful 
SNRest=13.91dB

  RXTIME of packet 2: 708us
 Databitrate of packet 2: 27.00(Mbps)
  A-MPDU deaggregation successful 
SNRest=14.07dB

  DataBitrate (Mbps): 27.00
ack
new MCS = 3
Iter 27 | fb=ack | next: MCS=3 AMPDU=5 BWdec=2
  Gains: TX=0 dB, RX=45 dB | RX diag: RMS=1.049e-01, Peak=3.629e-01
 RXTIME of packet 1: 708us
 Databitrate of packet 1: 27.00(Mbps)
  A-MPDU deaggregation successful 
SNRest=13.97dB

  RXTIME of packet 2: 708us
 Databitrate of packet 2: 27.00(Mbps)
  A-MPDU deaggregation successful 
SNRest=13.20dB

  DataBitrate (Mbps): 27.00
ack
new MCS = 3
Iter 28 | fb=ack | next: MCS=3 AMPDU=5 BWdec=2
  Gains: TX=0 dB, RX=45 dB | RX diag: RMS=1.049e-01, Peak=3.630e-01
 RXTIME of packet 1: 708us
 Databitrate of packet 1: 27.00(Mbps)
  A-MPDU deaggregation successful 
SNRest=13.78dB

  RXTIME of packet 2: 708us
 Databitrate of packet 2: 27.00(Mbps)
  A-MPDU deaggregation successful 
SNRest=13.48dB

  DataBitrate (Mbps): 27.00
ack
new MCS = 3
Iter 29 | fb=ack | next: MCS=3 AMPDU=5 BWdec=2
  Gains: TX=0 dB, RX=45 dB | RX diag: RMS=1.049e-01, Peak=3.638e-01
 RXTIME of packet 1: 708us
 Databitrate of packet 1: 27.00(Mbps)
  A-MPDU deaggregation successful 
SNRest=14.06dB

  RXTIME of packet 2: 708us
 Databitrate of packet 2: 27.00(Mbps)
  A-MPDU deaggregation successful 
SNRest=13.45dB

  DataBitrate (Mbps): 27.00
ack
new MCS = 3
Iter 30 | fb=ack | next: MCS=3 AMPDU=5 BWdec=2
---- Progress 30/100 | current MCS=3 AMPDU=5 BWdec=2 ----
  Gains: TX=0 dB, RX=45 dB | RX diag: RMS=1.049e-01, Peak=3.665e-01
 RXTIME of packet 1: 708us
 Databitrate of packet 1: 27.00(Mbps)
  A-MPDU deaggregation successful 
SNRest=13.50dB

  RXTIME of packet 2: 708us
 Databitrate of packet 2: 27.00(Mbps)
  A-MPDU deaggregation successful 
SNRest=13.34dB

  DataBitrate (Mbps): 27.00
ack
new MCS = 3
Iter 31 | fb=ack | next: MCS=3 AMPDU=5 BWdec=2
  Gains: TX=0 dB, RX=45 dB | RX diag: RMS=1.049e-01, Peak=3.646e-01
 RXTIME of packet 1: 708us
 Databitrate of packet 1: 27.00(Mbps)
  A-MPDU deaggregation successful 
SNRest=14.03dB

  RXTIME of packet 2: 708us
 Databitrate of packet 2: 27.00(Mbps)
  A-MPDU deaggregation successful 
SNRest=13.58dB

  DataBitrate (Mbps): 27.00
ack
new MCS = 3
Iter 32 | fb=ack | next: MCS=3 AMPDU=5 BWdec=2
  Gains: TX=0 dB, RX=45 dB | RX diag: RMS=1.049e-01, Peak=3.616e-01
 RXTIME of packet 1: 708us
 Databitrate of packet 1: 27.00(Mbps)
  A-MPDU deaggregation successful 
SNRest=13.87dB

  RXTIME of packet 2: 708us
 Databitrate of packet 2: 27.00(Mbps)
  A-MPDU deaggregation successful 
SNRest=13.43dB

  DataBitrate (Mbps): 27.00
ack
new MCS = 3
Iter 33 | fb=ack | next: MCS=3 AMPDU=5 BWdec=2
  Gains: TX=0 dB, RX=45 dB | RX diag: RMS=1.049e-01, Peak=3.646e-01
 RXTIME of packet 1: 708us
 Databitrate of packet 1: 27.00(Mbps)
  A-MPDU deaggregation successful 
SNRest=13.76dB

  RXTIME of packet 2: 708us
 Databitrate of packet 2: 27.00(Mbps)
  A-MPDU deaggregation successful 
SNRest=13.98dB

  DataBitrate (Mbps): 27.00
ack
new MCS = 3
Iter 34 | fb=ack | next: MCS=3 AMPDU=5 BWdec=2
  Gains: TX=0 dB, RX=45 dB | RX diag: RMS=1.049e-01, Peak=3.624e-01
[警告: The L-SIG check failed.] 
[> 位置：<a href="matlab:matlab.lang.internal.introspective.errorDocCallback('coder.internal.warning', 'C:\Users\welcome\Desktop\R2025b\toolbox\shared\coder\coder\lib\+coder\+internal\warning.m', 8)" style="font-weight:bold">coder.internal.warning</a> (<a href="matlab: opentoline('C:\Users\welcome\Desktop\R2025b\toolbox\shared\coder\coder\lib\+coder\+internal\warning.m',8,0)">第 8 行</a>)
位置: <a href="matlab:matlab.lang.internal.introspective.errorDocCallback('wlanFormatDetect', 'C:\Users\welcome\Desktop\R2025b\toolbox\wlan\wlan\wlanFormatDetect.m', 250)" style="font-weight:bold">wlanFormatDetect</a> (<a href="matlab: opentoline('C:\Users\welcome\Desktop\R2025b\toolbox\wlan\wlan\wlanFormatDetect.m',250,0)">第 250 行</a>)
位置: <a href="matlab:matlab.lang.internal.introspective.errorDocCallback('HEWLANDataRecovery', 'C:\Users\welcome\Desktop\Experimental-Guide-of-Deployment-friendly-RLLA-main copy\Experimental-Guide-of-Deployment-friendly-RLLA-main\X410_CombinedTxRx copy\HEWLANDataRecovery.m', 135)" style="font-weight:bold">HEWLANDataRecovery</a> (<a href="matlab: opentoline('C:\Users\welcome\Desktop\Experimental-Guide-of-Deployment-friendly-RLLA-main copy\Experimental-Guide-of-Deployment-friendly-RLLA-main\X410_CombinedTxRx copy\HEWLANDataRecovery.m',135,0)">第 135 行</a>)
位置: <a href="matlab:matlab.lang.internal.introspective.errorDocCallback('X410_runSingleHost_DualRole_AARF', 'C:\Users\welcome\Desktop\Experimental-Guide-of-Deployment-friendly-RLLA-main copy\Experimental-Guide-of-Deployment-friendly-RLLA-main\X410_CombinedTxRx copy\X410_runSingleHost_DualRole_AARF.m', 255)" style="font-weight:bold">X410_runSingleHost_DualRole_AARF</a> (<a href="matlab: opentoline('C:\Users\welcome\Desktop\Experimental-Guide-of-Deployment-friendly-RLLA-main copy\Experimental-Guide-of-Deployment-friendly-RLLA-main\X410_CombinedTxRx copy\X410_runSingleHost_DualRole_AARF.m',255,0)">第 255 行</a>)
位置: <a href="matlab:matlab.lang.internal.introspective.errorDocCallback('run', 'C:\Users\welcome\Desktop\R2025b\toolbox\matlab\lang\run.m', 112)" style="font-weight:bold">run</a> (<a href="matlab: opentoline('C:\Users\welcome\Desktop\R2025b\toolbox\matlab\lang\run.m',112,0)">第 112 行</a>)
位置: <a href="matlab:matlab.lang.internal.introspective.errorDocCallback('runX410AllAlgorithms', 'C:\Users\welcome\Desktop\Experimental-Guide-of-Deployment-friendly-RLLA-main copy\Experimental-Guide-of-Deployment-friendly-RLLA-main\X410_CombinedTxRx copy\runX410AllAlgorithms.m', 35)" style="font-weight:bold">runX410AllAlgorithms</a> (<a href="matlab: opentoline('C:\Users\welcome\Desktop\Experimental-Guide-of-Deployment-friendly-RLLA-main copy\Experimental-Guide-of-Deployment-friendly-RLLA-main\X410_CombinedTxRx copy\runX410AllAlgorithms.m',35,0)">第 35 行</a>)] 
** wrong target packet detected
new MCS = 3
arq
Iter 35 | fb=arq | next: MCS=3 AMPDU=5 BWdec=2
  Gains: TX=0 dB, RX=45 dB | RX diag: RMS=1.049e-01, Peak=3.673e-01
 RXTIME of packet 1: 708us
 Databitrate of packet 1: 27.00(Mbps)
  A-MPDU deaggregation successful 
SNRest=13.25dB

  RXTIME of packet 2: 708us
 Databitrate of packet 2: 27.00(Mbps)
  A-MPDU deaggregation successful 
SNRest=13.83dB

  DataBitrate (Mbps): 27.00
ack
new MCS = 3
Iter 36 | fb=ack | next: MCS=3 AMPDU=5 BWdec=2
  Gains: TX=0 dB, RX=45 dB | RX diag: RMS=1.049e-01, Peak=3.662e-01
 RXTIME of packet 1: 708us
 Databitrate of packet 1: 27.00(Mbps)
  A-MPDU deaggregation successful 
SNRest=13.58dB

  RXTIME of packet 2: 708us
 Databitrate of packet 2: 27.00(Mbps)
  A-MPDU deaggregation successful 
SNRest=13.28dB

  DataBitrate (Mbps): 27.00
ack
new MCS = 3
Iter 37 | fb=ack | next: MCS=3 AMPDU=5 BWdec=2
  Gains: TX=0 dB, RX=45 dB | RX diag: RMS=1.049e-01, Peak=3.670e-01
 RXTIME of packet 1: 708us
 Databitrate of packet 1: 27.00(Mbps)
  A-MPDU deaggregation successful 
SNRest=13.59dB

  RXTIME of packet 2: 708us
 Databitrate of packet 2: 27.00(Mbps)
  A-MPDU deaggregation successful 
SNRest=13.42dB

  DataBitrate (Mbps): 27.00
ack
new MCS = 3
Iter 38 | fb=ack | next: MCS=3 AMPDU=5 BWdec=2
  Gains: TX=0 dB, RX=45 dB | RX diag: RMS=1.049e-01, Peak=3.629e-01
 RXTIME of packet 1: 708us
 Databitrate of packet 1: 27.00(Mbps)
  A-MPDU deaggregation successful 
SNRest=13.77dB

  RXTIME of packet 2: 708us
 Databitrate of packet 2: 27.00(Mbps)
  A-MPDU deaggregation successful 
SNRest=13.49dB

  DataBitrate (Mbps): 27.00
ack
new MCS = 3
Iter 39 | fb=ack | next: MCS=3 AMPDU=5 BWdec=2
  Gains: TX=0 dB, RX=45 dB | RX diag: RMS=1.049e-01, Peak=3.630e-01
 RXTIME of packet 1: 708us
 Databitrate of packet 1: 27.00(Mbps)
  A-MPDU deaggregation successful 
SNRest=13.44dB

  RXTIME of packet 2: 708us
 Databitrate of packet 2: 27.00(Mbps)
  A-MPDU deaggregation successful 
SNRest=13.90dB

  DataBitrate (Mbps): 27.00
ack
new MCS = 3
Iter 40 | fb=ack | next: MCS=3 AMPDU=5 BWdec=2
---- Progress 40/100 | current MCS=3 AMPDU=5 BWdec=2 ----
  Gains: TX=0 dB, RX=45 dB | RX diag: RMS=1.049e-01, Peak=3.612e-01
 RXTIME of packet 1: 708us
 Databitrate of packet 1: 27.00(Mbps)
  A-MPDU deaggregation successful 
SNRest=13.40dB

  RXTIME of packet 2: 708us
 Databitrate of packet 2: 27.00(Mbps)
  A-MPDU deaggregation successful 
SNRest=14.16dB

  DataBitrate (Mbps): 27.00
ack
new MCS = 3
Iter 41 | fb=ack | next: MCS=3 AMPDU=5 BWdec=2
  Gains: TX=0 dB, RX=45 dB | RX diag: RMS=1.049e-01, Peak=3.642e-01
 RXTIME of packet 1: 708us
 Databitrate of packet 1: 27.00(Mbps)
  A-MPDU deaggregation successful 
SNRest=13.79dB

  RXTIME of packet 2: 708us
 Databitrate of packet 2: 27.00(Mbps)
  A-MPDU deaggregation successful 
SNRest=13.79dB

  DataBitrate (Mbps): 27.00
ack
new MCS = 3
Iter 42 | fb=ack | next: MCS=3 AMPDU=5 BWdec=2
  Gains: TX=0 dB, RX=45 dB | RX diag: RMS=1.049e-01, Peak=3.629e-01
 RXTIME of packet 1: 708us
 Databitrate of packet 1: 27.00(Mbps)
  A-MPDU deaggregation successful 
SNRest=13.39dB

  RXTIME of packet 2: 708us
 Databitrate of packet 2: 27.00(Mbps)
  A-MPDU deaggregation successful 
SNRest=14.00dB

  DataBitrate (Mbps): 27.00
ack
new MCS = 3
Iter 43 | fb=ack | next: MCS=3 AMPDU=5 BWdec=2
  Gains: TX=0 dB, RX=45 dB | RX diag: RMS=1.049e-01, Peak=3.633e-01
 RXTIME of packet 1: 708us
 Databitrate of packet 1: 27.00(Mbps)
  A-MPDU deaggregation successful 
SNRest=13.26dB

  RXTIME of packet 2: 708us
 Databitrate of packet 2: 27.00(Mbps)
  A-MPDU deaggregation successful 
SNRest=12.95dB

  DataBitrate (Mbps): 27.00
ack
new MCS = 3
Iter 44 | fb=ack | next: MCS=3 AMPDU=5 BWdec=2
  Gains: TX=0 dB, RX=45 dB | RX diag: RMS=1.049e-01, Peak=3.619e-01
 RXTIME of packet 1: 708us
 Databitrate of packet 1: 27.00(Mbps)
  A-MPDU deaggregation successful 
SNRest=13.50dB

  RXTIME of packet 2: 708us
 Databitrate of packet 2: 27.00(Mbps)
  A-MPDU deaggregation successful 
SNRest=13.84dB

  DataBitrate (Mbps): 27.00
ack
new MCS = 4
Iter 45 | fb=ack | next: MCS=4 AMPDU=5 BWdec=2
  Gains: TX=0 dB, RX=45 dB | RX diag: RMS=1.171e-01, Peak=3.994e-01
 RXTIME of packet 1: 500us
 Databitrate of packet 1: 38.07(Mbps)
  A-MPDU deaggregation successful 
SNRest=13.92dB

  RXTIME of packet 2: 500us
 Databitrate of packet 2: 38.07(Mbps)
  A-MPDU deaggregation successful 
SNRest=14.14dB

  DataBitrate (Mbps): 38.07
ack
new MCS = 4
Iter 46 | fb=ack | next: MCS=4 AMPDU=5 BWdec=2
  Gains: TX=0 dB, RX=45 dB | RX diag: RMS=1.171e-01, Peak=4.004e-01
 RXTIME of packet 1: 500us
 Databitrate of packet 1: 38.07(Mbps)
  A-MPDU deaggregation successful 
SNRest=13.71dB

  RXTIME of packet 2: 500us
 Databitrate of packet 2: 38.07(Mbps)
  A-MPDU deaggregation successful 
SNRest=13.99dB

  DataBitrate (Mbps): 38.07
ack
new MCS = 4
Iter 47 | fb=ack | next: MCS=4 AMPDU=5 BWdec=2
  Gains: TX=0 dB, RX=45 dB | RX diag: RMS=1.171e-01, Peak=4.041e-01
 RXTIME of packet 1: 500us
 Databitrate of packet 1: 38.07(Mbps)
  A-MPDU deaggregation successful 
SNRest=13.90dB

  RXTIME of packet 2: 500us
 Databitrate of packet 2: 38.07(Mbps)
  A-MPDU deaggregation successful 
SNRest=13.79dB

  DataBitrate (Mbps): 38.07
ack
new MCS = 4
Iter 48 | fb=ack | next: MCS=4 AMPDU=5 BWdec=2
  Gains: TX=0 dB, RX=45 dB | RX diag: RMS=1.171e-01, Peak=3.990e-01
 RXTIME of packet 1: 500us
 Databitrate of packet 1: 38.07(Mbps)
  A-MPDU deaggregation successful 
SNRest=14.16dB

  RXTIME of packet 2: 500us
 Databitrate of packet 2: 38.07(Mbps)
  A-MPDU deaggregation successful 
SNRest=14.16dB

  DataBitrate (Mbps): 38.07
ack
new MCS = 4
Iter 49 | fb=ack | next: MCS=4 AMPDU=5 BWdec=2
  Gains: TX=0 dB, RX=45 dB | RX diag: RMS=1.172e-01, Peak=4.025e-01
 RXTIME of packet 1: 500us
 Databitrate of packet 1: 38.07(Mbps)
  A-MPDU deaggregation successful 
SNRest=14.48dB

  RXTIME of packet 2: 500us
 Databitrate of packet 2: 38.07(Mbps)
  A-MPDU deaggregation successful 
SNRest=13.92dB

  DataBitrate (Mbps): 38.07
ack
new MCS = 4
Iter 50 | fb=ack | next: MCS=4 AMPDU=5 BWdec=2
---- Progress 50/100 | current MCS=4 AMPDU=5 BWdec=2 ----
  Gains: TX=0 dB, RX=45 dB | RX diag: RMS=1.172e-01, Peak=3.980e-01
 RXTIME of packet 1: 500us
 Databitrate of packet 1: 38.07(Mbps)
  A-MPDU deaggregation successful 
SNRest=13.79dB

  RXTIME of packet 2: 500us
 Databitrate of packet 2: 38.07(Mbps)
  A-MPDU deaggregation successful 
SNRest=13.34dB

  DataBitrate (Mbps): 38.07
ack
new MCS = 4
Iter 51 | fb=ack | next: MCS=4 AMPDU=5 BWdec=2
  Gains: TX=0 dB, RX=45 dB | RX diag: RMS=1.172e-01, Peak=4.023e-01
** wrong target packet detected
new MCS = 4
arq
Iter 52 | fb=arq | next: MCS=4 AMPDU=5 BWdec=2
  Gains: TX=0 dB, RX=45 dB | RX diag: RMS=1.171e-01, Peak=4.017e-01
 RXTIME of packet 1: 500us
 Databitrate of packet 1: 38.07(Mbps)
  A-MPDU deaggregation successful 
SNRest=14.49dB

  RXTIME of packet 2: 500us
 Databitrate of packet 2: 38.07(Mbps)
  A-MPDU deaggregation successful 
SNRest=14.14dB

  DataBitrate (Mbps): 38.07
ack
new MCS = 5
Iter 53 | fb=ack | next: MCS=5 AMPDU=5 BWdec=2
  Gains: TX=0 dB, RX=45 dB | RX diag: RMS=1.183e-01, Peak=3.705e-01
 RXTIME of packet 1: 388us
 Databitrate of packet 1: 49.19(Mbps)
  A-MPDU deaggregation successful 
SNRest=13.97dB

  RXTIME of packet 2: 388us
 Databitrate of packet 2: 49.19(Mbps)
  A-MPDU deaggregation successful 
  FCS fail for MPDU:1
SNRest=13.72dB

 new MCS = 4
arq
Iter 54 | fb=arq | next: MCS=4 AMPDU=2 BWdec=2
  Gains: TX=0 dB, RX=45 dB | RX diag: RMS=1.217e-01, Peak=4.138e-01
 RXTIME of packet 1: 500us
 Databitrate of packet 1: 38.07(Mbps)
  A-MPDU deaggregation successful 
  FCS fail for MPDU:1
SNRest=7.80dB

 new MCS = 3
arq
Iter 55 | fb=arq | next: MCS=3 AMPDU=2 BWdec=2
  Gains: TX=0 dB, RX=45 dB | RX diag: RMS=1.133e-01, Peak=3.573e-01
 RXTIME of packet 1: 708us
 Databitrate of packet 1: 27.00(Mbps)
  A-MPDU deaggregation successful 
SNRest=13.96dB

  RXTIME of packet 2: 708us
 Databitrate of packet 2: 27.00(Mbps)
  A-MPDU deaggregation successful 
SNRest=13.33dB

  DataBitrate (Mbps): 27.00
ack
new MCS = 4
Iter 56 | fb=ack | next: MCS=4 AMPDU=5 BWdec=2
  Gains: TX=0 dB, RX=45 dB | RX diag: RMS=1.234e-01, Peak=3.614e-01
 RXTIME of packet 1: 500us
 Databitrate of packet 1: 38.07(Mbps)
  A-MPDU deaggregation successful 
SNRest=13.80dB

  RXTIME of packet 2: 500us
 Databitrate of packet 2: 38.07(Mbps)
  A-MPDU deaggregation successful 
SNRest=14.13dB

  DataBitrate (Mbps): 38.07
ack
new MCS = 4
Iter 57 | fb=ack | next: MCS=4 AMPDU=5 BWdec=2
  Gains: TX=0 dB, RX=45 dB | RX diag: RMS=1.234e-01, Peak=3.649e-01
 RXTIME of packet 1: 500us
 Databitrate of packet 1: 38.07(Mbps)
  A-MPDU deaggregation successful 
SNRest=14.02dB

  RXTIME of packet 2: 500us
 Databitrate of packet 2: 38.07(Mbps)
  A-MPDU deaggregation successful 
SNRest=13.56dB

  DataBitrate (Mbps): 38.07
ack
new MCS = 4
Iter 58 | fb=ack | next: MCS=4 AMPDU=5 BWdec=2
  Gains: TX=0 dB, RX=45 dB | RX diag: RMS=1.234e-01, Peak=3.656e-01
 RXTIME of packet 1: 500us
 Databitrate of packet 1: 38.07(Mbps)
  A-MPDU deaggregation successful 
SNRest=13.45dB

  RXTIME of packet 2: 500us
 Databitrate of packet 2: 38.07(Mbps)
  A-MPDU deaggregation successful 
SNRest=13.94dB

  DataBitrate (Mbps): 38.07
ack
new MCS = 4
Iter 59 | fb=ack | next: MCS=4 AMPDU=5 BWdec=2
  Gains: TX=0 dB, RX=45 dB | RX diag: RMS=1.234e-01, Peak=3.638e-01
 RXTIME of packet 1: 500us
 Databitrate of packet 1: 38.07(Mbps)
  A-MPDU deaggregation successful 
SNRest=13.56dB

  RXTIME of packet 2: 500us
 Databitrate of packet 2: 38.07(Mbps)
  A-MPDU deaggregation successful 
SNRest=13.90dB

  DataBitrate (Mbps): 38.07
ack
new MCS = 3
Iter 60 | fb=ack | next: MCS=3 AMPDU=5 BWdec=2
---- Progress 60/100 | current MCS=3 AMPDU=5 BWdec=2 ----
  Gains: TX=0 dB, RX=45 dB | RX diag: RMS=1.086e-01, Peak=3.799e-01
 RXTIME of packet 1: 708us
 Databitrate of packet 1: 27.00(Mbps)
  A-MPDU deaggregation successful 
SNRest=13.73dB

  RXTIME of packet 2: 708us
 Databitrate of packet 2: 27.00(Mbps)
  A-MPDU deaggregation successful 
SNRest=14.31dB

  DataBitrate (Mbps): 27.00
ack
new MCS = 3
Iter 61 | fb=ack | next: MCS=3 AMPDU=5 BWdec=2
  Gains: TX=0 dB, RX=45 dB | RX diag: RMS=1.086e-01, Peak=3.785e-01
 RXTIME of packet 1: 708us
 Databitrate of packet 1: 27.00(Mbps)
  A-MPDU deaggregation successful 
SNRest=14.28dB

  RXTIME of packet 2: 708us
 Databitrate of packet 2: 27.00(Mbps)
  A-MPDU deaggregation successful 
SNRest=14.06dB

  DataBitrate (Mbps): 27.00
ack
new MCS = 3
Iter 62 | fb=ack | next: MCS=3 AMPDU=5 BWdec=2
  Gains: TX=0 dB, RX=45 dB | RX diag: RMS=1.086e-01, Peak=3.799e-01
 RXTIME of packet 1: 708us
 Databitrate of packet 1: 27.00(Mbps)
  A-MPDU deaggregation successful 
SNRest=13.51dB

  RXTIME of packet 2: 708us
 Databitrate of packet 2: 27.00(Mbps)
  A-MPDU deaggregation successful 
SNRest=14.17dB

  DataBitrate (Mbps): 27.00
ack
new MCS = 3
Iter 63 | fb=ack | next: MCS=3 AMPDU=5 BWdec=2
  Gains: TX=0 dB, RX=45 dB | RX diag: RMS=1.086e-01, Peak=3.786e-01
 RXTIME of packet 1: 708us
 Databitrate of packet 1: 27.00(Mbps)
  A-MPDU deaggregation successful 
SNRest=13.86dB

  RXTIME of packet 2: 708us
 Databitrate of packet 2: 27.00(Mbps)
  A-MPDU deaggregation successful 
SNRest=13.71dB

  DataBitrate (Mbps): 27.00
ack
new MCS = 3
Iter 64 | fb=ack | next: MCS=3 AMPDU=5 BWdec=2
  Gains: TX=0 dB, RX=45 dB | RX diag: RMS=1.086e-01, Peak=3.797e-01
 RXTIME of packet 1: 708us
 Databitrate of packet 1: 27.00(Mbps)
  A-MPDU deaggregation successful 
SNRest=14.18dB

  RXTIME of packet 2: 708us
 Databitrate of packet 2: 27.00(Mbps)
  A-MPDU deaggregation successful 
SNRest=13.61dB

  DataBitrate (Mbps): 27.00
ack
new MCS = 4
Iter 65 | fb=ack | next: MCS=4 AMPDU=5 BWdec=2
  Gains: TX=0 dB, RX=45 dB | RX diag: RMS=1.106e-01, Peak=3.814e-01
 RXTIME of packet 1: 500us
 Databitrate of packet 1: 38.07(Mbps)
  A-MPDU deaggregation successful 
SNRest=13.55dB

  RXTIME of packet 2: 500us
 Databitrate of packet 2: 38.07(Mbps)
  A-MPDU deaggregation successful 
SNRest=13.42dB

  DataBitrate (Mbps): 38.07
ack
new MCS = 4
Iter 66 | fb=ack | next: MCS=4 AMPDU=5 BWdec=2
  Gains: TX=0 dB, RX=45 dB | RX diag: RMS=1.106e-01, Peak=3.801e-01
 RXTIME of packet 1: 500us
 Databitrate of packet 1: 38.07(Mbps)
  A-MPDU deaggregation successful 
SNRest=13.48dB

  RXTIME of packet 2: 500us
 Databitrate of packet 2: 38.07(Mbps)
  A-MPDU deaggregation successful 
SNRest=13.80dB

  DataBitrate (Mbps): 38.07
ack
new MCS = 4
Iter 67 | fb=ack | next: MCS=4 AMPDU=5 BWdec=2
  Gains: TX=0 dB, RX=45 dB | RX diag: RMS=1.106e-01, Peak=3.772e-01
 RXTIME of packet 1: 500us
 Databitrate of packet 1: 38.07(Mbps)
  A-MPDU deaggregation successful 
SNRest=13.09dB

  RXTIME of packet 2: 500us
 Databitrate of packet 2: 38.07(Mbps)
  A-MPDU deaggregation successful 
SNRest=13.30dB

  DataBitrate (Mbps): 38.07
ack
new MCS = 4
Iter 68 | fb=ack | next: MCS=4 AMPDU=5 BWdec=2
  Gains: TX=0 dB, RX=45 dB | RX diag: RMS=1.106e-01, Peak=3.827e-01
 RXTIME of packet 1: 500us
 Databitrate of packet 1: 38.07(Mbps)
  A-MPDU deaggregation successful 
SNRest=13.33dB

  RXTIME of packet 2: 500us
 Databitrate of packet 2: 38.07(Mbps)
  A-MPDU deaggregation successful 
SNRest=13.48dB

  DataBitrate (Mbps): 38.07
ack
new MCS = 4
Iter 69 | fb=ack | next: MCS=4 AMPDU=5 BWdec=2
  Gains: TX=0 dB, RX=45 dB | RX diag: RMS=1.106e-01, Peak=3.795e-01
 RXTIME of packet 1: 500us
 Databitrate of packet 1: 38.07(Mbps)
  A-MPDU deaggregation successful 
SNRest=13.62dB

  RXTIME of packet 2: 500us
 Databitrate of packet 2: 38.07(Mbps)
  A-MPDU deaggregation successful 
SNRest=13.66dB

  DataBitrate (Mbps): 38.07
ack
new MCS = 4
Iter 70 | fb=ack | next: MCS=4 AMPDU=5 BWdec=2
---- Progress 70/100 | current MCS=4 AMPDU=5 BWdec=2 ----
  Gains: TX=0 dB, RX=45 dB | RX diag: RMS=1.106e-01, Peak=3.794e-01
 RXTIME of packet 1: 500us
 Databitrate of packet 1: 38.07(Mbps)
  A-MPDU deaggregation successful 
SNRest=14.03dB

  RXTIME of packet 2: 500us
 Databitrate of packet 2: 38.07(Mbps)
  A-MPDU deaggregation successful 
SNRest=13.51dB

  DataBitrate (Mbps): 38.07
ack
new MCS = 4
Iter 71 | fb=ack | next: MCS=4 AMPDU=5 BWdec=2
  Gains: TX=0 dB, RX=45 dB | RX diag: RMS=1.106e-01, Peak=3.781e-01
 RXTIME of packet 1: 500us
 Databitrate of packet 1: 38.07(Mbps)
  A-MPDU deaggregation successful 
SNRest=13.51dB

  RXTIME of packet 2: 500us
 Databitrate of packet 2: 38.07(Mbps)
  A-MPDU deaggregation successful 
SNRest=13.65dB

  DataBitrate (Mbps): 38.07
ack
new MCS = 4
Iter 72 | fb=ack | next: MCS=4 AMPDU=5 BWdec=2
  Gains: TX=0 dB, RX=45 dB | RX diag: RMS=1.106e-01, Peak=3.797e-01
 RXTIME of packet 1: 500us
 Databitrate of packet 1: 38.07(Mbps)
  A-MPDU deaggregation successful 
SNRest=13.73dB

  RXTIME of packet 2: 500us
 Databitrate of packet 2: 38.07(Mbps)
  A-MPDU deaggregation successful 
SNRest=13.62dB

  DataBitrate (Mbps): 38.07
ack
new MCS = 4
Iter 73 | fb=ack | next: MCS=4 AMPDU=5 BWdec=2
  Gains: TX=0 dB, RX=45 dB | RX diag: RMS=1.106e-01, Peak=3.809e-01
** No packet detected **
new MCS = 4
arq
Iter 74 | fb=arq | next: MCS=4 AMPDU=5 BWdec=2
  Gains: TX=0 dB, RX=45 dB | RX diag: RMS=1.106e-01, Peak=3.811e-01
 RXTIME of packet 1: 500us
 Databitrate of packet 1: 38.07(Mbps)
  A-MPDU deaggregation successful 
SNRest=13.00dB

  RXTIME of packet 2: 500us
 Databitrate of packet 2: 38.07(Mbps)
  A-MPDU deaggregation successful 
SNRest=13.37dB

  DataBitrate (Mbps): 38.07
ack
new MCS = 4
Iter 75 | fb=ack | next: MCS=4 AMPDU=5 BWdec=2
  Gains: TX=0 dB, RX=45 dB | RX diag: RMS=1.106e-01, Peak=3.803e-01
 RXTIME of packet 1: 500us
 Databitrate of packet 1: 38.07(Mbps)
  A-MPDU deaggregation successful 
SNRest=13.50dB

  RXTIME of packet 2: 500us
 Databitrate of packet 2: 38.07(Mbps)
  A-MPDU deaggregation successful 
SNRest=13.23dB

  DataBitrate (Mbps): 38.07
ack
new MCS = 5
Iter 76 | fb=ack | next: MCS=5 AMPDU=5 BWdec=2
  Gains: TX=0 dB, RX=45 dB | RX diag: RMS=1.192e-01, Peak=3.839e-01
 RXTIME of packet 1: 388us
 Databitrate of packet 1: 49.19(Mbps)
  A-MPDU deaggregation successful 
SNRest=13.28dB

  RXTIME of packet 2: 388us
 Databitrate of packet 2: 49.19(Mbps)
  A-MPDU deaggregation successful 
SNRest=13.70dB

  DataBitrate (Mbps): 49.19
ack
new MCS = 5
Iter 77 | fb=ack | next: MCS=5 AMPDU=5 BWdec=2
  Gains: TX=0 dB, RX=45 dB | RX diag: RMS=1.192e-01, Peak=3.834e-01
 RXTIME of packet 1: 388us
 Databitrate of packet 1: 49.19(Mbps)
  A-MPDU deaggregation successful 
SNRest=13.49dB

  RXTIME of packet 2: 388us
 Databitrate of packet 2: 49.19(Mbps)
  A-MPDU deaggregation successful 
SNRest=13.69dB

  DataBitrate (Mbps): 49.19
ack
new MCS = 5
Iter 78 | fb=ack | next: MCS=5 AMPDU=5 BWdec=2
  Gains: TX=0 dB, RX=45 dB | RX diag: RMS=1.192e-01, Peak=3.834e-01
 RXTIME of packet 1: 388us
 Databitrate of packet 1: 49.19(Mbps)
  A-MPDU deaggregation successful 
SNRest=14.09dB

  RXTIME of packet 2: 388us
 Databitrate of packet 2: 49.19(Mbps)
  A-MPDU deaggregation successful 
SNRest=13.60dB

  DataBitrate (Mbps): 49.19
ack
new MCS = 5
Iter 79 | fb=ack | next: MCS=5 AMPDU=5 BWdec=2
  Gains: TX=0 dB, RX=45 dB | RX diag: RMS=1.193e-01, Peak=3.834e-01
 RXTIME of packet 1: 388us
 Databitrate of packet 1: 49.19(Mbps)
  A-MPDU deaggregation successful 
SNRest=13.31dB

  RXTIME of packet 2: 388us
 Databitrate of packet 2: 49.19(Mbps)
  A-MPDU deaggregation successful 
SNRest=13.55dB

  DataBitrate (Mbps): 49.19
ack
new MCS = 5
Iter 80 | fb=ack | next: MCS=5 AMPDU=5 BWdec=2
---- Progress 80/100 | current MCS=5 AMPDU=5 BWdec=2 ----
  Gains: TX=0 dB, RX=45 dB | RX diag: RMS=1.192e-01, Peak=3.817e-01
 RXTIME of packet 1: 388us
 Databitrate of packet 1: 49.19(Mbps)
  A-MPDU deaggregation successful 
SNRest=13.56dB

  RXTIME of packet 2: 388us
 Databitrate of packet 2: 49.19(Mbps)
  A-MPDU deaggregation successful 
SNRest=13.68dB

  DataBitrate (Mbps): 49.19
ack
new MCS = 5
Iter 81 | fb=ack | next: MCS=5 AMPDU=5 BWdec=2
  Gains: TX=0 dB, RX=45 dB | RX diag: RMS=1.192e-01, Peak=3.826e-01
 RXTIME of packet 1: 388us
 Databitrate of packet 1: 49.19(Mbps)
  A-MPDU deaggregation successful 
SNRest=13.78dB

  RXTIME of packet 2: 388us
 Databitrate of packet 2: 49.19(Mbps)
  A-MPDU deaggregation successful 
  FCS fail for MPDU:1
SNRest=13.78dB

 new MCS = 5
arq
Iter 82 | fb=arq | next: MCS=5 AMPDU=2 BWdec=2
  Gains: TX=0 dB, RX=45 dB | RX diag: RMS=1.195e-01, Peak=3.809e-01
 RXTIME of packet 1: 388us
 Databitrate of packet 1: 49.19(Mbps)
  A-MPDU deaggregation successful 
SNRest=13.89dB

  RXTIME of packet 2: 388us
 Databitrate of packet 2: 49.19(Mbps)
  A-MPDU deaggregation successful 
SNRest=14.05dB

  DataBitrate (Mbps): 49.19
ack
new MCS = 5
Iter 83 | fb=ack | next: MCS=5 AMPDU=5 BWdec=2
  Gains: TX=0 dB, RX=45 dB | RX diag: RMS=1.103e-01, Peak=3.578e-01
 RXTIME of packet 1: 388us
 Databitrate of packet 1: 49.19(Mbps)
  A-MPDU deaggregation successful 
SNRest=13.61dB

  RXTIME of packet 2: 388us
 Databitrate of packet 2: 49.19(Mbps)
  A-MPDU deaggregation successful 
SNRest=13.99dB

  DataBitrate (Mbps): 49.19
ack
new MCS = 5
Iter 84 | fb=ack | next: MCS=5 AMPDU=5 BWdec=2
  Gains: TX=0 dB, RX=45 dB | RX diag: RMS=1.103e-01, Peak=3.564e-01
 RXTIME of packet 1: 388us
 Databitrate of packet 1: 49.19(Mbps)
  A-MPDU deaggregation successful 
SNRest=13.88dB

  RXTIME of packet 2: 388us
 Databitrate of packet 2: 49.19(Mbps)
  A-MPDU deaggregation successful 
SNRest=13.73dB

  DataBitrate (Mbps): 49.19
ack
new MCS = 5
Iter 85 | fb=ack | next: MCS=5 AMPDU=5 BWdec=2
  Gains: TX=0 dB, RX=45 dB | RX diag: RMS=1.103e-01, Peak=3.568e-01
 RXTIME of packet 1: 388us
 Databitrate of packet 1: 49.19(Mbps)
  A-MPDU deaggregation successful 
SNRest=13.70dB

  RXTIME of packet 2: 388us
 Databitrate of packet 2: 49.19(Mbps)
  A-MPDU deaggregation successful 
SNRest=14.27dB

  DataBitrate (Mbps): 49.19
ack
new MCS = 5
Iter 86 | fb=ack | next: MCS=5 AMPDU=5 BWdec=2
  Gains: TX=0 dB, RX=45 dB | RX diag: RMS=1.103e-01, Peak=3.574e-01
** No packet detected **
new MCS = 5
arq
Iter 87 | fb=arq | next: MCS=5 AMPDU=5 BWdec=2
  Gains: TX=0 dB, RX=45 dB | RX diag: RMS=1.103e-01, Peak=3.589e-01
 RXTIME of packet 1: 388us
 Databitrate of packet 1: 49.19(Mbps)
  A-MPDU deaggregation successful 
SNRest=13.97dB

  RXTIME of packet 2: 388us
 Databitrate of packet 2: 49.19(Mbps)
  A-MPDU deaggregation successful 
SNRest=14.42dB

  DataBitrate (Mbps): 49.19
ack
new MCS = 5
Iter 88 | fb=ack | next: MCS=5 AMPDU=5 BWdec=2
  Gains: TX=0 dB, RX=45 dB | RX diag: RMS=1.103e-01, Peak=3.578e-01
 RXTIME of packet 1: 388us
 Databitrate of packet 1: 49.19(Mbps)
  A-MPDU deaggregation successful 
SNRest=14.00dB

  RXTIME of packet 2: 388us
 Databitrate of packet 2: 49.19(Mbps)
  A-MPDU deaggregation successful 
  FCS fail for MPDU:1
SNRest=13.88dB

 new MCS = 5
arq
Iter 89 | fb=arq | next: MCS=5 AMPDU=2 BWdec=2
  Gains: TX=0 dB, RX=45 dB | RX diag: RMS=9.205e-02, Peak=3.203e-01
 RXTIME of packet 1: 388us
 Databitrate of packet 1: 49.19(Mbps)
  A-MPDU deaggregation successful 
  FCS fail for MPDU:1
SNRest=13.40dB

 new MCS = 5
arq
Iter 90 | fb=arq | next: MCS=5 AMPDU=2 BWdec=2
---- Progress 90/100 | current MCS=5 AMPDU=2 BWdec=2 ----
  Gains: TX=0 dB, RX=45 dB | RX diag: RMS=9.203e-02, Peak=3.269e-01
 RXTIME of packet 1: 388us
 Databitrate of packet 1: 49.19(Mbps)
  A-MPDU deaggregation successful 
  FCS fail for MPDU:1
SNRest=13.85dB

 new MCS = 5
arq
Iter 91 | fb=arq | next: MCS=5 AMPDU=2 BWdec=2
  Gains: TX=0 dB, RX=45 dB | RX diag: RMS=9.204e-02, Peak=3.221e-01
** wrong target packet detected
new MCS = 5
arq
Iter 92 | fb=arq | next: MCS=5 AMPDU=2 BWdec=2
  Gains: TX=0 dB, RX=45 dB | RX diag: RMS=9.204e-02, Peak=3.205e-01
 RXTIME of packet 1: 388us
 Databitrate of packet 1: 49.19(Mbps)
  A-MPDU deaggregation successful 
SNRest=13.73dB

  RXTIME of packet 2: 388us
 Databitrate of packet 2: 49.19(Mbps)
  A-MPDU deaggregation successful 
  FCS fail for MPDU:1
SNRest=14.04dB

 new MCS = 4
arq
Iter 93 | fb=arq | next: MCS=4 AMPDU=2 BWdec=2
  Gains: TX=0 dB, RX=45 dB | RX diag: RMS=1.029e-01, Peak=3.846e-01
 RXTIME of packet 1: 500us
 Databitrate of packet 1: 38.07(Mbps)
  A-MPDU deaggregation successful 
SNRest=13.45dB

  RXTIME of packet 2: 500us
 Databitrate of packet 2: 38.07(Mbps)
  A-MPDU deaggregation successful 
  FCS fail for MPDU:1
SNRest=7.61dB

 new MCS = 3
arq
Iter 94 | fb=arq | next: MCS=3 AMPDU=1 BWdec=2
  Gains: TX=0 dB, RX=45 dB | RX diag: RMS=1.117e-01, Peak=3.744e-01
 RXTIME of packet 1: 84us
 Databitrate of packet 1: 5.21(Mbps)
  A-MPDU deaggregation successful 
  FCS fail for MPDU:1
SNRest=5.74dB

 new MCS = 1
arq
Iter 95 | fb=arq | next: MCS=1 AMPDU=1 BWdec=2
  Gains: TX=0 dB, RX=45 dB | RX diag: RMS=1.097e-01, Peak=3.962e-01
 RXTIME of packet 1: 84us
 Databitrate of packet 1: 4.56(Mbps)
  A-MPDU deaggregation successful 
SNRest=14.44dB

  RXTIME of packet 2: 1348us
 Databitrate of packet 2: 13.90(Mbps)
  A-MPDU deaggregation successful 
SNRest=14.43dB

  RXTIME of packet 3: 84us
 Databitrate of packet 3: 4.56(Mbps)
  A-MPDU deaggregation successful 
SNRest=13.09dB

  DataBitrate (Mbps): 7.67
ack
new MCS = 3
Iter 96 | fb=ack | next: MCS=3 AMPDU=4 BWdec=2
  Gains: TX=0 dB, RX=45 dB | RX diag: RMS=1.067e-01, Peak=3.622e-01
 RXTIME of packet 1: 708us
 Databitrate of packet 1: 27.00(Mbps)
  A-MPDU deaggregation successful 
SNRest=13.67dB

  RXTIME of packet 2: 708us
 Databitrate of packet 2: 27.00(Mbps)
  A-MPDU deaggregation successful 
SNRest=13.48dB

  DataBitrate (Mbps): 27.00
ack
new MCS = 3
Iter 97 | fb=ack | next: MCS=3 AMPDU=5 BWdec=2
  Gains: TX=0 dB, RX=45 dB | RX diag: RMS=1.027e-01, Peak=3.589e-01
 RXTIME of packet 1: 708us
 Databitrate of packet 1: 27.00(Mbps)
  A-MPDU deaggregation successful 
SNRest=14.40dB

  RXTIME of packet 2: 708us
 Databitrate of packet 2: 27.00(Mbps)
  A-MPDU deaggregation successful 
SNRest=14.07dB

  DataBitrate (Mbps): 27.00
ack
new MCS = 2
Iter 98 | fb=ack | next: MCS=2 AMPDU=5 BWdec=2
  Gains: TX=0 dB, RX=45 dB | RX diag: RMS=1.067e-01, Peak=3.516e-01
 RXTIME of packet 1: 932us
 Databitrate of packet 1: 20.46(Mbps)
  A-MPDU deaggregation successful 
SNRest=13.52dB

  RXTIME of packet 2: 932us
 Databitrate of packet 2: 20.46(Mbps)
  A-MPDU deaggregation successful 
SNRest=13.64dB

  DataBitrate (Mbps): 20.46
ack
new MCS = 2
Iter 99 | fb=ack | next: MCS=2 AMPDU=5 BWdec=2
  Gains: TX=0 dB, RX=45 dB | RX diag: RMS=1.068e-01, Peak=3.518e-01
 RXTIME of packet 1: 932us
 Databitrate of packet 1: 20.46(Mbps)
  A-MPDU deaggregation successful 
SNRest=13.29dB

  RXTIME of packet 2: 932us
 Databitrate of packet 2: 20.46(Mbps)
  A-MPDU deaggregation successful 
SNRest=13.57dB

  DataBitrate (Mbps): 20.46
ack
new MCS = 1
Iter 100 | fb=ack | next: MCS=1 AMPDU=3 BWdec=2
---- Progress 100/100 | current MCS=1 AMPDU=3 BWdec=2 ----
Done.
Stats | fallback=0 (0.0%), realDecode=94 (94.0%), qUpdate=0
Final state | MCS=1 AMPDU=3 BWdec=2 lastSNR=13.43 dB
