Run log file: C:\Users\welcome\Desktop\Experimental-Guide-of-Deployment-friendly-RLLA-main copy\Experimental-Guide-of-Deployment-friendly-RLLA-main\X410_CombinedTxRx copy\logs\run_QLOLLA_20260428_155802.log
Algorithm mode: QLOLLA
Stable loopback point | TX=0 dB RX=45 dB | strict real-decode mode
{操作在以下过程中被用户终止 wt.internal.uhd.mcos.device/makeDevice


位置 wt.internal.hardware.DeviceManager/connectOrGetDriver

位置 wt.internal.rfnoc.Driver/initialiseDevice

位置 wt.internal.rfnoc.DeviceSetup/canRadioRunApplication

位置 wt.internal.AppBase/setupHardware

位置 wt.internal.AppBase/setupImpl

位置 wt.internal.app.PropertyHelper/applyAllProperties

位置 basebandTransceiver/transmit

位置 <a href="matlab:matlab.lang.internal.introspective.errorDocCallback('X410_runSingleHost_DualRole_AARF', 'C:\Users\welcome\Desktop\Experimental-Guide-of-Deployment-friendly-RLLA-main copy\Experimental-Guide-of-Deployment-friendly-RLLA-main\X410_CombinedTxRx copy\X410_runSingleHost_DualRole_AARF.m', 202)" style="font-weight:bold">X410_runSingleHost_DualRole_AARF</a> (<a href="matlab: opentoline('C:\Users\welcome\Desktop\Experimental-Guide-of-Deployment-friendly-RLLA-main copy\Experimental-Guide-of-Deployment-friendly-RLLA-main\X410_CombinedTxRx copy\X410_runSingleHost_DualRole_AARF.m',202,0)">第 202 行</a>)
                transmit(bb, currentTxWave, "continuous");
                ^^^^^^^^^^^^^^^^^^^^^^^^^^^^^^^^^^^^^^^^^
位置 <a href="matlab:matlab.lang.internal.introspective.errorDocCallback('run', 'C:\Users\welcome\Desktop\R2025b\toolbox\matlab\lang\run.m', 112)" style="font-weight:bold">run</a> (<a href="matlab: opentoline('C:\Users\welcome\Desktop\R2025b\toolbox\matlab\lang\run.m',112,0)">第 112 行</a>)
evalin('caller', strcat(scriptStem, ';'));
^^^^^^^^^^^^^^^^^^^^^^^^^^^^^^^^^^^^^^^^^
位置 <a href="matlab:matlab.lang.internal.introspective.errorDocCallback('runX410AllAlgorithms', 'C:\Users\welcome\Desktop\Experimental-Guide-of-Deployment-friendly-RLLA-main copy\Experimental-Guide-of-Deployment-friendly-RLLA-main\X410_CombinedTxRx copy\runX410AllAlgorithms.m', 35)" style="font-weight:bold">runX410AllAlgorithms</a> (<a href="matlab: opentoline('C:\Users\welcome\Desktop\Experimental-Guide-of-Deployment-friendly-RLLA-main copy\Experimental-Guide-of-Deployment-friendly-RLLA-main\X410_CombinedTxRx copy\runX410AllAlgorithms.m',35,0)">第 35 行</a>)
    evalin('base', sprintf('run("%s")', strrep(mainFile, '\', '\\')));
    ^^^^^^^^^^^^^^^^^^^^^^^^^^^^^^^^^^^^^^^^^^^^^^^^^^^^^^^^^^^^^^^^^
} 
run("C:\Users\welcome\Desktop\Experimental-Guide-of-Deployment-friendly-RLLA-main copy\Experimental-Guide-of-Deployment-friendly-RLLA-main\X410_CombinedTxRx copy\X410_runSingleHost_DualRole_AARF.m")
