Run log file: C:\Users\welcome\Desktop\X410_CombinedTxRx_XL - 副本 - 副本\logs\run_QLOLLA_20260609_211320.log
Algorithm mode: QLOLLA
Stable loopback point | TX=20 dB RX=25 dB | strict real-decode mode
No Q-table found, starting fresh.
  Gains: TX=20 dB, RX=25 dB | RX diag: RMS=1.249e-01, Peak=4.238e-01
  Estimated CFO:  19.0 Hz
 RXTIME of packet 1: 116us
  ChanEst mean|h|: 1.039 | HE-LTF rms: 1.047
  EVM per-sym: -39.67 dB | EVM per-sc: -40.05 dB
 Databitrate of packet 1: 3.32(Mbps)
  A-MPDU deaggregation successful 
SNRest=40.54dB

  DataBitrate (Mbps): 3.32
ack
new MCS = 11
Iter 1 | fb=ack | next: MCS=2 AMPDU=2 BWdec=2
  Gains: TX=20 dB, RX=25 dB | RX diag: RMS=1.353e-01, Peak=4.514e-01
  Estimated CFO:  95.0 Hz
 RXTIME of packet 1: 932us
  ChanEst mean|h|: 1.039 | HE-LTF rms: 1.047
  EVM trend [sym1..mid..end]: -39.3 -38.6 -38.8 -37.4 -38.6 -37.7 -40.5 -39.7 -38.9 dB
  EVM per-sym: -38.86 dB | EVM per-sc: -39.23 dB
 Databitrate of packet 1: 20.46(Mbps)
  A-MPDU deaggregation successful 
SNRest=42.23dB

  DataBitrate (Mbps): 20.46
ack
new MCS = 11
Iter 2 | fb=ack | next: MCS=4 AMPDU=3 BWdec=2
  Gains: TX=20 dB, RX=25 dB | RX diag: RMS=1.309e-01, Peak=4.488e-01
  Estimated CFO: 166.1 Hz
 RXTIME of packet 1: 500us
  ChanEst mean|h|: 1.035 | HE-LTF rms: 1.044
  EVM trend [sym1..mid..end]: -36.3 -35.5 -36.8 -36.5 -35.1 -36.7 -35.3 -36.3 -36.6 dB
  EVM per-sym: -36.27 dB | EVM per-sc: -36.39 dB
 Databitrate of packet 1: 38.07(Mbps)
  A-MPDU deaggregation successful 
SNRest=38.51dB

  DataBitrate (Mbps): 38.07
ack
new MCS = 11
Iter 3 | fb=ack | next: MCS=6 AMPDU=3 BWdec=2
  Gains: TX=20 dB, RX=25 dB | RX diag: RMS=1.468e-01, Peak=4.393e-01
  Estimated CFO: -68553.0 Hz
  ** CFO outlier rejected: -68553.0 Hz **
  Estimated CFO: 176.5 Hz
 RXTIME of packet 2: 356us
  ChanEst mean|h|: 1.038 | HE-LTF rms: 1.045
  EVM trend [sym1..mid..end]: -33.0 -35.1 -37.1 -35.9 -34.1 -34.7 -36.2 -35.3 -35.6 dB
  EVM per-sym: -34.67 dB | EVM per-sc: -34.85 dB
 Databitrate of packet 2: 53.65(Mbps)
  A-MPDU deaggregation successful 
SNRest=37.45dB

  DataBitrate (Mbps): 26.83
  [Diag] Degraded success: usedPacket=2 skipped=1 cfoSkip=1 -> controller update down-weighted.
new MCS = 6
arq
Iter 4 | fb=arq | next: MCS=6 AMPDU=3 BWdec=2
  Gains: TX=20 dB, RX=25 dB | RX diag: RMS=1.468e-01, Peak=4.398e-01
  Estimated CFO:   9.8 Hz
 RXTIME of packet 1: 356us
  ChanEst mean|h|: 1.039 | HE-LTF rms: 1.047
  EVM trend [sym1..mid..end]: -36.8 -41.5 -40.4 -42.0 -40.9 -38.6 -38.7 -42.3 -41.5 dB
  EVM per-sym: -39.47 dB | EVM per-sc: -39.59 dB
 Databitrate of packet 1: 53.65(Mbps)
  A-MPDU deaggregation successful 
SNRest=43.44dB

  DataBitrate (Mbps): 53.65
ack
new MCS = 11
Iter 5 | fb=ack | next: MCS=8 AMPDU=3 BWdec=2
  Gains: TX=20 dB, RX=25 dB | RX diag: RMS=1.269e-01, Peak=4.234e-01
  Estimated CFO:  22.0 Hz
 RXTIME of packet 1: 276us
  ChanEst mean|h|: 1.039 | HE-LTF rms: 1.046
  EVM trend [sym1..mid..end]: -41.6 -39.7 -41.8 -36.7 -38.0 -39.0 -38.9 -37.2 -38.3 dB
  EVM per-sym: -38.47 dB | EVM per-sc: -38.97 dB
 Databitrate of packet 1: 69.47(Mbps)
  A-MPDU deaggregation successful 
SNRest=43.85dB

  DataBitrate (Mbps): 69.47
ack
new MCS = 11
Iter 6 | fb=ack | next: MCS=10 AMPDU=3 BWdec=2
  Gains: TX=20 dB, RX=25 dB | RX diag: RMS=1.480e-01, Peak=4.659e-01
  Estimated CFO: -166.4 Hz
 RXTIME of packet 1: 228us
  ChanEst mean|h|: 1.037 | HE-LTF rms: 1.044
  EVM trend [sym1..mid..end]: -33.1 -34.4 -34.1 -33.5 -33.2 -32.7 -32.9 -31.4 -32.5 dB
  EVM per-sym: -33.07 dB | EVM per-sc: -33.46 dB
 Databitrate of packet 1: 83.86(Mbps)
  A-MPDU deaggregation successful 
SNRest=34.25dB

  DataBitrate (Mbps): 83.86
ack
new MCS = 9
Iter 7 | fb=ack | next: MCS=9 AMPDU=3 BWdec=2
  Gains: TX=20 dB, RX=25 dB | RX diag: RMS=1.259e-01, Peak=4.320e-01
  Estimated CFO: -266.0 Hz
 RXTIME of packet 1: 260us
  ChanEst mean|h|: 1.034 | HE-LTF rms: 1.043
  EVM trend [sym1..mid..end]: -30.1 -29.1 -31.6 -29.4 -32.1 -30.7 -32.0 -31.1 -31.8 dB
  EVM per-sym: -31.07 dB | EVM per-sc: -31.70 dB
 Databitrate of packet 1: 72.92(Mbps)
  A-MPDU deaggregation successful 
SNRest=36.11dB

  DataBitrate (Mbps): 72.92
ack
new MCS = 10
Iter 8 | fb=ack | next: MCS=10 AMPDU=3 BWdec=2
  Gains: TX=20 dB, RX=25 dB | RX diag: RMS=1.556e-01, Peak=4.919e-01
  Estimated CFO: -88500.5 Hz
  ** CFO outlier rejected: -88500.5 Hz **
  Estimated CFO: -85.4 Hz
 RXTIME of packet 2: 228us
  ChanEst mean|h|: 1.035 | HE-LTF rms: 1.044
  EVM trend [sym1..mid..end]: -37.2 -34.7 -38.5 -37.0 -34.8 -36.0 -36.3 -35.3 -35.3 dB
  EVM per-sym: -36.12 dB | EVM per-sc: -37.01 dB
 Databitrate of packet 2: 83.86(Mbps)
  A-MPDU deaggregation successful 
SNRest=40.49dB

  DataBitrate (Mbps): 41.93
  [Diag] Degraded success: usedPacket=2 skipped=1 cfoSkip=1 -> controller update down-weighted.
new MCS = 10
arq
Iter 9 | fb=arq | next: MCS=10 AMPDU=3 BWdec=2
  Gains: TX=20 dB, RX=25 dB | RX diag: RMS=1.556e-01, Peak=4.920e-01
  Estimated CFO: -195.9 Hz
 RXTIME of packet 1: 228us
  ChanEst mean|h|: 1.037 | HE-LTF rms: 1.045
  EVM trend [sym1..mid..end]: -33.5 -33.2 -33.3 -30.9 -35.3 -34.3 -32.9 -35.2 -32.7 dB
  EVM per-sym: -33.62 dB | EVM per-sc: -34.39 dB
 Databitrate of packet 1: 83.86(Mbps)
  A-MPDU deaggregation successful 
SNRest=39.01dB

  DataBitrate (Mbps): 83.86
ack
new MCS = 11
Iter 10 | fb=ack | next: MCS=11 AMPDU=3 BWdec=2
---- Progress 10/100 | current MCS=11 AMPDU=3 BWdec=2 ----
  Gains: TX=20 dB, RX=25 dB | RX diag: RMS=1.301e-01, Peak=4.330e-01
  Estimated CFO:  35.3 Hz
 RXTIME of packet 1: 212us
  ChanEst mean|h|: 1.036 | HE-LTF rms: 1.045
  EVM trend [sym1..mid..end]: -37.1 -36.8 -37.3 -39.4 -38.2 -37.0 -36.2 -39.0 -34.7 dB
  EVM per-sym: -37.19 dB | EVM per-sc: -37.78 dB
 Databitrate of packet 1: 91.03(Mbps)
  A-MPDU deaggregation successful 
SNRest=40.06dB

  DataBitrate (Mbps): 91.03
ack
new MCS = 11
Iter 11 | fb=ack | next: MCS=11 AMPDU=3 BWdec=2
  Gains: TX=20 dB, RX=25 dB | RX diag: RMS=1.302e-01, Peak=4.333e-01
  Estimated CFO: 418.0 Hz
 RXTIME of packet 1: 212us
  ChanEst mean|h|: 1.033 | HE-LTF rms: 1.042
  EVM trend [sym1..mid..end]: -29.1 -25.9 -24.0 -28.3 -28.5 -28.2 -27.5 -27.0 -27.0 dB
  EVM per-sym: -27.36 dB | EVM per-sc: -28.26 dB
 Databitrate of packet 1: 91.03(Mbps)
  A-MPDU deaggregation successful 
SNRest=30.59dB

  DataBitrate (Mbps): 91.03
ack
new MCS = 7
Iter 12 | fb=ack | next: MCS=9 AMPDU=3 BWdec=2
  Gains: TX=20 dB, RX=25 dB | RX diag: RMS=1.292e-01, Peak=4.261e-01
  Estimated CFO: -77122.3 Hz
  ** CFO outlier rejected: -77122.3 Hz **
  Estimated CFO: 216.4 Hz
 RXTIME of packet 2: 260us
  ChanEst mean|h|: 1.034 | HE-LTF rms: 1.042
  EVM trend [sym1..mid..end]: -34.3 -34.6 -32.9 -33.9 -34.6 -32.3 -35.9 -32.4 -31.3 dB
  EVM per-sym: -33.29 dB | EVM per-sc: -33.77 dB
 Databitrate of packet 2: 72.92(Mbps)
  A-MPDU deaggregation successful 
SNRest=35.49dB

  DataBitrate (Mbps): 36.46
  [Diag] Degraded success: usedPacket=2 skipped=1 cfoSkip=1 -> controller update down-weighted.
new MCS = 9
arq
Iter 13 | fb=arq | next: MCS=9 AMPDU=3 BWdec=2
  Gains: TX=20 dB, RX=25 dB | RX diag: RMS=1.292e-01, Peak=4.243e-01
  Estimated CFO: -44.6 Hz
 RXTIME of packet 1: 260us
  ChanEst mean|h|: 1.035 | HE-LTF rms: 1.043
  EVM trend [sym1..mid..end]: -36.7 -37.6 -37.3 -40.4 -37.0 -37.6 -38.7 -37.4 -38.1 dB
  EVM per-sym: -37.94 dB | EVM per-sc: -38.55 dB
 Databitrate of packet 1: 72.92(Mbps)
  A-MPDU deaggregation successful 
SNRest=43.67dB

  DataBitrate (Mbps): 72.92
ack
new MCS = 11
Iter 14 | fb=ack | next: MCS=11 AMPDU=3 BWdec=2
  Gains: TX=20 dB, RX=25 dB | RX diag: RMS=1.599e-01, Peak=4.630e-01
  Estimated CFO: 257.5 Hz
 RXTIME of packet 1: 212us
  ChanEst mean|h|: 1.156 | HE-LTF rms: 1.164
  EVM trend [sym1..mid..end]: -28.7 -31.6 -34.3 -30.6 -27.7 -32.6 -32.9 -30.0 -31.2 dB
  EVM per-sym: -30.89 dB | EVM per-sc: -31.94 dB
 Databitrate of packet 1: 91.03(Mbps)
  A-MPDU deaggregation successful 
SNRest=35.58dB

  DataBitrate (Mbps): 91.03
ack
new MCS = 10
Iter 15 | fb=ack | next: MCS=10 AMPDU=3 BWdec=2
  Gains: TX=20 dB, RX=25 dB | RX diag: RMS=1.475e-01, Peak=4.389e-01
  Estimated CFO: -381.3 Hz
 RXTIME of packet 1: 228us
  ChanEst mean|h|: 1.034 | HE-LTF rms: 1.042
  EVM trend [sym1..mid..end]: -27.0 -31.6 -25.6 -24.5 -29.3 -28.6 -26.7 -30.1 -28.4 dB
  EVM per-sym: -27.81 dB | EVM per-sc: -28.75 dB
 Databitrate of packet 1: 83.86(Mbps)
  A-MPDU deaggregation successful 
SNRest=30.72dB

  DataBitrate (Mbps): 83.86
ack
new MCS = 8
Iter 16 | fb=ack | next: MCS=8 AMPDU=3 BWdec=2
  Gains: TX=20 dB, RX=25 dB | RX diag: RMS=1.372e-01, Peak=4.443e-01
  Estimated CFO: -153.1 Hz
 RXTIME of packet 1: 276us
  ChanEst mean|h|: 1.039 | HE-LTF rms: 1.047
  EVM trend [sym1..mid..end]: -36.7 -35.0 -35.2 -33.4 -34.7 -37.4 -36.1 -33.4 -36.6 dB
  EVM per-sym: -35.35 dB | EVM per-sc: -35.80 dB
 Databitrate of packet 1: 69.47(Mbps)
  A-MPDU deaggregation successful 
SNRest=39.34dB

  DataBitrate (Mbps): 69.47
ack
new MCS = 11
Iter 17 | fb=ack | next: MCS=10 AMPDU=3 BWdec=2
  Gains: TX=20 dB, RX=25 dB | RX diag: RMS=1.424e-01, Peak=4.576e-01
  Estimated CFO: -144.2 Hz
 RXTIME of packet 1: 228us
  ChanEst mean|h|: 1.037 | HE-LTF rms: 1.044
  EVM trend [sym1..mid..end]: -35.9 -33.9 -30.5 -33.9 -34.3 -35.7 -33.7 -33.7 -35.7 dB
  EVM per-sym: -33.60 dB | EVM per-sc: -34.48 dB
 Databitrate of packet 1: 83.86(Mbps)
  A-MPDU deaggregation successful 
SNRest=35.74dB

  DataBitrate (Mbps): 83.86
ack
new MCS = 10
Iter 18 | fb=ack | next: MCS=10 AMPDU=3 BWdec=2
  Gains: TX=20 dB, RX=25 dB | RX diag: RMS=1.424e-01, Peak=4.579e-01
  Estimated CFO: -69692.2 Hz
  ** CFO outlier rejected: -69692.2 Hz **
  Estimated CFO: -226.1 Hz
 RXTIME of packet 2: 228us
  ChanEst mean|h|: 1.038 | HE-LTF rms: 1.045
  EVM trend [sym1..mid..end]: -31.0 -33.2 -31.6 -30.2 -32.3 -32.8 -30.3 -33.7 -31.9 dB
  EVM per-sym: -31.36 dB | EVM per-sc: -32.04 dB
 Databitrate of packet 2: 83.86(Mbps)
  A-MPDU deaggregation successful 
SNRest=34.13dB

  DataBitrate (Mbps): 41.93
  [Diag] Degraded success: usedPacket=2 skipped=1 cfoSkip=1 -> controller update down-weighted.
new MCS = 10
arq
Iter 19 | fb=arq | next: MCS=10 AMPDU=3 BWdec=2
  Gains: TX=20 dB, RX=25 dB | RX diag: RMS=1.424e-01, Peak=4.586e-01
  Estimated CFO: -91487.0 Hz
  ** CFO outlier rejected: -91487.0 Hz **
  Estimated CFO: -30.0 Hz
 RXTIME of packet 2: 228us
  ChanEst mean|h|: 1.039 | HE-LTF rms: 1.048
  EVM trend [sym1..mid..end]: -40.2 -38.6 -36.6 -38.3 -38.2 -40.9 -36.0 -39.5 -38.6 dB
  EVM per-sym: -38.25 dB | EVM per-sc: -38.81 dB
 Databitrate of packet 2: 83.86(Mbps)
  A-MPDU deaggregation successful 
SNRest=44.15dB

  DataBitrate (Mbps): 41.93
  [Diag] Degraded success: usedPacket=2 skipped=1 cfoSkip=1 -> controller update down-weighted.
  [Ctrl] Freeze triggered by consecutive hard/degraded events.
new MCS = 10
arq
Iter 20 | fb=arq | next: MCS=10 AMPDU=3 BWdec=2
---- Progress 20/100 | current MCS=10 AMPDU=3 BWdec=2 ----
  Gains: TX=20 dB, RX=25 dB | RX diag: RMS=1.424e-01, Peak=4.574e-01
  Estimated CFO: -70075.7 Hz
  ** CFO outlier rejected: -70075.7 Hz **
  Estimated CFO: 125.3 Hz
 RXTIME of packet 2: 228us
  ChanEst mean|h|: 1.038 | HE-LTF rms: 1.045
  EVM trend [sym1..mid..end]: -35.6 -34.3 -36.1 -34.9 -35.2 -35.7 -32.9 -36.8 -37.9 dB
  EVM per-sym: -35.59 dB | EVM per-sc: -36.30 dB
 Databitrate of packet 2: 83.86(Mbps)
  A-MPDU deaggregation successful 
SNRest=39.22dB

  DataBitrate (Mbps): 41.93
  [Diag] Degraded success: usedPacket=2 skipped=1 cfoSkip=1 -> controller update down-weighted.
  [Ctrl] Controller frozen for this iteration, remaining=0.
new MCS = 10
arq
Iter 21 | fb=arq | next: MCS=10 AMPDU=3 BWdec=2
  Gains: TX=20 dB, RX=25 dB | RX diag: RMS=1.424e-01, Peak=4.578e-01
  Estimated CFO: -66.1 Hz
 RXTIME of packet 1: 228us
  ChanEst mean|h|: 1.039 | HE-LTF rms: 1.047
  EVM trend [sym1..mid..end]: -35.1 -37.6 -35.6 -35.1 -36.6 -39.6 -32.8 -38.3 -38.1 dB
  EVM per-sym: -36.27 dB | EVM per-sc: -37.26 dB
 Databitrate of packet 1: 83.86(Mbps)
  A-MPDU deaggregation successful 
SNRest=41.80dB

  DataBitrate (Mbps): 83.86
ack
new MCS = 11
Iter 22 | fb=ack | next: MCS=11 AMPDU=3 BWdec=2
  Gains: TX=20 dB, RX=25 dB | RX diag: RMS=1.429e-01, Peak=4.622e-01
  Estimated CFO: -400.3 Hz
 RXTIME of packet 1: 212us
  ChanEst mean|h|: 1.040 | HE-LTF rms: 1.047
  EVM trend [sym1..mid..end]: -28.7 -27.0 -25.9 -27.9 -31.5 -29.7 -28.1 -26.8 -30.7 dB
  EVM per-sym: -28.38 dB | EVM per-sc: -29.23 dB
 Databitrate of packet 1: 91.03(Mbps)
  A-MPDU deaggregation successful 
SNRest=32.74dB

  DataBitrate (Mbps): 91.03
ack
new MCS = 9
Iter 23 | fb=ack | next: MCS=9 AMPDU=3 BWdec=2
  Gains: TX=20 dB, RX=25 dB | RX diag: RMS=1.459e-01, Peak=4.264e-01
  Estimated CFO: -312.8 Hz
 RXTIME of packet 1: 260us
  ChanEst mean|h|: 1.036 | HE-LTF rms: 1.044
  EVM trend [sym1..mid..end]: -32.1 -32.4 -31.5 -28.4 -31.6 -30.2 -31.0 -31.2 -29.7 dB
  EVM per-sym: -30.63 dB | EVM per-sc: -31.16 dB
 Databitrate of packet 1: 72.92(Mbps)
  A-MPDU deaggregation successful 
SNRest=35.07dB

  DataBitrate (Mbps): 72.92
ack
new MCS = 10
Iter 24 | fb=ack | next: MCS=10 AMPDU=3 BWdec=2
  Gains: TX=20 dB, RX=25 dB | RX diag: RMS=1.485e-01, Peak=5.056e-01
  Estimated CFO: 144.1 Hz
 RXTIME of packet 1: 228us
  ChanEst mean|h|: 1.034 | HE-LTF rms: 1.042
  EVM trend [sym1..mid..end]: -37.8 -34.7 -33.2 -36.3 -36.2 -35.0 -32.7 -37.1 -36.6 dB
  EVM per-sym: -35.00 dB | EVM per-sc: -35.89 dB
 Databitrate of packet 1: 83.86(Mbps)
  A-MPDU deaggregation successful 
SNRest=40.31dB

  DataBitrate (Mbps): 83.86
ack
new MCS = 11
Iter 25 | fb=ack | next: MCS=11 AMPDU=3 BWdec=2
  Gains: TX=20 dB, RX=25 dB | RX diag: RMS=1.254e-01, Peak=4.253e-01
  Estimated CFO:  83.7 Hz
 RXTIME of packet 1: 212us
  ChanEst mean|h|: 1.039 | HE-LTF rms: 1.046
  EVM trend [sym1..mid..end]: -35.9 -40.0 -29.1 -37.0 -36.2 -39.7 -31.9 -40.5 -39.5 dB
  EVM per-sym: -35.89 dB | EVM per-sc: -37.13 dB
 Databitrate of packet 1: 91.03(Mbps)
  A-MPDU deaggregation successful 
SNRest=41.73dB

  DataBitrate (Mbps): 91.03
ack
new MCS = 11
Iter 26 | fb=ack | next: MCS=11 AMPDU=3 BWdec=2
  Gains: TX=20 dB, RX=25 dB | RX diag: RMS=1.253e-01, Peak=4.246e-01
  Estimated CFO: -164.4 Hz
 RXTIME of packet 1: 212us
  ChanEst mean|h|: 1.034 | HE-LTF rms: 1.042
  EVM trend [sym1..mid..end]: -31.3 -32.2 -29.9 -32.1 -30.5 -30.4 -32.3 -33.3 -31.8 dB
  EVM per-sym: -31.57 dB | EVM per-sc: -32.50 dB
 Databitrate of packet 1: 91.03(Mbps)
  A-MPDU deaggregation successful 
SNRest=37.46dB

  DataBitrate (Mbps): 91.03
ack
new MCS = 11
Iter 27 | fb=ack | next: MCS=11 AMPDU=3 BWdec=2
  Gains: TX=20 dB, RX=25 dB | RX diag: RMS=1.253e-01, Peak=4.253e-01
  Estimated CFO: -387.5 Hz
 RXTIME of packet 1: 212us
  ChanEst mean|h|: 1.035 | HE-LTF rms: 1.043
  EVM trend [sym1..mid..end]: -28.6 -27.7 -26.0 -28.7 -27.3 -26.3 -29.6 -29.7 -27.9 dB
  EVM per-sym: -28.12 dB | EVM per-sc: -29.29 dB
 Databitrate of packet 1: 91.03(Mbps)
  A-MPDU deaggregation successful 
SNRest=33.47dB

  DataBitrate (Mbps): 91.03
ack
new MCS = 9
Iter 28 | fb=ack | next: MCS=9 AMPDU=3 BWdec=2
  Gains: TX=20 dB, RX=25 dB | RX diag: RMS=1.511e-01, Peak=4.236e-01
  Estimated CFO:  10.3 Hz
 RXTIME of packet 1: 260us
  ChanEst mean|h|: 1.033 | HE-LTF rms: 1.042
  EVM trend [sym1..mid..end]: -35.2 -38.4 -39.7 -36.4 -39.8 -40.4 -38.1 -35.5 -39.2 dB
  EVM per-sym: -37.96 dB | EVM per-sc: -38.48 dB
 Databitrate of packet 1: 72.92(Mbps)
  A-MPDU deaggregation successful 
SNRest=42.97dB

  DataBitrate (Mbps): 72.92
ack
new MCS = 11
Iter 29 | fb=ack | next: MCS=11 AMPDU=3 BWdec=2
  Gains: TX=20 dB, RX=25 dB | RX diag: RMS=1.512e-01, Peak=4.612e-01
  Estimated CFO: -76691.1 Hz
  ** CFO outlier rejected: -76691.1 Hz **
  Estimated CFO: 129.1 Hz
 RXTIME of packet 2: 212us
  ChanEst mean|h|: 1.034 | HE-LTF rms: 1.043
  EVM trend [sym1..mid..end]: -34.6 -35.0 -36.3 -34.0 -32.2 -34.2 -31.1 -33.9 -37.6 dB
  EVM per-sym: -33.77 dB | EVM per-sc: -35.32 dB
 Databitrate of packet 2: 91.03(Mbps)
  A-MPDU deaggregation successful 
SNRest=41.57dB

  DataBitrate (Mbps): 45.51
  [Diag] Degraded success: usedPacket=2 skipped=1 cfoSkip=1 -> controller update down-weighted.
new MCS = 11
arq
Iter 30 | fb=arq | next: MCS=11 AMPDU=3 BWdec=2
---- Progress 30/100 | current MCS=11 AMPDU=3 BWdec=2 ----
  Gains: TX=20 dB, RX=25 dB | RX diag: RMS=1.513e-01, Peak=4.622e-01
  Estimated CFO: 195.2 Hz
 RXTIME of packet 1: 212us
  ChanEst mean|h|: 1.155 | HE-LTF rms: 1.163
  EVM trend [sym1..mid..end]: -32.1 -29.7 -34.2 -28.2 -27.0 -34.5 -31.6 -31.4 -30.0 dB
  EVM per-sym: -30.66 dB | EVM per-sc: -32.25 dB
 Databitrate of packet 1: 91.03(Mbps)
  A-MPDU deaggregation successful 
SNRest=35.32dB

  DataBitrate (Mbps): 91.03
ack
new MCS = 10
Iter 31 | fb=ack | next: MCS=10 AMPDU=3 BWdec=2
  Gains: TX=20 dB, RX=25 dB | RX diag: RMS=1.418e-01, Peak=4.226e-01
  Estimated CFO: -358.1 Hz
 RXTIME of packet 1: 228us
  ChanEst mean|h|: 1.039 | HE-LTF rms: 1.046
  EVM trend [sym1..mid..end]: -30.5 -29.7 -29.8 -31.1 -27.6 -31.7 -27.8 -29.6 -29.7 dB
  EVM per-sym: -29.65 dB | EVM per-sc: -30.22 dB
 Databitrate of packet 1: 83.86(Mbps)
  A-MPDU deaggregation successful 
SNRest=33.84dB

  DataBitrate (Mbps): 83.86
ack
new MCS = 9
Iter 32 | fb=ack | next: MCS=9 AMPDU=3 BWdec=2
  Gains: TX=20 dB, RX=25 dB | RX diag: RMS=1.316e-01, Peak=4.500e-01
  Estimated CFO: -57.0 Hz
 RXTIME of packet 1: 260us
  ChanEst mean|h|: 1.038 | HE-LTF rms: 1.047
  EVM trend [sym1..mid..end]: -37.1 -36.8 -33.3 -39.0 -39.8 -36.0 -37.6 -37.3 -37.0 dB
  EVM per-sym: -37.18 dB | EVM per-sc: -37.80 dB
 Databitrate of packet 1: 72.92(Mbps)
  A-MPDU deaggregation successful 
SNRest=42.10dB

  DataBitrate (Mbps): 72.92
ack
new MCS = 11
Iter 33 | fb=ack | next: MCS=11 AMPDU=3 BWdec=2
  Gains: TX=20 dB, RX=25 dB | RX diag: RMS=1.444e-01, Peak=4.605e-01
  Estimated CFO: -96.4 Hz
 RXTIME of packet 1: 212us
  ChanEst mean|h|: 1.039 | HE-LTF rms: 1.048
  EVM trend [sym1..mid..end]: -36.6 -34.9 -37.3 -38.3 -36.0 -33.3 -37.5 -34.5 -35.9 dB
  EVM per-sym: -36.09 dB | EVM per-sc: -37.17 dB
 Databitrate of packet 1: 91.03(Mbps)
  A-MPDU deaggregation successful 
SNRest=40.78dB

  DataBitrate (Mbps): 91.03
ack
new MCS = 11
Iter 34 | fb=ack | next: MCS=11 AMPDU=3 BWdec=2
  Gains: TX=20 dB, RX=25 dB | RX diag: RMS=1.444e-01, Peak=4.605e-01
  Estimated CFO: -685.3 Hz
 RXTIME of packet 1: 212us
  ChanEst mean|h|: 1.038 | HE-LTF rms: 1.045
  EVM trend [sym1..mid..end]: -25.3 -24.7 -25.4 -25.0 -25.1 -24.8 -24.5 -25.2 -26.4 dB
  EVM per-sym: -25.21 dB | EVM per-sc: -26.10 dB
 Databitrate of packet 1: 91.03(Mbps)
  A-MPDU deaggregation unsuccessful 
  [Diag] Decode/FCS failure stage=ampdu_deaggregate, rxRMS=1.444e-01, rxPeak=4.605e-01
new MCS = 6
arq
Iter 35 | fb=arq | next: MCS=9 AMPDU=2 BWdec=2
  Gains: TX=20 dB, RX=25 dB | RX diag: RMS=1.224e-01, Peak=4.459e-01
** No packet detected **
  [Diag] Recovery failed stage=pkt_detect, SNRest=0, rxRMS=1.224e-01, rxPeak=4.459e-01
new MCS = 9
arq
Iter 36 | fb=arq | next: MCS=9 AMPDU=2 BWdec=2
  Gains: TX=20 dB, RX=25 dB | RX diag: RMS=1.224e-01, Peak=4.455e-01
  Estimated CFO: 479.1 Hz
 RXTIME of packet 1: 260us
  ChanEst mean|h|: 1.033 | HE-LTF rms: 1.044
  EVM trend [sym1..mid..end]: -26.0 -24.7 -26.0 -25.7 -27.9 -28.1 -27.1 -28.0 -25.0 dB
  EVM per-sym: -26.48 dB | EVM per-sc: -27.07 dB
 Databitrate of packet 1: 72.92(Mbps)
  A-MPDU deaggregation successful 
SNRest=29.91dB

  DataBitrate (Mbps): 72.92
ack
new MCS = 7
Iter 37 | fb=ack | next: MCS=7 AMPDU=3 BWdec=2
  Gains: TX=20 dB, RX=25 dB | RX diag: RMS=1.331e-01, Peak=4.314e-01
  Estimated CFO: 199.3 Hz
 RXTIME of packet 1: 324us
  ChanEst mean|h|: 1.038 | HE-LTF rms: 1.046
  EVM trend [sym1..mid..end]: -33.7 -32.9 -31.0 -35.4 -32.5 -33.1 -35.6 -33.5 -31.6 dB
  EVM per-sym: -33.95 dB | EVM per-sc: -34.17 dB
 Databitrate of packet 1: 59.21(Mbps)
  A-MPDU deaggregation successful 
SNRest=38.10dB

  DataBitrate (Mbps): 59.21
ack
new MCS = 11
Iter 38 | fb=ack | next: MCS=9 AMPDU=3 BWdec=2
  Gains: TX=20 dB, RX=25 dB | RX diag: RMS=1.531e-01, Peak=4.585e-01
  Estimated CFO: -42.6 Hz
 RXTIME of packet 1: 260us
  ChanEst mean|h|: 1.040 | HE-LTF rms: 1.047
  EVM trend [sym1..mid..end]: -36.4 -39.4 -37.2 -36.8 -35.3 -39.7 -38.4 -40.8 -38.9 dB
  EVM per-sym: -38.13 dB | EVM per-sc: -38.63 dB
 Databitrate of packet 1: 72.92(Mbps)
  A-MPDU deaggregation successful 
SNRest=43.32dB

  DataBitrate (Mbps): 72.92
ack
new MCS = 11
Iter 39 | fb=ack | next: MCS=11 AMPDU=3 BWdec=2
  Gains: TX=20 dB, RX=25 dB | RX diag: RMS=1.581e-01, Peak=4.495e-01
  Estimated CFO: 127.0 Hz
 RXTIME of packet 1: 212us
  ChanEst mean|h|: 1.033 | HE-LTF rms: 1.042
  EVM trend [sym1..mid..end]: -35.6 -36.4 -35.1 -33.3 -35.0 -36.6 -36.1 -35.1 -36.0 dB
  EVM per-sym: -35.03 dB | EVM per-sc: -35.60 dB
 Databitrate of packet 1: 91.03(Mbps)
  A-MPDU deaggregation successful 
SNRest=38.66dB

  DataBitrate (Mbps): 91.03
ack
new MCS = 11
Iter 40 | fb=ack | next: MCS=11 AMPDU=3 BWdec=2
---- Progress 40/100 | current MCS=11 AMPDU=3 BWdec=2 ----
  Gains: TX=20 dB, RX=25 dB | RX diag: RMS=1.581e-01, Peak=4.494e-01
  Estimated CFO: -329.7 Hz
 RXTIME of packet 1: 212us
  ChanEst mean|h|: 1.039 | HE-LTF rms: 1.047
  EVM trend [sym1..mid..end]: -26.9 -31.1 -28.9 -26.5 -28.6 -30.3 -32.3 -30.3 -29.2 dB
  EVM per-sym: -29.17 dB | EVM per-sc: -29.96 dB
 Databitrate of packet 1: 91.03(Mbps)
  A-MPDU deaggregation successful 
SNRest=33.68dB

  DataBitrate (Mbps): 91.03
ack
new MCS = 9
Iter 41 | fb=ack | next: MCS=9 AMPDU=3 BWdec=2
  Gains: TX=20 dB, RX=25 dB | RX diag: RMS=1.538e-01, Peak=4.343e-01
  Estimated CFO: -251.2 Hz
 RXTIME of packet 1: 260us
  ChanEst mean|h|: 1.034 | HE-LTF rms: 1.043
  EVM trend [sym1..mid..end]: -31.0 -31.1 -31.5 -30.3 -31.8 -32.0 -31.5 -31.3 -29.0 dB
  EVM per-sym: -30.93 dB | EVM per-sc: -31.52 dB
 Databitrate of packet 1: 72.92(Mbps)
  A-MPDU deaggregation successful 
SNRest=33.79dB

  DataBitrate (Mbps): 72.92
ack
new MCS = 9
Iter 42 | fb=ack | next: MCS=9 AMPDU=3 BWdec=2
  Gains: TX=20 dB, RX=25 dB | RX diag: RMS=1.538e-01, Peak=4.353e-01
  Estimated CFO: -274.7 Hz
 RXTIME of packet 1: 260us
  ChanEst mean|h|: 1.034 | HE-LTF rms: 1.042
  EVM trend [sym1..mid..end]: -29.1 -29.7 -31.4 -30.3 -30.9 -33.1 -31.0 -31.1 -30.2 dB
  EVM per-sym: -30.93 dB | EVM per-sc: -31.59 dB
 Databitrate of packet 1: 72.92(Mbps)
  A-MPDU deaggregation successful 
SNRest=35.29dB

  DataBitrate (Mbps): 72.92
ack
new MCS = 10
Iter 43 | fb=ack | next: MCS=10 AMPDU=3 BWdec=2
  Gains: TX=20 dB, RX=25 dB | RX diag: RMS=1.343e-01, Peak=4.246e-01
  Estimated CFO:  54.2 Hz
 RXTIME of packet 1: 228us
  ChanEst mean|h|: 1.035 | HE-LTF rms: 1.043
  EVM trend [sym1..mid..end]: -36.1 -36.3 -35.5 -36.1 -40.1 -39.5 -38.9 -33.8 -39.1 dB
  EVM per-sym: -37.16 dB | EVM per-sc: -37.98 dB
 Databitrate of packet 1: 83.86(Mbps)
  A-MPDU deaggregation successful 
SNRest=42.42dB

  DataBitrate (Mbps): 83.86
ack
new MCS = 11
Iter 44 | fb=ack | next: MCS=11 AMPDU=3 BWdec=2
  Gains: TX=20 dB, RX=25 dB | RX diag: RMS=1.472e-01, Peak=4.278e-01
  Estimated CFO:  -9.1 Hz
 RXTIME of packet 1: 212us
  ChanEst mean|h|: 1.039 | HE-LTF rms: 1.046
  EVM trend [sym1..mid..end]: -38.2 -41.9 -37.6 -39.2 -34.2 -39.0 -34.4 -37.8 -41.1 dB
  EVM per-sym: -37.75 dB | EVM per-sc: -39.30 dB
 Databitrate of packet 1: 91.03(Mbps)
  A-MPDU deaggregation successful 
SNRest=43.03dB

  DataBitrate (Mbps): 91.03
ack
new MCS = 11
Iter 45 | fb=ack | next: MCS=11 AMPDU=3 BWdec=2
  Gains: TX=20 dB, RX=25 dB | RX diag: RMS=1.472e-01, Peak=4.268e-01
  Estimated CFO: 257.4 Hz
 RXTIME of packet 1: 212us
  ChanEst mean|h|: 1.036 | HE-LTF rms: 1.044
  EVM trend [sym1..mid..end]: -31.1 -33.9 -26.4 -33.4 -29.7 -31.1 -28.5 -28.2 -32.4 dB
  EVM per-sym: -30.23 dB | EVM per-sc: -31.42 dB
 Databitrate of packet 1: 91.03(Mbps)
  A-MPDU deaggregation successful 
SNRest=34.68dB

  DataBitrate (Mbps): 91.03
ack
new MCS = 10
Iter 46 | fb=ack | next: MCS=10 AMPDU=3 BWdec=2
  Gains: TX=20 dB, RX=25 dB | RX diag: RMS=1.404e-01, Peak=5.062e-01
  Estimated CFO:  50.2 Hz
 RXTIME of packet 1: 228us
  ChanEst mean|h|: 1.039 | HE-LTF rms: 1.046
  EVM trend [sym1..mid..end]: -40.7 -41.4 -40.3 -35.6 -36.4 -37.6 -39.7 -41.1 -39.3 dB
  EVM per-sym: -39.02 dB | EVM per-sc: -39.62 dB
 Databitrate of packet 1: 83.86(Mbps)
  A-MPDU deaggregation successful 
SNRest=43.82dB

  DataBitrate (Mbps): 83.86
ack
new MCS = 11
Iter 47 | fb=ack | next: MCS=11 AMPDU=3 BWdec=2
  Gains: TX=20 dB, RX=25 dB | RX diag: RMS=1.533e-01, Peak=4.748e-01
  Estimated CFO: -72.2 Hz
 RXTIME of packet 1: 212us
  ChanEst mean|h|: 1.036 | HE-LTF rms: 1.043
  EVM trend [sym1..mid..end]: -34.2 -37.7 -33.8 -35.2 -37.6 -37.1 -37.1 -34.8 -35.8 dB
  EVM per-sym: -35.48 dB | EVM per-sc: -36.40 dB
 Databitrate of packet 1: 91.03(Mbps)
  A-MPDU deaggregation successful 
SNRest=40.26dB

  DataBitrate (Mbps): 91.03
ack
new MCS = 11
Iter 48 | fb=ack | next: MCS=11 AMPDU=3 BWdec=2
  Gains: TX=20 dB, RX=25 dB | RX diag: RMS=1.533e-01, Peak=4.756e-01
  Estimated CFO: -406.3 Hz
 RXTIME of packet 1: 212us
  ChanEst mean|h|: 1.039 | HE-LTF rms: 1.047
  EVM trend [sym1..mid..end]: -24.5 -28.4 -27.1 -26.4 -29.8 -24.4 -27.1 -27.2 -27.6 dB
  EVM per-sym: -26.72 dB | EVM per-sc: -27.91 dB
 Databitrate of packet 1: 91.03(Mbps)
  A-MPDU deaggregation successful 
SNRest=31.20dB

  DataBitrate (Mbps): 91.03
ack
new MCS = 8
Iter 49 | fb=ack | next: MCS=9 AMPDU=3 BWdec=2
  Gains: TX=20 dB, RX=25 dB | RX diag: RMS=1.547e-01, Peak=5.021e-01
  Estimated CFO:  73.1 Hz
 RXTIME of packet 1: 260us
  ChanEst mean|h|: 1.039 | HE-LTF rms: 1.047
  EVM trend [sym1..mid..end]: -37.8 -36.5 -38.3 -39.5 -36.9 -35.8 -40.0 -37.6 -37.9 dB
  EVM per-sym: -38.24 dB | EVM per-sc: -38.84 dB
 Databitrate of packet 1: 72.92(Mbps)
  A-MPDU deaggregation successful 
SNRest=42.99dB

  DataBitrate (Mbps): 72.92
ack
new MCS = 11
Iter 50 | fb=ack | next: MCS=11 AMPDU=3 BWdec=2
---- Progress 50/100 | current MCS=11 AMPDU=3 BWdec=2 ----
  Gains: TX=20 dB, RX=25 dB | RX diag: RMS=1.429e-01, Peak=4.624e-01
  Estimated CFO: 141.9 Hz
 RXTIME of packet 1: 212us
  ChanEst mean|h|: 1.039 | HE-LTF rms: 1.046
  EVM trend [sym1..mid..end]: -33.3 -34.8 -28.6 -38.3 -35.4 -34.1 -33.4 -36.5 -37.0 dB
  EVM per-sym: -33.91 dB | EVM per-sc: -34.84 dB
 Databitrate of packet 1: 91.03(Mbps)
  A-MPDU deaggregation successful 
SNRest=36.60dB

  DataBitrate (Mbps): 91.03
ack
new MCS = 11
Iter 51 | fb=ack | next: MCS=11 AMPDU=3 BWdec=2
  Gains: TX=20 dB, RX=25 dB | RX diag: RMS=1.429e-01, Peak=4.637e-01
  Estimated CFO: 162.5 Hz
 RXTIME of packet 1: 212us
  ChanEst mean|h|: 1.033 | HE-LTF rms: 1.042
  EVM trend [sym1..mid..end]: -37.1 -33.7 -31.2 -31.0 -36.9 -32.0 -34.8 -34.3 -36.6 dB
  EVM per-sym: -33.98 dB | EVM per-sc: -34.88 dB
 Databitrate of packet 1: 91.03(Mbps)
  A-MPDU deaggregation successful 
SNRest=36.41dB

  DataBitrate (Mbps): 91.03
ack
new MCS = 11
Iter 52 | fb=ack | next: MCS=11 AMPDU=3 BWdec=2
  Gains: TX=20 dB, RX=25 dB | RX diag: RMS=1.429e-01, Peak=4.629e-01
  Estimated CFO: 151.4 Hz
 RXTIME of packet 1: 212us
  ChanEst mean|h|: 1.034 | HE-LTF rms: 1.043
  EVM trend [sym1..mid..end]: -34.3 -28.8 -29.3 -31.4 -35.2 -36.6 -32.8 -35.0 -35.1 dB
  EVM per-sym: -32.87 dB | EVM per-sc: -33.97 dB
 Databitrate of packet 1: 91.03(Mbps)
  A-MPDU deaggregation successful 
SNRest=36.45dB

  DataBitrate (Mbps): 91.03
ack
new MCS = 11
Iter 53 | fb=ack | next: MCS=11 AMPDU=3 BWdec=2
  Gains: TX=20 dB, RX=25 dB | RX diag: RMS=1.428e-01, Peak=4.628e-01
  Estimated CFO: -70361.5 Hz
  ** CFO outlier rejected: -70361.5 Hz **
  Estimated CFO: -176.9 Hz
 RXTIME of packet 2: 212us
  ChanEst mean|h|: 1.037 | HE-LTF rms: 1.044
  EVM trend [sym1..mid..end]: -31.6 -30.7 -28.6 -33.4 -34.4 -35.3 -33.5 -34.5 -35.6 dB
  EVM per-sym: -32.95 dB | EVM per-sc: -33.86 dB
 Databitrate of packet 2: 91.03(Mbps)
  A-MPDU deaggregation successful 
SNRest=36.16dB

  DataBitrate (Mbps): 45.51
  [Diag] Degraded success: usedPacket=2 skipped=1 cfoSkip=1 -> controller update down-weighted.
new MCS = 11
arq
Iter 54 | fb=arq | next: MCS=11 AMPDU=3 BWdec=2
  Gains: TX=20 dB, RX=25 dB | RX diag: RMS=1.429e-01, Peak=4.616e-01
  Estimated CFO:  85.2 Hz
 RXTIME of packet 1: 212us
  ChanEst mean|h|: 1.035 | HE-LTF rms: 1.043
  EVM trend [sym1..mid..end]: -38.9 -37.7 -33.7 -37.9 -38.8 -37.8 -37.3 -37.2 -39.5 dB
  EVM per-sym: -37.44 dB | EVM per-sc: -38.16 dB
 Databitrate of packet 1: 91.03(Mbps)
  A-MPDU deaggregation successful 
SNRest=40.97dB

  DataBitrate (Mbps): 91.03
ack
new MCS = 11
Iter 55 | fb=ack | next: MCS=11 AMPDU=3 BWdec=2
  Gains: TX=20 dB, RX=25 dB | RX diag: RMS=1.429e-01, Peak=4.624e-01
  Estimated CFO:   1.9 Hz
 RXTIME of packet 1: 212us
  ChanEst mean|h|: 1.037 | HE-LTF rms: 1.044
  EVM trend [sym1..mid..end]: -38.5 -38.2 -34.2 -38.5 -40.0 -36.8 -37.7 -37.5 -38.7 dB
  EVM per-sym: -37.59 dB | EVM per-sc: -38.28 dB
 Databitrate of packet 1: 91.03(Mbps)
  A-MPDU deaggregation successful 
SNRest=41.16dB

  DataBitrate (Mbps): 91.03
ack
new MCS = 11
Iter 56 | fb=ack | next: MCS=11 AMPDU=3 BWdec=2
  Gains: TX=20 dB, RX=25 dB | RX diag: RMS=1.429e-01, Peak=4.621e-01
  Estimated CFO: 270.7 Hz
 RXTIME of packet 1: 212us
  ChanEst mean|h|: 1.034 | HE-LTF rms: 1.042
  EVM trend [sym1..mid..end]: -30.2 -28.5 -27.2 -31.5 -31.1 -32.5 -30.7 -29.5 -33.1 dB
  EVM per-sym: -30.30 dB | EVM per-sc: -31.24 dB
 Databitrate of packet 1: 91.03(Mbps)
  A-MPDU deaggregation successful 
SNRest=35.38dB

  DataBitrate (Mbps): 91.03
ack
new MCS = 10
Iter 57 | fb=ack | next: MCS=10 AMPDU=3 BWdec=2
  Gains: TX=20 dB, RX=25 dB | RX diag: RMS=1.559e-01, Peak=4.614e-01
  Estimated CFO: -81.9 Hz
 RXTIME of packet 1: 228us
  ChanEst mean|h|: 1.039 | HE-LTF rms: 1.047
  EVM trend [sym1..mid..end]: -36.5 -35.7 -37.2 -38.7 -35.8 -37.2 -38.4 -37.2 -37.6 dB
  EVM per-sym: -37.16 dB | EVM per-sc: -38.06 dB
 Databitrate of packet 1: 83.86(Mbps)
  A-MPDU deaggregation successful 
SNRest=42.12dB

  DataBitrate (Mbps): 83.86
ack
new MCS = 11
Iter 58 | fb=ack | next: MCS=11 AMPDU=3 BWdec=2
  Gains: TX=20 dB, RX=25 dB | RX diag: RMS=1.500e-01, Peak=4.582e-01
  Estimated CFO: 377.1 Hz
 RXTIME of packet 1: 212us
  ChanEst mean|h|: 1.034 | HE-LTF rms: 1.043
  EVM trend [sym1..mid..end]: -28.2 -29.5 -26.5 -23.4 -29.0 -30.0 -29.5 -29.0 -27.3 dB
  EVM per-sym: -27.87 dB | EVM per-sc: -29.02 dB
 Databitrate of packet 1: 91.03(Mbps)
  A-MPDU deaggregation successful 
SNRest=31.37dB

  DataBitrate (Mbps): 91.03
ack
new MCS = 8
Iter 59 | fb=ack | next: MCS=9 AMPDU=3 BWdec=2
  Gains: TX=20 dB, RX=25 dB | RX diag: RMS=1.386e-01, Peak=4.747e-01
  Estimated CFO:  98.5 Hz
 RXTIME of packet 1: 260us
  ChanEst mean|h|: 1.034 | HE-LTF rms: 1.044
  EVM trend [sym1..mid..end]: -36.5 -38.4 -33.6 -39.4 -34.0 -35.8 -36.9 -34.6 -35.5 dB
  EVM per-sym: -36.20 dB | EVM per-sc: -36.70 dB
 Databitrate of packet 1: 72.92(Mbps)
  A-MPDU deaggregation successful 
SNRest=38.83dB

  DataBitrate (Mbps): 72.92
ack
new MCS = 11
Iter 60 | fb=ack | next: MCS=11 AMPDU=3 BWdec=2
---- Progress 60/100 | current MCS=11 AMPDU=3 BWdec=2 ----
  Gains: TX=20 dB, RX=25 dB | RX diag: RMS=1.572e-01, Peak=4.387e-01
  Estimated CFO: -86.4 Hz
 RXTIME of packet 1: 212us
  ChanEst mean|h|: 1.034 | HE-LTF rms: 1.043
  EVM trend [sym1..mid..end]: -35.0 -37.3 -35.4 -32.0 -36.5 -37.7 -39.0 -38.9 -36.5 dB
  EVM per-sym: -36.57 dB | EVM per-sc: -37.36 dB
 Databitrate of packet 1: 91.03(Mbps)
  A-MPDU deaggregation successful 
SNRest=41.08dB

  DataBitrate (Mbps): 91.03
ack
new MCS = 11
Iter 61 | fb=ack | next: MCS=11 AMPDU=3 BWdec=2
  Gains: TX=20 dB, RX=25 dB | RX diag: RMS=1.572e-01, Peak=4.389e-01
  Estimated CFO: 285.4 Hz
 RXTIME of packet 1: 212us
  ChanEst mean|h|: 1.039 | HE-LTF rms: 1.046
  EVM trend [sym1..mid..end]: -29.7 -31.4 -29.7 -26.9 -30.0 -30.9 -29.0 -30.9 -30.7 dB
  EVM per-sym: -29.81 dB | EVM per-sc: -30.52 dB
 Databitrate of packet 1: 91.03(Mbps)
  A-MPDU deaggregation successful 
SNRest=33.52dB

  DataBitrate (Mbps): 91.03
ack
new MCS = 9
Iter 62 | fb=ack | next: MCS=9 AMPDU=3 BWdec=2
  Gains: TX=20 dB, RX=25 dB | RX diag: RMS=1.474e-01, Peak=4.290e-01
** No packet detected **
  [Diag] Recovery failed stage=pkt_detect, SNRest=0, rxRMS=1.474e-01, rxPeak=4.290e-01
new MCS = 9
arq
Iter 63 | fb=arq | next: MCS=9 AMPDU=3 BWdec=2
  Gains: TX=20 dB, RX=25 dB | RX diag: RMS=1.474e-01, Peak=4.291e-01
  Estimated CFO: 280.4 Hz
 RXTIME of packet 1: 260us
  ChanEst mean|h|: 1.034 | HE-LTF rms: 1.042
  EVM trend [sym1..mid..end]: -31.7 -31.7 -32.5 -31.9 -28.9 -30.8 -31.1 -31.1 -31.2 dB
  EVM per-sym: -31.24 dB | EVM per-sc: -31.84 dB
 Databitrate of packet 1: 72.92(Mbps)
  A-MPDU deaggregation successful 
SNRest=35.48dB

  DataBitrate (Mbps): 72.92
ack
new MCS = 10
Iter 64 | fb=ack | next: MCS=10 AMPDU=3 BWdec=2
  Gains: TX=20 dB, RX=25 dB | RX diag: RMS=1.530e-01, Peak=4.736e-01
  Estimated CFO: 122.9 Hz
 RXTIME of packet 1: 228us
  ChanEst mean|h|: 1.037 | HE-LTF rms: 1.045
  EVM trend [sym1..mid..end]: -32.2 -39.7 -35.0 -35.3 -38.8 -37.1 -40.3 -32.8 -34.6 dB
  EVM per-sym: -35.72 dB | EVM per-sc: -36.77 dB
 Databitrate of packet 1: 83.86(Mbps)
  A-MPDU deaggregation successful 
SNRest=41.57dB

  DataBitrate (Mbps): 83.86
ack
new MCS = 11
Iter 65 | fb=ack | next: MCS=11 AMPDU=3 BWdec=2
  Gains: TX=20 dB, RX=25 dB | RX diag: RMS=1.488e-01, Peak=4.765e-01
  Estimated CFO: -167.6 Hz
 RXTIME of packet 1: 212us
  ChanEst mean|h|: 1.040 | HE-LTF rms: 1.047
  EVM trend [sym1..mid..end]: -33.9 -31.6 -31.7 -31.0 -33.4 -35.7 -34.0 -30.4 -35.2 dB
  EVM per-sym: -33.10 dB | EVM per-sc: -33.99 dB
 Databitrate of packet 1: 91.03(Mbps)
  A-MPDU deaggregation successful 
SNRest=37.49dB

  DataBitrate (Mbps): 91.03
ack
new MCS = 11
Iter 66 | fb=ack | next: MCS=11 AMPDU=3 BWdec=2
  Gains: TX=20 dB, RX=25 dB | RX diag: RMS=1.488e-01, Peak=4.752e-01
  Estimated CFO: 132.6 Hz
 RXTIME of packet 1: 212us
  ChanEst mean|h|: 1.037 | HE-LTF rms: 1.044
  EVM trend [sym1..mid..end]: -31.5 -34.3 -34.8 -33.6 -34.4 -36.9 -35.1 -36.7 -34.2 dB
  EVM per-sym: -34.46 dB | EVM per-sc: -35.24 dB
 Databitrate of packet 1: 91.03(Mbps)
  A-MPDU deaggregation successful 
SNRest=40.05dB

  DataBitrate (Mbps): 91.03
ack
new MCS = 11
Iter 67 | fb=ack | next: MCS=11 AMPDU=3 BWdec=2
  Gains: TX=20 dB, RX=25 dB | RX diag: RMS=1.488e-01, Peak=4.760e-01
  Estimated CFO: -155.1 Hz
 RXTIME of packet 1: 212us
  ChanEst mean|h|: 1.035 | HE-LTF rms: 1.043
  EVM trend [sym1..mid..end]: -29.5 -33.0 -32.7 -33.2 -34.5 -31.9 -31.7 -33.5 -32.8 dB
  EVM per-sym: -32.45 dB | EVM per-sc: -33.30 dB
 Databitrate of packet 1: 91.03(Mbps)
  A-MPDU deaggregation successful 
SNRest=34.80dB

  DataBitrate (Mbps): 91.03
ack
new MCS = 10
Iter 68 | fb=ack | next: MCS=10 AMPDU=3 BWdec=2
  Gains: TX=20 dB, RX=25 dB | RX diag: RMS=1.571e-01, Peak=4.529e-01
  Estimated CFO: -272.3 Hz
 RXTIME of packet 1: 228us
  ChanEst mean|h|: 1.038 | HE-LTF rms: 1.045
  EVM trend [sym1..mid..end]: -30.3 -29.5 -30.2 -30.4 -28.3 -29.7 -27.3 -29.8 -32.4 dB
  EVM per-sym: -29.81 dB | EVM per-sc: -30.57 dB
 Databitrate of packet 1: 83.86(Mbps)
  A-MPDU deaggregation successful 
SNRest=34.20dB

  DataBitrate (Mbps): 83.86
ack
new MCS = 10
Iter 69 | fb=ack | next: MCS=10 AMPDU=3 BWdec=2
  Gains: TX=20 dB, RX=25 dB | RX diag: RMS=1.570e-01, Peak=4.534e-01
  Estimated CFO: -208.8 Hz
 RXTIME of packet 1: 228us
  ChanEst mean|h|: 1.036 | HE-LTF rms: 1.044
  EVM trend [sym1..mid..end]: -33.6 -34.1 -34.3 -33.4 -34.9 -34.2 -29.7 -30.2 -33.7 dB
  EVM per-sym: -32.95 dB | EVM per-sc: -33.67 dB
 Databitrate of packet 1: 83.86(Mbps)
  A-MPDU deaggregation successful 
SNRest=37.19dB

  DataBitrate (Mbps): 83.86
ack
new MCS = 11
Iter 70 | fb=ack | next: MCS=11 AMPDU=3 BWdec=2
---- Progress 70/100 | current MCS=11 AMPDU=3 BWdec=2 ----
  Gains: TX=20 dB, RX=25 dB | RX diag: RMS=1.580e-01, Peak=4.882e-01
  Estimated CFO:  25.7 Hz
 RXTIME of packet 1: 212us
  ChanEst mean|h|: 1.038 | HE-LTF rms: 1.045
  EVM trend [sym1..mid..end]: -41.0 -38.3 -37.8 -38.2 -36.8 -39.2 -39.3 -38.9 -41.0 dB
  EVM per-sym: -38.65 dB | EVM per-sc: -39.81 dB
 Databitrate of packet 1: 91.03(Mbps)
  A-MPDU deaggregation successful 
SNRest=44.19dB

  DataBitrate (Mbps): 91.03
ack
new MCS = 11
Iter 71 | fb=ack | next: MCS=11 AMPDU=3 BWdec=2
  Gains: TX=20 dB, RX=25 dB | RX diag: RMS=1.580e-01, Peak=4.883e-01
  Estimated CFO: 444.4 Hz
 RXTIME of packet 1: 212us
  ChanEst mean|h|: 1.039 | HE-LTF rms: 1.046
  EVM trend [sym1..mid..end]: -29.2 -27.3 -24.5 -27.3 -23.7 -27.1 -26.7 -26.1 -27.3 dB
  EVM per-sym: -26.55 dB | EVM per-sc: -27.59 dB
 Databitrate of packet 1: 91.03(Mbps)
  A-MPDU deaggregation successful 
SNRest=30.62dB

  DataBitrate (Mbps): 91.03
ack
new MCS = 8
Iter 72 | fb=ack | next: MCS=9 AMPDU=3 BWdec=2
  Gains: TX=20 dB, RX=25 dB | RX diag: RMS=1.288e-01, Peak=4.246e-01
  Estimated CFO: -892.6 Hz
 RXTIME of packet 1: 260us
  ChanEst mean|h|: 1.039 | HE-LTF rms: 1.046
  EVM trend [sym1..mid..end]: -21.6 -21.9 -21.6 -22.1 -21.1 -21.3 -21.8 -21.6 -20.2 dB
  EVM per-sym: -21.46 dB | EVM per-sc: -22.05 dB
 Databitrate of packet 1: 72.92(Mbps)
  A-MPDU deaggregation successful 
SNRest=25.32dB

  DataBitrate (Mbps): 72.92
ack
new MCS = 6
Iter 73 | fb=ack | next: MCS=7 AMPDU=3 BWdec=2
  Gains: TX=20 dB, RX=25 dB | RX diag: RMS=1.312e-01, Peak=4.261e-01
  Estimated CFO: -48.4 Hz
 RXTIME of packet 1: 324us
  ChanEst mean|h|: 1.039 | HE-LTF rms: 1.047
  EVM trend [sym1..mid..end]: -35.6 -36.6 -39.1 -38.8 -37.1 -39.9 -37.4 -37.6 -38.4 dB
  EVM per-sym: -37.84 dB | EVM per-sc: -38.04 dB
 Databitrate of packet 1: 59.21(Mbps)
  A-MPDU deaggregation successful 
SNRest=41.31dB

  DataBitrate (Mbps): 59.21
ack
new MCS = 11
Iter 74 | fb=ack | next: MCS=9 AMPDU=3 BWdec=2
  Gains: TX=20 dB, RX=25 dB | RX diag: RMS=1.508e-01, Peak=4.289e-01
  Estimated CFO:  17.5 Hz
 RXTIME of packet 1: 260us
  ChanEst mean|h|: 1.034 | HE-LTF rms: 1.043
  EVM trend [sym1..mid..end]: -41.0 -34.8 -41.4 -40.7 -39.9 -40.4 -37.4 -39.5 -37.9 dB
  EVM per-sym: -38.84 dB | EVM per-sc: -39.29 dB
 Databitrate of packet 1: 72.92(Mbps)
  A-MPDU deaggregation successful 
SNRest=43.31dB

  DataBitrate (Mbps): 72.92
ack
new MCS = 11
Iter 75 | fb=ack | next: MCS=11 AMPDU=3 BWdec=2
  Gains: TX=20 dB, RX=25 dB | RX diag: RMS=1.312e-01, Peak=4.239e-01
  Estimated CFO: -219.2 Hz
 RXTIME of packet 1: 212us
  ChanEst mean|h|: 1.039 | HE-LTF rms: 1.048
  EVM trend [sym1..mid..end]: -32.4 -32.2 -33.3 -34.3 -32.3 -27.3 -30.4 -32.0 -28.9 dB
  EVM per-sym: -31.44 dB | EVM per-sc: -32.89 dB
 Databitrate of packet 1: 91.03(Mbps)
  A-MPDU deaggregation successful 
SNRest=36.68dB

  DataBitrate (Mbps): 91.03
ack
new MCS = 11
Iter 76 | fb=ack | next: MCS=11 AMPDU=3 BWdec=2
  Gains: TX=20 dB, RX=25 dB | RX diag: RMS=1.312e-01, Peak=4.238e-01
  Estimated CFO: -120.5 Hz
 RXTIME of packet 1: 212us
  ChanEst mean|h|: 1.039 | HE-LTF rms: 1.046
  EVM trend [sym1..mid..end]: -36.7 -35.1 -35.0 -37.7 -38.9 -33.2 -36.0 -32.9 -31.4 dB
  EVM per-sym: -35.21 dB | EVM per-sc: -36.76 dB
 Databitrate of packet 1: 91.03(Mbps)
  A-MPDU deaggregation successful 
SNRest=41.99dB

  DataBitrate (Mbps): 91.03
ack
new MCS = 11
Iter 77 | fb=ack | next: MCS=11 AMPDU=3 BWdec=2
  Gains: TX=20 dB, RX=25 dB | RX diag: RMS=1.312e-01, Peak=4.238e-01
  Estimated CFO: 90299.4 Hz
  ** CFO outlier rejected: 90299.4 Hz **
  Estimated CFO: 201.2 Hz
 RXTIME of packet 2: 212us
  ChanEst mean|h|: 1.033 | HE-LTF rms: 1.043
  EVM trend [sym1..mid..end]: -33.8 -33.2 -31.2 -35.5 -34.7 -30.1 -31.0 -33.6 -27.3 dB
  EVM per-sym: -32.09 dB | EVM per-sc: -33.30 dB
 Databitrate of packet 2: 91.03(Mbps)
  A-MPDU deaggregation successful 
SNRest=35.81dB

  DataBitrate (Mbps): 45.51
  [Diag] Degraded success: usedPacket=2 skipped=1 cfoSkip=1 -> controller update down-weighted.
new MCS = 11
arq
Iter 78 | fb=arq | next: MCS=11 AMPDU=3 BWdec=2
  Gains: TX=20 dB, RX=25 dB | RX diag: RMS=1.312e-01, Peak=4.237e-01
  Estimated CFO: -363.5 Hz
 RXTIME of packet 1: 212us
  ChanEst mean|h|: 1.033 | HE-LTF rms: 1.043
  EVM trend [sym1..mid..end]: -30.2 -29.8 -28.3 -29.7 -30.7 -23.9 -27.2 -25.6 -25.9 dB
  EVM per-sym: -27.71 dB | EVM per-sc: -29.29 dB
 Databitrate of packet 1: 91.03(Mbps)
  A-MPDU deaggregation successful 
SNRest=31.58dB

  DataBitrate (Mbps): 91.03
ack
new MCS = 9
Iter 79 | fb=ack | next: MCS=9 AMPDU=3 BWdec=2
  Gains: TX=20 dB, RX=25 dB | RX diag: RMS=1.338e-01, Peak=4.731e-01
  Estimated CFO: -65.9 Hz
 RXTIME of packet 1: 260us
  ChanEst mean|h|: 1.039 | HE-LTF rms: 1.046
  EVM trend [sym1..mid..end]: -37.3 -40.3 -38.8 -38.1 -39.8 -37.1 -37.1 -38.2 -38.1 dB
  EVM per-sym: -38.55 dB | EVM per-sc: -39.08 dB
 Databitrate of packet 1: 72.92(Mbps)
  A-MPDU deaggregation successful 
SNRest=41.69dB

  DataBitrate (Mbps): 72.92
ack
new MCS = 11
Iter 80 | fb=ack | next: MCS=11 AMPDU=3 BWdec=2
---- Progress 80/100 | current MCS=11 AMPDU=3 BWdec=2 ----
  Gains: TX=20 dB, RX=25 dB | RX diag: RMS=1.642e-01, Peak=4.398e-01
  Estimated CFO:  -0.7 Hz
 RXTIME of packet 1: 212us
  ChanEst mean|h|: 1.040 | HE-LTF rms: 1.048
  EVM trend [sym1..mid..end]: -38.8 -37.1 -37.7 -37.6 -38.2 -39.2 -40.4 -38.9 -37.8 dB
  EVM per-sym: -37.95 dB | EVM per-sc: -38.74 dB
 Databitrate of packet 1: 91.03(Mbps)
  A-MPDU deaggregation successful 
SNRest=40.67dB

  DataBitrate (Mbps): 91.03
ack
new MCS = 11
Iter 81 | fb=ack | next: MCS=11 AMPDU=3 BWdec=2
  Gains: TX=20 dB, RX=25 dB | RX diag: RMS=1.642e-01, Peak=4.398e-01
** No packet detected **
  [Diag] Recovery failed stage=pkt_detect, SNRest=0, rxRMS=1.642e-01, rxPeak=4.398e-01
new MCS = 11
arq
Iter 82 | fb=arq | next: MCS=11 AMPDU=3 BWdec=2
  Gains: TX=20 dB, RX=25 dB | RX diag: RMS=1.643e-01, Peak=4.398e-01
  Estimated CFO: 144.6 Hz
 RXTIME of packet 1: 212us
  ChanEst mean|h|: 1.039 | HE-LTF rms: 1.046
  EVM trend [sym1..mid..end]: -36.5 -36.0 -36.3 -35.3 -35.7 -36.7 -38.4 -33.3 -34.2 dB
  EVM per-sym: -35.39 dB | EVM per-sc: -36.07 dB
 Databitrate of packet 1: 91.03(Mbps)
  A-MPDU deaggregation successful 
SNRest=38.27dB

  DataBitrate (Mbps): 91.03
ack
new MCS = 11
Iter 83 | fb=ack | next: MCS=11 AMPDU=3 BWdec=2
  Gains: TX=20 dB, RX=25 dB | RX diag: RMS=1.642e-01, Peak=4.397e-01
  Estimated CFO: 102.3 Hz
 RXTIME of packet 1: 212us
  ChanEst mean|h|: 1.039 | HE-LTF rms: 1.048
  EVM trend [sym1..mid..end]: -36.5 -35.8 -37.0 -37.1 -39.5 -37.8 -37.4 -39.6 -36.4 dB
  EVM per-sym: -37.18 dB | EVM per-sc: -37.74 dB
 Databitrate of packet 1: 91.03(Mbps)
  A-MPDU deaggregation successful 
SNRest=39.72dB

  DataBitrate (Mbps): 91.03
ack
new MCS = 11
Iter 84 | fb=ack | next: MCS=11 AMPDU=3 BWdec=2
  Gains: TX=20 dB, RX=25 dB | RX diag: RMS=1.643e-01, Peak=4.411e-01
  Estimated CFO: -62845.0 Hz
  ** CFO outlier rejected: -62845.0 Hz **
  Estimated CFO: 202.1 Hz
 RXTIME of packet 2: 212us
  ChanEst mean|h|: 1.039 | HE-LTF rms: 1.047
  EVM trend [sym1..mid..end]: -34.3 -31.6 -35.4 -33.2 -34.7 -37.1 -35.2 -34.4 -33.7 dB
  EVM per-sym: -34.25 dB | EVM per-sc: -34.91 dB
 Databitrate of packet 2: 91.03(Mbps)
  A-MPDU deaggregation successful 
SNRest=37.99dB

  DataBitrate (Mbps): 45.51
  [Diag] Degraded success: usedPacket=2 skipped=1 cfoSkip=1 -> controller update down-weighted.
new MCS = 11
arq
Iter 85 | fb=arq | next: MCS=11 AMPDU=3 BWdec=2
  Gains: TX=20 dB, RX=25 dB | RX diag: RMS=1.643e-01, Peak=4.400e-01
  Estimated CFO: -86.2 Hz
 RXTIME of packet 1: 212us
  ChanEst mean|h|: 1.034 | HE-LTF rms: 1.042
  EVM trend [sym1..mid..end]: -35.5 -36.7 -37.9 -37.4 -37.9 -37.1 -33.5 -37.0 -37.4 dB
  EVM per-sym: -36.66 dB | EVM per-sc: -37.20 dB
 Databitrate of packet 1: 91.03(Mbps)
  A-MPDU deaggregation successful 
SNRest=39.38dB

  DataBitrate (Mbps): 91.03
ack
new MCS = 11
Iter 86 | fb=ack | next: MCS=11 AMPDU=3 BWdec=2
  Gains: TX=20 dB, RX=25 dB | RX diag: RMS=1.643e-01, Peak=4.395e-01
  Estimated CFO: -220.2 Hz
 RXTIME of packet 1: 212us
  ChanEst mean|h|: 1.037 | HE-LTF rms: 1.044
  EVM trend [sym1..mid..end]: -34.0 -32.5 -31.3 -32.6 -31.6 -36.5 -32.5 -33.3 -33.4 dB
  EVM per-sym: -32.96 dB | EVM per-sc: -33.43 dB
 Databitrate of packet 1: 91.03(Mbps)
  A-MPDU deaggregation successful 
SNRest=34.50dB

  DataBitrate (Mbps): 91.03
ack
new MCS = 10
Iter 87 | fb=ack | next: MCS=10 AMPDU=3 BWdec=2
  Gains: TX=20 dB, RX=25 dB | RX diag: RMS=1.295e-01, Peak=4.216e-01
  Estimated CFO: 394.4 Hz
 RXTIME of packet 1: 228us
  ChanEst mean|h|: 1.039 | HE-LTF rms: 1.047
  EVM trend [sym1..mid..end]: -26.6 -25.3 -28.2 -28.9 -25.1 -26.7 -25.7 -26.9 -28.0 dB
  EVM per-sym: -26.73 dB | EVM per-sc: -27.85 dB
 Databitrate of packet 1: 83.86(Mbps)
  A-MPDU deaggregation successful 
SNRest=30.33dB

  DataBitrate (Mbps): 83.86
ack
new MCS = 8
Iter 88 | fb=ack | next: MCS=8 AMPDU=3 BWdec=2
  Gains: TX=20 dB, RX=25 dB | RX diag: RMS=1.554e-01, Peak=4.417e-01
  Estimated CFO: -222.0 Hz
 RXTIME of packet 1: 276us
  ChanEst mean|h|: 1.039 | HE-LTF rms: 1.047
  EVM trend [sym1..mid..end]: -30.7 -29.6 -30.6 -34.6 -31.2 -32.4 -29.7 -33.0 -31.5 dB
  EVM per-sym: -31.05 dB | EVM per-sc: -31.56 dB
 Databitrate of packet 1: 69.47(Mbps)
  A-MPDU deaggregation successful 
SNRest=34.82dB

  DataBitrate (Mbps): 69.47
ack
new MCS = 10
Iter 89 | fb=ack | next: MCS=10 AMPDU=3 BWdec=2
  Gains: TX=20 dB, RX=25 dB | RX diag: RMS=1.404e-01, Peak=4.597e-01
  Estimated CFO: -313.8 Hz
 RXTIME of packet 1: 228us
  ChanEst mean|h|: 1.034 | HE-LTF rms: 1.043
  EVM trend [sym1..mid..end]: -29.8 -29.1 -30.7 -30.7 -28.0 -29.3 -30.5 -30.0 -29.0 dB
  EVM per-sym: -29.65 dB | EVM per-sc: -30.43 dB
 Databitrate of packet 1: 83.86(Mbps)
  A-MPDU deaggregation successful 
SNRest=33.73dB

  DataBitrate (Mbps): 83.86
ack
new MCS = 10
Iter 90 | fb=ack | next: MCS=10 AMPDU=3 BWdec=2
---- Progress 90/100 | current MCS=10 AMPDU=3 BWdec=2 ----
  Gains: TX=20 dB, RX=25 dB | RX diag: RMS=1.404e-01, Peak=4.599e-01
  Estimated CFO:  65.9 Hz
 RXTIME of packet 1: 228us
  ChanEst mean|h|: 1.035 | HE-LTF rms: 1.043
  EVM trend [sym1..mid..end]: -39.3 -39.2 -35.8 -40.4 -34.6 -37.2 -38.9 -34.7 -38.4 dB
  EVM per-sym: -37.72 dB | EVM per-sc: -38.45 dB
 Databitrate of packet 1: 83.86(Mbps)
  A-MPDU deaggregation successful 
SNRest=42.83dB

  DataBitrate (Mbps): 83.86
ack
new MCS = 11
Iter 91 | fb=ack | next: MCS=11 AMPDU=3 BWdec=2
  Gains: TX=20 dB, RX=25 dB | RX diag: RMS=1.443e-01, Peak=4.333e-01
  Estimated CFO: 131.7 Hz
 RXTIME of packet 1: 212us
  ChanEst mean|h|: 1.034 | HE-LTF rms: 1.043
  EVM trend [sym1..mid..end]: -34.3 -35.7 -31.4 -33.6 -32.4 -37.0 -33.8 -34.2 -34.4 dB
  EVM per-sym: -34.08 dB | EVM per-sc: -34.62 dB
 Databitrate of packet 1: 91.03(Mbps)
  A-MPDU deaggregation successful 
SNRest=37.98dB

  DataBitrate (Mbps): 91.03
ack
new MCS = 11
Iter 92 | fb=ack | next: MCS=11 AMPDU=3 BWdec=2
  Gains: TX=20 dB, RX=25 dB | RX diag: RMS=1.443e-01, Peak=4.330e-01
  Estimated CFO:  70.7 Hz
 RXTIME of packet 1: 212us
  ChanEst mean|h|: 1.157 | HE-LTF rms: 1.167
  EVM trend [sym1..mid..end]: -35.6 -37.7 -36.5 -39.5 -39.7 -38.2 -39.8 -39.2 -40.1 dB
  EVM per-sym: -38.22 dB | EVM per-sc: -38.86 dB
 Databitrate of packet 1: 91.03(Mbps)
  A-MPDU deaggregation successful 
SNRest=43.71dB

  DataBitrate (Mbps): 91.03
ack
new MCS = 11
Iter 93 | fb=ack | next: MCS=11 AMPDU=3 BWdec=2
  Gains: TX=20 dB, RX=25 dB | RX diag: RMS=1.443e-01, Peak=4.333e-01
  Estimated CFO: -20.7 Hz
 RXTIME of packet 1: 212us
  ChanEst mean|h|: 1.151 | HE-LTF rms: 1.162
  EVM trend [sym1..mid..end]: -36.1 -41.2 -38.2 -38.7 -39.9 -35.5 -40.1 -39.1 -39.6 dB
  EVM per-sym: -38.60 dB | EVM per-sc: -39.39 dB
 Databitrate of packet 1: 91.03(Mbps)
  A-MPDU deaggregation successful 
SNRest=44.03dB

  DataBitrate (Mbps): 91.03
ack
new MCS = 11
Iter 94 | fb=ack | next: MCS=11 AMPDU=3 BWdec=2
  Gains: TX=20 dB, RX=25 dB | RX diag: RMS=1.443e-01, Peak=4.338e-01
  Estimated CFO: -147.1 Hz
 RXTIME of packet 1: 212us
  ChanEst mean|h|: 1.159 | HE-LTF rms: 1.167
  EVM trend [sym1..mid..end]: -35.1 -34.7 -33.4 -36.2 -35.0 -34.3 -35.8 -34.7 -33.6 dB
  EVM per-sym: -34.79 dB | EVM per-sc: -35.33 dB
 Databitrate of packet 1: 91.03(Mbps)
  A-MPDU deaggregation successful 
SNRest=36.81dB

  DataBitrate (Mbps): 91.03
ack
new MCS = 11
Iter 95 | fb=ack | next: MCS=11 AMPDU=3 BWdec=2
  Gains: TX=20 dB, RX=25 dB | RX diag: RMS=1.443e-01, Peak=4.337e-01
  Estimated CFO:  90.9 Hz
 RXTIME of packet 1: 212us
  ChanEst mean|h|: 1.164 | HE-LTF rms: 1.172
  EVM trend [sym1..mid..end]: -36.9 -38.0 -39.8 -37.2 -35.9 -34.0 -39.5 -34.8 -37.5 dB
  EVM per-sym: -36.84 dB | EVM per-sc: -37.26 dB
 Databitrate of packet 1: 91.03(Mbps)
  A-MPDU deaggregation successful 
SNRest=40.65dB

  DataBitrate (Mbps): 91.03
ack
new MCS = 11
Iter 96 | fb=ack | next: MCS=11 AMPDU=3 BWdec=2
  Gains: TX=20 dB, RX=25 dB | RX diag: RMS=1.443e-01, Peak=4.336e-01
  Estimated CFO: 122.1 Hz
 RXTIME of packet 1: 212us
  ChanEst mean|h|: 1.157 | HE-LTF rms: 1.166
  EVM trend [sym1..mid..end]: -35.1 -37.9 -35.5 -38.8 -35.9 -37.2 -32.7 -33.8 -36.0 dB
  EVM per-sym: -35.37 dB | EVM per-sc: -35.88 dB
 Databitrate of packet 1: 91.03(Mbps)
  A-MPDU deaggregation successful 
SNRest=38.61dB

  DataBitrate (Mbps): 91.03
ack
new MCS = 11
Iter 97 | fb=ack | next: MCS=11 AMPDU=3 BWdec=2
  Gains: TX=20 dB, RX=25 dB | RX diag: RMS=1.443e-01, Peak=4.330e-01
  Estimated CFO:  -7.1 Hz
 RXTIME of packet 1: 212us
  ChanEst mean|h|: 1.164 | HE-LTF rms: 1.172
  EVM trend [sym1..mid..end]: -38.8 -40.5 -32.6 -39.8 -37.9 -37.6 -38.4 -37.7 -39.2 dB
  EVM per-sym: -37.81 dB | EVM per-sc: -38.78 dB
 Databitrate of packet 1: 91.03(Mbps)
  A-MPDU deaggregation successful 
SNRest=42.35dB

  DataBitrate (Mbps): 91.03
ack
new MCS = 11
Iter 98 | fb=ack | next: MCS=11 AMPDU=3 BWdec=2
  Gains: TX=20 dB, RX=25 dB | RX diag: RMS=1.443e-01, Peak=4.348e-01
  Estimated CFO:  29.0 Hz
 RXTIME of packet 1: 212us
  ChanEst mean|h|: 1.164 | HE-LTF rms: 1.172
  EVM trend [sym1..mid..end]: -37.4 -38.3 -38.3 -39.8 -38.5 -35.1 -37.9 -38.0 -37.2 dB
  EVM per-sym: -37.84 dB | EVM per-sc: -38.54 dB
 Databitrate of packet 1: 91.03(Mbps)
  A-MPDU deaggregation successful 
SNRest=43.31dB

  DataBitrate (Mbps): 91.03
ack
new MCS = 11
Iter 99 | fb=ack | next: MCS=11 AMPDU=3 BWdec=2
  Gains: TX=20 dB, RX=25 dB | RX diag: RMS=1.443e-01, Peak=4.333e-01
** No packet detected **
  [Diag] Recovery failed stage=pkt_detect, SNRest=0, rxRMS=1.443e-01, rxPeak=4.333e-01
new MCS = 11
arq
Iter 100 | fb=arq | next: MCS=11 AMPDU=3 BWdec=2
---- Progress 100/100 | current MCS=11 AMPDU=3 BWdec=2 ----
Done.
Stats | fallback=0 (0.0%), realDecode=96 (96.0%), qUpdate=86
StatsDiag | CFOoutliers=10, NoPkt=4, WrongTarget=0, PacketDetectFail=4, HESIGACRC=0, FCSFail=0, Packet2Success=10, DegradedSuccess=10, CtrlFreeze=2
StatsPER | meanPER=0.090, medianPER=0.000
StatsTP | meanTput=73.35 Mbps, medianTput=80.84 Mbps, peakTput=158.90 Mbps
Final state | MCS=11 AMPDU=3 BWdec=2 lastSNR=0.00 dB
